Vivado Simulator 2019.1
Copyright 1986-1999, 2001-2019 Xilinx, Inc. All Rights Reserved.
Running: C:/Xilinx/Vivado/2019.1/bin/unwrapped/win64.o/xelab.exe -wto 732027b1ee70494fadda24df740d3e1e --incr --debug typical --relax --mt 2 -L xil_defaultlib -L xbip_utils_v3_0_10 -L c_reg_fd_v12_0_6 -L xbip_dsp48_wrapper_v3_0_4 -L xbip_pipe_v3_0_6 -L xbip_dsp48_addsub_v3_0_6 -L xbip_addsub_v3_0_6 -L c_addsub_v12_0_13 -L c_gate_bit_v12_0_6 -L xbip_counter_v3_0_6 -L c_counter_binary_v12_0_13 -L secureip -L xpm --snapshot TEST_BD_TB_behav xil_defaultlib.TEST_BD_TB -log elaborate.log 
Using 2 slave threads.
Starting static elaboration
Completed static elaboration
Starting simulation data flow analysis
Completed simulation data flow analysis
Time Resolution for simulation is 1ps
Compiling package std.standard
Compiling package std.textio
Compiling package ieee.std_logic_1164
Compiling package ieee.numeric_std
Compiling package unisim.vcomponents
Compiling package c_counter_binary_v12_0_13.c_counter_binary_v12_0_13_viv_co...
Compiling package xbip_utils_v3_0_10.xbip_utils_v3_0_10_pkg
Compiling package xbip_counter_v3_0_6.xbip_counter_v3_0_6_viv_comp
Compiling package ieee.std_logic_arith
Compiling package ieee.std_logic_unsigned
Compiling package xbip_counter_v3_0_6.xbip_counter_v3_0_6_pkg
Compiling package c_counter_binary_v12_0_13.c_counter_binary_v12_0_13_pkg
Compiling package c_addsub_v12_0_13.c_addsub_v12_0_13_pkg_legacy
Compiling package c_reg_fd_v12_0_6.c_reg_fd_v12_0_6_viv_comp
Compiling package c_addsub_v12_0_13.c_addsub_v12_0_13_pkg
Compiling package ieee.vital_timing
Compiling package ieee.vital_primitives
Compiling package unisim.vpkg
Compiling architecture structural of entity c_reg_fd_v12_0_6.c_reg_fd_v12_0_6_viv [\c_reg_fd_v12_0_6_viv(c_width=32...]
Compiling architecture muxcy_v of entity unisim.MUXCY [muxcy_default]
Compiling architecture xorcy_v of entity unisim.XORCY [xorcy_default]
Compiling architecture rtl of entity c_addsub_v12_0_13.c_addsub_v12_0_13_lut6_legacy [\c_addsub_v12_0_13_lut6_legacy(c...]
Compiling architecture synth of entity c_addsub_v12_0_13.c_addsub_v12_0_13_fabric_legacy [\c_addsub_v12_0_13_fabric_legacy...]
Compiling architecture synth of entity c_addsub_v12_0_13.c_addsub_v12_0_13_legacy [\c_addsub_v12_0_13_legacy(c_fami...]
Compiling architecture synth of entity c_counter_binary_v12_0_13.c_counter_binary_v12_0_13_legacy [\c_counter_binary_v12_0_13_legac...]
Compiling architecture synth of entity c_counter_binary_v12_0_13.c_counter_binary_v12_0_13_viv [\c_counter_binary_v12_0_13_viv(c...]
Compiling architecture xilinx of entity c_counter_binary_v12_0_13.c_counter_binary_v12_0_13 [\c_counter_binary_v12_0_13(c_xde...]
Compiling architecture ddr_ct_ctr_arch of entity xil_defaultlib.DDR_CT_CTR [ddr_ct_ctr_default]
Compiling architecture behavioral of entity xil_defaultlib.DDR_CT [ddr_ct_default]
Compiling architecture test_bd_ddr_ct_0_2_arch of entity xil_defaultlib.TEST_BD_DDR_CT_0_2 [test_bd_ddr_ct_0_2_default]
Compiling architecture iddr_v of entity unisim.IDDR [\IDDR(init_q1='1',init_q2='1')(1...]
Compiling architecture behavioral of entity xil_defaultlib.DDR_WRAPPER [ddr_wrapper_default]
Compiling architecture test_bd_ddr_wrapper_0_0_arch of entity xil_defaultlib.TEST_BD_DDR_WRAPPER_0_0 [test_bd_ddr_wrapper_0_0_default]
Compiling architecture test_bd_ddr_wrapper_0_1_arch of entity xil_defaultlib.TEST_BD_DDR_WRAPPER_0_1 [test_bd_ddr_wrapper_0_1_default]
Compiling architecture structure of entity xil_defaultlib.TEST_BD [test_bd_default]
Compiling architecture structure of entity xil_defaultlib.TEST_BD_wrapper [test_bd_wrapper_default]
Compiling architecture behavioral of entity xil_defaultlib.test_bd_tb
Built simulation snapshot TEST_BD_TB_behav
