Copyright 1986-2019 Xilinx, Inc. All Rights Reserved.
---------------------------------------------------------------------------------------------------------------------------------
| Tool Version : Vivado v.2019.1 (win64) Build 2552052 Fri May 24 14:49:42 MDT 2019
| Date         : Tue Feb  4 11:25:07 2020
| Host         : CISS32101 running 64-bit Service Pack 1  (build 7601)
| Command      : report_drc -file SP_OV_wrapper_drc_routed.rpt -pb SP_OV_wrapper_drc_routed.pb -rpx SP_OV_wrapper_drc_routed.rpx
| Design       : SP_OV_wrapper
| Device       : xc7z020clg400-1
| Speed File   : -1
| Design State : Fully Routed
---------------------------------------------------------------------------------------------------------------------------------

Report DRC

Table of Contents
-----------------
1. REPORT SUMMARY
2. REPORT DETAILS

1. REPORT SUMMARY
-----------------
            Netlist: netlist
          Floorplan: design_1
      Design limits: <entire design considered>
           Ruledeck: default
             Max violations: <unlimited>
             Violations found: 32
+-------------+----------+-----------------------------------------------------------------+------------+
| Rule        | Severity | Description                                                     | Violations |
+-------------+----------+-----------------------------------------------------------------+------------+
| PDRC-153    | Warning  | Gated clock check                                               | 8          |
| PLHOLDVIO-2 | Warning  | Non-Optimal connections which could lead to hold violations     | 8          |
| REQP-88     | Warning  | IDELAY_TYPE_not_VAR_LOAD                                        | 6          |
| REQP-107    | Warning  | enum_IOBDELAY_BOTH_enum_IOBDELAY_IBUF_connects_O                | 5          |
| RTSTAT-10   | Warning  | No routable loads                                               | 1          |
| AVAL-5      | Advisory | enum_USE_MULT_NONE_enum_DREG_ADREG_0_connects_CED_CEAD_RSTD_GND | 4          |
+-------------+----------+-----------------------------------------------------------------+------------+

2. REPORT DETAILS
-----------------
PDRC-153#1 Warning
Gated clock check  
Net SP_OV_i/P_COUNTER_wrapper_0/U0/P_COUNTER_i/CTR_CTL_0/U0/CLK is a gated clock net sourced by a combinational pin SP_OV_i/P_COUNTER_wrapper_0/U0/P_COUNTER_i/CTR_CTL_0/U0/O_CLK/O, cell SP_OV_i/P_COUNTER_wrapper_0/U0/P_COUNTER_i/CTR_CTL_0/U0/O_CLK. This is not good design practice and will likely impact performance. For SLICE registers, for example, use the CE pin to control the loading of data.
Related violations: <none>

PDRC-153#2 Warning
Gated clock check  
Net SP_OV_i/P_COUNTER_wrapper_0/U0/P_COUNTER_i/CTR_CTL_1/U0/CLK is a gated clock net sourced by a combinational pin SP_OV_i/P_COUNTER_wrapper_0/U0/P_COUNTER_i/CTR_CTL_1/U0/O_CLK/O, cell SP_OV_i/P_COUNTER_wrapper_0/U0/P_COUNTER_i/CTR_CTL_1/U0/O_CLK. This is not good design practice and will likely impact performance. For SLICE registers, for example, use the CE pin to control the loading of data.
Related violations: <none>

PDRC-153#3 Warning
Gated clock check  
Net SP_OV_i/P_COUNTER_wrapper_0/U0/P_COUNTER_i/CTR_CTL_2/U0/CLK is a gated clock net sourced by a combinational pin SP_OV_i/P_COUNTER_wrapper_0/U0/P_COUNTER_i/CTR_CTL_2/U0/O_CLK/O, cell SP_OV_i/P_COUNTER_wrapper_0/U0/P_COUNTER_i/CTR_CTL_2/U0/O_CLK. This is not good design practice and will likely impact performance. For SLICE registers, for example, use the CE pin to control the loading of data.
Related violations: <none>

PDRC-153#4 Warning
Gated clock check  
Net SP_OV_i/P_COUNTER_wrapper_0/U0/P_COUNTER_i/CTR_CTL_3/U0/CLK is a gated clock net sourced by a combinational pin SP_OV_i/P_COUNTER_wrapper_0/U0/P_COUNTER_i/CTR_CTL_3/U0/O_CLK/O, cell SP_OV_i/P_COUNTER_wrapper_0/U0/P_COUNTER_i/CTR_CTL_3/U0/O_CLK. This is not good design practice and will likely impact performance. For SLICE registers, for example, use the CE pin to control the loading of data.
Related violations: <none>

PDRC-153#5 Warning
Gated clock check  
Net SP_OV_i/P_COUNTER_wrapper_0/U0/P_COUNTER_i/DIG_TIMER_0/U0/CLK is a gated clock net sourced by a combinational pin SP_OV_i/P_COUNTER_wrapper_0/U0/P_COUNTER_i/DIG_TIMER_0/U0/BRUH_i_1/O, cell SP_OV_i/P_COUNTER_wrapper_0/U0/P_COUNTER_i/DIG_TIMER_0/U0/BRUH_i_1. This is not good design practice and will likely impact performance. For SLICE registers, for example, use the CE pin to control the loading of data.
Related violations: <none>

PDRC-153#6 Warning
Gated clock check  
Net SP_OV_i/P_COUNTER_wrapper_0/U0/P_COUNTER_i/DIG_TIMER_1/U0/CLK is a gated clock net sourced by a combinational pin SP_OV_i/P_COUNTER_wrapper_0/U0/P_COUNTER_i/DIG_TIMER_1/U0/BRUH_i_1__0/O, cell SP_OV_i/P_COUNTER_wrapper_0/U0/P_COUNTER_i/DIG_TIMER_1/U0/BRUH_i_1__0. This is not good design practice and will likely impact performance. For SLICE registers, for example, use the CE pin to control the loading of data.
Related violations: <none>

PDRC-153#7 Warning
Gated clock check  
Net SP_OV_i/P_COUNTER_wrapper_0/U0/P_COUNTER_i/DIG_TIMER_2/U0/CLK is a gated clock net sourced by a combinational pin SP_OV_i/P_COUNTER_wrapper_0/U0/P_COUNTER_i/DIG_TIMER_2/U0/BRUH_i_1__1/O, cell SP_OV_i/P_COUNTER_wrapper_0/U0/P_COUNTER_i/DIG_TIMER_2/U0/BRUH_i_1__1. This is not good design practice and will likely impact performance. For SLICE registers, for example, use the CE pin to control the loading of data.
Related violations: <none>

PDRC-153#8 Warning
Gated clock check  
Net SP_OV_i/P_COUNTER_wrapper_0/U0/P_COUNTER_i/DIG_TIMER_3/U0/CLK is a gated clock net sourced by a combinational pin SP_OV_i/P_COUNTER_wrapper_0/U0/P_COUNTER_i/DIG_TIMER_3/U0/BRUH_i_1__2/O, cell SP_OV_i/P_COUNTER_wrapper_0/U0/P_COUNTER_i/DIG_TIMER_3/U0/BRUH_i_1__2. This is not good design practice and will likely impact performance. For SLICE registers, for example, use the CE pin to control the loading of data.
Related violations: <none>

PLHOLDVIO-2#1 Warning
Non-Optimal connections which could lead to hold violations  
A LUT SP_OV_i/P_COUNTER_wrapper_0/U0/P_COUNTER_i/CTR_CTL_0/U0/O_CLK is driving clock pin of 1 cells. This could lead to large hold time violations. Involved cells are:
SP_OV_i/P_COUNTER_wrapper_0/U0/P_COUNTER_i/c_counter_binary_0/U0/i_synth/i_baseip.i_xbip_counter/i_dsp48.i_dsp/i_vx7.i_dsp48e_wrap/i_primitive
Related violations: <none>

PLHOLDVIO-2#2 Warning
Non-Optimal connections which could lead to hold violations  
A LUT SP_OV_i/P_COUNTER_wrapper_0/U0/P_COUNTER_i/CTR_CTL_1/U0/O_CLK is driving clock pin of 1 cells. This could lead to large hold time violations. Involved cells are:
SP_OV_i/P_COUNTER_wrapper_0/U0/P_COUNTER_i/c_counter_binary_1/U0/i_synth/i_baseip.i_xbip_counter/i_dsp48.i_dsp/i_vx7.i_dsp48e_wrap/i_primitive
Related violations: <none>

PLHOLDVIO-2#3 Warning
Non-Optimal connections which could lead to hold violations  
A LUT SP_OV_i/P_COUNTER_wrapper_0/U0/P_COUNTER_i/CTR_CTL_2/U0/O_CLK is driving clock pin of 1 cells. This could lead to large hold time violations. Involved cells are:
SP_OV_i/P_COUNTER_wrapper_0/U0/P_COUNTER_i/c_counter_binary_2/U0/i_synth/i_baseip.i_xbip_counter/i_dsp48.i_dsp/i_vx7.i_dsp48e_wrap/i_primitive
Related violations: <none>

PLHOLDVIO-2#4 Warning
Non-Optimal connections which could lead to hold violations  
A LUT SP_OV_i/P_COUNTER_wrapper_0/U0/P_COUNTER_i/CTR_CTL_3/U0/O_CLK is driving clock pin of 1 cells. This could lead to large hold time violations. Involved cells are:
SP_OV_i/P_COUNTER_wrapper_0/U0/P_COUNTER_i/c_counter_binary_3/U0/i_synth/i_baseip.i_xbip_counter/i_dsp48.i_dsp/i_vx7.i_dsp48e_wrap/i_primitive
Related violations: <none>

PLHOLDVIO-2#5 Warning
Non-Optimal connections which could lead to hold violations  
A LUT SP_OV_i/P_COUNTER_wrapper_0/U0/P_COUNTER_i/DIG_TIMER_0/U0/BRUH_i_1 is driving clock pin of 32 cells. This could lead to large hold time violations. Involved cells are:
SP_OV_i/P_COUNTER_wrapper_0/U0/P_COUNTER_i/DIG_TIMER_0/U0/BRUH/U0/i_synth/i_baseblox.i_baseblox_counter/the_addsub/no_pipelining.the_addsub/i_lut6.i_lut6_addsub/i_q.i_simple.qreg/i_no_async_controls.output_reg[10], SP_OV_i/P_COUNTER_wrapper_0/U0/P_COUNTER_i/DIG_TIMER_0/U0/BRUH/U0/i_synth/i_baseblox.i_baseblox_counter/the_addsub/no_pipelining.the_addsub/i_lut6.i_lut6_addsub/i_q.i_simple.qreg/i_no_async_controls.output_reg[11], SP_OV_i/P_COUNTER_wrapper_0/U0/P_COUNTER_i/DIG_TIMER_0/U0/BRUH/U0/i_synth/i_baseblox.i_baseblox_counter/the_addsub/no_pipelining.the_addsub/i_lut6.i_lut6_addsub/i_q.i_simple.qreg/i_no_async_controls.output_reg[12], SP_OV_i/P_COUNTER_wrapper_0/U0/P_COUNTER_i/DIG_TIMER_0/U0/BRUH/U0/i_synth/i_baseblox.i_baseblox_counter/the_addsub/no_pipelining.the_addsub/i_lut6.i_lut6_addsub/i_q.i_simple.qreg/i_no_async_controls.output_reg[13], SP_OV_i/P_COUNTER_wrapper_0/U0/P_COUNTER_i/DIG_TIMER_0/U0/BRUH/U0/i_synth/i_baseblox.i_baseblox_counter/the_addsub/no_pipelining.the_addsub/i_lut6.i_lut6_addsub/i_q.i_simple.qreg/i_no_async_controls.output_reg[14], SP_OV_i/P_COUNTER_wrapper_0/U0/P_COUNTER_i/DIG_TIMER_0/U0/BRUH/U0/i_synth/i_baseblox.i_baseblox_counter/the_addsub/no_pipelining.the_addsub/i_lut6.i_lut6_addsub/i_q.i_simple.qreg/i_no_async_controls.output_reg[15], SP_OV_i/P_COUNTER_wrapper_0/U0/P_COUNTER_i/DIG_TIMER_0/U0/BRUH/U0/i_synth/i_baseblox.i_baseblox_counter/the_addsub/no_pipelining.the_addsub/i_lut6.i_lut6_addsub/i_q.i_simple.qreg/i_no_async_controls.output_reg[16], SP_OV_i/P_COUNTER_wrapper_0/U0/P_COUNTER_i/DIG_TIMER_0/U0/BRUH/U0/i_synth/i_baseblox.i_baseblox_counter/the_addsub/no_pipelining.the_addsub/i_lut6.i_lut6_addsub/i_q.i_simple.qreg/i_no_async_controls.output_reg[17], SP_OV_i/P_COUNTER_wrapper_0/U0/P_COUNTER_i/DIG_TIMER_0/U0/BRUH/U0/i_synth/i_baseblox.i_baseblox_counter/the_addsub/no_pipelining.the_addsub/i_lut6.i_lut6_addsub/i_q.i_simple.qreg/i_no_async_controls.output_reg[18], SP_OV_i/P_COUNTER_wrapper_0/U0/P_COUNTER_i/DIG_TIMER_0/U0/BRUH/U0/i_synth/i_baseblox.i_baseblox_counter/the_addsub/no_pipelining.the_addsub/i_lut6.i_lut6_addsub/i_q.i_simple.qreg/i_no_async_controls.output_reg[19], SP_OV_i/P_COUNTER_wrapper_0/U0/P_COUNTER_i/DIG_TIMER_0/U0/BRUH/U0/i_synth/i_baseblox.i_baseblox_counter/the_addsub/no_pipelining.the_addsub/i_lut6.i_lut6_addsub/i_q.i_simple.qreg/i_no_async_controls.output_reg[1], SP_OV_i/P_COUNTER_wrapper_0/U0/P_COUNTER_i/DIG_TIMER_0/U0/BRUH/U0/i_synth/i_baseblox.i_baseblox_counter/the_addsub/no_pipelining.the_addsub/i_lut6.i_lut6_addsub/i_q.i_simple.qreg/i_no_async_controls.output_reg[20], SP_OV_i/P_COUNTER_wrapper_0/U0/P_COUNTER_i/DIG_TIMER_0/U0/BRUH/U0/i_synth/i_baseblox.i_baseblox_counter/the_addsub/no_pipelining.the_addsub/i_lut6.i_lut6_addsub/i_q.i_simple.qreg/i_no_async_controls.output_reg[21], SP_OV_i/P_COUNTER_wrapper_0/U0/P_COUNTER_i/DIG_TIMER_0/U0/BRUH/U0/i_synth/i_baseblox.i_baseblox_counter/the_addsub/no_pipelining.the_addsub/i_lut6.i_lut6_addsub/i_q.i_simple.qreg/i_no_async_controls.output_reg[22], SP_OV_i/P_COUNTER_wrapper_0/U0/P_COUNTER_i/DIG_TIMER_0/U0/BRUH/U0/i_synth/i_baseblox.i_baseblox_counter/the_addsub/no_pipelining.the_addsub/i_lut6.i_lut6_addsub/i_q.i_simple.qreg/i_no_async_controls.output_reg[23] (the first 15 of 32 listed)
Related violations: <none>

PLHOLDVIO-2#6 Warning
Non-Optimal connections which could lead to hold violations  
A LUT SP_OV_i/P_COUNTER_wrapper_0/U0/P_COUNTER_i/DIG_TIMER_1/U0/BRUH_i_1__0 is driving clock pin of 32 cells. This could lead to large hold time violations. Involved cells are:
SP_OV_i/P_COUNTER_wrapper_0/U0/P_COUNTER_i/DIG_TIMER_1/U0/BRUH/U0/i_synth/i_baseblox.i_baseblox_counter/the_addsub/no_pipelining.the_addsub/i_lut6.i_lut6_addsub/i_q.i_simple.qreg/i_no_async_controls.output_reg[10], SP_OV_i/P_COUNTER_wrapper_0/U0/P_COUNTER_i/DIG_TIMER_1/U0/BRUH/U0/i_synth/i_baseblox.i_baseblox_counter/the_addsub/no_pipelining.the_addsub/i_lut6.i_lut6_addsub/i_q.i_simple.qreg/i_no_async_controls.output_reg[11], SP_OV_i/P_COUNTER_wrapper_0/U0/P_COUNTER_i/DIG_TIMER_1/U0/BRUH/U0/i_synth/i_baseblox.i_baseblox_counter/the_addsub/no_pipelining.the_addsub/i_lut6.i_lut6_addsub/i_q.i_simple.qreg/i_no_async_controls.output_reg[12], SP_OV_i/P_COUNTER_wrapper_0/U0/P_COUNTER_i/DIG_TIMER_1/U0/BRUH/U0/i_synth/i_baseblox.i_baseblox_counter/the_addsub/no_pipelining.the_addsub/i_lut6.i_lut6_addsub/i_q.i_simple.qreg/i_no_async_controls.output_reg[13], SP_OV_i/P_COUNTER_wrapper_0/U0/P_COUNTER_i/DIG_TIMER_1/U0/BRUH/U0/i_synth/i_baseblox.i_baseblox_counter/the_addsub/no_pipelining.the_addsub/i_lut6.i_lut6_addsub/i_q.i_simple.qreg/i_no_async_controls.output_reg[14], SP_OV_i/P_COUNTER_wrapper_0/U0/P_COUNTER_i/DIG_TIMER_1/U0/BRUH/U0/i_synth/i_baseblox.i_baseblox_counter/the_addsub/no_pipelining.the_addsub/i_lut6.i_lut6_addsub/i_q.i_simple.qreg/i_no_async_controls.output_reg[15], SP_OV_i/P_COUNTER_wrapper_0/U0/P_COUNTER_i/DIG_TIMER_1/U0/BRUH/U0/i_synth/i_baseblox.i_baseblox_counter/the_addsub/no_pipelining.the_addsub/i_lut6.i_lut6_addsub/i_q.i_simple.qreg/i_no_async_controls.output_reg[16], SP_OV_i/P_COUNTER_wrapper_0/U0/P_COUNTER_i/DIG_TIMER_1/U0/BRUH/U0/i_synth/i_baseblox.i_baseblox_counter/the_addsub/no_pipelining.the_addsub/i_lut6.i_lut6_addsub/i_q.i_simple.qreg/i_no_async_controls.output_reg[17], SP_OV_i/P_COUNTER_wrapper_0/U0/P_COUNTER_i/DIG_TIMER_1/U0/BRUH/U0/i_synth/i_baseblox.i_baseblox_counter/the_addsub/no_pipelining.the_addsub/i_lut6.i_lut6_addsub/i_q.i_simple.qreg/i_no_async_controls.output_reg[18], SP_OV_i/P_COUNTER_wrapper_0/U0/P_COUNTER_i/DIG_TIMER_1/U0/BRUH/U0/i_synth/i_baseblox.i_baseblox_counter/the_addsub/no_pipelining.the_addsub/i_lut6.i_lut6_addsub/i_q.i_simple.qreg/i_no_async_controls.output_reg[19], SP_OV_i/P_COUNTER_wrapper_0/U0/P_COUNTER_i/DIG_TIMER_1/U0/BRUH/U0/i_synth/i_baseblox.i_baseblox_counter/the_addsub/no_pipelining.the_addsub/i_lut6.i_lut6_addsub/i_q.i_simple.qreg/i_no_async_controls.output_reg[1], SP_OV_i/P_COUNTER_wrapper_0/U0/P_COUNTER_i/DIG_TIMER_1/U0/BRUH/U0/i_synth/i_baseblox.i_baseblox_counter/the_addsub/no_pipelining.the_addsub/i_lut6.i_lut6_addsub/i_q.i_simple.qreg/i_no_async_controls.output_reg[20], SP_OV_i/P_COUNTER_wrapper_0/U0/P_COUNTER_i/DIG_TIMER_1/U0/BRUH/U0/i_synth/i_baseblox.i_baseblox_counter/the_addsub/no_pipelining.the_addsub/i_lut6.i_lut6_addsub/i_q.i_simple.qreg/i_no_async_controls.output_reg[21], SP_OV_i/P_COUNTER_wrapper_0/U0/P_COUNTER_i/DIG_TIMER_1/U0/BRUH/U0/i_synth/i_baseblox.i_baseblox_counter/the_addsub/no_pipelining.the_addsub/i_lut6.i_lut6_addsub/i_q.i_simple.qreg/i_no_async_controls.output_reg[22], SP_OV_i/P_COUNTER_wrapper_0/U0/P_COUNTER_i/DIG_TIMER_1/U0/BRUH/U0/i_synth/i_baseblox.i_baseblox_counter/the_addsub/no_pipelining.the_addsub/i_lut6.i_lut6_addsub/i_q.i_simple.qreg/i_no_async_controls.output_reg[23] (the first 15 of 32 listed)
Related violations: <none>

PLHOLDVIO-2#7 Warning
Non-Optimal connections which could lead to hold violations  
A LUT SP_OV_i/P_COUNTER_wrapper_0/U0/P_COUNTER_i/DIG_TIMER_2/U0/BRUH_i_1__1 is driving clock pin of 32 cells. This could lead to large hold time violations. Involved cells are:
SP_OV_i/P_COUNTER_wrapper_0/U0/P_COUNTER_i/DIG_TIMER_2/U0/BRUH/U0/i_synth/i_baseblox.i_baseblox_counter/the_addsub/no_pipelining.the_addsub/i_lut6.i_lut6_addsub/i_q.i_simple.qreg/i_no_async_controls.output_reg[10], SP_OV_i/P_COUNTER_wrapper_0/U0/P_COUNTER_i/DIG_TIMER_2/U0/BRUH/U0/i_synth/i_baseblox.i_baseblox_counter/the_addsub/no_pipelining.the_addsub/i_lut6.i_lut6_addsub/i_q.i_simple.qreg/i_no_async_controls.output_reg[11], SP_OV_i/P_COUNTER_wrapper_0/U0/P_COUNTER_i/DIG_TIMER_2/U0/BRUH/U0/i_synth/i_baseblox.i_baseblox_counter/the_addsub/no_pipelining.the_addsub/i_lut6.i_lut6_addsub/i_q.i_simple.qreg/i_no_async_controls.output_reg[12], SP_OV_i/P_COUNTER_wrapper_0/U0/P_COUNTER_i/DIG_TIMER_2/U0/BRUH/U0/i_synth/i_baseblox.i_baseblox_counter/the_addsub/no_pipelining.the_addsub/i_lut6.i_lut6_addsub/i_q.i_simple.qreg/i_no_async_controls.output_reg[13], SP_OV_i/P_COUNTER_wrapper_0/U0/P_COUNTER_i/DIG_TIMER_2/U0/BRUH/U0/i_synth/i_baseblox.i_baseblox_counter/the_addsub/no_pipelining.the_addsub/i_lut6.i_lut6_addsub/i_q.i_simple.qreg/i_no_async_controls.output_reg[14], SP_OV_i/P_COUNTER_wrapper_0/U0/P_COUNTER_i/DIG_TIMER_2/U0/BRUH/U0/i_synth/i_baseblox.i_baseblox_counter/the_addsub/no_pipelining.the_addsub/i_lut6.i_lut6_addsub/i_q.i_simple.qreg/i_no_async_controls.output_reg[15], SP_OV_i/P_COUNTER_wrapper_0/U0/P_COUNTER_i/DIG_TIMER_2/U0/BRUH/U0/i_synth/i_baseblox.i_baseblox_counter/the_addsub/no_pipelining.the_addsub/i_lut6.i_lut6_addsub/i_q.i_simple.qreg/i_no_async_controls.output_reg[16], SP_OV_i/P_COUNTER_wrapper_0/U0/P_COUNTER_i/DIG_TIMER_2/U0/BRUH/U0/i_synth/i_baseblox.i_baseblox_counter/the_addsub/no_pipelining.the_addsub/i_lut6.i_lut6_addsub/i_q.i_simple.qreg/i_no_async_controls.output_reg[17], SP_OV_i/P_COUNTER_wrapper_0/U0/P_COUNTER_i/DIG_TIMER_2/U0/BRUH/U0/i_synth/i_baseblox.i_baseblox_counter/the_addsub/no_pipelining.the_addsub/i_lut6.i_lut6_addsub/i_q.i_simple.qreg/i_no_async_controls.output_reg[18], SP_OV_i/P_COUNTER_wrapper_0/U0/P_COUNTER_i/DIG_TIMER_2/U0/BRUH/U0/i_synth/i_baseblox.i_baseblox_counter/the_addsub/no_pipelining.the_addsub/i_lut6.i_lut6_addsub/i_q.i_simple.qreg/i_no_async_controls.output_reg[19], SP_OV_i/P_COUNTER_wrapper_0/U0/P_COUNTER_i/DIG_TIMER_2/U0/BRUH/U0/i_synth/i_baseblox.i_baseblox_counter/the_addsub/no_pipelining.the_addsub/i_lut6.i_lut6_addsub/i_q.i_simple.qreg/i_no_async_controls.output_reg[1], SP_OV_i/P_COUNTER_wrapper_0/U0/P_COUNTER_i/DIG_TIMER_2/U0/BRUH/U0/i_synth/i_baseblox.i_baseblox_counter/the_addsub/no_pipelining.the_addsub/i_lut6.i_lut6_addsub/i_q.i_simple.qreg/i_no_async_controls.output_reg[20], SP_OV_i/P_COUNTER_wrapper_0/U0/P_COUNTER_i/DIG_TIMER_2/U0/BRUH/U0/i_synth/i_baseblox.i_baseblox_counter/the_addsub/no_pipelining.the_addsub/i_lut6.i_lut6_addsub/i_q.i_simple.qreg/i_no_async_controls.output_reg[21], SP_OV_i/P_COUNTER_wrapper_0/U0/P_COUNTER_i/DIG_TIMER_2/U0/BRUH/U0/i_synth/i_baseblox.i_baseblox_counter/the_addsub/no_pipelining.the_addsub/i_lut6.i_lut6_addsub/i_q.i_simple.qreg/i_no_async_controls.output_reg[22], SP_OV_i/P_COUNTER_wrapper_0/U0/P_COUNTER_i/DIG_TIMER_2/U0/BRUH/U0/i_synth/i_baseblox.i_baseblox_counter/the_addsub/no_pipelining.the_addsub/i_lut6.i_lut6_addsub/i_q.i_simple.qreg/i_no_async_controls.output_reg[23] (the first 15 of 32 listed)
Related violations: <none>

PLHOLDVIO-2#8 Warning
Non-Optimal connections which could lead to hold violations  
A LUT SP_OV_i/P_COUNTER_wrapper_0/U0/P_COUNTER_i/DIG_TIMER_3/U0/BRUH_i_1__2 is driving clock pin of 32 cells. This could lead to large hold time violations. Involved cells are:
SP_OV_i/P_COUNTER_wrapper_0/U0/P_COUNTER_i/DIG_TIMER_3/U0/BRUH/U0/i_synth/i_baseblox.i_baseblox_counter/the_addsub/no_pipelining.the_addsub/i_lut6.i_lut6_addsub/i_q.i_simple.qreg/i_no_async_controls.output_reg[10], SP_OV_i/P_COUNTER_wrapper_0/U0/P_COUNTER_i/DIG_TIMER_3/U0/BRUH/U0/i_synth/i_baseblox.i_baseblox_counter/the_addsub/no_pipelining.the_addsub/i_lut6.i_lut6_addsub/i_q.i_simple.qreg/i_no_async_controls.output_reg[11], SP_OV_i/P_COUNTER_wrapper_0/U0/P_COUNTER_i/DIG_TIMER_3/U0/BRUH/U0/i_synth/i_baseblox.i_baseblox_counter/the_addsub/no_pipelining.the_addsub/i_lut6.i_lut6_addsub/i_q.i_simple.qreg/i_no_async_controls.output_reg[12], SP_OV_i/P_COUNTER_wrapper_0/U0/P_COUNTER_i/DIG_TIMER_3/U0/BRUH/U0/i_synth/i_baseblox.i_baseblox_counter/the_addsub/no_pipelining.the_addsub/i_lut6.i_lut6_addsub/i_q.i_simple.qreg/i_no_async_controls.output_reg[13], SP_OV_i/P_COUNTER_wrapper_0/U0/P_COUNTER_i/DIG_TIMER_3/U0/BRUH/U0/i_synth/i_baseblox.i_baseblox_counter/the_addsub/no_pipelining.the_addsub/i_lut6.i_lut6_addsub/i_q.i_simple.qreg/i_no_async_controls.output_reg[14], SP_OV_i/P_COUNTER_wrapper_0/U0/P_COUNTER_i/DIG_TIMER_3/U0/BRUH/U0/i_synth/i_baseblox.i_baseblox_counter/the_addsub/no_pipelining.the_addsub/i_lut6.i_lut6_addsub/i_q.i_simple.qreg/i_no_async_controls.output_reg[15], SP_OV_i/P_COUNTER_wrapper_0/U0/P_COUNTER_i/DIG_TIMER_3/U0/BRUH/U0/i_synth/i_baseblox.i_baseblox_counter/the_addsub/no_pipelining.the_addsub/i_lut6.i_lut6_addsub/i_q.i_simple.qreg/i_no_async_controls.output_reg[16], SP_OV_i/P_COUNTER_wrapper_0/U0/P_COUNTER_i/DIG_TIMER_3/U0/BRUH/U0/i_synth/i_baseblox.i_baseblox_counter/the_addsub/no_pipelining.the_addsub/i_lut6.i_lut6_addsub/i_q.i_simple.qreg/i_no_async_controls.output_reg[17], SP_OV_i/P_COUNTER_wrapper_0/U0/P_COUNTER_i/DIG_TIMER_3/U0/BRUH/U0/i_synth/i_baseblox.i_baseblox_counter/the_addsub/no_pipelining.the_addsub/i_lut6.i_lut6_addsub/i_q.i_simple.qreg/i_no_async_controls.output_reg[18], SP_OV_i/P_COUNTER_wrapper_0/U0/P_COUNTER_i/DIG_TIMER_3/U0/BRUH/U0/i_synth/i_baseblox.i_baseblox_counter/the_addsub/no_pipelining.the_addsub/i_lut6.i_lut6_addsub/i_q.i_simple.qreg/i_no_async_controls.output_reg[19], SP_OV_i/P_COUNTER_wrapper_0/U0/P_COUNTER_i/DIG_TIMER_3/U0/BRUH/U0/i_synth/i_baseblox.i_baseblox_counter/the_addsub/no_pipelining.the_addsub/i_lut6.i_lut6_addsub/i_q.i_simple.qreg/i_no_async_controls.output_reg[1], SP_OV_i/P_COUNTER_wrapper_0/U0/P_COUNTER_i/DIG_TIMER_3/U0/BRUH/U0/i_synth/i_baseblox.i_baseblox_counter/the_addsub/no_pipelining.the_addsub/i_lut6.i_lut6_addsub/i_q.i_simple.qreg/i_no_async_controls.output_reg[20], SP_OV_i/P_COUNTER_wrapper_0/U0/P_COUNTER_i/DIG_TIMER_3/U0/BRUH/U0/i_synth/i_baseblox.i_baseblox_counter/the_addsub/no_pipelining.the_addsub/i_lut6.i_lut6_addsub/i_q.i_simple.qreg/i_no_async_controls.output_reg[21], SP_OV_i/P_COUNTER_wrapper_0/U0/P_COUNTER_i/DIG_TIMER_3/U0/BRUH/U0/i_synth/i_baseblox.i_baseblox_counter/the_addsub/no_pipelining.the_addsub/i_lut6.i_lut6_addsub/i_q.i_simple.qreg/i_no_async_controls.output_reg[22], SP_OV_i/P_COUNTER_wrapper_0/U0/P_COUNTER_i/DIG_TIMER_3/U0/BRUH/U0/i_synth/i_baseblox.i_baseblox_counter/the_addsub/no_pipelining.the_addsub/i_lut6.i_lut6_addsub/i_q.i_simple.qreg/i_no_async_controls.output_reg[23] (the first 15 of 32 listed)
Related violations: <none>

REQP-88#1 Warning
IDELAY_TYPE_not_VAR_LOAD  
SP_OV_i/DESERIALIZER_B_wrapp_0/U0/DESERIALIZER_B_i/IDELAY_WRAPPER_0/U0/IDELAYE2n_inst: With IDELAY_TYPE not VAR_LOAD or VAR_LOAD_PIPE any signals on input pins CNTVALUEIN 0 thru 4 are not used and will be ignored.
Related violations: <none>

REQP-88#2 Warning
IDELAY_TYPE_not_VAR_LOAD  
SP_OV_i/DESERIALIZER_B_wrapp_0/U0/DESERIALIZER_B_i/IDELAY_WRAPPER_1/U0/IDELAYE2n_inst: With IDELAY_TYPE not VAR_LOAD or VAR_LOAD_PIPE any signals on input pins CNTVALUEIN 0 thru 4 are not used and will be ignored.
Related violations: <none>

REQP-88#3 Warning
IDELAY_TYPE_not_VAR_LOAD  
SP_OV_i/DESERIALIZER_B_wrapp_0/U0/DESERIALIZER_B_i/IDELAY_WRAPPER_2/U0/IDELAYE2n_inst: With IDELAY_TYPE not VAR_LOAD or VAR_LOAD_PIPE any signals on input pins CNTVALUEIN 0 thru 4 are not used and will be ignored.
Related violations: <none>

REQP-88#4 Warning
IDELAY_TYPE_not_VAR_LOAD  
SP_OV_i/DESERIALIZER_B_wrapp_0/U0/DESERIALIZER_B_i/IDELAY_WRAPPER_3/U0/IDELAYE2n_inst: With IDELAY_TYPE not VAR_LOAD or VAR_LOAD_PIPE any signals on input pins CNTVALUEIN 0 thru 4 are not used and will be ignored.
Related violations: <none>

REQP-88#5 Warning
IDELAY_TYPE_not_VAR_LOAD  
SP_OV_i/DESERIALIZER_B_wrapp_0/U0/DESERIALIZER_B_i/IDELAY_WRAPPER_4/U0/IDELAYE2n_inst: With IDELAY_TYPE not VAR_LOAD or VAR_LOAD_PIPE any signals on input pins CNTVALUEIN 0 thru 4 are not used and will be ignored.
Related violations: <none>

REQP-88#6 Warning
IDELAY_TYPE_not_VAR_LOAD  
SP_OV_i/DESERIALIZER_B_wrapp_0/U0/DESERIALIZER_B_i/IDELAY_WRAPPER_5/U0/IDELAYE2n_inst: With IDELAY_TYPE not VAR_LOAD or VAR_LOAD_PIPE any signals on input pins CNTVALUEIN 0 thru 4 are not used and will be ignored.
Related violations: <none>

REQP-107#1 Warning
enum_IOBDELAY_BOTH_enum_IOBDELAY_IBUF_connects_O  
SP_OV_i/DESERIALIZER_B_wrapp_0/U0/DESERIALIZER_B_i/ISERDES_B_0/U0/inst/pins[0].iserdese2_master: The O output pin is required for IOBDELAY set BOTH or IBUF.
Related violations: <none>

REQP-107#2 Warning
enum_IOBDELAY_BOTH_enum_IOBDELAY_IBUF_connects_O  
SP_OV_i/DESERIALIZER_B_wrapp_0/U0/DESERIALIZER_B_i/ISERDES_B_1/U0/inst/pins[0].iserdese2_master: The O output pin is required for IOBDELAY set BOTH or IBUF.
Related violations: <none>

REQP-107#3 Warning
enum_IOBDELAY_BOTH_enum_IOBDELAY_IBUF_connects_O  
SP_OV_i/DESERIALIZER_B_wrapp_0/U0/DESERIALIZER_B_i/ISERDES_B_2/U0/inst/pins[0].iserdese2_master: The O output pin is required for IOBDELAY set BOTH or IBUF.
Related violations: <none>

REQP-107#4 Warning
enum_IOBDELAY_BOTH_enum_IOBDELAY_IBUF_connects_O  
SP_OV_i/DESERIALIZER_B_wrapp_0/U0/DESERIALIZER_B_i/ISERDES_B_3/U0/inst/pins[0].iserdese2_master: The O output pin is required for IOBDELAY set BOTH or IBUF.
Related violations: <none>

REQP-107#5 Warning
enum_IOBDELAY_BOTH_enum_IOBDELAY_IBUF_connects_O  
SP_OV_i/DESERIALIZER_B_wrapp_0/U0/DESERIALIZER_B_i/ISERDES_B_4/U0/inst/pins[0].iserdese2_master: The O output pin is required for IOBDELAY set BOTH or IBUF.
Related violations: <none>

RTSTAT-10#1 Warning
No routable loads  
6 net(s) have no routable loads. The problem bus(es) and/or net(s) are SP_OV_i/SDDR_AXI_ST_wrapper_0/U0/SDDR_AXI_ST_i/fifo_generator_0/U0/inst_fifo_gen/gconvfifo.rf/grf.rf/gntv_or_sync_fifo.gl0.wr/gwss.wsts/ram_afull_fb, SP_OV_i/SDDR_CT_AXI_wrapper_0/U0/SDDR_CT_AXI_i/fifo_generator_0/U0/inst_fifo_gen/gconvfifo.rf/grf.rf/gntv_or_sync_fifo.gl0.wr/gwss.wsts/ram_afull_fb, SP_OV_i/SDDR_TT_AXI_wrapper_0/U0/SDDR_TT_AXI_i/fifo_generator_0/U0/inst_fifo_gen/gconvfifo.rf/grf.rf/gntv_or_sync_fifo.gl0.wr/gwss.wsts/ram_afull_fb, SP_OV_i/SDDR_AXI_ST_wrapper_0/U0/SDDR_AXI_ST_i/fifo_generator_0/U0/inst_fifo_gen/gconvfifo.rf/grf.rf/gntv_or_sync_fifo.gl0.wr/gwss.wsts/ram_afull_i, SP_OV_i/SDDR_CT_AXI_wrapper_0/U0/SDDR_CT_AXI_i/fifo_generator_0/U0/inst_fifo_gen/gconvfifo.rf/grf.rf/gntv_or_sync_fifo.gl0.wr/gwss.wsts/ram_afull_i, SP_OV_i/SDDR_TT_AXI_wrapper_0/U0/SDDR_TT_AXI_i/fifo_generator_0/U0/inst_fifo_gen/gconvfifo.rf/grf.rf/gntv_or_sync_fifo.gl0.wr/gwss.wsts/ram_afull_i.
Related violations: <none>

AVAL-5#1 Advisory
enum_USE_MULT_NONE_enum_DREG_ADREG_0_connects_CED_CEAD_RSTD_GND  
SP_OV_i/P_COUNTER_wrapper_0/U0/P_COUNTER_i/c_counter_binary_0/U0/i_synth/i_baseip.i_xbip_counter/i_dsp48.i_dsp/i_vx7.i_dsp48e_wrap/i_primitive: DSP48E1 is not using the Multiplier (USE_MULT = NONE). For improved power characteristics, set DREG and ADREG to '1', tie CED, CEAD, and RSTD to logic '0'.
Related violations: <none>

AVAL-5#2 Advisory
enum_USE_MULT_NONE_enum_DREG_ADREG_0_connects_CED_CEAD_RSTD_GND  
SP_OV_i/P_COUNTER_wrapper_0/U0/P_COUNTER_i/c_counter_binary_1/U0/i_synth/i_baseip.i_xbip_counter/i_dsp48.i_dsp/i_vx7.i_dsp48e_wrap/i_primitive: DSP48E1 is not using the Multiplier (USE_MULT = NONE). For improved power characteristics, set DREG and ADREG to '1', tie CED, CEAD, and RSTD to logic '0'.
Related violations: <none>

AVAL-5#3 Advisory
enum_USE_MULT_NONE_enum_DREG_ADREG_0_connects_CED_CEAD_RSTD_GND  
SP_OV_i/P_COUNTER_wrapper_0/U0/P_COUNTER_i/c_counter_binary_2/U0/i_synth/i_baseip.i_xbip_counter/i_dsp48.i_dsp/i_vx7.i_dsp48e_wrap/i_primitive: DSP48E1 is not using the Multiplier (USE_MULT = NONE). For improved power characteristics, set DREG and ADREG to '1', tie CED, CEAD, and RSTD to logic '0'.
Related violations: <none>

AVAL-5#4 Advisory
enum_USE_MULT_NONE_enum_DREG_ADREG_0_connects_CED_CEAD_RSTD_GND  
SP_OV_i/P_COUNTER_wrapper_0/U0/P_COUNTER_i/c_counter_binary_3/U0/i_synth/i_baseip.i_xbip_counter/i_dsp48.i_dsp/i_vx7.i_dsp48e_wrap/i_primitive: DSP48E1 is not using the Multiplier (USE_MULT = NONE). For improved power characteristics, set DREG and ADREG to '1', tie CED, CEAD, and RSTD to logic '0'.
Related violations: <none>


