Copyright 1986-2019 Xilinx, Inc. All Rights Reserved.
-----------------------------------------------------------------------------------------------
| Tool Version : Vivado v.2019.1 (win64) Build 2552052 Fri May 24 14:49:42 MDT 2019
| Date         : Mon Dec 16 11:52:32 2019
| Host         : CISS32101 running 64-bit Service Pack 1  (build 7601)
| Command      : report_control_sets -verbose -file PRG_IDELAY_wrapper_control_sets_placed.rpt
| Design       : PRG_IDELAY_wrapper
| Device       : xc7z020
-----------------------------------------------------------------------------------------------

Control Set Information

Table of Contents
-----------------
1. Summary
2. Histogram
3. Flip-Flop Distribution
4. Detailed Control Set Information

1. Summary
----------

+----------------------------------------------------------+-------+
|                          Status                          | Count |
+----------------------------------------------------------+-------+
| Total control sets                                       |    47 |
|    Minimum number of control sets                        |    47 |
|    Addition due to synthesis replication                 |     0 |
|    Addition due to physical synthesis replication        |     0 |
| Unused register locations in slices containing registers |   125 |
+----------------------------------------------------------+-------+
* Control sets can be merged at opt_design using control_set_merge or merge_equivalent_drivers
** Run report_qor_suggestions for automated merging and remapping suggestions


2. Histogram
------------

+--------------------+-------+
|       Fanout       | Count |
+--------------------+-------+
| Total control sets |    47 |
| >= 0 to < 4        |     1 |
| >= 4 to < 6        |    17 |
| >= 6 to < 8        |     3 |
| >= 8 to < 10       |     1 |
| >= 10 to < 12      |     2 |
| >= 12 to < 14      |     5 |
| >= 14 to < 16      |     3 |
| >= 16              |    15 |
+--------------------+-------+
* Control sets can be remapped at either synth_design or opt_design


3. Flip-Flop Distribution
-------------------------

+--------------+-----------------------+------------------------+-----------------+--------------+
| Clock Enable | Synchronous Set/Reset | Asynchronous Set/Reset | Total Registers | Total Slices |
+--------------+-----------------------+------------------------+-----------------+--------------+
| No           | No                    | No                     |             149 |           52 |
| No           | No                    | Yes                    |               0 |            0 |
| No           | Yes                   | No                     |              93 |           33 |
| Yes          | No                    | No                     |             454 |          113 |
| Yes          | No                    | Yes                    |               0 |            0 |
| Yes          | Yes                   | No                     |              91 |           32 |
+--------------+-----------------------+------------------------+-----------------+--------------+


4. Detailed Control Set Information
-----------------------------------

+---------------------------------------------------+------------------------------------------------------------------------------------------------------------------------------------------------------------------+---------------------------------------------------------------------------------------------------------------------------------------------------------+------------------+----------------+
|                    Clock Signal                   |                                                                           Enable Signal                                                                          |                                                                     Set/Reset Signal                                                                    | Slice Load Count | Bel Load Count |
+---------------------------------------------------+------------------------------------------------------------------------------------------------------------------------------------------------------------------+---------------------------------------------------------------------------------------------------------------------------------------------------------+------------------+----------------+
|  PRG_IDELAY_i/processing_system7_0/inst/FCLK_CLK0 | PRG_IDELAY_i/ps7_0_axi_periph/s00_couplers/auto_pc/inst/gen_axilite.gen_b2s_conv.axilite_b2s/WR.b_channel_0/bid_fifo_0/bresp_push                                |                                                                                                                                                         |                1 |              2 |
|  PRG_IDELAY_i/processing_system7_0/inst/FCLK_CLK0 |                                                                                                                                                                  | PRG_IDELAY_i/ps7_0_axi_periph/s00_couplers/auto_pc/inst/gen_axilite.gen_b2s_conv.axilite_b2s/SI_REG/aw.aw_pipe/aresetn_d_reg[0]_0                       |                2 |              4 |
|  PRG_IDELAY_i/processing_system7_0/inst/FCLK_CLK0 |                                                                                                                                                                  | PRG_IDELAY_i/del0/U0/AXI_LITE_IPIF_I/I_SLAVE_ATTACHMENT/clear                                                                                           |                1 |              4 |
|  PRG_IDELAY_i/processing_system7_0/inst/FCLK_CLK0 | PRG_IDELAY_i/del1/U0/AXI_LITE_IPIF_I/I_SLAVE_ATTACHMENT/start2                                                                                                   | PRG_IDELAY_i/del1/U0/AXI_LITE_IPIF_I/I_SLAVE_ATTACHMENT/I_DECODER/cs_ce_clr                                                                             |                1 |              4 |
|  PRG_IDELAY_i/processing_system7_0/inst/FCLK_CLK0 |                                                                                                                                                                  | PRG_IDELAY_i/del1/U0/AXI_LITE_IPIF_I/I_SLAVE_ATTACHMENT/clear                                                                                           |                1 |              4 |
|  PRG_IDELAY_i/processing_system7_0/inst/FCLK_CLK0 |                                                                                                                                                                  | PRG_IDELAY_i/ps7_0_axi_periph/s00_couplers/auto_pc/inst/gen_axilite.gen_b2s_conv.axilite_b2s/SI_REG/ar.ar_pipe/aresetn_d_reg[1]_inv_0                   |                2 |              4 |
|  PRG_IDELAY_i/processing_system7_0/inst/FCLK_CLK0 | PRG_IDELAY_i/del0/U0/AXI_LITE_IPIF_I/I_SLAVE_ATTACHMENT/bus2ip_addr_i[8]_i_1_n_0                                                                                 | PRG_IDELAY_i/del0/U0/AXI_LITE_IPIF_I/I_SLAVE_ATTACHMENT/SR[0]                                                                                           |                1 |              4 |
|  PRG_IDELAY_i/processing_system7_0/inst/FCLK_CLK0 | PRG_IDELAY_i/del0/U0/AXI_LITE_IPIF_I/I_SLAVE_ATTACHMENT/start2                                                                                                   | PRG_IDELAY_i/del0/U0/AXI_LITE_IPIF_I/I_SLAVE_ATTACHMENT/I_DECODER/cs_ce_clr                                                                             |                2 |              4 |
|  PRG_IDELAY_i/processing_system7_0/inst/FCLK_CLK0 |                                                                                                                                                                  | PRG_IDELAY_i/rst_ps7_0_100M/U0/EXT_LPF/lpf_int                                                                                                          |                1 |              4 |
|  PRG_IDELAY_i/processing_system7_0/inst/FCLK_CLK0 | PRG_IDELAY_i/del1/U0/AXI_LITE_IPIF_I/I_SLAVE_ATTACHMENT/bus2ip_addr_i[8]_i_1_n_0                                                                                 | PRG_IDELAY_i/del1/U0/AXI_LITE_IPIF_I/I_SLAVE_ATTACHMENT/SR[0]                                                                                           |                1 |              4 |
|  PRG_IDELAY_i/processing_system7_0/inst/FCLK_CLK0 | PRG_IDELAY_i/ps7_0_axi_periph/s00_couplers/auto_pc/inst/gen_axilite.gen_b2s_conv.axilite_b2s/WR.aw_channel_0/aw_cmd_fsm_0/state_reg[0]_1                         | PRG_IDELAY_i/ps7_0_axi_periph/s00_couplers/auto_pc/inst/gen_axilite.gen_b2s_conv.axilite_b2s/WR.aw_channel_0/aw_cmd_fsm_0/state_reg[0]_0                |                2 |              5 |
|  PRG_IDELAY_i/processing_system7_0/inst/FCLK_CLK0 | PRG_IDELAY_i/del1/U0/AXI_LITE_IPIF_I/I_SLAVE_ATTACHMENT/I_DECODER/E[0]                                                                                           | PRG_IDELAY_i/del1/U0/AXI_LITE_IPIF_I/I_SLAVE_ATTACHMENT/SR[0]                                                                                           |                2 |              5 |
|  PRG_IDELAY_i/processing_system7_0/inst/FCLK_CLK0 |                                                                                                                                                                  | PRG_IDELAY_i/del1/U0/gpio_core_1/Read_Reg_Rst__0                                                                                                        |                2 |              5 |
|  PRG_IDELAY_i/processing_system7_0/inst/FCLK_CLK0 |                                                                                                                                                                  | PRG_IDELAY_i/del0/U0/gpio_core_1/Read_Reg_Rst__0                                                                                                        |                2 |              5 |
|  PRG_IDELAY_i/processing_system7_0/inst/FCLK_CLK0 | PRG_IDELAY_i/del0/U0/AXI_LITE_IPIF_I/I_SLAVE_ATTACHMENT/I_DECODER/E[0]                                                                                           | PRG_IDELAY_i/del0/U0/AXI_LITE_IPIF_I/I_SLAVE_ATTACHMENT/SR[0]                                                                                           |                2 |              5 |
|  PRG_IDELAY_i/processing_system7_0/inst/FCLK_CLK0 | PRG_IDELAY_i/ps7_0_axi_periph/s00_couplers/auto_pc/inst/gen_axilite.gen_b2s_conv.axilite_b2s/RD.r_channel_0/transaction_fifo_0/cnt_read[4]_i_1_n_0               | PRG_IDELAY_i/ps7_0_axi_periph/s00_couplers/auto_pc/inst/gen_axilite.gen_b2s_conv.axilite_b2s/areset_d1                                                  |                1 |              5 |
|  PRG_IDELAY_i/processing_system7_0/inst/FCLK_CLK0 | PRG_IDELAY_i/ps7_0_axi_periph/s00_couplers/auto_pc/inst/gen_axilite.gen_b2s_conv.axilite_b2s/RD.r_channel_0/transaction_fifo_0/E[0]                              | PRG_IDELAY_i/ps7_0_axi_periph/s00_couplers/auto_pc/inst/gen_axilite.gen_b2s_conv.axilite_b2s/areset_d1                                                  |                3 |              5 |
|  PRG_IDELAY_i/processing_system7_0/inst/FCLK_CLK0 | PRG_IDELAY_i/ps7_0_axi_periph/s00_couplers/auto_pc/inst/gen_axilite.gen_b2s_conv.axilite_b2s/RD.ar_channel_0/ar_cmd_fsm_0/FSM_sequential_state_reg[0]_0          | PRG_IDELAY_i/ps7_0_axi_periph/s00_couplers/auto_pc/inst/gen_axilite.gen_b2s_conv.axilite_b2s/RD.ar_channel_0/ar_cmd_fsm_0/FSM_sequential_state_reg[1]_0 |                3 |              5 |
|  PRG_IDELAY_i/processing_system7_0/inst/FCLK_CLK0 | PRG_IDELAY_i/del0/U0/AXI_LITE_IPIF_I/I_SLAVE_ATTACHMENT/s_axi_rresp_i                                                                                            | PRG_IDELAY_i/del0/U0/AXI_LITE_IPIF_I/I_SLAVE_ATTACHMENT/SR[0]                                                                                           |                1 |              6 |
|  PRG_IDELAY_i/processing_system7_0/inst/FCLK_CLK0 | PRG_IDELAY_i/del1/U0/AXI_LITE_IPIF_I/I_SLAVE_ATTACHMENT/s_axi_rresp_i                                                                                            | PRG_IDELAY_i/del1/U0/AXI_LITE_IPIF_I/I_SLAVE_ATTACHMENT/SR[0]                                                                                           |                1 |              6 |
|  PRG_IDELAY_i/processing_system7_0/inst/FCLK_CLK0 | PRG_IDELAY_i/rst_ps7_0_100M/U0/SEQ/seq_cnt_en                                                                                                                    | PRG_IDELAY_i/rst_ps7_0_100M/U0/SEQ/SEQ_COUNTER/clear                                                                                                    |                1 |              6 |
|  PRG_IDELAY_i/processing_system7_0/inst/FCLK_CLK0 | PRG_IDELAY_i/ps7_0_axi_periph/s00_couplers/auto_pc/inst/gen_axilite.gen_b2s_conv.axilite_b2s/WR.b_channel_0/mhandshake_r                                         | PRG_IDELAY_i/ps7_0_axi_periph/s00_couplers/auto_pc/inst/gen_axilite.gen_b2s_conv.axilite_b2s/WR.b_channel_0/bid_fifo_0/SR[0]                            |                3 |              8 |
|  PRG_IDELAY_i/processing_system7_0/inst/FCLK_CLK0 |                                                                                                                                                                  | PRG_IDELAY_i/ps7_0_axi_periph/s00_couplers/auto_pc/inst/gen_axilite.gen_b2s_conv.axilite_b2s/areset_d1                                                  |                4 |             10 |
|  PRG_IDELAY_i/processing_system7_0/inst/FCLK_CLK0 |                                                                                                                                                                  | PRG_IDELAY_i/ps7_0_axi_periph/xbar/inst/gen_sasd.crossbar_sasd_0/addr_arbiter_inst/SR[0]                                                                |                4 |             11 |
|  PRG_IDELAY_i/processing_system7_0/inst/FCLK_CLK0 | PRG_IDELAY_i/ps7_0_axi_periph/s00_couplers/auto_pc/inst/gen_axilite.gen_b2s_conv.axilite_b2s/WR.aw_channel_0/aw_cmd_fsm_0/E[0]                                   |                                                                                                                                                         |                4 |             12 |
|  PRG_IDELAY_i/processing_system7_0/inst/FCLK_CLK0 | PRG_IDELAY_i/ps7_0_axi_periph/s00_couplers/auto_pc/inst/gen_axilite.gen_b2s_conv.axilite_b2s/RD.ar_channel_0/ar_cmd_fsm_0/E[0]                                   |                                                                                                                                                         |                2 |             12 |
|  PRG_IDELAY_i/processing_system7_0/inst/FCLK_CLK0 | PRG_IDELAY_i/ps7_0_axi_periph/s00_couplers/auto_pc/inst/gen_axilite.gen_b2s_conv.axilite_b2s/RD.ar_channel_0/ar_cmd_fsm_0/FSM_sequential_state_reg[1]_2[0]       |                                                                                                                                                         |                5 |             12 |
|  PRG_IDELAY_i/processing_system7_0/inst/FCLK_CLK0 | PRG_IDELAY_i/ps7_0_axi_periph/s00_couplers/auto_pc/inst/gen_axilite.gen_b2s_conv.axilite_b2s/WR.aw_channel_0/cmd_translator_0/incr_cmd_0/axaddr_incr[11]_i_1_n_0 |                                                                                                                                                         |                2 |             12 |
|  PRG_IDELAY_i/processing_system7_0/inst/FCLK_CLK0 | PRG_IDELAY_i/ps7_0_axi_periph/s00_couplers/auto_pc/inst/gen_axilite.gen_b2s_conv.axilite_b2s/RD.r_channel_0/r_push_r                                             |                                                                                                                                                         |                4 |             13 |
|  PRG_IDELAY_i/processing_system7_0/inst/FCLK_CLK0 | PRG_IDELAY_i/ps7_0_axi_periph/s00_couplers/auto_pc/inst/gen_axilite.gen_b2s_conv.axilite_b2s/SI_REG/b.b_pipe/p_1_in                                              |                                                                                                                                                         |                2 |             14 |
|  PRG_IDELAY_i/processing_system7_0/inst/FCLK_CLK0 | PRG_IDELAY_i/ps7_0_axi_periph/s00_couplers/auto_pc/inst/gen_axilite.gen_b2s_conv.axilite_b2s/SI_REG/b.b_pipe/s_ready_i_reg_0                                     |                                                                                                                                                         |                2 |             14 |
|  PRG_IDELAY_i/processing_system7_0/inst/FCLK_CLK0 | PRG_IDELAY_i/ps7_0_axi_periph/xbar/inst/gen_sasd.crossbar_sasd_0/reg_slice_r/aa_rready                                                                           |                                                                                                                                                         |                6 |             15 |
|  PRG_IDELAY_i/processing_system7_0/inst/FCLK_CLK0 | PRG_IDELAY_i/ps7_0_axi_periph/s00_couplers/auto_pc/inst/gen_axilite.gen_b2s_conv.axilite_b2s/WR.aw_channel_0/aw_cmd_fsm_0/b_push                                 |                                                                                                                                                         |                3 |             16 |
|  PRG_IDELAY_i/processing_system7_0/inst/FCLK_CLK0 | PRG_IDELAY_i/ps7_0_axi_periph/xbar/inst/gen_sasd.crossbar_sasd_0/addr_arbiter_inst/p_0_in1_in                                                                    | PRG_IDELAY_i/ps7_0_axi_periph/xbar/inst/gen_sasd.crossbar_sasd_0/addr_arbiter_inst/SR[0]                                                                |                8 |             19 |
|  PRG_IDELAY_i/processing_system7_0/inst/FCLK_CLK0 |                                                                                                                                                                  | PRG_IDELAY_i/del0/U0/AXI_LITE_IPIF_I/I_SLAVE_ATTACHMENT/SR[0]                                                                                           |                7 |             21 |
|  PRG_IDELAY_i/processing_system7_0/inst/FCLK_CLK0 |                                                                                                                                                                  | PRG_IDELAY_i/del1/U0/AXI_LITE_IPIF_I/I_SLAVE_ATTACHMENT/SR[0]                                                                                           |                7 |             21 |
|  PRG_IDELAY_i/processing_system7_0/inst/FCLK_CLK0 | PRG_IDELAY_i/ps7_0_axi_periph/s00_couplers/auto_pc/inst/gen_axilite.gen_b2s_conv.axilite_b2s/WR.aw_channel_0/aw_cmd_fsm_0/state_reg[0]_1                         |                                                                                                                                                         |                9 |             21 |
|  PRG_IDELAY_i/processing_system7_0/inst/FCLK_CLK0 | PRG_IDELAY_i/ps7_0_axi_periph/s00_couplers/auto_pc/inst/gen_axilite.gen_b2s_conv.axilite_b2s/RD.ar_channel_0/ar_cmd_fsm_0/FSM_sequential_state_reg[0]_0          |                                                                                                                                                         |                8 |             21 |
|  PRG_IDELAY_i/processing_system7_0/inst/FCLK_CLK0 | PRG_IDELAY_i/ps7_0_axi_periph/s00_couplers/auto_pc/inst/gen_axilite.gen_b2s_conv.axilite_b2s/RD.r_channel_0/rd_data_fifo_0/wr_en0                                |                                                                                                                                                         |                9 |             34 |
|  PRG_IDELAY_i/processing_system7_0/inst/FCLK_CLK0 | PRG_IDELAY_i/ps7_0_axi_periph/xbar/inst/gen_sasd.crossbar_sasd_0/addr_arbiter_inst/E[0]                                                                          |                                                                                                                                                         |               14 |             35 |
|  PRG_IDELAY_i/processing_system7_0/inst/FCLK_CLK0 | PRG_IDELAY_i/ps7_0_axi_periph/s00_couplers/auto_pc/inst/gen_axilite.gen_b2s_conv.axilite_b2s/SI_REG/r.r_pipe/s_ready_i_reg_0                                     |                                                                                                                                                         |                8 |             47 |
|  PRG_IDELAY_i/processing_system7_0/inst/FCLK_CLK0 | PRG_IDELAY_i/ps7_0_axi_periph/s00_couplers/auto_pc/inst/gen_axilite.gen_b2s_conv.axilite_b2s/SI_REG/r.r_pipe/p_1_in                                              |                                                                                                                                                         |                9 |             47 |
|  PRG_IDELAY_i/processing_system7_0/inst/FCLK_CLK0 | PRG_IDELAY_i/ps7_0_axi_periph/s00_couplers/auto_pc/inst/gen_axilite.gen_b2s_conv.axilite_b2s/SI_REG/aw.aw_pipe/s_ready_i_reg_0                                   |                                                                                                                                                         |                8 |             48 |
|  PRG_IDELAY_i/processing_system7_0/inst/FCLK_CLK0 | PRG_IDELAY_i/ps7_0_axi_periph/s00_couplers/auto_pc/inst/gen_axilite.gen_b2s_conv.axilite_b2s/WR.aw_channel_0/aw_cmd_fsm_0/m_valid_i_reg[0]                       |                                                                                                                                                         |                9 |             48 |
|  PRG_IDELAY_i/processing_system7_0/inst/FCLK_CLK0 | PRG_IDELAY_i/ps7_0_axi_periph/s00_couplers/auto_pc/inst/gen_axilite.gen_b2s_conv.axilite_b2s/SI_REG/ar.ar_pipe/s_ready_i_reg_0                                   |                                                                                                                                                         |               12 |             48 |
|  PRG_IDELAY_i/processing_system7_0/inst/FCLK_CLK0 | PRG_IDELAY_i/ps7_0_axi_periph/s00_couplers/auto_pc/inst/gen_axilite.gen_b2s_conv.axilite_b2s/RD.ar_channel_0/ar_cmd_fsm_0/FSM_sequential_state_reg[1]_3[0]       |                                                                                                                                                         |               13 |             48 |
|  PRG_IDELAY_i/processing_system7_0/inst/FCLK_CLK0 |                                                                                                                                                                  |                                                                                                                                                         |               53 |            150 |
+---------------------------------------------------+------------------------------------------------------------------------------------------------------------------------------------------------------------------+---------------------------------------------------------------------------------------------------------------------------------------------------------+------------------+----------------+


