Copyright 1986-2019 Xilinx, Inc. All Rights Reserved.
------------------------------------------------------------------------------------
| Tool Version : Vivado v.2019.1 (win64) Build 2552052 Fri May 24 14:49:42 MDT 2019
| Date         : Wed Dec 11 15:36:55 2019
| Host         : CISS32101 running 64-bit Service Pack 1  (build 7601)
| Command      : upgrade_ip
| Device       : xc7z020clg400-1
------------------------------------------------------------------------------------

Upgrade Log for IP 'TT_AXI_PERIPH_TIME_TAG_wrapper_0_0'

1. Summary
----------

CAUTION (success, with warnings) in the upgrade of TT_AXI_PERIPH_TIME_TAG_wrapper_0_0 (cri.nz:user:TIME_TAG_wrapper:1.0) from (Rev. 2) to (Rev. 3)

After upgrade, an IP may have parameter and port differences compared to the original customization. Please review the parameters within the IP customization GUI to ensure proper functionality. Also, please review the updated IP instantiation template to ensure proper connectivity, and update your design if required.

2. Connection Warnings
----------------------

Detected external port differences while upgrading 'TT_AXI_PERIPH_TIME_TAG_wrapper_0_0'. These changes may impact your design.


-Upgrade has added port 'DEBUG0'







Copyright 1986-2019 Xilinx, Inc. All Rights Reserved.
------------------------------------------------------------------------------------
| Tool Version : Vivado v.2019.1 (win64) Build 2552052 Fri May 24 14:49:42 MDT 2019
| Date         : Wed Dec 11 15:02:27 2019
| Host         : CISS32101 running 64-bit Service Pack 1  (build 7601)
| Command      : upgrade_ip
| Device       : xc7z020clg400-1
------------------------------------------------------------------------------------

Upgrade Log for IP 'TT_AXI_PERIPH_TIME_TAG_wrapper_0_0'

1. Summary
----------

CAUTION (success, with warnings) in the conversion of TT_AXI_PERIPH_TIME_TAG_wrapper_0_0 (cri.nz:user:TIME_TAG_wrapper:1.0 (Rev. 2)) to Vivado generation flows.

After upgrade, an IP may have parameter and port differences compared to the original customization. Please review the parameters within the IP customization GUI to ensure proper functionality. Also, please review the updated IP instantiation template to ensure proper connectivity, and update your design if required.

2. Connection Warnings
----------------------

Detected external port differences while upgrading 'TT_AXI_PERIPH_TIME_TAG_wrapper_0_0'. These changes may impact your design.


-Upgrade has added port 'ACTIVE'


