Copyright 1986-2019 Xilinx, Inc. All Rights Reserved.
------------------------------------------------------------------------------------
| Tool Version : Vivado v.2019.1 (win64) Build 2552052 Fri May 24 14:49:42 MDT 2019
| Date         : Thu Dec  5 10:28:07 2019
| Host         : CISS32101 running 64-bit Service Pack 1  (build 7601)
| Command      : upgrade_ip
| Device       : xc7z020clg400-1
------------------------------------------------------------------------------------

Upgrade Log for IP 'SP_OV_PG_AXI_PERIPH_wrapper_0_0'

1. Summary
----------

SUCCESS in the upgrade of SP_OV_PG_AXI_PERIPH_wrapper_0_0 (cri.nz:user:PG_AXI_PERIPH_wrapper:1.0) from (Rev. 2) to (Rev. 3)






Copyright 1986-2019 Xilinx, Inc. All Rights Reserved.
------------------------------------------------------------------------------------
| Tool Version : Vivado v.2019.1 (win64) Build 2552052 Fri May 24 14:49:42 MDT 2019
| Date         : Thu Dec  5 10:10:55 2019
| Host         : CISS32101 running 64-bit Service Pack 1  (build 7601)
| Command      : upgrade_ip
| Device       : xc7z020clg400-1
------------------------------------------------------------------------------------

Upgrade Log for IP 'SP_OV_PG_AXI_PERIPH_wrapper_0_0'

1. Summary
----------

SUCCESS in the conversion of SP_OV_PG_AXI_PERIPH_wrapper_0_0 (cri.nz:user:PG_AXI_PERIPH_wrapper:1.0 (Rev. 2)) to Vivado generation flows.






Copyright 1986-2019 Xilinx, Inc. All Rights Reserved.
------------------------------------------------------------------------------------
| Tool Version : Vivado v.2019.1 (win64) Build 2552052 Fri May 24 14:49:42 MDT 2019
| Date         : Wed Dec  4 16:29:32 2019
| Host         : CISS32101 running 64-bit Service Pack 1  (build 7601)
| Command      : upgrade_ip
| Device       : xc7z020clg400-1
------------------------------------------------------------------------------------

Upgrade Log for IP 'SP_OV_CT_AXI_PERIPH_wrapper_0_0'

1. Summary
----------

SUCCESS in the upgrade of SP_OV_CT_AXI_PERIPH_wrapper_0_0 (cri.nz:user:CT_AXI_PERIPH_wrapper:1.0) from (Rev. 2) to (Rev. 4)






Copyright 1986-2019 Xilinx, Inc. All Rights Reserved.
------------------------------------------------------------------------------------
| Tool Version : Vivado v.2019.1 (win64) Build 2552052 Fri May 24 14:49:42 MDT 2019
| Date         : Wed Dec  4 16:19:54 2019
| Host         : CISS32101 running 64-bit Service Pack 1  (build 7601)
| Command      : upgrade_ip
| Device       : xc7z020clg400-1
------------------------------------------------------------------------------------

Upgrade Log for IP 'SP_OV_CT_AXI_PERIPH_wrapper_0_0'

1. Summary
----------

SUCCESS in the conversion of SP_OV_CT_AXI_PERIPH_wrapper_0_0 (cri.nz:user:CT_AXI_PERIPH_wrapper:1.0 (Rev. 2)) to Vivado generation flows.






Copyright 1986-2019 Xilinx, Inc. All Rights Reserved.
------------------------------------------------------------------------------------
| Tool Version : Vivado v.2019.1 (win64) Build 2552052 Fri May 24 14:49:42 MDT 2019
| Date         : Wed Dec  4 15:52:09 2019
| Host         : CISS32101 running 64-bit Service Pack 1  (build 7601)
| Command      : upgrade_ip
| Device       : xc7z020clg400-1
------------------------------------------------------------------------------------

Upgrade Log for IP 'SP_OV_CT_AXI_PERIPH_wrapper_0_0'

1. Summary
----------

SUCCESS in the conversion of SP_OV_CT_AXI_PERIPH_wrapper_0_0 (cri.nz:user:CT_AXI_PERIPH_wrapper:1.0 (Rev. 2)) to Vivado generation flows.

