Copyright 1986-2019 Xilinx, Inc. All Rights Reserved.
------------------------------------------------------------------------------------
| Tool Version : Vivado v.2019.1 (win64) Build 2552052 Fri May 24 14:49:42 MDT 2019
| Date         : Wed Dec  4 11:13:07 2019
| Host         : CISS32101 running 64-bit Service Pack 1  (build 7601)
| Command      : upgrade_ip
| Device       : xc7z020clg400-1
------------------------------------------------------------------------------------

Upgrade Log for IP 'CO_AXI_PERIPH_COUNTER_wrapper_1_3'

1. Summary
----------

SUCCESS in the upgrade of CO_AXI_PERIPH_COUNTER_wrapper_1_3 (cri.nz:user:COUNTER_wrapper:1.0) from (Rev. 1) to (Rev. 2)






Copyright 1986-2019 Xilinx, Inc. All Rights Reserved.
------------------------------------------------------------------------------------
| Tool Version : Vivado v.2019.1 (win64) Build 2552052 Fri May 24 14:49:42 MDT 2019
| Date         : Wed Dec  4 11:13:07 2019
| Host         : CISS32101 running 64-bit Service Pack 1  (build 7601)
| Command      : upgrade_ip
| Device       : xc7z020clg400-1
------------------------------------------------------------------------------------

Upgrade Log for IP 'CO_AXI_PERIPH_COUNTER_wrapper_1_2'

1. Summary
----------

SUCCESS in the upgrade of CO_AXI_PERIPH_COUNTER_wrapper_1_2 (cri.nz:user:COUNTER_wrapper:1.0) from (Rev. 1) to (Rev. 2)






Copyright 1986-2019 Xilinx, Inc. All Rights Reserved.
------------------------------------------------------------------------------------
| Tool Version : Vivado v.2019.1 (win64) Build 2552052 Fri May 24 14:49:42 MDT 2019
| Date         : Wed Dec  4 11:13:07 2019
| Host         : CISS32101 running 64-bit Service Pack 1  (build 7601)
| Command      : upgrade_ip
| Device       : xc7z020clg400-1
------------------------------------------------------------------------------------

Upgrade Log for IP 'CO_AXI_PERIPH_COUNTER_wrapper_0_3'

1. Summary
----------

SUCCESS in the upgrade of CO_AXI_PERIPH_COUNTER_wrapper_0_3 (cri.nz:user:COUNTER_wrapper:1.0) from (Rev. 1) to (Rev. 2)






Copyright 1986-2019 Xilinx, Inc. All Rights Reserved.
------------------------------------------------------------------------------------
| Tool Version : Vivado v.2019.1 (win64) Build 2552052 Fri May 24 14:49:42 MDT 2019
| Date         : Wed Dec  4 11:13:07 2019
| Host         : CISS32101 running 64-bit Service Pack 1  (build 7601)
| Command      : upgrade_ip
| Device       : xc7z020clg400-1
------------------------------------------------------------------------------------

Upgrade Log for IP 'CO_AXI_PERIPH_COUNTER_wrapper_0_2'

1. Summary
----------

SUCCESS in the upgrade of CO_AXI_PERIPH_COUNTER_wrapper_0_2 (cri.nz:user:COUNTER_wrapper:1.0) from (Rev. 1) to (Rev. 2)

