Copyright 1986-2019 Xilinx, Inc. All Rights Reserved.
------------------------------------------------------------------------------------
| Tool Version : Vivado v.2019.1 (win64) Build 2552052 Fri May 24 14:49:42 MDT 2019
| Date         : Thu Nov 28 13:39:14 2019
| Host         : CISS32101 running 64-bit Service Pack 1  (build 7601)
| Command      : upgrade_ip
| Device       : xc7z020clg400-1
------------------------------------------------------------------------------------

Upgrade Log for IP 'TDC_OVERLAY_TCH_TDC_OV_wrapper_0_0'

1. Summary
----------

SUCCESS in the conversion of TDC_OVERLAY_TCH_TDC_OV_wrapper_0_0 (cri.nz:user:TCH_TDC_OV_wrapper:1.0 (Rev. 2)) to Vivado generation flows.






Copyright 1986-2019 Xilinx, Inc. All Rights Reserved.
------------------------------------------------------------------------------------
| Tool Version : Vivado v.2019.1 (win64) Build 2552052 Fri May 24 14:49:42 MDT 2019
| Date         : Thu Nov 28 12:58:40 2019
| Host         : CISS32101 running 64-bit Service Pack 1  (build 7601)
| Command      : upgrade_ip
| Device       : xc7z020clg400-1
------------------------------------------------------------------------------------

Upgrade Log for IP 'TDC_OVERLAY_TCH_TDC_OV_wrapper_0_0'

1. Summary
----------

SUCCESS in the conversion of TDC_OVERLAY_TCH_TDC_OV_wrapper_0_0 (cri.nz:user:TCH_TDC_OV_wrapper:1.0 (Rev. 2)) to Vivado generation flows.






Copyright 1986-2019 Xilinx, Inc. All Rights Reserved.
------------------------------------------------------------------------------------
| Tool Version : Vivado v.2019.1 (win64) Build 2552052 Fri May 24 14:49:42 MDT 2019
| Date         : Thu Nov 28 11:43:17 2019
| Host         : CISS32101 running 64-bit Service Pack 1  (build 7601)
| Command      : upgrade_ip
| Device       : xc7z020clg400-1
------------------------------------------------------------------------------------

Upgrade Log for IP 'TDC_OVERLAY_TCH_TDC_OV_wrapper_0_0'

1. Summary
----------

SUCCESS in the conversion of TDC_OVERLAY_TCH_TDC_OV_wrapper_0_0 (cri.nz:user:TCH_TDC_OV_wrapper:1.0 (Rev. 2)) to Vivado generation flows.






Copyright 1986-2019 Xilinx, Inc. All Rights Reserved.
------------------------------------------------------------------------------------
| Tool Version : Vivado v.2019.1 (win64) Build 2552052 Fri May 24 14:49:42 MDT 2019
| Date         : Thu Nov 28 10:42:46 2019
| Host         : CISS32101 running 64-bit Service Pack 1  (build 7601)
| Command      : upgrade_ip
| Device       : xc7z020clg400-1
------------------------------------------------------------------------------------

Upgrade Log for IP 'TDC_OVERLAY_TCH_TDC_OV_wrapper_0_0'

1. Summary
----------

SUCCESS in the conversion of TDC_OVERLAY_TCH_TDC_OV_wrapper_0_0 (cri.nz:user:TCH_TDC_OV_wrapper:1.0 (Rev. 2)) to Vivado generation flows.






Copyright 1986-2019 Xilinx, Inc. All Rights Reserved.
------------------------------------------------------------------------------------
| Tool Version : Vivado v.2019.1 (win64) Build 2552052 Fri May 24 14:49:42 MDT 2019
| Date         : Thu Nov 28 08:52:13 2019
| Host         : CISS32101 running 64-bit Service Pack 1  (build 7601)
| Command      : upgrade_ip
| Device       : xc7z020clg400-1
------------------------------------------------------------------------------------

Upgrade Log for IP 'TDC_OVERLAY_TCH_TDC_OV_wrapper_0_0'

1. Summary
----------

SUCCESS in the conversion of TDC_OVERLAY_TCH_TDC_OV_wrapper_0_0 (cri.nz:user:TCH_TDC_OV_wrapper:1.0 (Rev. 2)) to Vivado generation flows.

