Copyright 1986-2019 Xilinx, Inc. All Rights Reserved.
------------------------------------------------------------------------------------
| Tool Version : Vivado v.2019.1 (win64) Build 2552052 Fri May 24 14:49:42 MDT 2019
| Date         : Mon Nov 25 14:29:57 2019
| Host         : CISS31247 running 64-bit major release  (build 9200)
| Command      : upgrade_ip
| Device       : xc7z020clg400-1
------------------------------------------------------------------------------------

Upgrade Log for IP 'Counter_Overlay_COUNTER_wrapper_0_0'

1. Summary
----------

SUCCESS in the upgrade of Counter_Overlay_COUNTER_wrapper_0_0 (govt.nz:user:COUNTER_wrapper:1.0) from (Rev. 5) to (Rev. 6)






Copyright 1986-2019 Xilinx, Inc. All Rights Reserved.
------------------------------------------------------------------------------------
| Tool Version : Vivado v.2019.1 (win64) Build 2552052 Fri May 24 14:49:42 MDT 2019
| Date         : Mon Nov 25 14:29:57 2019
| Host         : CISS31247 running 64-bit major release  (build 9200)
| Command      : upgrade_ip
| Device       : xc7z020clg400-1
------------------------------------------------------------------------------------

Upgrade Log for IP 'Counter_Overlay_CH_2_0'

1. Summary
----------

SUCCESS in the upgrade of Counter_Overlay_CH_2_0 (govt.nz:user:COUNTER_wrapper:1.0) from (Rev. 5) to (Rev. 6)






Copyright 1986-2019 Xilinx, Inc. All Rights Reserved.
------------------------------------------------------------------------------------
| Tool Version : Vivado v.2019.1 (win64) Build 2552052 Fri May 24 14:49:42 MDT 2019
| Date         : Mon Nov 25 14:29:56 2019
| Host         : CISS31247 running 64-bit major release  (build 9200)
| Command      : upgrade_ip
| Device       : xc7z020clg400-1
------------------------------------------------------------------------------------

Upgrade Log for IP 'Counter_Overlay_CH_1_0'

1. Summary
----------

SUCCESS in the upgrade of Counter_Overlay_CH_1_0 (govt.nz:user:COUNTER_wrapper:1.0) from (Rev. 5) to (Rev. 6)






Copyright 1986-2019 Xilinx, Inc. All Rights Reserved.
------------------------------------------------------------------------------------
| Tool Version : Vivado v.2019.1 (win64) Build 2552052 Fri May 24 14:49:42 MDT 2019
| Date         : Mon Nov 25 14:29:56 2019
| Host         : CISS31247 running 64-bit major release  (build 9200)
| Command      : upgrade_ip
| Device       : xc7z020clg400-1
------------------------------------------------------------------------------------

Upgrade Log for IP 'Counter_Overlay_CH_0_0'

1. Summary
----------

SUCCESS in the upgrade of Counter_Overlay_CH_0_0 (govt.nz:user:COUNTER_wrapper:1.0) from (Rev. 5) to (Rev. 6)






Copyright 1986-2019 Xilinx, Inc. All Rights Reserved.
------------------------------------------------------------------------------------
| Tool Version : Vivado v.2019.1 (win64) Build 2552052 Fri May 24 14:49:42 MDT 2019
| Date         : Mon Nov 25 14:23:43 2019
| Host         : CISS31247 running 64-bit major release  (build 9200)
| Command      : upgrade_ip
| Device       : xc7z020clg400-1
------------------------------------------------------------------------------------

Upgrade Log for IP 'Counter_Overlay_COUNTER_wrapper_0_0'

1. Summary
----------

SUCCESS in the upgrade of Counter_Overlay_COUNTER_wrapper_0_0 (govt.nz:user:COUNTER_wrapper:1.0) from (Rev. 4) to (Rev. 5)






Copyright 1986-2019 Xilinx, Inc. All Rights Reserved.
------------------------------------------------------------------------------------
| Tool Version : Vivado v.2019.1 (win64) Build 2552052 Fri May 24 14:49:42 MDT 2019
| Date         : Mon Nov 25 14:23:43 2019
| Host         : CISS31247 running 64-bit major release  (build 9200)
| Command      : upgrade_ip
| Device       : xc7z020clg400-1
------------------------------------------------------------------------------------

Upgrade Log for IP 'Counter_Overlay_CH_2_0'

1. Summary
----------

SUCCESS in the upgrade of Counter_Overlay_CH_2_0 (govt.nz:user:COUNTER_wrapper:1.0) from (Rev. 4) to (Rev. 5)






Copyright 1986-2019 Xilinx, Inc. All Rights Reserved.
------------------------------------------------------------------------------------
| Tool Version : Vivado v.2019.1 (win64) Build 2552052 Fri May 24 14:49:42 MDT 2019
| Date         : Mon Nov 25 14:23:43 2019
| Host         : CISS31247 running 64-bit major release  (build 9200)
| Command      : upgrade_ip
| Device       : xc7z020clg400-1
------------------------------------------------------------------------------------

Upgrade Log for IP 'Counter_Overlay_CH_1_0'

1. Summary
----------

SUCCESS in the upgrade of Counter_Overlay_CH_1_0 (govt.nz:user:COUNTER_wrapper:1.0) from (Rev. 4) to (Rev. 5)






Copyright 1986-2019 Xilinx, Inc. All Rights Reserved.
------------------------------------------------------------------------------------
| Tool Version : Vivado v.2019.1 (win64) Build 2552052 Fri May 24 14:49:42 MDT 2019
| Date         : Mon Nov 25 14:23:43 2019
| Host         : CISS31247 running 64-bit major release  (build 9200)
| Command      : upgrade_ip
| Device       : xc7z020clg400-1
------------------------------------------------------------------------------------

Upgrade Log for IP 'Counter_Overlay_CH_0_0'

1. Summary
----------

SUCCESS in the upgrade of Counter_Overlay_CH_0_0 (govt.nz:user:COUNTER_wrapper:1.0) from (Rev. 4) to (Rev. 5)






Copyright 1986-2019 Xilinx, Inc. All Rights Reserved.
------------------------------------------------------------------------------------
| Tool Version : Vivado v.2019.1 (win64) Build 2552052 Fri May 24 14:49:42 MDT 2019
| Date         : Fri Nov 22 15:06:27 2019
| Host         : CISS31247 running 64-bit major release  (build 9200)
| Command      : upgrade_ip
| Device       : xc7z020clg400-1
------------------------------------------------------------------------------------

Upgrade Log for IP 'Counter_Overlay_COUNTER_wrapper_0_0'

1. Summary
----------

SUCCESS in the upgrade of Counter_Overlay_COUNTER_wrapper_0_0 (govt.nz:user:COUNTER_wrapper:1.0) from (Rev. 3) to (Rev. 4)






Copyright 1986-2019 Xilinx, Inc. All Rights Reserved.
------------------------------------------------------------------------------------
| Tool Version : Vivado v.2019.1 (win64) Build 2552052 Fri May 24 14:49:42 MDT 2019
| Date         : Fri Nov 22 15:06:27 2019
| Host         : CISS31247 running 64-bit major release  (build 9200)
| Command      : upgrade_ip
| Device       : xc7z020clg400-1
------------------------------------------------------------------------------------

Upgrade Log for IP 'Counter_Overlay_CH_2_0'

1. Summary
----------

SUCCESS in the upgrade of Counter_Overlay_CH_2_0 (govt.nz:user:COUNTER_wrapper:1.0) from (Rev. 3) to (Rev. 4)






Copyright 1986-2019 Xilinx, Inc. All Rights Reserved.
------------------------------------------------------------------------------------
| Tool Version : Vivado v.2019.1 (win64) Build 2552052 Fri May 24 14:49:42 MDT 2019
| Date         : Fri Nov 22 15:06:27 2019
| Host         : CISS31247 running 64-bit major release  (build 9200)
| Command      : upgrade_ip
| Device       : xc7z020clg400-1
------------------------------------------------------------------------------------

Upgrade Log for IP 'Counter_Overlay_CH_1_0'

1. Summary
----------

SUCCESS in the upgrade of Counter_Overlay_CH_1_0 (govt.nz:user:COUNTER_wrapper:1.0) from (Rev. 3) to (Rev. 4)






Copyright 1986-2019 Xilinx, Inc. All Rights Reserved.
------------------------------------------------------------------------------------
| Tool Version : Vivado v.2019.1 (win64) Build 2552052 Fri May 24 14:49:42 MDT 2019
| Date         : Fri Nov 22 15:06:27 2019
| Host         : CISS31247 running 64-bit major release  (build 9200)
| Command      : upgrade_ip
| Device       : xc7z020clg400-1
------------------------------------------------------------------------------------

Upgrade Log for IP 'Counter_Overlay_CH_0_0'

1. Summary
----------

SUCCESS in the upgrade of Counter_Overlay_CH_0_0 (govt.nz:user:COUNTER_wrapper:1.0) from (Rev. 3) to (Rev. 4)






Copyright 1986-2019 Xilinx, Inc. All Rights Reserved.
------------------------------------------------------------------------------------
| Tool Version : Vivado v.2019.1 (win64) Build 2552052 Fri May 24 14:49:42 MDT 2019
| Date         : Fri Nov 22 11:36:36 2019
| Host         : CISS31247 running 64-bit major release  (build 9200)
| Command      : upgrade_ip
| Device       : xc7z020clg400-1
------------------------------------------------------------------------------------

Upgrade Log for IP 'Counter_Overlay_COUNTER_wrapper_0_0'

1. Summary
----------

SUCCESS in the upgrade of Counter_Overlay_COUNTER_wrapper_0_0 (govt.nz:user:COUNTER_wrapper:1.0) from (Rev. 2) to (Rev. 3)






Copyright 1986-2019 Xilinx, Inc. All Rights Reserved.
------------------------------------------------------------------------------------
| Tool Version : Vivado v.2019.1 (win64) Build 2552052 Fri May 24 14:49:42 MDT 2019
| Date         : Fri Nov 22 11:36:36 2019
| Host         : CISS31247 running 64-bit major release  (build 9200)
| Command      : upgrade_ip
| Device       : xc7z020clg400-1
------------------------------------------------------------------------------------

Upgrade Log for IP 'Counter_Overlay_CH_2_0'

1. Summary
----------

SUCCESS in the upgrade of Counter_Overlay_CH_2_0 (govt.nz:user:COUNTER_wrapper:1.0) from (Rev. 2) to (Rev. 3)






Copyright 1986-2019 Xilinx, Inc. All Rights Reserved.
------------------------------------------------------------------------------------
| Tool Version : Vivado v.2019.1 (win64) Build 2552052 Fri May 24 14:49:42 MDT 2019
| Date         : Fri Nov 22 11:36:36 2019
| Host         : CISS31247 running 64-bit major release  (build 9200)
| Command      : upgrade_ip
| Device       : xc7z020clg400-1
------------------------------------------------------------------------------------

Upgrade Log for IP 'Counter_Overlay_CH_1_0'

1. Summary
----------

SUCCESS in the upgrade of Counter_Overlay_CH_1_0 (govt.nz:user:COUNTER_wrapper:1.0) from (Rev. 2) to (Rev. 3)






Copyright 1986-2019 Xilinx, Inc. All Rights Reserved.
------------------------------------------------------------------------------------
| Tool Version : Vivado v.2019.1 (win64) Build 2552052 Fri May 24 14:49:42 MDT 2019
| Date         : Fri Nov 22 11:36:36 2019
| Host         : CISS31247 running 64-bit major release  (build 9200)
| Command      : upgrade_ip
| Device       : xc7z020clg400-1
------------------------------------------------------------------------------------

Upgrade Log for IP 'Counter_Overlay_CH_0_0'

1. Summary
----------

SUCCESS in the upgrade of Counter_Overlay_CH_0_0 (govt.nz:user:COUNTER_wrapper:1.0) from (Rev. 2) to (Rev. 3)

