Copyright 1986-2019 Xilinx, Inc. All Rights Reserved.
------------------------------------------------------------------------------------
| Tool Version : Vivado v.2019.1 (win64) Build 2552052 Fri May 24 14:49:42 MDT 2019
| Date         : Tue Jan 21 11:29:00 2020
| Host         : CISS32101 running 64-bit Service Pack 1  (build 7601)
| Command      : upgrade_ip
| Device       : xc7z020clg400-1
------------------------------------------------------------------------------------

Upgrade Log for IP 'SP_OV_DESERIALIZER_B_wrapp_0_0'

1. Summary
----------

CAUTION (success, with warnings) in the conversion of SP_OV_DESERIALIZER_B_wrapp_0_0 (cri.nz:user:DESERIALIZER_B_wrapper:1.0 (Rev. 2)) to Vivado generation flows.

After upgrade, an IP may have parameter and port differences compared to the original customization. Please review the parameters within the IP customization GUI to ensure proper functionality. Also, please review the updated IP instantiation template to ensure proper connectivity, and update your design if required.

2. Connection Warnings
----------------------

Detected external port differences while upgrading 'SP_OV_DESERIALIZER_B_wrapp_0_0'. These changes may impact your design.


-Upgraded port 'OT0' width 8 differs from original width 4

-Upgraded port 'OT1' width 8 differs from original width 4

-Upgraded port 'OT2' width 8 differs from original width 4

-Upgraded port 'OT3' width 8 differs from original width 4

-Upgraded port 'OT4' width 8 differs from original width 4







Copyright 1986-2019 Xilinx, Inc. All Rights Reserved.
------------------------------------------------------------------------------------
| Tool Version : Vivado v.2019.1 (win64) Build 2552052 Fri May 24 14:49:42 MDT 2019
| Date         : Tue Jan 21 11:22:41 2020
| Host         : CISS32101 running 64-bit Service Pack 1  (build 7601)
| Command      : upgrade_ip
| Device       : xc7z020clg400-1
------------------------------------------------------------------------------------

Upgrade Log for IP 'SP_OV_SDDR_TT_AXI_wrapper_0_0'

1. Summary
----------

CAUTION (success, with warnings) in the conversion of SP_OV_SDDR_TT_AXI_wrapper_0_0 (cri.nz:user:SDDR_TT_AXI_wrapper:1.0 (Rev. 2)) to Vivado generation flows.

After upgrade, an IP may have parameter and port differences compared to the original customization. Please review the parameters within the IP customization GUI to ensure proper functionality. Also, please review the updated IP instantiation template to ensure proper connectivity, and update your design if required.

2. Connection Warnings
----------------------

Detected external port differences while upgrading 'SP_OV_SDDR_TT_AXI_wrapper_0_0'. These changes may impact your design.


-Upgraded port 'T0' width 8 differs from original width 4

-Upgraded port 'T1' width 8 differs from original width 4

-Upgraded port 'T2' width 8 differs from original width 4

-Upgraded port 'T3' width 8 differs from original width 4

-Upgraded port 'T4' width 8 differs from original width 4







Copyright 1986-2019 Xilinx, Inc. All Rights Reserved.
------------------------------------------------------------------------------------
| Tool Version : Vivado v.2019.1 (win64) Build 2552052 Fri May 24 14:49:42 MDT 2019
| Date         : Tue Jan 21 11:22:41 2020
| Host         : CISS32101 running 64-bit Service Pack 1  (build 7601)
| Command      : upgrade_ip
| Device       : xc7z020clg400-1
------------------------------------------------------------------------------------

Upgrade Log for IP 'SP_OV_SDDR_CT_AXI_wrapper_0_0'

1. Summary
----------

CAUTION (success, with warnings) in the conversion of SP_OV_SDDR_CT_AXI_wrapper_0_0 (cri.nz:user:SDDR_CT_AXI_wrapper:1.0 (Rev. 2)) to Vivado generation flows.

After upgrade, an IP may have parameter and port differences compared to the original customization. Please review the parameters within the IP customization GUI to ensure proper functionality. Also, please review the updated IP instantiation template to ensure proper connectivity, and update your design if required.

2. Connection Warnings
----------------------

Detected external port differences while upgrading 'SP_OV_SDDR_CT_AXI_wrapper_0_0'. These changes may impact your design.


-Upgraded port 'T1' width 8 differs from original width 4

-Upgraded port 'T2' width 8 differs from original width 4







Copyright 1986-2019 Xilinx, Inc. All Rights Reserved.
------------------------------------------------------------------------------------
| Tool Version : Vivado v.2019.1 (win64) Build 2552052 Fri May 24 14:49:42 MDT 2019
| Date         : Tue Jan 21 11:22:41 2020
| Host         : CISS32101 running 64-bit Service Pack 1  (build 7601)
| Command      : upgrade_ip
| Device       : xc7z020clg400-1
------------------------------------------------------------------------------------

Upgrade Log for IP 'SP_OV_SDDR_AXI_ST_wrapper_0_0'

1. Summary
----------

CAUTION (success, with warnings) in the conversion of SP_OV_SDDR_AXI_ST_wrapper_0_0 (cri.nz:user:SDDR_AXI_ST_wrapper:1.0 (Rev. 2)) to Vivado generation flows.

After upgrade, an IP may have parameter and port differences compared to the original customization. Please review the parameters within the IP customization GUI to ensure proper functionality. Also, please review the updated IP instantiation template to ensure proper connectivity, and update your design if required.

2. Connection Warnings
----------------------

Detected external port differences while upgrading 'SP_OV_SDDR_AXI_ST_wrapper_0_0'. These changes may impact your design.


-Upgraded port 'T1' width 8 differs from original width 4







Copyright 1986-2019 Xilinx, Inc. All Rights Reserved.
------------------------------------------------------------------------------------
| Tool Version : Vivado v.2019.1 (win64) Build 2552052 Fri May 24 14:49:42 MDT 2019
| Date         : Thu Jan 16 16:01:49 2020
| Host         : CISS32101 running 64-bit Service Pack 1  (build 7601)
| Command      : upgrade_ip
| Device       : xc7z020clg400-1
------------------------------------------------------------------------------------

Upgrade Log for IP 'SP_OV_DESERIALIZER_B_wrapp_0_0'

1. Summary
----------

SUCCESS in the conversion of SP_OV_DESERIALIZER_B_wrapp_0_0 (cri.nz:user:DESERIALIZER_B_wrapper:1.0 (Rev. 2)) to Vivado generation flows.






Copyright 1986-2019 Xilinx, Inc. All Rights Reserved.
------------------------------------------------------------------------------------
| Tool Version : Vivado v.2019.1 (win64) Build 2552052 Fri May 24 14:49:42 MDT 2019
| Date         : Thu Jan 16 15:51:59 2020
| Host         : CISS32101 running 64-bit Service Pack 1  (build 7601)
| Command      : upgrade_ip
| Device       : xc7z020clg400-1
------------------------------------------------------------------------------------

Upgrade Log for IP 'SP_OV_DESERIALIZER_B_wrapp_0_0'

1. Summary
----------

SUCCESS in the conversion of SP_OV_DESERIALIZER_B_wrapp_0_0 (cri.nz:user:DESERIALIZER_B_wrapper:1.0 (Rev. 2)) to Vivado generation flows.






Copyright 1986-2019 Xilinx, Inc. All Rights Reserved.
------------------------------------------------------------------------------------
| Tool Version : Vivado v.2019.1 (win64) Build 2552052 Fri May 24 14:49:42 MDT 2019
| Date         : Thu Jan 16 15:35:28 2020
| Host         : CISS32101 running 64-bit Service Pack 1  (build 7601)
| Command      : upgrade_ip
| Device       : xc7z020clg400-1
------------------------------------------------------------------------------------

Upgrade Log for IP 'SP_OV_DESERIALIZER_B_wrapp_0_0'

1. Summary
----------

SUCCESS in the upgrade of SP_OV_DESERIALIZER_B_wrapp_0_0 (cri.nz:user:DESERIALIZER_B_wrapper:1.0) from (Rev. 1) to (Rev. 2)






Copyright 1986-2019 Xilinx, Inc. All Rights Reserved.
------------------------------------------------------------------------------------
| Tool Version : Vivado v.2019.1 (win64) Build 2552052 Fri May 24 14:49:42 MDT 2019
| Date         : Thu Jan 16 15:35:15 2020
| Host         : CISS32101 running 64-bit Service Pack 1  (build 7601)
| Command      : upgrade_ip
| Device       : xc7z020clg400-1
------------------------------------------------------------------------------------

Upgrade Log for IP 'SP_OV_DESERIALIZER_B_wrapp_0_0'

1. Summary
----------

SUCCESS in the upgrade of SP_OV_DESERIALIZER_B_wrapp_0_0 (cri.nz:user:DESERIALIZER_B_wrapper:1.0) from (Rev. 2) to (Rev. 1)

