Copyright 1986-2019 Xilinx, Inc. All Rights Reserved.
-------------------------------------------------------------------------------------------------------------------------------------------------------------
| Tool Version     : Vivado v.2019.1 (win64) Build 2552052 Fri May 24 14:49:42 MDT 2019
| Date             : Mon Dec  2 15:16:21 2019
| Host             : CISS32101 running 64-bit Service Pack 1  (build 7601)
| Command          : report_power -file PG_OV_wrapper_power_routed.rpt -pb PG_OV_wrapper_power_summary_routed.pb -rpx PG_OV_wrapper_power_routed.rpx
| Design           : PG_OV_wrapper
| Device           : xc7z020clg400-1
| Design State     : routed
| Grade            : commercial
| Process          : typical
| Characterization : Production
-------------------------------------------------------------------------------------------------------------------------------------------------------------

Power Report

Table of Contents
-----------------
1. Summary
1.1 On-Chip Components
1.2 Power Supply Summary
1.3 Confidence Level
2. Settings
2.1 Environment
2.2 Clock Constraints
3. Detailed Reports
3.1 By Hierarchy

1. Summary
----------

+--------------------------+--------------+
| Total On-Chip Power (W)  | 1.720        |
| Design Power Budget (W)  | Unspecified* |
| Power Budget Margin (W)  | NA           |
| Dynamic (W)              | 1.574        |
| Device Static (W)        | 0.145        |
| Effective TJA (C/W)      | 11.5         |
| Max Ambient (C)          | 65.2         |
| Junction Temperature (C) | 44.8         |
| Confidence Level         | Medium       |
| Setting File             | ---          |
| Simulation Activity File | ---          |
| Design Nets Matched      | NA           |
+--------------------------+--------------+
* Specify Design Power Budget using, set_operating_conditions -design_power_budget <value in Watts>


1.1 On-Chip Components
----------------------

+-------------------------+-----------+----------+-----------+-----------------+
| On-Chip                 | Power (W) | Used     | Available | Utilization (%) |
+-------------------------+-----------+----------+-----------+-----------------+
| Clocks                  |     0.013 |        9 |       --- |             --- |
| Slice Logic             |     0.073 |    23282 |       --- |             --- |
|   LUT as Logic          |     0.068 |    14822 |     53200 |           27.86 |
|   CARRY4                |     0.005 |     2543 |     13300 |           19.12 |
|   Register              |    <0.001 |     2078 |    106400 |            1.95 |
|   F7/F8 Muxes           |    <0.001 |      368 |     53200 |            0.69 |
|   LUT as Shift Register |    <0.001 |       61 |     17400 |            0.35 |
|   Others                |     0.000 |      216 |       --- |             --- |
| Signals                 |     0.060 |    20213 |       --- |             --- |
| MMCM                    |     0.107 |        1 |         4 |           25.00 |
| DSPs                    |     0.018 |       38 |       220 |           17.27 |
| I/O                     |     0.047 |        6 |       125 |            4.80 |
| PS7                     |     1.256 |        1 |       --- |             --- |
| Static Power            |     0.145 |          |           |                 |
| Total                   |     1.720 |          |           |                 |
+-------------------------+-----------+----------+-----------+-----------------+


1.2 Power Supply Summary
------------------------

+-----------+-------------+-----------+-------------+------------+
| Source    | Voltage (V) | Total (A) | Dynamic (A) | Static (A) |
+-----------+-------------+-----------+-------------+------------+
| Vccint    |       1.000 |     0.181 |       0.166 |      0.015 |
| Vccaux    |       1.800 |     0.076 |       0.061 |      0.015 |
| Vcco33    |       3.300 |     0.014 |       0.013 |      0.001 |
| Vcco25    |       2.500 |     0.000 |       0.000 |      0.000 |
| Vcco18    |       1.800 |     0.000 |       0.000 |      0.000 |
| Vcco15    |       1.500 |     0.000 |       0.000 |      0.000 |
| Vcco135   |       1.350 |     0.000 |       0.000 |      0.000 |
| Vcco12    |       1.200 |     0.000 |       0.000 |      0.000 |
| Vccaux_io |       1.800 |     0.000 |       0.000 |      0.000 |
| Vccbram   |       1.000 |     0.001 |       0.000 |      0.001 |
| MGTAVcc   |       1.000 |     0.000 |       0.000 |      0.000 |
| MGTAVtt   |       1.200 |     0.000 |       0.000 |      0.000 |
| MGTVccaux |       1.800 |     0.000 |       0.000 |      0.000 |
| Vccpint   |       1.000 |     0.677 |       0.647 |      0.030 |
| Vccpaux   |       1.800 |     0.036 |       0.026 |      0.010 |
| Vccpll    |       1.800 |     0.017 |       0.014 |      0.003 |
| Vcco_ddr  |       1.500 |     0.354 |       0.352 |      0.002 |
| Vcco_mio0 |       3.300 |     0.003 |       0.002 |      0.001 |
| Vcco_mio1 |       1.800 |     0.003 |       0.002 |      0.001 |
| Vccadc    |       1.800 |     0.020 |       0.000 |      0.020 |
+-----------+-------------+-----------+-------------+------------+


1.3 Confidence Level
--------------------

+-----------------------------+------------+------------------------------------------------+------------------------------------------------------------------------------------------------------------+
| User Input Data             | Confidence | Details                                        | Action                                                                                                     |
+-----------------------------+------------+------------------------------------------------+------------------------------------------------------------------------------------------------------------+
| Design implementation state | High       | Design is routed                               |                                                                                                            |
| Clock nodes activity        | High       | User specified more than 95% of clocks         |                                                                                                            |
| I/O nodes activity          | High       | User specified more than 95% of inputs         |                                                                                                            |
| Internal nodes activity     | Medium     | User specified less than 25% of internal nodes | Provide missing internal nodes activity with simulation results or by editing the "By Resource Type" views |
| Device models               | High       | Device models are Production                   |                                                                                                            |
|                             |            |                                                |                                                                                                            |
| Overall confidence level    | Medium     |                                                |                                                                                                            |
+-----------------------------+------------+------------------------------------------------+------------------------------------------------------------------------------------------------------------+


2. Settings
-----------

2.1 Environment
---------------

+-----------------------+------------------------+
| Ambient Temp (C)      | 25.0                   |
| ThetaJA (C/W)         | 11.5                   |
| Airflow (LFM)         | 250                    |
| Heat Sink             | none                   |
| ThetaSA (C/W)         | 0.0                    |
| Board Selection       | medium (10"x10")       |
| # of Board Layers     | 8to11 (8 to 11 Layers) |
| Board Temperature (C) | 25.0                   |
+-----------------------+------------------------+


2.2 Clock Constraints
---------------------

+----------------------------+---------------------------------------------------------------------------+-----------------+
| Clock                      | Domain                                                                    | Constraint (ns) |
+----------------------------+---------------------------------------------------------------------------+-----------------+
| clk_fpga_0                 | PG_OV_i/processing_system7_0/inst/FCLK_CLK_unbuffered[0]                  |            10.0 |
| clk_out1_PG_OV_clk_wiz_0_0 | PG_OV_i/clk_wiz_0/inst/CLK_CORE_DRP_I/clk_inst/clk_out1_PG_OV_clk_wiz_0_0 |            10.0 |
| clk_out2_PG_OV_clk_wiz_0_0 | PG_OV_i/clk_wiz_0/inst/CLK_CORE_DRP_I/clk_inst/clk_out2_PG_OV_clk_wiz_0_0 |            10.0 |
| clk_out3_PG_OV_clk_wiz_0_0 | PG_OV_i/clk_wiz_0/inst/CLK_CORE_DRP_I/clk_inst/clk_out3_PG_OV_clk_wiz_0_0 |            10.0 |
| clk_out4_PG_OV_clk_wiz_0_0 | PG_OV_i/clk_wiz_0/inst/CLK_CORE_DRP_I/clk_inst/clk_out4_PG_OV_clk_wiz_0_0 |            10.0 |
| clkfbout_PG_OV_clk_wiz_0_0 | PG_OV_i/clk_wiz_0/inst/CLK_CORE_DRP_I/clk_inst/clkfbout_PG_OV_clk_wiz_0_0 |             8.0 |
| sys_clock                  | sys_clock                                                                 |             8.0 |
+----------------------------+---------------------------------------------------------------------------+-----------------+


3. Detailed Reports
-------------------

3.1 By Hierarchy
----------------

+--------------------------+-----------+
| Name                     | Power (W) |
+--------------------------+-----------+
| PG_OV_wrapper            |     1.574 |
|   PG_OV_i                |     1.526 |
|     clk_wiz_0            |     0.263 |
|       inst               |     0.263 |
|     processing_system7_0 |     1.258 |
|       inst               |     1.258 |
|     ps7_0_axi_periph     |     0.006 |
|       s00_couplers       |     0.006 |
+--------------------------+-----------+


