#
# A fatal error has been detected by the Java Runtime Environment:
#
#  EXCEPTION_ACCESS_VIOLATION (0xc0000005) at pc=0x000007feb97af8b4, pid=14276, tid=14412
#
# JRE version: Java(TM) SE Runtime Environment (9.0+11) (build 9.0.4+11)
# Java VM: Java HotSpot(TM) 64-Bit Server VM (9.0.4+11, mixed mode, tiered, compressed oops, g1 gc, windows-amd64)
# Problematic frame:
# C  [librdi_coregen.dll+0x6df8b4]
#
# No core dump will be written. Minidumps are not enabled by default on client versions of Windows
#
# If you would like to submit a bug report, please visit:
#   http://bugreport.java.com/bugreport/crash.jsp
# The crash happened outside the Java Virtual Machine in native code.
# See problematic frame for where to report the bug.
#

---------------  S U M M A R Y ------------

Command Line: -Dsun.java2d.pmoffscreen=false -Dsun.java2d.xrender=false -Dsun.java2d.d3d=false -Dsun.awt.nopixfmt=true -Dsun.java2d.dpiaware=true -Dsun.java2d.uiScale.enabled=false -Xverify:none -Dswing.aatext=true -XX:-UsePerfData -Djdk.map.althashing.threshold=512 -XX:StringTableSize=4072 --add-opens=java.base/java.nio=ALL-UNNAMED --add-opens=java.desktop/sun.swing=ALL-UNNAMED --add-opens=java.desktop/javax.swing=ALL-UNNAMED --add-opens=java.desktop/javax.swing.tree=ALL-UNNAMED --add-opens=java.desktop/javax.swing.plaf.basic=ALL-UNNAMED --add-opens=java.desktop/javax.swing.plaf.synth=ALL-UNNAMED --add-opens=java.desktop/com.sun.awt=ALL-UNNAMED -XX:NewSize=60m -XX:MaxNewSize=60m -Xms128m -Xmx3072m -Xss5m 

Host: Intel(R) Core(TM) i5-6600 CPU @ 3.30GHz, 4 cores, 15G,  Windows 7 , 64 bit Build 7601 (6.1.7601.24535)
Time: Wed Jan 08 09:11:28 2020 New Zealand Daylight Time elapsed time: 1861 seconds (0d 0h 31m 1s)

---------------  T H R E A D  ---------------

Current thread (0x000000005cfca800):  JavaThread "IP Packager" [_thread_in_native, id=14412, stack(0x0000000070d70000,0x0000000071270000)]

Stack: [0x0000000070d70000,0x0000000071270000],  sp=0x000000007126ee68,  free space=5115k
Native frames: (J=compiled Java code, j=interpreted, Vv=VM code, C=native code)
C  [librdi_coregen.dll+0x6df8b4]

Java frames: (J=compiled Java code, j=interpreted, Vv=VM code)
j  ui.data.coregen.packagerEngine.IPComponentDefinition_getArchivedSourceProject(J)Ljava/lang/String;+0
j  ui.data.coregen.aT.MH()Ljava/lang/String;+4
j  ui.b.B.e.aO.dCx()V+371
j  ui.b.B.c.a.h.M()V+6
j  ui.b.c.bH.construct()Ljava/lang/Object;+13
J 19180 c1 ui.frmwork.y.run()V (129 bytes) @ 0x000000001f052f24 [0x000000001f052ba0+0x0000000000000384]
J 19091 c1 java.lang.Thread.run()V java.base@9.0.4 (17 bytes) @ 0x000000001e92487c [0x000000001e924740+0x000000000000013c]
v  ~StubRoutines::call_stub

siginfo: EXCEPTION_ACCESS_VIOLATION (0xc0000005), reading address 0xffffffffffffffff


Register to memory mapping:

RIP=0x000007feb97af8b4 librdi_coregen.dll
RAX=0x0000a9464a349fb7 is an unknown value
RBX=0x00000000002101e1 is an unknown value
RCX=0xb401d5ba0da5fd11 is an unknown value
RDX=0xa0c101c100000005 is an unknown value
RSP=0x000000007126ee68 is pointing into the stack for thread: 0x000000005cfca800
RBP=0x000000007126ef58 is pointing into the stack for thread: 0x000000005cfca800
RSI=0x00000000565747f0 is an unknown value
RDI=0x000000007126ef58 is pointing into the stack for thread: 0x000000005cfca800
R8 =0x000000007126ef58 is pointing into the stack for thread: 0x000000005cfca800
R9 =0x000000007126ef58 is pointing into the stack for thread: 0x000000005cfca800
R10=0x00000000002101e1 is an unknown value
R11=0xa0c101c100000005 is an unknown value
R12=0x0000000000000000 is an unknown value
R13={method} {0x000000003f9877d8} 'IPComponentDefinition_getArchivedSourceProject' '(J)Ljava/lang/String;' in 'ui/data/coregen/packagerEngine'
R14=0x000000007126f3b0 is pointing into the stack for thread: 0x000000005cfca800
R15=0xa0c101c100000005 is an unknown value


Registers:
RAX=0x0000a9464a349fb7, RBX=0x00000000002101e1, RCX=0xb401d5ba0da5fd11, RDX=0xa0c101c100000005
RSP=0x000000007126ee68, RBP=0x000000007126ef58, RSI=0x00000000565747f0, RDI=0x000000007126ef58
R8 =0x000000007126ef58, R9 =0x000000007126ef58, R10=0x00000000002101e1, R11=0xa0c101c100000005
R12=0x0000000000000000, R13=0x000000003f9877d0, R14=0x000000007126f3b0, R15=0xa0c101c100000005
RIP=0x000007feb97af8b4, EFLAGS=0x0000000000010286

Top of Stack: (sp=0x000000007126ee68)
0x000000007126ee68:   000007feb97a210a fffffffffffffffe
0x000000007126ee78:   000000007126ee50 000007feb97af8b4
0x000000007126ee88:   0000000000000000 000000005cfca800
0x000000007126ee98:   0000000000000000 000000007126efb0
0x000000007126eea8:   000007feb97a9f76 00000000565747f0
0x000000007126eeb8:   000000007126ef58 000000007126f3b0
0x000000007126eec8:   000000000000000f fffffffffffffffe
0x000000007126eed8:   000000007126ef58 0000a9464a349fb7
0x000000007126eee8:   000000000000001a 000000000000001a
0x000000007126eef8:   000007feb97bca64 00000000565747f0
0x000000007126ef08:   00000000002101e1 00000000565747f0
0x000000007126ef18:   00000000565747f0 000007feb97af8b4
0x000000007126ef28:   0000000000000000 000000007126f0c0
0x000000007126ef38:   5f65766968637200 007463656a6f7270
0x000000007126ef48:   0000000000000000 000000000000000f
0x000000007126ef58:   0000000000000000 000007feb97af8b4 

Instructions: (pc=0x000007feb97af8b4)
0x000007feb97af894:   00 00 00 48 8b cf 41 ff 10 48 8b c3 48 8b 7c 24
0x000007feb97af8a4:   30 48 83 c4 20 5b c3 48 8b c3 48 83 c4 20 5b c3
0x000007feb97af8b4:   48 8b 01 ff 60 10 cc cc 48 83 e9 38 e9 8b 02 00
0x000007feb97af8c4:   00 cc cc cc cc cc cc cc cc cc cc cc 48 89 5c 24 



---------------  P R O C E S S  ---------------

Java Threads: ( => current thread )
  0x000000005cfc9000 JavaThread "Image Animator 0" daemon [_thread_blocked, id=9836, stack(0x0000000074110000,0x0000000074610000)]
=>0x000000005cfca800 JavaThread "IP Packager" [_thread_in_native, id=14412, stack(0x0000000070d70000,0x0000000071270000)]
  0x000000005cfcc000 JavaThread "Image Animator 0" daemon [_thread_blocked, id=10776, stack(0x000000006e0a0000,0x000000006e5a0000)]
  0x000000005cfc8000 JavaThread "Thread-2123" [_thread_in_native, id=14152, stack(0x000000006e710000,0x000000006e810000)]
  0x000000005cfcb000 JavaThread "Thread-2122" [_thread_in_native, id=10460, stack(0x0000000033f00000,0x0000000034000000)]
  0x000000005cfc5000 JavaThread "Update Runs Swing Worker" [_thread_blocked, id=8368, stack(0x000000006f980000,0x000000006fe80000)]
  0x0000000032324800 JavaThread "Refresh Filesets Swing Worker" [_thread_blocked, id=10492, stack(0x0000000065360000,0x0000000065860000)]
  0x000000005cfc6000 JavaThread "SyntheticaAnimation 50" daemon [_thread_blocked, id=14136, stack(0x0000000062d80000,0x0000000063280000)]
  0x000000003b606000 JavaThread "Swing-Shell" daemon [_thread_blocked, id=12248, stack(0x0000000055870000,0x0000000055d70000)]
  0x000000003b60c000 JavaThread "Thread-102" [_thread_in_native, id=10828, stack(0x0000000037e10000,0x0000000037f10000)]
  0x000000003b609800 JavaThread "SyntheticaAnimation 50" daemon [_thread_blocked, id=13412, stack(0x000000004d020000,0x000000004d520000)]
  0x000000003232a800 JavaThread "Thread-27" [_thread_in_native, id=13960, stack(0x0000000035f80000,0x0000000036080000)]
  0x000000003232a000 JavaThread "hw_ila_monitor" [_thread_blocked, id=11936, stack(0x0000000043f90000,0x0000000044490000)]
  0x0000000032329000 JavaThread "SyntheticaAnimation 70" daemon [_thread_blocked, id=7444, stack(0x000000003fb00000,0x0000000040000000)]
  0x0000000032327800 JavaThread "SyntheticaAnimation 25" daemon [_thread_blocked, id=9760, stack(0x000000003eb60000,0x000000003f060000)]
  0x0000000032326000 JavaThread "SyntheticaAnimation 50" daemon [_thread_blocked, id=10360, stack(0x000000003e460000,0x000000003e960000)]
  0x0000000032327000 JavaThread "Monitor HEventQueue" [_thread_blocked, id=13788, stack(0x000000003de80000,0x000000003e380000)]
  0x0000000032325800 JavaThread "SyntheticaCleanerThread" daemon [_thread_blocked, id=13552, stack(0x00000000386d0000,0x0000000038bd0000)]
  0x0000000032324000 JavaThread "Batik CleanerThread" daemon [_thread_blocked, id=13704, stack(0x0000000036800000,0x0000000036d00000)]
  0x0000000032334800 JavaThread "AWT-EventQueue-1" [_thread_blocked, id=12752, stack(0x0000000037310000,0x0000000037810000)]
  0x0000000032334000 JavaThread "Process Messages" [_thread_blocked, id=12260, stack(0x0000000036d60000,0x0000000037260000)]
  0x0000000031ca8800 JavaThread "Thread-1" [_thread_in_native, id=13608, stack(0x00000000044a0000,0x00000000058a0000)]
  0x0000000031fcf000 JavaThread "TimerQueue" daemon [_thread_blocked, id=13920, stack(0x0000000035530000,0x0000000035a30000)]
  0x000000000a027800 JavaThread "AWT-Windows" daemon [_thread_in_native, id=12084, stack(0x00000000333f0000,0x00000000338f0000)]
  0x0000000031bb2800 JavaThread "AWT-Shutdown" [_thread_blocked, id=12684, stack(0x0000000032d90000,0x0000000033290000)]
  0x0000000031bb1800 JavaThread "Java2D Disposer" daemon [_thread_blocked, id=1916, stack(0x0000000032890000,0x0000000032d90000)]
  0x0000000009db0800 JavaThread "Service Thread" daemon [_thread_blocked, id=12264, stack(0x0000000031160000,0x0000000031660000)]
  0x0000000009aec000 JavaThread "Common-Cleaner" daemon [_thread_blocked, id=14144, stack(0x0000000030c20000,0x0000000031120000)]
  0x000000000b07f000 JavaThread "Sweeper thread" daemon [_thread_blocked, id=13532, stack(0x0000000030600000,0x0000000030b00000)]
  0x000000000b07e800 JavaThread "C1 CompilerThread2" daemon [_thread_blocked, id=13852, stack(0x00000000303a0000,0x00000000304a0000)]
  0x000000000f9ec000 JavaThread "C2 CompilerThread1" daemon [_thread_blocked, id=13744, stack(0x000000001d1c0000,0x000000001d2c0000)]
  0x000000000f9eb000 JavaThread "C2 CompilerThread0" daemon [_thread_blocked, id=14328, stack(0x000000001dec0000,0x000000001dfc0000)]
  0x000000000eb51800 JavaThread "Attach Listener" daemon [_thread_blocked, id=13268, stack(0x000000001d9b0000,0x000000001deb0000)]
  0x000000000f7e6000 JavaThread "Signal Dispatcher" daemon [_thread_blocked, id=10984, stack(0x000000001d310000,0x000000001d810000)]
  0x000000000f7e5800 JavaThread "Finalizer" daemon [_thread_blocked, id=13612, stack(0x000000001cb90000,0x000000001d090000)]
  0x000000000f9c2000 JavaThread "Reference Handler" daemon [_thread_blocked, id=11276, stack(0x000000001c5f0000,0x000000001caf0000)]
  0x000000000986e000 JavaThread "main" [_thread_blocked, id=14060, stack(0x0000000003280000,0x0000000003380000)]

Other Threads:
  0x000000000f9c1000 VMThread "VM Thread" [stack: 0x0000000011e80000,0x0000000011f80000] [id=14104]
  0x0000000008058000 WatcherThread [stack: 0x00000000316e0000,0x00000000317e0000] [id=12092]
  0x000000000f2c6000 GCTaskThread "GC Thread#0" [stack: 0x00000000035b0000,0x00000000036b0000] [id=10812]
  0x000000000f2c7000 GCTaskThread "GC Thread#1" [stack: 0x0000000003ae0000,0x0000000003be0000] [id=9624]
  0x000000000f2c7800 GCTaskThread "GC Thread#2" [stack: 0x0000000003990000,0x0000000003a90000] [id=12504]
  0x000000000f2c8000 GCTaskThread "GC Thread#3" [stack: 0x0000000003d60000,0x0000000003e60000] [id=7988]
  0x000000000fbc8000 ConcurrentGCThread "G1 Main Marker" [stack: 0x000000000bd50000,0x000000000be50000] [id=10756]
  0x000000000f2c8800 ConcurrentGCThread "G1 Marker#0" [stack: 0x000000000bf50000,0x000000000c050000] [id=9192]
  0x00000000084d3000 ConcurrentGCThread "G1 Refine#0" [stack: 0x000000000be50000,0x000000000bf50000] [id=14292]
  0x000000000ecfa800 ConcurrentGCThread "G1 Refine#1" [stack: 0x000000000bbb0000,0x000000000bcb0000] [id=10656]
  0x000000000a5d6000 ConcurrentGCThread "G1 Refine#2" [stack: 0x000000000b8d0000,0x000000000b9d0000] [id=11868]
  0x000000000e321000 ConcurrentGCThread "G1 Refine#3" [stack: 0x000000000ba70000,0x000000000bb70000] [id=13152]
  0x000000000f57d000 ConcurrentGCThread "G1 Young RemSet Sampling" [stack: 0x000000000c060000,0x000000000c160000] [id=13096]

Threads with active compile tasks:

VM state:not at safepoint (normal execution)

VM Mutex/Monitor currently owned by a thread: None

Heap address: 0x0000000700000000, size: 3072 MB, Compressed Oops mode: Zero based, Oop shift amount: 3
Narrow klass base: 0x0000000000000000, Narrow klass shift: 3
Compressed class space size: 1073741824 Address: 0x00000007c0000000

Heap:
 garbage-first heap   total 340992K, used 129759K [0x0000000700000000, 0x0000000700100a68, 0x00000007c0000000)
  region size 1024K, 25 young (25600K), 3 survivors (3072K)
 Metaspace       used 91085K, capacity 97291K, committed 97480K, reserved 1132544K
  class space    used 12819K, capacity 13898K, committed 14024K, reserved 1048576K
Heap Regions: E=young(eden), S=young(survivor), O=old, HS=humongous(starts), HC=humongous(continues), CS=collection set, F=free, A=archive, TS=gc time stamp, AC=allocation context, TAMS=top-at-mark-start (previous, next)
|   0|0x0000000700000000, 0x00000007000fec80, 0x0000000700100000| 99%| O|  |TS  0|AC  0|TAMS 0x0000000700000000, 0x0000000700000000|
|   1|0x0000000700100000, 0x0000000700200000, 0x0000000700200000|100%|HS|  |TS  0|AC  0|TAMS 0x0000000700100000, 0x0000000700100000|
|   2|0x0000000700200000, 0x0000000700300000, 0x0000000700300000|100%|HC|  |TS  0|AC  0|TAMS 0x0000000700200000, 0x0000000700200000|
|   3|0x0000000700300000, 0x0000000700400000, 0x0000000700400000|100%|HS|  |TS  0|AC  0|TAMS 0x0000000700300000, 0x0000000700300000|
|   4|0x0000000700400000, 0x00000007004fc3f0, 0x0000000700500000| 98%| O|  |TS  0|AC  0|TAMS 0x0000000700400000, 0x0000000700400000|
|   5|0x0000000700500000, 0x00000007005ec258, 0x0000000700600000| 92%| O|  |TS  0|AC  0|TAMS 0x0000000700500000, 0x0000000700500000|
|   6|0x0000000700600000, 0x00000007006ffff0, 0x0000000700700000| 99%| O|  |TS  0|AC  0|TAMS 0x0000000700600000, 0x0000000700600000|
|   7|0x0000000700700000, 0x00000007007f5de8, 0x0000000700800000| 96%| O|  |TS  0|AC  0|TAMS 0x0000000700700000, 0x0000000700700000|
|   8|0x0000000700800000, 0x00000007008ffff8, 0x0000000700900000| 99%| O|  |TS  0|AC  0|TAMS 0x0000000700800000, 0x0000000700800000|
|   9|0x0000000700900000, 0x0000000700a00000, 0x0000000700a00000|100%| O|  |TS  0|AC  0|TAMS 0x0000000700900000, 0x0000000700900000|
|  10|0x0000000700a00000, 0x0000000700affff8, 0x0000000700b00000| 99%| O|  |TS  0|AC  0|TAMS 0x0000000700a00000, 0x0000000700a00000|
|  11|0x0000000700b00000, 0x0000000700bffff8, 0x0000000700c00000| 99%| O|  |TS  0|AC  0|TAMS 0x0000000700b00000, 0x0000000700b00000|
|  12|0x0000000700c00000, 0x0000000700cffff0, 0x0000000700d00000| 99%| O|  |TS  0|AC  0|TAMS 0x0000000700c00000, 0x0000000700c00000|
|  13|0x0000000700d00000, 0x0000000700df9948, 0x0000000700e00000| 97%| O|  |TS  0|AC  0|TAMS 0x0000000700d00000, 0x0000000700d00000|
|  14|0x0000000700e00000, 0x0000000700ed8218, 0x0000000700f00000| 84%| O|  |TS  0|AC  0|TAMS 0x0000000700e00000, 0x0000000700e00000|
|  15|0x0000000700f00000, 0x0000000701000000, 0x0000000701000000|100%| O|  |TS  0|AC  0|TAMS 0x0000000700f00000, 0x0000000700f00000|
|  16|0x0000000701000000, 0x00000007010fffb8, 0x0000000701100000| 99%| O|  |TS  0|AC  0|TAMS 0x0000000701000000, 0x0000000701000000|
|  17|0x0000000701100000, 0x00000007011fffb0, 0x0000000701200000| 99%| O|  |TS  0|AC  0|TAMS 0x0000000701100000, 0x0000000701100000|
|  18|0x0000000701200000, 0x00000007012fffe8, 0x0000000701300000| 99%| O|  |TS  0|AC  0|TAMS 0x0000000701200000, 0x0000000701200000|
|  19|0x0000000701300000, 0x0000000701400000, 0x0000000701400000|100%| O|  |TS  0|AC  0|TAMS 0x0000000701300000, 0x0000000701300000|
|  20|0x0000000701400000, 0x0000000701500000, 0x0000000701500000|100%| O|  |TS  0|AC  0|TAMS 0x0000000701400000, 0x0000000701400000|
|  21|0x0000000701500000, 0x00000007015ffff8, 0x0000000701600000| 99%| O|  |TS  0|AC  0|TAMS 0x0000000701500000, 0x0000000701500000|
|  22|0x0000000701600000, 0x0000000701700000, 0x0000000701700000|100%| O|  |TS  0|AC  0|TAMS 0x0000000701600000, 0x0000000701600000|
|  23|0x0000000701700000, 0x00000007017ffff0, 0x0000000701800000| 99%| O|  |TS  0|AC  0|TAMS 0x0000000701700000, 0x0000000701700000|
|  24|0x0000000701800000, 0x00000007018ffff8, 0x0000000701900000| 99%| O|  |TS  0|AC  0|TAMS 0x0000000701800000, 0x0000000701800000|
|  25|0x0000000701900000, 0x00000007019fffe8, 0x0000000701a00000| 99%| O|  |TS  0|AC  0|TAMS 0x0000000701900000, 0x0000000701900000|
|  26|0x0000000701a00000, 0x0000000701afffb0, 0x0000000701b00000| 99%| O|  |TS  0|AC  0|TAMS 0x0000000701a00000, 0x0000000701a00000|
|  27|0x0000000701b00000, 0x0000000701bffff8, 0x0000000701c00000| 99%| O|  |TS  0|AC  0|TAMS 0x0000000701b00000, 0x0000000701b00000|
|  28|0x0000000701c00000, 0x0000000701cffff0, 0x0000000701d00000| 99%| O|  |TS  0|AC  0|TAMS 0x0000000701c00000, 0x0000000701c00000|
|  29|0x0000000701d00000, 0x0000000701dfffe8, 0x0000000701e00000| 99%| O|  |TS  0|AC  0|TAMS 0x0000000701d00000, 0x0000000701d00000|
|  30|0x0000000701e00000, 0x0000000701efffe8, 0x0000000701f00000| 99%| O|  |TS  0|AC  0|TAMS 0x0000000701e00000, 0x0000000701e00000|
|  31|0x0000000701f00000, 0x0000000701ffff20, 0x0000000702000000| 99%| O|  |TS  0|AC  0|TAMS 0x0000000701f00000, 0x0000000701f00000|
|  32|0x0000000702000000, 0x0000000702100000, 0x0000000702100000|100%| O|  |TS  0|AC  0|TAMS 0x0000000702000000, 0x0000000702000000|
|  33|0x0000000702100000, 0x00000007021fff80, 0x0000000702200000| 99%| O|  |TS  0|AC  0|TAMS 0x0000000702100000, 0x0000000702100000|
|  34|0x0000000702200000, 0x00000007022faa00, 0x0000000702300000| 97%| O|  |TS  0|AC  0|TAMS 0x0000000702200000, 0x0000000702200000|
|  35|0x0000000702300000, 0x00000007023ffff8, 0x0000000702400000| 99%| O|  |TS  0|AC  0|TAMS 0x0000000702300000, 0x0000000702300000|
|  36|0x0000000702400000, 0x00000007024fff18, 0x0000000702500000| 99%| O|  |TS  0|AC  0|TAMS 0x0000000702400000, 0x0000000702400000|
|  37|0x0000000702500000, 0x00000007025ffff8, 0x0000000702600000| 99%| O|  |TS  0|AC  0|TAMS 0x0000000702500000, 0x0000000702500000|
|  38|0x0000000702600000, 0x0000000702700000, 0x0000000702700000|100%| O|  |TS  0|AC  0|TAMS 0x0000000702600000, 0x0000000702600000|
|  39|0x0000000702700000, 0x00000007027fffd8, 0x0000000702800000| 99%| O|  |TS  0|AC  0|TAMS 0x0000000702700000, 0x0000000702700000|
|  40|0x0000000702800000, 0x00000007028ffff0, 0x0000000702900000| 99%| O|  |TS  0|AC  0|TAMS 0x0000000702800000, 0x0000000702800000|
|  41|0x0000000702900000, 0x0000000702a00000, 0x0000000702a00000|100%| O|  |TS  0|AC  0|TAMS 0x0000000702900000, 0x0000000702900000|
|  42|0x0000000702a00000, 0x0000000702afbf78, 0x0000000702b00000| 98%| O|  |TS  0|AC  0|TAMS 0x0000000702a00000, 0x0000000702a00000|
|  43|0x0000000702b00000, 0x0000000702bffff0, 0x0000000702c00000| 99%| O|  |TS  0|AC  0|TAMS 0x0000000702b00000, 0x0000000702b00000|
|  44|0x0000000702c00000, 0x0000000702d00000, 0x0000000702d00000|100%| O|  |TS  0|AC  0|TAMS 0x0000000702c00000, 0x0000000702c00000|
|  45|0x0000000702d00000, 0x0000000702e00000, 0x0000000702e00000|100%|HS|  |TS  0|AC  0|TAMS 0x0000000702d00000, 0x0000000702d00000|
|  46|0x0000000702e00000, 0x0000000702f00000, 0x0000000702f00000|100%|HC|  |TS  0|AC  0|TAMS 0x0000000702e00000, 0x0000000702e00000|
|  47|0x0000000702f00000, 0x0000000703000000, 0x0000000703000000|100%|HC|  |TS  0|AC  0|TAMS 0x0000000702f00000, 0x0000000702f00000|
|  48|0x0000000703000000, 0x0000000703100000, 0x0000000703100000|100%|HC|  |TS  0|AC  0|TAMS 0x0000000703000000, 0x0000000703000000|
|  49|0x0000000703100000, 0x0000000703200000, 0x0000000703200000|100%|HC|  |TS  0|AC  0|TAMS 0x0000000703100000, 0x0000000703100000|
|  50|0x0000000703200000, 0x0000000703300000, 0x0000000703300000|100%|HC|  |TS  0|AC  0|TAMS 0x0000000703200000, 0x0000000703200000|
|  51|0x0000000703300000, 0x0000000703400000, 0x0000000703400000|100%|HC|  |TS  0|AC  0|TAMS 0x0000000703300000, 0x0000000703300000|
|  52|0x0000000703400000, 0x0000000703500000, 0x0000000703500000|100%|HC|  |TS  0|AC  0|TAMS 0x0000000703400000, 0x0000000703400000|
|  53|0x0000000703500000, 0x00000007035ff7a0, 0x0000000703600000| 99%| O|  |TS  0|AC  0|TAMS 0x0000000703500000, 0x0000000703500000|
|  54|0x0000000703600000, 0x0000000703700000, 0x0000000703700000|100%| O|  |TS  0|AC  0|TAMS 0x0000000703600000, 0x0000000703600000|
|  55|0x0000000703700000, 0x00000007037fff40, 0x0000000703800000| 99%| O|  |TS  0|AC  0|TAMS 0x0000000703700000, 0x0000000703700000|
|  56|0x0000000703800000, 0x00000007038ffff0, 0x0000000703900000| 99%| O|  |TS  0|AC  0|TAMS 0x0000000703800000, 0x0000000703800000|
|  57|0x0000000703900000, 0x00000007039fffe8, 0x0000000703a00000| 99%| O|  |TS  0|AC  0|TAMS 0x0000000703900000, 0x0000000703900000|
|  58|0x0000000703a00000, 0x0000000703afffe8, 0x0000000703b00000| 99%| O|  |TS  0|AC  0|TAMS 0x0000000703a00000, 0x0000000703a00000|
|  59|0x0000000703b00000, 0x0000000703c00000, 0x0000000703c00000|100%| O|  |TS  0|AC  0|TAMS 0x0000000703b00000, 0x0000000703b00000|
|  60|0x0000000703c00000, 0x0000000703cfffd8, 0x0000000703d00000| 99%| O|  |TS  0|AC  0|TAMS 0x0000000703c00000, 0x0000000703c00000|
|  61|0x0000000703d00000, 0x0000000703dffde8, 0x0000000703e00000| 99%| O|  |TS  0|AC  0|TAMS 0x0000000703d00000, 0x0000000703d00000|
|  62|0x0000000703e00000, 0x0000000703effff8, 0x0000000703f00000| 99%| O|  |TS  0|AC  0|TAMS 0x0000000703e00000, 0x0000000703e00000|
|  63|0x0000000703f00000, 0x0000000703fffff8, 0x0000000704000000| 99%| O|  |TS  0|AC  0|TAMS 0x0000000703f00000, 0x0000000703f00000|
|  64|0x0000000704000000, 0x00000007040fffd8, 0x0000000704100000| 99%| O|  |TS  0|AC  0|TAMS 0x0000000704000000, 0x0000000704000000|
|  65|0x0000000704100000, 0x00000007041fffe8, 0x0000000704200000| 99%| O|  |TS  0|AC  0|TAMS 0x0000000704100000, 0x0000000704100000|
|  66|0x0000000704200000, 0x0000000704300000, 0x0000000704300000|100%| O|  |TS  0|AC  0|TAMS 0x0000000704200000, 0x0000000704200000|
|  67|0x0000000704300000, 0x00000007043ffff0, 0x0000000704400000| 99%| O|  |TS  0|AC  0|TAMS 0x0000000704300000, 0x0000000704300000|
|  68|0x0000000704400000, 0x00000007044fffe8, 0x0000000704500000| 99%| O|  |TS  0|AC  0|TAMS 0x0000000704400000, 0x0000000704400000|
|  69|0x0000000704500000, 0x00000007045fffd8, 0x0000000704600000| 99%| O|  |TS  0|AC  0|TAMS 0x0000000704500000, 0x0000000704500000|
|  70|0x0000000704600000, 0x00000007046ffff0, 0x0000000704700000| 99%| O|  |TS  0|AC  0|TAMS 0x0000000704600000, 0x0000000704600000|
|  71|0x0000000704700000, 0x00000007047fffe8, 0x0000000704800000| 99%| O|  |TS  0|AC  0|TAMS 0x0000000704700000, 0x0000000704700000|
|  72|0x0000000704800000, 0x00000007048ffff0, 0x0000000704900000| 99%| O|  |TS  0|AC  0|TAMS 0x0000000704800000, 0x0000000704800000|
|  73|0x0000000704900000, 0x00000007049ffff0, 0x0000000704a00000| 99%| O|  |TS  0|AC  0|TAMS 0x0000000704900000, 0x0000000704900000|
|  74|0x0000000704a00000, 0x0000000704afff90, 0x0000000704b00000| 99%| O|  |TS  0|AC  0|TAMS 0x0000000704a00000, 0x0000000704a00000|
|  75|0x0000000704b00000, 0x0000000704c00000, 0x0000000704c00000|100%| O|  |TS  0|AC  0|TAMS 0x0000000704b00000, 0x0000000704b00000|
|  76|0x0000000704c00000, 0x0000000704cffff8, 0x0000000704d00000| 99%| O|  |TS  0|AC  0|TAMS 0x0000000704c00000, 0x0000000704c00000|
|  77|0x0000000704d00000, 0x0000000704dffea8, 0x0000000704e00000| 99%| O|  |TS  0|AC  0|TAMS 0x0000000704d00000, 0x0000000704d00000|
|  78|0x0000000704e00000, 0x0000000704effff8, 0x0000000704f00000| 99%| O|  |TS  0|AC  0|TAMS 0x0000000704e00000, 0x0000000704e00000|
|  79|0x0000000704f00000, 0x0000000704ffff38, 0x0000000705000000| 99%| O|  |TS  0|AC  0|TAMS 0x0000000704f00000, 0x0000000704f00000|
|  80|0x0000000705000000, 0x0000000705100000, 0x0000000705100000|100%| O|  |TS  0|AC  0|TAMS 0x0000000705000000, 0x0000000705000000|
|  81|0x0000000705100000, 0x0000000705200000, 0x0000000705200000|100%| O|  |TS  0|AC  0|TAMS 0x0000000705100000, 0x0000000705100000|
|  82|0x0000000705200000, 0x00000007052ffff0, 0x0000000705300000| 99%| O|  |TS  0|AC  0|TAMS 0x0000000705200000, 0x0000000705200000|
|  83|0x0000000705300000, 0x00000007053fef88, 0x0000000705400000| 99%| O|  |TS  0|AC  0|TAMS 0x0000000705300000, 0x0000000705300000|
|  84|0x0000000705400000, 0x00000007054fffd0, 0x0000000705500000| 99%| O|  |TS  0|AC  0|TAMS 0x0000000705400000, 0x0000000705400000|
|  85|0x0000000705500000, 0x00000007055fffe8, 0x0000000705600000| 99%| O|  |TS  0|AC  0|TAMS 0x0000000705500000, 0x0000000705500000|
|  86|0x0000000705600000, 0x00000007056ffff8, 0x0000000705700000| 99%| O|  |TS  0|AC  0|TAMS 0x0000000705600000, 0x0000000705600000|
|  87|0x0000000705700000, 0x00000007057fffc0, 0x0000000705800000| 99%| O|  |TS  0|AC  0|TAMS 0x0000000705700000, 0x0000000705700000|
|  88|0x0000000705800000, 0x00000007058ffff8, 0x0000000705900000| 99%| O|  |TS  0|AC  0|TAMS 0x0000000705800000, 0x0000000705800000|
|  89|0x0000000705900000, 0x00000007059ffff0, 0x0000000705a00000| 99%| O|  |TS  0|AC  0|TAMS 0x0000000705900000, 0x0000000705900000|
|  90|0x0000000705a00000, 0x0000000705afdbf8, 0x0000000705b00000| 99%| O|  |TS  0|AC  0|TAMS 0x0000000705a00000, 0x0000000705a00000|
|  91|0x0000000705b00000, 0x0000000705bfdf30, 0x0000000705c00000| 99%| O|  |TS  0|AC  0|TAMS 0x0000000705b00000, 0x0000000705b00000|
|  92|0x0000000705c00000, 0x0000000705cfffe0, 0x0000000705d00000| 99%| O|  |TS  0|AC  0|TAMS 0x0000000705c00000, 0x0000000705c00000|
|  93|0x0000000705d00000, 0x0000000705dfffe0, 0x0000000705e00000| 99%| O|  |TS  0|AC  0|TAMS 0x0000000705d00000, 0x0000000705d00000|
|  94|0x0000000705e00000, 0x0000000705effff0, 0x0000000705f00000| 99%| O|  |TS  0|AC  0|TAMS 0x0000000705e00000, 0x0000000705e00000|
|  95|0x0000000705f00000, 0x0000000705ffffe8, 0x0000000706000000| 99%| O|  |TS  0|AC  0|TAMS 0x0000000705f00000, 0x0000000705f00000|
|  96|0x0000000706000000, 0x0000000706100000, 0x0000000706100000|100%| O|  |TS  0|AC  0|TAMS 0x0000000706000000, 0x0000000706000000|
|  97|0x0000000706100000, 0x00000007061ffff8, 0x0000000706200000| 99%| O|  |TS  0|AC  0|TAMS 0x0000000706100000, 0x0000000706100000|
|  98|0x0000000706200000, 0x00000007062fe358, 0x0000000706300000| 99%| O|  |TS  0|AC  0|TAMS 0x0000000706200000, 0x0000000706200000|
|  99|0x0000000706300000, 0x0000000706400000, 0x0000000706400000|100%| O|  |TS  0|AC  0|TAMS 0x0000000706300000, 0x0000000706300000|
| 100|0x0000000706400000, 0x0000000706500000, 0x0000000706500000|100%| O|  |TS  0|AC  0|TAMS 0x0000000706400000, 0x0000000706400000|
| 101|0x0000000706500000, 0x0000000706600000, 0x0000000706600000|100%|HS|  |TS  0|AC  0|TAMS 0x0000000706500000, 0x0000000706500000|
| 102|0x0000000706600000, 0x00000007066fff40, 0x0000000706700000| 99%| O|  |TS  0|AC  0|TAMS 0x0000000706600000, 0x0000000706600000|
| 103|0x0000000706700000, 0x00000007067e74b0, 0x0000000706800000| 90%| O|  |TS  0|AC  0|TAMS 0x0000000706700000, 0x0000000706700000|
| 104|0x0000000706800000, 0x0000000706800000, 0x0000000706900000|  0%| F|  |TS  0|AC  0|TAMS 0x0000000706800000, 0x0000000706800000|
| 105|0x0000000706900000, 0x0000000706900000, 0x0000000706a00000|  0%| F|  |TS  0|AC  0|TAMS 0x0000000706900000, 0x0000000706900000|
| 106|0x0000000706a00000, 0x0000000706a00000, 0x0000000706b00000|  0%| F|  |TS  0|AC  0|TAMS 0x0000000706a00000, 0x0000000706a00000|
| 107|0x0000000706b00000, 0x0000000706b00000, 0x0000000706c00000|  0%| F|  |TS  0|AC  0|TAMS 0x0000000706b00000, 0x0000000706b00000|
| 108|0x0000000706c00000, 0x0000000706c00000, 0x0000000706d00000|  0%| F|  |TS  0|AC  0|TAMS 0x0000000706c00000, 0x0000000706c00000|
| 109|0x0000000706d00000, 0x0000000706d00000, 0x0000000706e00000|  0%| F|  |TS  0|AC  0|TAMS 0x0000000706d00000, 0x0000000706d00000|
| 110|0x0000000706e00000, 0x0000000706e00000, 0x0000000706f00000|  0%| F|  |TS  0|AC  0|TAMS 0x0000000706e00000, 0x0000000706e00000|
| 111|0x0000000706f00000, 0x0000000706f00000, 0x0000000707000000|  0%| F|  |TS  0|AC  0|TAMS 0x0000000706f00000, 0x0000000706f00000|
| 112|0x0000000707000000, 0x0000000707000000, 0x0000000707100000|  0%| F|  |TS  0|AC  0|TAMS 0x0000000707000000, 0x0000000707000000|
| 113|0x0000000707100000, 0x0000000707100000, 0x0000000707200000|  0%| F|  |TS  0|AC  0|TAMS 0x0000000707100000, 0x0000000707100000|
| 114|0x0000000707200000, 0x0000000707200000, 0x0000000707300000|  0%| F|  |TS  0|AC  0|TAMS 0x0000000707200000, 0x0000000707200000|
| 115|0x0000000707300000, 0x0000000707300000, 0x0000000707400000|  0%| F|  |TS  0|AC  0|TAMS 0x0000000707300000, 0x0000000707300000|
| 116|0x0000000707400000, 0x0000000707400000, 0x0000000707500000|  0%| F|  |TS  0|AC  0|TAMS 0x0000000707400000, 0x0000000707400000|
| 117|0x0000000707500000, 0x0000000707500000, 0x0000000707600000|  0%| F|  |TS  0|AC  0|TAMS 0x0000000707500000, 0x0000000707500000|
| 118|0x0000000707600000, 0x0000000707600000, 0x0000000707700000|  0%| F|  |TS  0|AC  0|TAMS 0x0000000707600000, 0x0000000707600000|
| 119|0x0000000707700000, 0x0000000707700000, 0x0000000707800000|  0%| F|  |TS  0|AC  0|TAMS 0x0000000707700000, 0x0000000707700000|
| 120|0x0000000707800000, 0x0000000707800000, 0x0000000707900000|  0%| F|  |TS  0|AC  0|TAMS 0x0000000707800000, 0x0000000707800000|
| 121|0x0000000707900000, 0x0000000707900000, 0x0000000707a00000|  0%| F|  |TS  0|AC  0|TAMS 0x0000000707900000, 0x0000000707900000|
| 122|0x0000000707a00000, 0x0000000707a00000, 0x0000000707b00000|  0%| F|  |TS  0|AC  0|TAMS 0x0000000707a00000, 0x0000000707a00000|
| 123|0x0000000707b00000, 0x0000000707b00000, 0x0000000707c00000|  0%| F|  |TS  0|AC  0|TAMS 0x0000000707b00000, 0x0000000707b00000|
| 124|0x0000000707c00000, 0x0000000707c00000, 0x0000000707d00000|  0%| F|  |TS  0|AC  0|TAMS 0x0000000707c00000, 0x0000000707c00000|
| 125|0x0000000707d00000, 0x0000000707d00000, 0x0000000707e00000|  0%| F|  |TS  0|AC  0|TAMS 0x0000000707d00000, 0x0000000707d00000|
| 126|0x0000000707e00000, 0x0000000707e00000, 0x0000000707f00000|  0%| F|  |TS  0|AC  0|TAMS 0x0000000707e00000, 0x0000000707e00000|
| 127|0x0000000707f00000, 0x0000000707f00000, 0x0000000708000000|  0%| F|  |TS  0|AC  0|TAMS 0x0000000707f00000, 0x0000000707f00000|
| 128|0x0000000708000000, 0x0000000708000000, 0x0000000708100000|  0%| F|  |TS  0|AC  0|TAMS 0x0000000708000000, 0x0000000708000000|
| 129|0x0000000708100000, 0x0000000708100000, 0x0000000708200000|  0%| F|  |TS  0|AC  0|TAMS 0x0000000708100000, 0x0000000708100000|
| 130|0x0000000708200000, 0x0000000708200000, 0x0000000708300000|  0%| F|  |TS  0|AC  0|TAMS 0x0000000708200000, 0x0000000708200000|
| 131|0x0000000708300000, 0x0000000708300000, 0x0000000708400000|  0%| F|  |TS  0|AC  0|TAMS 0x0000000708300000, 0x0000000708300000|
| 132|0x0000000708400000, 0x0000000708400000, 0x0000000708500000|  0%| F|  |TS  0|AC  0|TAMS 0x0000000708400000, 0x0000000708400000|
| 133|0x0000000708500000, 0x0000000708500000, 0x0000000708600000|  0%| F|  |TS  0|AC  0|TAMS 0x0000000708500000, 0x0000000708500000|
| 134|0x0000000708600000, 0x0000000708600000, 0x0000000708700000|  0%| F|  |TS  0|AC  0|TAMS 0x0000000708600000, 0x0000000708600000|
| 135|0x0000000708700000, 0x0000000708700000, 0x0000000708800000|  0%| F|  |TS  0|AC  0|TAMS 0x0000000708700000, 0x0000000708700000|
| 136|0x0000000708800000, 0x0000000708800000, 0x0000000708900000|  0%| F|  |TS  0|AC  0|TAMS 0x0000000708800000, 0x0000000708800000|
| 137|0x0000000708900000, 0x0000000708900000, 0x0000000708a00000|  0%| F|  |TS  0|AC  0|TAMS 0x0000000708900000, 0x0000000708900000|
| 138|0x0000000708a00000, 0x0000000708a00000, 0x0000000708b00000|  0%| F|  |TS  0|AC  0|TAMS 0x0000000708a00000, 0x0000000708a00000|
| 139|0x0000000708b00000, 0x0000000708b00000, 0x0000000708c00000|  0%| F|  |TS  0|AC  0|TAMS 0x0000000708b00000, 0x0000000708b00000|
| 140|0x0000000708c00000, 0x0000000708c00000, 0x0000000708d00000|  0%| F|  |TS  0|AC  0|TAMS 0x0000000708c00000, 0x0000000708c00000|
| 141|0x0000000708d00000, 0x0000000708d00000, 0x0000000708e00000|  0%| F|  |TS  0|AC  0|TAMS 0x0000000708d00000, 0x0000000708d00000|
| 142|0x0000000708e00000, 0x0000000708e00000, 0x0000000708f00000|  0%| F|  |TS  0|AC  0|TAMS 0x0000000708e00000, 0x0000000708e00000|
| 143|0x0000000708f00000, 0x0000000708f00000, 0x0000000709000000|  0%| F|  |TS  0|AC  0|TAMS 0x0000000708f00000, 0x0000000708f00000|
| 144|0x0000000709000000, 0x0000000709000000, 0x0000000709100000|  0%| F|  |TS  0|AC  0|TAMS 0x0000000709000000, 0x0000000709000000|
| 145|0x0000000709100000, 0x0000000709100000, 0x0000000709200000|  0%| F|  |TS  0|AC  0|TAMS 0x0000000709100000, 0x0000000709100000|
| 146|0x0000000709200000, 0x0000000709200000, 0x0000000709300000|  0%| F|  |TS  0|AC  0|TAMS 0x0000000709200000, 0x0000000709200000|
| 147|0x0000000709300000, 0x0000000709300000, 0x0000000709400000|  0%| F|  |TS  0|AC  0|TAMS 0x0000000709300000, 0x0000000709300000|
| 148|0x0000000709400000, 0x0000000709400000, 0x0000000709500000|  0%| F|  |TS  0|AC  0|TAMS 0x0000000709400000, 0x0000000709400000|
| 149|0x0000000709500000, 0x0000000709500000, 0x0000000709600000|  0%| F|  |TS  0|AC  0|TAMS 0x0000000709500000, 0x0000000709500000|
| 150|0x0000000709600000, 0x0000000709600000, 0x0000000709700000|  0%| F|  |TS  0|AC  0|TAMS 0x0000000709600000, 0x0000000709600000|
| 151|0x0000000709700000, 0x0000000709700000, 0x0000000709800000|  0%| F|  |TS  0|AC  0|TAMS 0x0000000709700000, 0x0000000709700000|
| 152|0x0000000709800000, 0x0000000709800000, 0x0000000709900000|  0%| F|  |TS  0|AC  0|TAMS 0x0000000709800000, 0x0000000709800000|
| 153|0x0000000709900000, 0x0000000709900000, 0x0000000709a00000|  0%| F|  |TS  0|AC  0|TAMS 0x0000000709900000, 0x0000000709900000|
| 154|0x0000000709a00000, 0x0000000709a00000, 0x0000000709b00000|  0%| F|  |TS  0|AC  0|TAMS 0x0000000709a00000, 0x0000000709a00000|
| 155|0x0000000709b00000, 0x0000000709b00000, 0x0000000709c00000|  0%| F|  |TS  0|AC  0|TAMS 0x0000000709b00000, 0x0000000709b00000|
| 156|0x0000000709c00000, 0x0000000709c00000, 0x0000000709d00000|  0%| F|  |TS  0|AC  0|TAMS 0x0000000709c00000, 0x0000000709c00000|
| 157|0x0000000709d00000, 0x0000000709d00000, 0x0000000709e00000|  0%| F|  |TS  0|AC  0|TAMS 0x0000000709d00000, 0x0000000709d00000|
| 158|0x0000000709e00000, 0x0000000709e00000, 0x0000000709f00000|  0%| F|  |TS  0|AC  0|TAMS 0x0000000709e00000, 0x0000000709e00000|
| 159|0x0000000709f00000, 0x0000000709f00000, 0x000000070a000000|  0%| F|  |TS  0|AC  0|TAMS 0x0000000709f00000, 0x0000000709f00000|
| 160|0x000000070a000000, 0x000000070a000000, 0x000000070a100000|  0%| F|  |TS  0|AC  0|TAMS 0x000000070a000000, 0x000000070a000000|
| 161|0x000000070a100000, 0x000000070a100000, 0x000000070a200000|  0%| F|  |TS  0|AC  0|TAMS 0x000000070a100000, 0x000000070a100000|
| 162|0x000000070a200000, 0x000000070a200000, 0x000000070a300000|  0%| F|  |TS  0|AC  0|TAMS 0x000000070a200000, 0x000000070a200000|
| 163|0x000000070a300000, 0x000000070a300000, 0x000000070a400000|  0%| F|  |TS  0|AC  0|TAMS 0x000000070a300000, 0x000000070a300000|
| 164|0x000000070a400000, 0x000000070a400000, 0x000000070a500000|  0%| F|  |TS  0|AC  0|TAMS 0x000000070a400000, 0x000000070a400000|
| 165|0x000000070a500000, 0x000000070a500000, 0x000000070a600000|  0%| F|  |TS  0|AC  0|TAMS 0x000000070a500000, 0x000000070a500000|
| 166|0x000000070a600000, 0x000000070a600000, 0x000000070a700000|  0%| F|  |TS  0|AC  0|TAMS 0x000000070a600000, 0x000000070a600000|
| 167|0x000000070a700000, 0x000000070a700000, 0x000000070a800000|  0%| F|  |TS  0|AC  0|TAMS 0x000000070a700000, 0x000000070a700000|
| 168|0x000000070a800000, 0x000000070a800000, 0x000000070a900000|  0%| F|  |TS  0|AC  0|TAMS 0x000000070a800000, 0x000000070a800000|
| 169|0x000000070a900000, 0x000000070a900000, 0x000000070aa00000|  0%| F|  |TS  0|AC  0|TAMS 0x000000070a900000, 0x000000070a900000|
| 170|0x000000070aa00000, 0x000000070aa00000, 0x000000070ab00000|  0%| F|  |TS  0|AC  0|TAMS 0x000000070aa00000, 0x000000070aa00000|
| 171|0x000000070ab00000, 0x000000070ab00000, 0x000000070ac00000|  0%| F|  |TS  0|AC  0|TAMS 0x000000070ab00000, 0x000000070ab00000|
| 172|0x000000070ac00000, 0x000000070ac00000, 0x000000070ad00000|  0%| F|  |TS  0|AC  0|TAMS 0x000000070ac00000, 0x000000070ac00000|
| 173|0x000000070ad00000, 0x000000070ad00000, 0x000000070ae00000|  0%| F|  |TS  0|AC  0|TAMS 0x000000070ad00000, 0x000000070ad00000|
| 174|0x000000070ae00000, 0x000000070ae00000, 0x000000070af00000|  0%| F|  |TS  0|AC  0|TAMS 0x000000070ae00000, 0x000000070ae00000|
| 175|0x000000070af00000, 0x000000070af00000, 0x000000070b000000|  0%| F|  |TS  0|AC  0|TAMS 0x000000070af00000, 0x000000070af00000|
| 176|0x000000070b000000, 0x000000070b000000, 0x000000070b100000|  0%| F|  |TS  0|AC  0|TAMS 0x000000070b000000, 0x000000070b000000|
| 177|0x000000070b100000, 0x000000070b100000, 0x000000070b200000|  0%| F|  |TS  0|AC  0|TAMS 0x000000070b100000, 0x000000070b100000|
| 178|0x000000070b200000, 0x000000070b200000, 0x000000070b300000|  0%| F|  |TS  0|AC  0|TAMS 0x000000070b200000, 0x000000070b200000|
| 179|0x000000070b300000, 0x000000070b300000, 0x000000070b400000|  0%| F|  |TS  0|AC  0|TAMS 0x000000070b300000, 0x000000070b300000|
| 180|0x000000070b400000, 0x000000070b400000, 0x000000070b500000|  0%| F|  |TS  0|AC  0|TAMS 0x000000070b400000, 0x000000070b400000|
| 181|0x000000070b500000, 0x000000070b500000, 0x000000070b600000|  0%| F|  |TS  0|AC  0|TAMS 0x000000070b500000, 0x000000070b500000|
| 182|0x000000070b600000, 0x000000070b600000, 0x000000070b700000|  0%| F|  |TS  0|AC  0|TAMS 0x000000070b600000, 0x000000070b600000|
| 183|0x000000070b700000, 0x000000070b700000, 0x000000070b800000|  0%| F|  |TS  0|AC  0|TAMS 0x000000070b700000, 0x000000070b700000|
| 184|0x000000070b800000, 0x000000070b800000, 0x000000070b900000|  0%| F|  |TS  0|AC  0|TAMS 0x000000070b800000, 0x000000070b800000|
| 185|0x000000070b900000, 0x000000070b900000, 0x000000070ba00000|  0%| F|  |TS  0|AC  0|TAMS 0x000000070b900000, 0x000000070b900000|
| 186|0x000000070ba00000, 0x000000070ba00000, 0x000000070bb00000|  0%| F|  |TS  0|AC  0|TAMS 0x000000070ba00000, 0x000000070ba00000|
| 187|0x000000070bb00000, 0x000000070bb00000, 0x000000070bc00000|  0%| F|  |TS  0|AC  0|TAMS 0x000000070bb00000, 0x000000070bb00000|
| 188|0x000000070bc00000, 0x000000070bc00000, 0x000000070bd00000|  0%| F|  |TS  0|AC  0|TAMS 0x000000070bc00000, 0x000000070bc00000|
| 189|0x000000070bd00000, 0x000000070bd00000, 0x000000070be00000|  0%| F|  |TS  0|AC  0|TAMS 0x000000070bd00000, 0x000000070bd00000|
| 190|0x000000070be00000, 0x000000070be00000, 0x000000070bf00000|  0%| F|  |TS  0|AC  0|TAMS 0x000000070be00000, 0x000000070be00000|
| 191|0x000000070bf00000, 0x000000070bf00000, 0x000000070c000000|  0%| F|  |TS  0|AC  0|TAMS 0x000000070bf00000, 0x000000070bf00000|
| 192|0x000000070c000000, 0x000000070c000000, 0x000000070c100000|  0%| F|  |TS  0|AC  0|TAMS 0x000000070c000000, 0x000000070c000000|
| 193|0x000000070c100000, 0x000000070c100000, 0x000000070c200000|  0%| F|  |TS  0|AC  0|TAMS 0x000000070c100000, 0x000000070c100000|
| 194|0x000000070c200000, 0x000000070c200000, 0x000000070c300000|  0%| F|  |TS  0|AC  0|TAMS 0x000000070c200000, 0x000000070c200000|
| 195|0x000000070c300000, 0x000000070c300000, 0x000000070c400000|  0%| F|  |TS  0|AC  0|TAMS 0x000000070c300000, 0x000000070c300000|
| 196|0x000000070c400000, 0x000000070c400000, 0x000000070c500000|  0%| F|  |TS  0|AC  0|TAMS 0x000000070c400000, 0x000000070c400000|
| 197|0x000000070c500000, 0x000000070c500000, 0x000000070c600000|  0%| F|  |TS  0|AC  0|TAMS 0x000000070c500000, 0x000000070c500000|
| 198|0x000000070c600000, 0x000000070c600000, 0x000000070c700000|  0%| F|  |TS  0|AC  0|TAMS 0x000000070c600000, 0x000000070c600000|
| 199|0x000000070c700000, 0x000000070c700000, 0x000000070c800000|  0%| F|  |TS  0|AC  0|TAMS 0x000000070c700000, 0x000000070c700000|
| 200|0x000000070c800000, 0x000000070c800000, 0x000000070c900000|  0%| F|  |TS  0|AC  0|TAMS 0x000000070c800000, 0x000000070c800000|
| 201|0x000000070c900000, 0x000000070c900000, 0x000000070ca00000|  0%| F|  |TS  0|AC  0|TAMS 0x000000070c900000, 0x000000070c900000|
| 202|0x000000070ca00000, 0x000000070ca00000, 0x000000070cb00000|  0%| F|  |TS  0|AC  0|TAMS 0x000000070ca00000, 0x000000070ca00000|
| 203|0x000000070cb00000, 0x000000070cb00000, 0x000000070cc00000|  0%| F|  |TS  0|AC  0|TAMS 0x000000070cb00000, 0x000000070cb00000|
| 204|0x000000070cc00000, 0x000000070cc00000, 0x000000070cd00000|  0%| F|  |TS  0|AC  0|TAMS 0x000000070cc00000, 0x000000070cc00000|
| 205|0x000000070cd00000, 0x000000070cd00000, 0x000000070ce00000|  0%| F|  |TS  0|AC  0|TAMS 0x000000070cd00000, 0x000000070cd00000|
| 206|0x000000070ce00000, 0x000000070ce00000, 0x000000070cf00000|  0%| F|  |TS  0|AC  0|TAMS 0x000000070ce00000, 0x000000070ce00000|
| 207|0x000000070cf00000, 0x000000070cf00000, 0x000000070d000000|  0%| F|  |TS  0|AC  0|TAMS 0x000000070cf00000, 0x000000070cf00000|
| 208|0x000000070d000000, 0x000000070d000000, 0x000000070d100000|  0%| F|  |TS  0|AC  0|TAMS 0x000000070d000000, 0x000000070d000000|
| 209|0x000000070d100000, 0x000000070d100000, 0x000000070d200000|  0%| F|  |TS  0|AC  0|TAMS 0x000000070d100000, 0x000000070d100000|
| 210|0x000000070d200000, 0x000000070d200000, 0x000000070d300000|  0%| F|  |TS  0|AC  0|TAMS 0x000000070d200000, 0x000000070d200000|
| 211|0x000000070d300000, 0x000000070d300000, 0x000000070d400000|  0%| F|  |TS  0|AC  0|TAMS 0x000000070d300000, 0x000000070d300000|
| 212|0x000000070d400000, 0x000000070d400000, 0x000000070d500000|  0%| F|  |TS  0|AC  0|TAMS 0x000000070d400000, 0x000000070d400000|
| 213|0x000000070d500000, 0x000000070d500000, 0x000000070d600000|  0%| F|  |TS  0|AC  0|TAMS 0x000000070d500000, 0x000000070d500000|
| 214|0x000000070d600000, 0x000000070d600000, 0x000000070d700000|  0%| F|  |TS  0|AC  0|TAMS 0x000000070d600000, 0x000000070d600000|
| 215|0x000000070d700000, 0x000000070d700000, 0x000000070d800000|  0%| F|  |TS  0|AC  0|TAMS 0x000000070d700000, 0x000000070d700000|
| 216|0x000000070d800000, 0x000000070d800000, 0x000000070d900000|  0%| F|  |TS  0|AC  0|TAMS 0x000000070d800000, 0x000000070d800000|
| 217|0x000000070d900000, 0x000000070d900000, 0x000000070da00000|  0%| F|  |TS  0|AC  0|TAMS 0x000000070d900000, 0x000000070d900000|
| 218|0x000000070da00000, 0x000000070da00000, 0x000000070db00000|  0%| F|  |TS  0|AC  0|TAMS 0x000000070da00000, 0x000000070da00000|
| 219|0x000000070db00000, 0x000000070db00000, 0x000000070dc00000|  0%| F|  |TS  0|AC  0|TAMS 0x000000070db00000, 0x000000070db00000|
| 220|0x000000070dc00000, 0x000000070dc00000, 0x000000070dd00000|  0%| F|  |TS  0|AC  0|TAMS 0x000000070dc00000, 0x000000070dc00000|
| 221|0x000000070dd00000, 0x000000070dd00000, 0x000000070de00000|  0%| F|  |TS  0|AC  0|TAMS 0x000000070dd00000, 0x000000070dd00000|
| 222|0x000000070de00000, 0x000000070de00000, 0x000000070df00000|  0%| F|  |TS  0|AC  0|TAMS 0x000000070de00000, 0x000000070de00000|
| 223|0x000000070df00000, 0x000000070df00000, 0x000000070e000000|  0%| F|  |TS  0|AC  0|TAMS 0x000000070df00000, 0x000000070df00000|
| 224|0x000000070e000000, 0x000000070e000000, 0x000000070e100000|  0%| F|  |TS  0|AC  0|TAMS 0x000000070e000000, 0x000000070e000000|
| 225|0x000000070e100000, 0x000000070e100000, 0x000000070e200000|  0%| F|  |TS  0|AC  0|TAMS 0x000000070e100000, 0x000000070e100000|
| 226|0x000000070e200000, 0x000000070e200000, 0x000000070e300000|  0%| F|  |TS  0|AC  0|TAMS 0x000000070e200000, 0x000000070e200000|
| 227|0x000000070e300000, 0x000000070e300000, 0x000000070e400000|  0%| F|  |TS  0|AC  0|TAMS 0x000000070e300000, 0x000000070e300000|
| 228|0x000000070e400000, 0x000000070e400000, 0x000000070e500000|  0%| F|  |TS  0|AC  0|TAMS 0x000000070e400000, 0x000000070e400000|
| 229|0x000000070e500000, 0x000000070e500000, 0x000000070e600000|  0%| F|  |TS  0|AC  0|TAMS 0x000000070e500000, 0x000000070e500000|
| 230|0x000000070e600000, 0x000000070e600000, 0x000000070e700000|  0%| F|  |TS  0|AC  0|TAMS 0x000000070e600000, 0x000000070e600000|
| 231|0x000000070e700000, 0x000000070e700000, 0x000000070e800000|  0%| F|  |TS  0|AC  0|TAMS 0x000000070e700000, 0x000000070e700000|
| 232|0x000000070e800000, 0x000000070e800000, 0x000000070e900000|  0%| F|  |TS  0|AC  0|TAMS 0x000000070e800000, 0x000000070e800000|
| 233|0x000000070e900000, 0x000000070e900000, 0x000000070ea00000|  0%| F|  |TS  0|AC  0|TAMS 0x000000070e900000, 0x000000070e900000|
| 234|0x000000070ea00000, 0x000000070ea00000, 0x000000070eb00000|  0%| F|  |TS  0|AC  0|TAMS 0x000000070ea00000, 0x000000070ea00000|
| 235|0x000000070eb00000, 0x000000070eb00000, 0x000000070ec00000|  0%| F|  |TS  0|AC  0|TAMS 0x000000070eb00000, 0x000000070eb00000|
| 236|0x000000070ec00000, 0x000000070ec00000, 0x000000070ed00000|  0%| F|  |TS  0|AC  0|TAMS 0x000000070ec00000, 0x000000070ec00000|
| 237|0x000000070ed00000, 0x000000070ed00000, 0x000000070ee00000|  0%| F|  |TS  0|AC  0|TAMS 0x000000070ed00000, 0x000000070ed00000|
| 238|0x000000070ee00000, 0x000000070ee00000, 0x000000070ef00000|  0%| F|  |TS  0|AC  0|TAMS 0x000000070ee00000, 0x000000070ee00000|
| 239|0x000000070ef00000, 0x000000070ef00000, 0x000000070f000000|  0%| F|  |TS  0|AC  0|TAMS 0x000000070ef00000, 0x000000070ef00000|
| 240|0x000000070f000000, 0x000000070f000000, 0x000000070f100000|  0%| F|  |TS  0|AC  0|TAMS 0x000000070f000000, 0x000000070f000000|
| 241|0x000000070f100000, 0x000000070f100000, 0x000000070f200000|  0%| F|  |TS  0|AC  0|TAMS 0x000000070f100000, 0x000000070f100000|
| 242|0x000000070f200000, 0x000000070f200000, 0x000000070f300000|  0%| F|  |TS  0|AC  0|TAMS 0x000000070f200000, 0x000000070f200000|
| 243|0x000000070f300000, 0x000000070f300000, 0x000000070f400000|  0%| F|  |TS  0|AC  0|TAMS 0x000000070f300000, 0x000000070f300000|
| 244|0x000000070f400000, 0x000000070f400000, 0x000000070f500000|  0%| F|  |TS  0|AC  0|TAMS 0x000000070f400000, 0x000000070f400000|
| 245|0x000000070f500000, 0x000000070f500000, 0x000000070f600000|  0%| F|  |TS  0|AC  0|TAMS 0x000000070f500000, 0x000000070f500000|
| 246|0x000000070f600000, 0x000000070f600000, 0x000000070f700000|  0%| F|  |TS  0|AC  0|TAMS 0x000000070f600000, 0x000000070f600000|
| 247|0x000000070f700000, 0x000000070f700000, 0x000000070f800000|  0%| F|  |TS  0|AC  0|TAMS 0x000000070f700000, 0x000000070f700000|
| 248|0x000000070f800000, 0x000000070f800000, 0x000000070f900000|  0%| F|  |TS  0|AC  0|TAMS 0x000000070f800000, 0x000000070f800000|
| 249|0x000000070f900000, 0x000000070f900000, 0x000000070fa00000|  0%| F|  |TS  0|AC  0|TAMS 0x000000070f900000, 0x000000070f900000|
| 250|0x000000070fa00000, 0x000000070fa00000, 0x000000070fb00000|  0%| F|  |TS  0|AC  0|TAMS 0x000000070fa00000, 0x000000070fa00000|
| 251|0x000000070fb00000, 0x000000070fb00000, 0x000000070fc00000|  0%| F|  |TS  0|AC  0|TAMS 0x000000070fb00000, 0x000000070fb00000|
| 252|0x000000070fc00000, 0x000000070fc00000, 0x000000070fd00000|  0%| F|  |TS  0|AC  0|TAMS 0x000000070fc00000, 0x000000070fc00000|
| 253|0x000000070fd00000, 0x000000070fd00000, 0x000000070fe00000|  0%| F|  |TS  0|AC  0|TAMS 0x000000070fd00000, 0x000000070fd00000|
| 254|0x000000070fe00000, 0x000000070fe00000, 0x000000070ff00000|  0%| F|  |TS  0|AC  0|TAMS 0x000000070fe00000, 0x000000070fe00000|
| 255|0x000000070ff00000, 0x000000070ff00000, 0x0000000710000000|  0%| F|  |TS  0|AC  0|TAMS 0x000000070ff00000, 0x000000070ff00000|
| 256|0x0000000710000000, 0x0000000710000000, 0x0000000710100000|  0%| F|  |TS  0|AC  0|TAMS 0x0000000710000000, 0x0000000710000000|
| 257|0x0000000710100000, 0x0000000710100000, 0x0000000710200000|  0%| F|  |TS  0|AC  0|TAMS 0x0000000710100000, 0x0000000710100000|
| 258|0x0000000710200000, 0x0000000710200000, 0x0000000710300000|  0%| F|  |TS  0|AC  0|TAMS 0x0000000710200000, 0x0000000710200000|
| 259|0x0000000710300000, 0x0000000710300000, 0x0000000710400000|  0%| F|  |TS  0|AC  0|TAMS 0x0000000710300000, 0x0000000710300000|
| 260|0x0000000710400000, 0x0000000710400000, 0x0000000710500000|  0%| F|  |TS  0|AC  0|TAMS 0x0000000710400000, 0x0000000710400000|
| 261|0x0000000710500000, 0x0000000710500000, 0x0000000710600000|  0%| F|  |TS  0|AC  0|TAMS 0x0000000710500000, 0x0000000710500000|
| 262|0x0000000710600000, 0x0000000710600000, 0x0000000710700000|  0%| F|  |TS  0|AC  0|TAMS 0x0000000710600000, 0x0000000710600000|
| 263|0x0000000710700000, 0x0000000710700000, 0x0000000710800000|  0%| F|  |TS  0|AC  0|TAMS 0x0000000710700000, 0x0000000710700000|
| 264|0x0000000710800000, 0x0000000710800000, 0x0000000710900000|  0%| F|  |TS  0|AC  0|TAMS 0x0000000710800000, 0x0000000710800000|
| 265|0x0000000710900000, 0x0000000710900000, 0x0000000710a00000|  0%| F|  |TS  0|AC  0|TAMS 0x0000000710900000, 0x0000000710900000|
| 266|0x0000000710a00000, 0x0000000710a00000, 0x0000000710b00000|  0%| F|  |TS  0|AC  0|TAMS 0x0000000710a00000, 0x0000000710a00000|
| 267|0x0000000710b00000, 0x0000000710b00000, 0x0000000710c00000|  0%| F|  |TS  0|AC  0|TAMS 0x0000000710b00000, 0x0000000710b00000|
| 268|0x0000000710c00000, 0x0000000710c00000, 0x0000000710d00000|  0%| F|  |TS  0|AC  0|TAMS 0x0000000710c00000, 0x0000000710c00000|
| 269|0x0000000710d00000, 0x0000000710d00000, 0x0000000710e00000|  0%| F|  |TS  0|AC  0|TAMS 0x0000000710d00000, 0x0000000710d00000|
| 270|0x0000000710e00000, 0x0000000710e00000, 0x0000000710f00000|  0%| F|  |TS 15|AC  0|TAMS 0x0000000710e00000, 0x0000000710e00000|
| 271|0x0000000710f00000, 0x0000000710f33b40, 0x0000000711000000| 20%| S|CS|TS 15|AC  0|TAMS 0x0000000710f00000, 0x0000000710f00000|
| 272|0x0000000711000000, 0x0000000711100000, 0x0000000711100000|100%| S|CS|TS 15|AC  0|TAMS 0x0000000711000000, 0x0000000711000000|
| 273|0x0000000711100000, 0x0000000711100000, 0x0000000711200000|  0%| F|  |TS 15|AC  0|TAMS 0x0000000711100000, 0x0000000711100000|
| 274|0x0000000711200000, 0x0000000711200000, 0x0000000711300000|  0%| F|  |TS 15|AC  0|TAMS 0x0000000711200000, 0x0000000711200000|
| 275|0x0000000711300000, 0x0000000711400000, 0x0000000711400000|100%| S|CS|TS 15|AC  0|TAMS 0x0000000711300000, 0x0000000711300000|
| 276|0x0000000711400000, 0x0000000711400000, 0x0000000711500000|  0%| F|  |TS 15|AC  0|TAMS 0x0000000711400000, 0x0000000711400000|
| 277|0x0000000711500000, 0x0000000711500000, 0x0000000711600000|  0%| F|  |TS 15|AC  0|TAMS 0x0000000711500000, 0x0000000711500000|
| 278|0x0000000711600000, 0x0000000711600000, 0x0000000711700000|  0%| F|  |TS 15|AC  0|TAMS 0x0000000711600000, 0x0000000711600000|
| 279|0x0000000711700000, 0x0000000711700000, 0x0000000711800000|  0%| F|  |TS 15|AC  0|TAMS 0x0000000711700000, 0x0000000711700000|
| 280|0x0000000711800000, 0x0000000711800000, 0x0000000711900000|  0%| F|  |TS 15|AC  0|TAMS 0x0000000711800000, 0x0000000711800000|
| 281|0x0000000711900000, 0x0000000711900000, 0x0000000711a00000|  0%| F|  |TS 15|AC  0|TAMS 0x0000000711900000, 0x0000000711900000|
| 282|0x0000000711a00000, 0x0000000711a00000, 0x0000000711b00000|  0%| F|  |TS 15|AC  0|TAMS 0x0000000711a00000, 0x0000000711a00000|
| 283|0x0000000711b00000, 0x0000000711b00000, 0x0000000711c00000|  0%| F|  |TS 15|AC  0|TAMS 0x0000000711b00000, 0x0000000711b00000|
| 284|0x0000000711c00000, 0x0000000711c00000, 0x0000000711d00000|  0%| F|  |TS 15|AC  0|TAMS 0x0000000711c00000, 0x0000000711c00000|
| 285|0x0000000711d00000, 0x0000000711d00000, 0x0000000711e00000|  0%| F|  |TS 15|AC  0|TAMS 0x0000000711d00000, 0x0000000711d00000|
| 286|0x0000000711e00000, 0x0000000711e00000, 0x0000000711f00000|  0%| F|  |TS 15|AC  0|TAMS 0x0000000711e00000, 0x0000000711e00000|
| 287|0x0000000711f00000, 0x0000000711f00000, 0x0000000712000000|  0%| F|  |TS 15|AC  0|TAMS 0x0000000711f00000, 0x0000000711f00000|
| 288|0x0000000712000000, 0x0000000712000000, 0x0000000712100000|  0%| F|  |TS 15|AC  0|TAMS 0x0000000712000000, 0x0000000712000000|
| 289|0x0000000712100000, 0x0000000712100000, 0x0000000712200000|  0%| F|  |TS 15|AC  0|TAMS 0x0000000712100000, 0x0000000712100000|
| 290|0x0000000712200000, 0x0000000712200000, 0x0000000712300000|  0%| F|  |TS 15|AC  0|TAMS 0x0000000712200000, 0x0000000712200000|
| 291|0x0000000712300000, 0x0000000712300000, 0x0000000712400000|  0%| F|  |TS 15|AC  0|TAMS 0x0000000712300000, 0x0000000712300000|
| 292|0x0000000712400000, 0x0000000712400000, 0x0000000712500000|  0%| F|  |TS 15|AC  0|TAMS 0x0000000712400000, 0x0000000712400000|
| 293|0x0000000712500000, 0x0000000712500000, 0x0000000712600000|  0%| F|  |TS 15|AC  0|TAMS 0x0000000712500000, 0x0000000712500000|
| 294|0x0000000712600000, 0x0000000712600000, 0x0000000712700000|  0%| F|  |TS 15|AC  0|TAMS 0x0000000712600000, 0x0000000712600000|
| 295|0x0000000712700000, 0x0000000712700000, 0x0000000712800000|  0%| F|  |TS 15|AC  0|TAMS 0x0000000712700000, 0x0000000712700000|
| 296|0x0000000712800000, 0x0000000712800000, 0x0000000712900000|  0%| F|  |TS 15|AC  0|TAMS 0x0000000712800000, 0x0000000712800000|
| 297|0x0000000712900000, 0x0000000712900000, 0x0000000712a00000|  0%| F|  |TS 15|AC  0|TAMS 0x0000000712900000, 0x0000000712900000|
| 298|0x0000000712a00000, 0x0000000712a00000, 0x0000000712b00000|  0%| F|  |TS 15|AC  0|TAMS 0x0000000712a00000, 0x0000000712a00000|
| 299|0x0000000712b00000, 0x0000000712b00000, 0x0000000712c00000|  0%| F|  |TS 15|AC  0|TAMS 0x0000000712b00000, 0x0000000712b00000|
| 300|0x0000000712c00000, 0x0000000712c00000, 0x0000000712d00000|  0%| F|  |TS 15|AC  0|TAMS 0x0000000712c00000, 0x0000000712c00000|
| 301|0x0000000712d00000, 0x0000000712d00000, 0x0000000712e00000|  0%| F|  |TS 15|AC  0|TAMS 0x0000000712d00000, 0x0000000712d00000|
| 302|0x0000000712e00000, 0x0000000712e00000, 0x0000000712f00000|  0%| F|  |TS 15|AC  0|TAMS 0x0000000712e00000, 0x0000000712e00000|
| 303|0x0000000712f00000, 0x0000000712f00000, 0x0000000713000000|  0%| F|  |TS 15|AC  0|TAMS 0x0000000712f00000, 0x0000000712f00000|
| 304|0x0000000713000000, 0x0000000713000000, 0x0000000713100000|  0%| F|  |TS 15|AC  0|TAMS 0x0000000713000000, 0x0000000713000000|
| 305|0x0000000713100000, 0x0000000713100000, 0x0000000713200000|  0%| F|  |TS 15|AC  0|TAMS 0x0000000713100000, 0x0000000713100000|
| 306|0x0000000713200000, 0x0000000713200000, 0x0000000713300000|  0%| F|  |TS 15|AC  0|TAMS 0x0000000713200000, 0x0000000713200000|
| 307|0x0000000713300000, 0x0000000713300000, 0x0000000713400000|  0%| F|  |TS 15|AC  0|TAMS 0x0000000713300000, 0x0000000713300000|
| 308|0x0000000713400000, 0x0000000713400000, 0x0000000713500000|  0%| F|  |TS 15|AC  0|TAMS 0x0000000713400000, 0x0000000713400000|
| 309|0x0000000713500000, 0x0000000713500000, 0x0000000713600000|  0%| F|  |TS 15|AC  0|TAMS 0x0000000713500000, 0x0000000713500000|
| 310|0x0000000713600000, 0x0000000713600000, 0x0000000713700000|  0%| F|  |TS 15|AC  0|TAMS 0x0000000713600000, 0x0000000713600000|
| 311|0x0000000713700000, 0x000000071371f758, 0x0000000713800000| 12%| E|  |TS 15|AC  0|TAMS 0x0000000713700000, 0x0000000713700000|
| 312|0x0000000713800000, 0x0000000713900000, 0x0000000713900000|100%| E|CS|TS 15|AC  0|TAMS 0x0000000713800000, 0x0000000713800000|
| 313|0x0000000713900000, 0x0000000713a00000, 0x0000000713a00000|100%| E|CS|TS 15|AC  0|TAMS 0x0000000713900000, 0x0000000713900000|
| 314|0x0000000713a00000, 0x0000000713b00000, 0x0000000713b00000|100%| E|CS|TS 15|AC  0|TAMS 0x0000000713a00000, 0x0000000713a00000|
| 315|0x0000000713b00000, 0x0000000713c00000, 0x0000000713c00000|100%| E|CS|TS 15|AC  0|TAMS 0x0000000713b00000, 0x0000000713b00000|
| 316|0x0000000713c00000, 0x0000000713d00000, 0x0000000713d00000|100%| E|CS|TS 15|AC  0|TAMS 0x0000000713c00000, 0x0000000713c00000|
| 317|0x0000000713d00000, 0x0000000713e00000, 0x0000000713e00000|100%| E|CS|TS 15|AC  0|TAMS 0x0000000713d00000, 0x0000000713d00000|
| 318|0x0000000713e00000, 0x0000000713f00000, 0x0000000713f00000|100%| E|CS|TS 15|AC  0|TAMS 0x0000000713e00000, 0x0000000713e00000|
| 319|0x0000000713f00000, 0x0000000714000000, 0x0000000714000000|100%| E|CS|TS 15|AC  0|TAMS 0x0000000713f00000, 0x0000000713f00000|
| 320|0x0000000714000000, 0x0000000714100000, 0x0000000714100000|100%| E|CS|TS 15|AC  0|TAMS 0x0000000714000000, 0x0000000714000000|
| 321|0x0000000714100000, 0x0000000714200000, 0x0000000714200000|100%| E|CS|TS 15|AC  0|TAMS 0x0000000714100000, 0x0000000714100000|
| 322|0x0000000714200000, 0x0000000714300000, 0x0000000714300000|100%| E|CS|TS 15|AC  0|TAMS 0x0000000714200000, 0x0000000714200000|
| 323|0x0000000714300000, 0x0000000714400000, 0x0000000714400000|100%| E|CS|TS 15|AC  0|TAMS 0x0000000714300000, 0x0000000714300000|
| 324|0x0000000714400000, 0x0000000714500000, 0x0000000714500000|100%| E|CS|TS 15|AC  0|TAMS 0x0000000714400000, 0x0000000714400000|
| 325|0x0000000714500000, 0x0000000714600000, 0x0000000714600000|100%| E|CS|TS 15|AC  0|TAMS 0x0000000714500000, 0x0000000714500000|
| 326|0x0000000714600000, 0x0000000714700000, 0x0000000714700000|100%| E|CS|TS 15|AC  0|TAMS 0x0000000714600000, 0x0000000714600000|
| 327|0x0000000714700000, 0x0000000714800000, 0x0000000714800000|100%| E|CS|TS 15|AC  0|TAMS 0x0000000714700000, 0x0000000714700000|
| 328|0x0000000714800000, 0x0000000714900000, 0x0000000714900000|100%| E|CS|TS 15|AC  0|TAMS 0x0000000714800000, 0x0000000714800000|
| 329|0x0000000714900000, 0x0000000714a00000, 0x0000000714a00000|100%| E|CS|TS 15|AC  0|TAMS 0x0000000714900000, 0x0000000714900000|
| 330|0x0000000714a00000, 0x0000000714b00000, 0x0000000714b00000|100%| E|CS|TS 15|AC  0|TAMS 0x0000000714a00000, 0x0000000714a00000|
| 331|0x0000000714b00000, 0x0000000714c00000, 0x0000000714c00000|100%| E|CS|TS 15|AC  0|TAMS 0x0000000714b00000, 0x0000000714b00000|
| 332|0x0000000714c00000, 0x0000000714d00000, 0x0000000714d00000|100%| E|CS|TS 15|AC  0|TAMS 0x0000000714c00000, 0x0000000714c00000|

Card table byte_map: [0x000000000cd60000,0x000000000d360000] byte_map_base: 0x0000000009560000

Marking Bits (Prev, Next): (CMBitMap*) 0x000000000fa246b8, (CMBitMap*) 0x000000000fa24680
 Prev Bits: [0x000000002d2f0000, 0x00000000302f0000)
 Next Bits: [0x0000000018db0000, 0x000000001bdb0000)

Polling page: 0x0000000000230000

CodeHeap 'non-profiled nmethods': size=120064Kb used=24148Kb max_used=24478Kb free=95915Kb
 bounds [0x0000000025db0000, 0x00000000275c0000, 0x000000002d2f0000]
CodeHeap 'profiled nmethods': size=120000Kb used=49475Kb max_used=50896Kb free=70524Kb
 bounds [0x000000001e880000, 0x0000000021a80000, 0x0000000025db0000]
CodeHeap 'non-nmethods': size=5696Kb used=1815Kb max_used=1896Kb free=3880Kb
 bounds [0x000000001e2f0000, 0x000000001e560000, 0x000000001e880000]
 total_blobs=37845 nmethods=19796 adapters=1178
 compilation: enabled

Compilation events (10 events):
Event: 1861.882 Thread 0x000000000b07e800 26303       3       ui.views.x.b.s::fPH (4 bytes)
Event: 1861.882 Thread 0x000000000b07e800 nmethod 26303 0x00000000207ea790 code [0x00000000207ea980, 0x00000000207eadd8]
Event: 1861.882 Thread 0x000000000b07e800 26304       3       ui.frmwork.aO::eas (13 bytes)
Event: 1861.882 Thread 0x000000000b07e800 nmethod 26304 0x00000000206dc310 code [0x00000000206dc4e0, 0x00000000206dc8b8]
Event: 1861.882 Thread 0x000000000b07e800 26305       3       ui.views.x.b.s::f (275 bytes)
Event: 1861.885 Thread 0x000000000b07e800 nmethod 26305 0x000000002108ef90 code [0x000000002108f720, 0x0000000021094598]
Event: 1861.885 Thread 0x000000000b07e800 26307       3       javax.swing.tree.VariableHeightLayoutCache::access$300 (6 bytes)
Event: 1861.886 Thread 0x000000000b07e800 nmethod 26307 0x00000000205e3610 code [0x00000000205e37e0, 0x00000000205e3a88]
Event: 1861.886 Thread 0x000000000b07e800 26306       3       ui.views.x.b.s::a (34 bytes)
Event: 1861.886 Thread 0x000000000b07e800 nmethod 26306 0x000000002080b990 code [0x000000002080bb80, 0x000000002080c190]

GC Heap History (10 events):
Event: 1829.065 GC heap before
{Heap before GC invocations=333 (full 22):
 garbage-first heap   total 340992K, used 167295K [0x0000000700000000, 0x0000000700100a68, 0x00000007c0000000)
  region size 1024K, 60 young (61440K), 1 survivors (1024K)
 Metaspace       used 91023K, capacity 97227K, committed 97480K, reserved 1132544K
  class space    used 12819K, capacity 13898K, committed 14024K, reserved 1048576K
}
Event: 1829.069 GC heap after
{Heap after GC invocations=334 (full 22):
 garbage-first heap   total 340992K, used 106854K [0x0000000700000000, 0x0000000700100a68, 0x00000007c0000000)
  region size 1024K, 1 young (1024K), 1 survivors (1024K)
 Metaspace       used 91023K, capacity 97227K, committed 97480K, reserved 1132544K
  class space    used 12819K, capacity 13898K, committed 14024K, reserved 1048576K
}
Event: 1831.126 GC heap before
{Heap before GC invocations=334 (full 22):
 garbage-first heap   total 340992K, used 167270K [0x0000000700000000, 0x0000000700100a68, 0x00000007c0000000)
  region size 1024K, 60 young (61440K), 1 survivors (1024K)
 Metaspace       used 91024K, capacity 97227K, committed 97480K, reserved 1132544K
  class space    used 12819K, capacity 13898K, committed 14024K, reserved 1048576K
}
Event: 1831.129 GC heap after
{Heap after GC invocations=335 (full 22):
 garbage-first heap   total 340992K, used 106882K [0x0000000700000000, 0x0000000700100a68, 0x00000007c0000000)
  region size 1024K, 1 young (1024K), 1 survivors (1024K)
 Metaspace       used 91024K, capacity 97227K, committed 97480K, reserved 1132544K
  class space    used 12819K, capacity 13898K, committed 14024K, reserved 1048576K
}
Event: 1832.285 GC heap before
{Heap before GC invocations=335 (full 22):
 garbage-first heap   total 340992K, used 167298K [0x0000000700000000, 0x0000000700100a68, 0x00000007c0000000)
  region size 1024K, 60 young (61440K), 1 survivors (1024K)
 Metaspace       used 91038K, capacity 97227K, committed 97480K, reserved 1132544K
  class space    used 12819K, capacity 13898K, committed 14024K, reserved 1048576K
}
Event: 1832.289 GC heap after
{Heap after GC invocations=336 (full 22):
 garbage-first heap   total 340992K, used 107635K [0x0000000700000000, 0x0000000700100a68, 0x00000007c0000000)
  region size 1024K, 2 young (2048K), 2 survivors (2048K)
 Metaspace       used 91038K, capacity 97227K, committed 97480K, reserved 1132544K
  class space    used 12819K, capacity 13898K, committed 14024K, reserved 1048576K
}
Event: 1850.797 GC heap before
{Heap before GC invocations=336 (full 22):
 garbage-first heap   total 340992K, used 167027K [0x0000000700000000, 0x0000000700100a68, 0x00000007c0000000)
  region size 1024K, 60 young (61440K), 2 survivors (2048K)
 Metaspace       used 91053K, capacity 97227K, committed 97480K, reserved 1132544K
  class space    used 12819K, capacity 13898K, committed 14024K, reserved 1048576K
}
Event: 1850.802 GC heap after
{Heap after GC invocations=337 (full 22):
 garbage-first heap   total 340992K, used 108520K [0x0000000700000000, 0x0000000700100a68, 0x00000007c0000000)
  region size 1024K, 3 young (3072K), 3 survivors (3072K)
 Metaspace       used 91053K, capacity 97227K, committed 97480K, reserved 1132544K
  class space    used 12819K, capacity 13898K, committed 14024K, reserved 1048576K
}
Event: 1860.304 GC heap before
{Heap before GC invocations=337 (full 22):
 garbage-first heap   total 340992K, used 166888K [0x0000000700000000, 0x0000000700100a68, 0x00000007c0000000)
  region size 1024K, 60 young (61440K), 3 survivors (3072K)
 Metaspace       used 91071K, capacity 97227K, committed 97480K, reserved 1132544K
  class space    used 12819K, capacity 13898K, committed 14024K, reserved 1048576K
}
Event: 1860.309 GC heap after
{Heap after GC invocations=338 (full 22):
 garbage-first heap   total 340992K, used 108255K [0x0000000700000000, 0x0000000700100a68, 0x00000007c0000000)
  region size 1024K, 3 young (3072K), 3 survivors (3072K)
 Metaspace       used 91071K, capacity 97227K, committed 97480K, reserved 1132544K
  class space    used 12819K, capacity 13898K, committed 14024K, reserved 1048576K
}

Deoptimization events (10 events):
Event: 1794.429 Thread 0x0000000032334800 Uncommon trap: reason=unstable_if action=reinterpret pc=0x0000000026d50fec method=javax.swing.JComponent.getObscuredState(IIIII)I @ 54 c2
Event: 1800.198 Thread 0x0000000032334800 Uncommon trap: reason=unstable_if action=reinterpret pc=0x00000000262f0398 method=javax.swing.JRootPane.isOptimizedDrawingEnabled()Z @ 7 c2
Event: 1823.801 Thread 0x0000000032334800 Uncommon trap: reason=class_check action=maybe_recompile pc=0x00000000273f8390 method=javax.swing.undo.UndoManager.trimEdits(II)V @ 20 c2
Event: 1823.801 Thread 0x0000000032334800 Uncommon trap: reason=class_check action=maybe_recompile pc=0x00000000273f8390 method=javax.swing.undo.UndoManager.trimEdits(II)V @ 20 c2
Event: 1823.802 Thread 0x0000000032334800 Uncommon trap: reason=class_check action=maybe_recompile pc=0x00000000273f8390 method=javax.swing.undo.UndoManager.trimEdits(II)V @ 20 c2
Event: 1823.802 Thread 0x0000000032334800 Uncommon trap: reason=class_check action=maybe_recompile pc=0x00000000273f8390 method=javax.swing.undo.UndoManager.trimEdits(II)V @ 20 c2
Event: 1825.226 Thread 0x0000000032334800 Uncommon trap: reason=unstable_if action=reinterpret pc=0x00000000272b0408 method=javax.swing.JComponent.paintChildren(Ljava/awt/Graphics;)V @ 384 c2
Event: 1827.660 Thread 0x0000000032334800 Uncommon trap: reason=class_check action=maybe_recompile pc=0x0000000026d9bf68 method=java.awt.Component.dispatchEventImpl(Ljava/awt/AWTEvent;)V @ 195 c2
Event: 1850.825 Thread 0x000000003b606000 Uncommon trap: reason=unstable_if action=reinterpret pc=0x00000000270e5178 method=java.util.concurrent.locks.AbstractQueuedSynchronizer.acquireInterruptibly(I)V @ 19 c2
Event: 1852.803 Thread 0x0000000032334800 Uncommon trap: reason=bimorphic_or_optimized_type_check action=maybe_recompile pc=0x0000000026a032a4 method=java.awt.LightweightDispatcher.eventDispatched(Ljava/awt/AWTEvent;)V @ 247 c2

Classes redefined (0 events):
No events

Internal exceptions (10 events):
Event: 1639.942 Thread 0x0000000032334800 Exception <a 'java/lang/NoSuchMethodError'{0x0000000712f44228}: java.lang.invoke.DirectMethodHandle$Holder.invokeSpecial(Ljava/lang/Object;Ljava/lang/Object;IILjava/lang/Object;Ljava/lang/Object;I)Ljava/lang/Object;> (0x0000000712f44228) thrown at [t:/wor
Event: 1639.942 Thread 0x0000000032334800 Exception <a 'java/lang/NoSuchMethodError'{0x0000000712f47700}: java.lang.invoke.DelegatingMethodHandle$Holder.reinvoke_L(Ljava/lang/Object;IILjava/lang/Object;Ljava/lang/Object;I)Ljava/lang/Object;> (0x0000000712f47700) thrown at [t:/workspace/hotspot/sr
Event: 1641.857 Thread 0x0000000032328800 Exception <a 'java/lang/InterruptedException'{0x0000000714c01070}: sleep interrupted> (0x0000000714c01070) thrown at [t:/workspace/hotspot/src/share/vm/prims/jvm.cpp, line 2984]
Event: 1744.602 Thread 0x000000005cfca800 Exception <a 'java/lang/InterruptedException'{0x00000007123a23a0}: sleep interrupted> (0x00000007123a23a0) thrown at [t:/workspace/hotspot/src/share/vm/prims/jvm.cpp, line 3023]
Event: 1753.915 Thread 0x000000005cfc9000 Exception <a 'java/lang/InterruptedException'{0x0000000714448898}: sleep interrupted> (0x0000000714448898) thrown at [t:/workspace/hotspot/src/share/vm/prims/jvm.cpp, line 2984]
Event: 1776.731 Thread 0x000000005cfca800 Exception <a 'java/lang/InterruptedException'{0x0000000711e8da50}: sleep interrupted> (0x0000000711e8da50) thrown at [t:/workspace/hotspot/src/share/vm/prims/jvm.cpp, line 2984]
Event: 1776.735 Thread 0x000000005cfca800 Exception <a 'java/lang/InterruptedException'{0x0000000711e9b508}: sleep interrupted> (0x0000000711e9b508) thrown at [t:/workspace/hotspot/src/share/vm/prims/jvm.cpp, line 2984]
Event: 1785.908 Thread 0x000000005cfca800 Exception <a 'java/lang/InterruptedException'{0x0000000713a00390}: sleep interrupted> (0x0000000713a00390) thrown at [t:/workspace/hotspot/src/share/vm/prims/jvm.cpp, line 2984]
Event: 1797.915 Thread 0x000000005cfca800 Exception <a 'java/lang/InterruptedException'{0x00000007140904c8}: sleep interrupted> (0x00000007140904c8) thrown at [t:/workspace/hotspot/src/share/vm/prims/jvm.cpp, line 2984]
Event: 1831.871 Thread 0x000000005cfc9000 Exception <a 'java/lang/InterruptedException'{0x0000000713343d30}: sleep interrupted> (0x0000000713343d30) thrown at [t:/workspace/hotspot/src/share/vm/prims/jvm.cpp, line 2984]

Events (10 events):
Event: 1858.823 Thread 0x000000003b607800 Thread added: 0x000000003b607800
Event: 1858.827 Thread 0x000000003b607800 Thread exited: 0x000000003b607800
Event: 1859.824 Thread 0x000000003b607800 Thread added: 0x000000003b607800
Event: 1859.827 Thread 0x000000003b607800 Thread exited: 0x000000003b607800
Event: 1860.304 Executing VM operation: G1IncCollectionPause
Event: 1860.309 Executing VM operation: G1IncCollectionPause done
Event: 1860.825 Thread 0x000000003b607800 Thread added: 0x000000003b607800
Event: 1860.828 Thread 0x000000003b607800 Thread exited: 0x000000003b607800
Event: 1861.870 Thread 0x000000003b608000 Thread added: 0x000000003b608000
Event: 1861.873 Thread 0x000000003b608000 Thread exited: 0x000000003b608000


Dynamic libraries:
0x000000013f4b0000 - 0x000000013f4e0000 	C:\Xilinx\Vivado\2019.1\bin\unwrapped\win64.o\vivado.exe
0x0000000077240000 - 0x00000000773df000 	C:\WINDOWS\SYSTEM32\ntdll.dll
0x0000000077120000 - 0x000000007723f000 	C:\WINDOWS\system32\kernel32.dll
0x000007fefcf70000 - 0x000007fefcfd7000 	C:\WINDOWS\system32\KERNELBASE.dll
0x000007fef5af0000 - 0x000007fef5b04000 	C:\Xilinx\Vivado\2019.1\lib\win64.o\libboost_signals.dll
0x000007fef6e00000 - 0x000007fef6e9b000 	C:\WINDOWS\system32\MSVCP140.dll
0x000007fef91d0000 - 0x000007fef91e5000 	C:\WINDOWS\system32\VCRUNTIME140.dll
0x000007fef91c0000 - 0x000007fef91c4000 	C:\WINDOWS\system32\api-ms-win-crt-runtime-l1-1-0.dll
0x000007fef90c0000 - 0x000007fef91b4000 	C:\WINDOWS\system32\ucrtbase.DLL
0x000007fef90b0000 - 0x000007fef90b3000 	C:\WINDOWS\system32\api-ms-win-core-timezone-l1-1-0.dll
0x000007fef90a0000 - 0x000007fef90a3000 	C:\WINDOWS\system32\api-ms-win-core-file-l2-1-0.dll
0x000007fef9090000 - 0x000007fef9093000 	C:\WINDOWS\system32\api-ms-win-core-localization-l1-2-0.dll
0x000007fef9080000 - 0x000007fef9083000 	C:\WINDOWS\system32\api-ms-win-core-synch-l1-2-0.dll
0x000007fef9070000 - 0x000007fef9073000 	C:\WINDOWS\system32\api-ms-win-core-processthreads-l1-1-1.dll
0x000007fef9060000 - 0x000007fef9063000 	C:\WINDOWS\system32\api-ms-win-core-file-l1-2-0.dll
0x000007fef9050000 - 0x000007fef9053000 	C:\WINDOWS\system32\api-ms-win-crt-heap-l1-1-0.dll
0x000007fef9040000 - 0x000007fef9044000 	C:\WINDOWS\system32\api-ms-win-crt-string-l1-1-0.dll
0x000007fef9030000 - 0x000007fef9034000 	C:\WINDOWS\system32\api-ms-win-crt-stdio-l1-1-0.dll
0x000007fef9020000 - 0x000007fef9024000 	C:\WINDOWS\system32\api-ms-win-crt-convert-l1-1-0.dll
0x000007fef6df0000 - 0x000007fef6df3000 	C:\WINDOWS\system32\api-ms-win-crt-locale-l1-1-0.dll
0x000007fef6de0000 - 0x000007fef6de5000 	C:\WINDOWS\system32\api-ms-win-crt-math-l1-1-0.dll
0x000007fef6dd0000 - 0x000007fef6dd3000 	C:\WINDOWS\system32\api-ms-win-crt-filesystem-l1-1-0.dll
0x000007fef6dc0000 - 0x000007fef6dc3000 	C:\WINDOWS\system32\api-ms-win-crt-time-l1-1-0.dll
0x000007fef6db0000 - 0x000007fef6db3000 	C:\WINDOWS\system32\api-ms-win-crt-environment-l1-1-0.dll
0x000007fef6da0000 - 0x000007fef6da3000 	C:\WINDOWS\system32\api-ms-win-crt-utility-l1-1-0.dll
0x000007fed5ce0000 - 0x000007fed6bc2000 	C:\Xilinx\Vivado\2019.1\lib\win64.o\librdi_common.dll
0x000007fee5840000 - 0x000007fee5bae000 	C:\Xilinx\Vivado\2019.1\lib\win64.o\libCOIN-all.dll
0x000007fef59f0000 - 0x000007fef5a04000 	C:\Xilinx\Vivado\2019.1\lib\win64.o\libboost_date_time.dll
0x000007fef58d0000 - 0x000007fef58f6000 	C:\Xilinx\Vivado\2019.1\lib\win64.o\libboost_filesystem.dll
0x000007fefa920000 - 0x000007fefa92b000 	C:\Xilinx\Vivado\2019.1\lib\win64.o\libboost_system.dll
0x000007fefe6c0000 - 0x000007fefe79b000 	C:\WINDOWS\system32\ADVAPI32.dll
0x000007fefed20000 - 0x000007fefedbf000 	C:\WINDOWS\system32\msvcrt.dll
0x000007fefd1d0000 - 0x000007fefd1ef000 	C:\WINDOWS\SYSTEM32\sechost.dll
0x000007fefedc0000 - 0x000007fefeeec000 	C:\WINDOWS\system32\RPCRT4.dll
0x000007fef4a60000 - 0x000007fef4adf000 	C:\Xilinx\Vivado\2019.1\lib\win64.o\libboost_program_options.dll
0x000007fee8fe0000 - 0x000007fee90f4000 	C:\Xilinx\Vivado\2019.1\lib\win64.o\libboost_regex.dll
0x0000000077020000 - 0x000000007711a000 	C:\WINDOWS\system32\USER32.dll
0x000007fefeef0000 - 0x000007fefef57000 	C:\WINDOWS\system32\GDI32.dll
0x000007fefe610000 - 0x000007fefe61e000 	C:\WINDOWS\system32\LPK.dll
0x000007fefec50000 - 0x000007fefed1b000 	C:\WINDOWS\system32\USP10.dll
0x000007fef5710000 - 0x000007fef5731000 	C:\Xilinx\Vivado\2019.1\lib\win64.o\libboost_thread.dll
0x000007fef5ae0000 - 0x000007fef5aed000 	C:\Xilinx\Vivado\2019.1\lib\win64.o\libboost_chrono.dll
0x000007fef5aa0000 - 0x000007fef5aaf000 	C:\Xilinx\Vivado\2019.1\lib\win64.o\libboost_xilinx.dll
0x000007fee57b0000 - 0x000007fee5832000 	C:\Xilinx\Vivado\2019.1\lib\win64.o\libhdlpsolve.dll
0x000007fee4bf0000 - 0x000007fee4c95000 	C:\Xilinx\Vivado\2019.1\lib\win64.o\libhdxml.dll
0x000007fed5130000 - 0x000007fed5cdf400 	C:\Xilinx\Vivado\2019.1\lib\win64.o\libisl_iostreams.dll
0x000007fef59a0000 - 0x000007fef59bb000 	C:\Xilinx\Vivado\2019.1\lib\win64.o\libboost_iostreams.dll
0x000007fef5480000 - 0x000007fef54a1000 	C:\Xilinx\Vivado\2019.1\lib\win64.o\librdizlib.dll
0x000007fef5450000 - 0x000007fef5475000 	C:\Xilinx\Vivado\2019.1\lib\win64.o\libisl_iosutils.dll
0x000007fef5870000 - 0x000007fef588a000 	C:\Xilinx\Vivado\2019.1\lib\win64.o\pthreadVC2.dll
0x000007fef5700000 - 0x000007fef5703000 	C:\WINDOWS\system32\api-ms-win-crt-conio-l1-1-0.dll
0x000007fef53a0000 - 0x000007fef53ce000 	C:\Xilinx\Vivado\2019.1\lib\win64.o\libisl_sysinfo.dll
0x000007fefe160000 - 0x000007fefe1ad000 	C:\WINDOWS\system32\WS2_32.dll
0x000007fefef60000 - 0x000007fefef68000 	C:\WINDOWS\system32\NSI.dll
0x000007fef1110000 - 0x000007fef1175000 	C:\Xilinx\Vivado\2019.1\lib\win64.o\liblmx6.0.dll
0x000007fed9470000 - 0x000007fed9591000 	C:\Xilinx\Vivado\2019.1\lib\win64.o\librdi_commonxillic.dll
0x000007fed9190000 - 0x000007fed9468000 	C:\Xilinx\Vivado\2019.1\lib\win64.o\libXil_lmgr11.dll
0x000007fefa7d0000 - 0x000007fefa7e6000 	C:\WINDOWS\system32\NETAPI32.dll
0x000007fefc500000 - 0x000007fefc50c000 	C:\WINDOWS\system32\netutils.dll
0x000007fefc840000 - 0x000007fefc863000 	C:\WINDOWS\system32\srvcli.dll
0x000007fefa7b0000 - 0x000007fefa7c5000 	C:\WINDOWS\system32\wkscli.dll
0x000007fefe620000 - 0x000007fefe6b7000 	C:\WINDOWS\system32\COMDLG32.dll
0x000007fefd150000 - 0x000007fefd1c1000 	C:\WINDOWS\system32\SHLWAPI.dll
0x000007fef42e0000 - 0x000007fef4380000 	C:\WINDOWS\WinSxS\amd64_microsoft.windows.common-controls_6595b64144ccf1df_5.82.7601.18837_none_a4d981ff711297b6\COMCTL32.dll
0x000007fefd3a0000 - 0x000007fefe12b000 	C:\WINDOWS\system32\SHELL32.dll
0x000007fef6d90000 - 0x000007fef6d99000 	C:\WINDOWS\system32\WSOCK32.dll
0x000007feff270000 - 0x000007feff34b000 	C:\WINDOWS\system32\OLEAUT32.dll
0x000007feff070000 - 0x000007feff26f000 	C:\WINDOWS\system32\ole32.dll
0x000007fef95f0000 - 0x000007fef9608000 	C:\WINDOWS\system32\dhcpcsvc.DLL
0x000007fefcff0000 - 0x000007fefd02b000 	C:\WINDOWS\system32\WINTRUST.dll
0x000007fefcdd0000 - 0x000007fefcf3d000 	C:\WINDOWS\system32\CRYPT32.dll
0x000007fefcd90000 - 0x000007fefcd9f000 	C:\WINDOWS\system32\MSASN1.dll
0x000007fef5110000 - 0x000007fef512c000 	C:\Xilinx\Vivado\2019.1\lib\win64.o\librdiconfig.dll
0x0000000071d20000 - 0x0000000071e4b000 	C:\Xilinx\Vivado\2019.1\lib\win64.o\tcl85t.dll
0x0000000012000000 - 0x0000000012270000 	C:\Xilinx\Vivado\2019.1\lib\win64.o\xerces-c_3_1.dll
0x000007fefe7a0000 - 0x000007fefec4c000 	C:\WINDOWS\system32\WININET.dll
0x000007fefd0a0000 - 0x000007fefd0a4000 	C:\WINDOWS\system32\api-ms-win-downlevel-user32-l1-1-0.dll
0x000007fefd030000 - 0x000007fefd034000 	C:\WINDOWS\system32\api-ms-win-downlevel-shlwapi-l1-1-0.dll
0x000007fefcfe0000 - 0x000007fefcfe4000 	C:\WINDOWS\system32\api-ms-win-downlevel-version-l1-1-0.dll
0x000007fefbe60000 - 0x000007fefbe6c000 	C:\WINDOWS\system32\version.DLL
0x000007fefd090000 - 0x000007fefd093000 	C:\WINDOWS\system32\api-ms-win-downlevel-normaliz-l1-1-0.dll
0x00000000773f0000 - 0x00000000773f3000 	C:\WINDOWS\system32\normaliz.DLL
0x000007fefe340000 - 0x000007fefe60c000 	C:\WINDOWS\system32\iertutil.dll
0x000007fefcf40000 - 0x000007fefcf45000 	C:\WINDOWS\system32\api-ms-win-downlevel-advapi32-l1-1-0.dll
0x000007fefcf50000 - 0x000007fefcf6f000 	C:\WINDOWS\system32\USERENV.dll
0x000007fefcda0000 - 0x000007fefcdaf000 	C:\WINDOWS\system32\profapi.dll
0x000007fefac20000 - 0x000007fefac91000 	C:\WINDOWS\system32\WINHTTP.dll
0x000007fefabb0000 - 0x000007fefac15000 	C:\WINDOWS\system32\webio.dll
0x000007fefe1b0000 - 0x000007fefe33a000 	C:\WINDOWS\system32\urlmon.dll
0x000007fefd040000 - 0x000007fefd044000 	C:\WINDOWS\system32\api-ms-win-downlevel-ole32-l1-1-0.dll
0x000007fed4290000 - 0x000007fed5121000 	C:\Xilinx\Vivado\2019.1\lib\win64.o\gurobi65.dll
0x000007fef49a0000 - 0x000007fef49c7000 	C:\WINDOWS\system32\VCOMP140.DLL
0x000007fef50f0000 - 0x000007fef5104000 	C:\Xilinx\Vivado\2019.1\lib\win64.o\librdi_commonmain.dll
0x000007fef5630000 - 0x000007fef563a000 	C:\Xilinx\Vivado\2019.1\lib\win64.o\librdi_commonversion.dll
0x000007fefe130000 - 0x000007fefe15e000 	C:\WINDOWS\system32\IMM32.DLL
0x000007fefd290000 - 0x000007fefd39b000 	C:\WINDOWS\system32\MSCTF.dll
0x000007fed8c70000 - 0x000007fed9187000 	C:\Xilinx\Vivado\2019.1\lib\win64.o\librdi_commontasks.dll
0x0000000070330000 - 0x0000000070d55000 	C:\Xilinx\Vivado\2019.1\tps\win64\jre9.0.4\bin\server\jvm.dll
0x000007fef39f0000 - 0x000007fef3a2b000 	C:\WINDOWS\system32\WINMM.dll
0x00000000773e0000 - 0x00000000773e7000 	C:\WINDOWS\system32\PSAPI.DLL
0x000007fef24f0000 - 0x000007fef25df000 	C:\WINDOWS\system32\MSVCR120.dll
0x000007fed7fa0000 - 0x000007fed8226000 	C:\Xilinx\Vivado\2019.1\lib\win64.o\librdi_sio.dll
0x000007fef9800000 - 0x000007fef9827000 	C:\WINDOWS\system32\IPHLPAPI.DLL
0x000007fef97f0000 - 0x000007fef97fb000 	C:\WINDOWS\system32\WINNSI.DLL
0x000007fefc510000 - 0x000007fefc565000 	C:\WINDOWS\system32\MSWSOCK.DLL
0x000007fed1dd0000 - 0x000007fed428c000 	C:\Xilinx\Vivado\2019.1\lib\win64.o\librdi_tcltasks.dll
0x000007fed7b90000 - 0x000007fed7f98000 	C:\Xilinx\Vivado\2019.1\lib\win64.o\librdi_bitstream.dll
0x000007febf9a0000 - 0x000007fed1dcc000 	C:\Xilinx\Vivado\2019.1\lib\win64.o\librdi_device.dll
0x000007fef1fd0000 - 0x000007fef201c000 	C:\Xilinx\Vivado\2019.1\lib\win64.o\libboost_serialization.dll
0x000007febee50000 - 0x000007febf997000 	C:\Xilinx\Vivado\2019.1\lib\win64.o\libverific.dll
0x000007febecb0000 - 0x000007febee41000 	C:\Xilinx\Vivado\2019.1\lib\win64.o\librdi_board.dll
0x000007fed8bf0000 - 0x000007fed8c68000 	C:\Xilinx\Vivado\2019.1\lib\win64.o\librdi_boarddep.dll
0x000007fed7aa0000 - 0x000007fed7b8b000 	C:\Xilinx\Vivado\2019.1\lib\win64.o\librdi_chipscope.dll
0x000007febeb30000 - 0x000007febeca2000 	C:\Xilinx\Vivado\2019.1\lib\win64.o\librdi_advchipscopeimpl.dll
0x000007febd140000 - 0x000007febeb2a000 	C:\Xilinx\Vivado\2019.1\lib\win64.o\librdi_constraints.dll
0x000007febcaf0000 - 0x000007febd13d000 	C:\Xilinx\Vivado\2019.1\lib\win64.o\librdi_filemgmt.dll
0x000007febc950000 - 0x000007febcaef000 	C:\Xilinx\Vivado\2019.1\lib\win64.o\librdi_hip_devdesign.dll
0x000007febc880000 - 0x000007febc942000 	C:\Xilinx\Vivado\2019.1\lib\win64.o\librdi_ipconfig_readwrite.dll
0x000007febc1d0000 - 0x000007febc872000 	C:\Xilinx\Vivado\2019.1\lib\win64.o\librdi_netlist.dll
0x000007fed8b60000 - 0x000007fed8be8000 	C:\Xilinx\Vivado\2019.1\lib\win64.o\librdi_meir_core.dll
0x000007feefd40000 - 0x000007feefd83000 	C:\Xilinx\Vivado\2019.1\lib\win64.o\librdi_noc_frameworks.dll
0x000007febbde0000 - 0x000007febc1c5000 	C:\Xilinx\Vivado\2019.1\lib\win64.o\librdi_hip_config.dll
0x000007febb850000 - 0x000007febbdd1000 	C:\Xilinx\Vivado\2019.1\lib\win64.o\librdi_ippcw.dll
0x000007febb6a0000 - 0x000007febb84e000 	C:\Xilinx\Vivado\2019.1\lib\win64.o\librdi_hip_noc_tools.dll
0x000007febaf90000 - 0x000007febb699000 	C:\Xilinx\Vivado\2019.1\lib\win64.o\librdi_psta.dll
0x000007feb90d0000 - 0x000007febaf81000 	C:\Xilinx\Vivado\2019.1\lib\win64.o\librdi_coregen.dll
0x000007feb89f0000 - 0x000007feb90ca000 	C:\Xilinx\Vivado\2019.1\lib\win64.o\librdi_coregenipxact.dll
0x000007feb49a0000 - 0x000007feb89e3000 	C:\Xilinx\Vivado\2019.1\lib\win64.o\librdi_designutils.dll

VM Arguments:
jvm_args: -Dsun.java2d.pmoffscreen=false -Dsun.java2d.xrender=false -Dsun.java2d.d3d=false -Dsun.awt.nopixfmt=true -Dsun.java2d.dpiaware=true -Dsun.java2d.uiScale.enabled=false -Xverify:none -Dswing.aatext=true -XX:-UsePerfData -Djdk.map.althashing.threshold=512 -XX:StringTableSize=4072 --add-opens=java.base/java.nio=ALL-UNNAMED --add-opens=java.desktop/sun.swing=ALL-UNNAMED --add-opens=java.desktop/javax.swing=ALL-UNNAMED --add-opens=java.desktop/javax.swing.tree=ALL-UNNAMED --add-opens=java.desktop/javax.swing.plaf.basic=ALL-UNNAMED --add-opens=java.desktop/javax.swing.plaf.synth=ALL-UNNAMED --add-opens=java.desktop/com.sun.awt=ALL-UNNAMED -XX:NewSize=60m -XX:MaxNewSize=60m -Xms128m -Xmx3072m -Xss5m 
java_command: <unknown>
java_class_path (initial): C:/Xilinx/Vivado/2019.1\lib\classes\alloy.jar;C:/Xilinx/Vivado/2019.1\lib\classes\autopilot.scelaborator.jar;C:/Xilinx/Vivado/2019.1\lib\classes\autopilot.sourceprocessor.jar;C:/Xilinx/Vivado/2019.1\lib\classes\autopilot.tbprocessor.jar;C:/Xilinx/Vivado/2019.1\lib\classes\batik-anim.jar;C:/Xilinx/Vivado/2019.1\lib\classes\batik-awt-util.jar;C:/Xilinx/Vivado/2019.1\lib\classes\batik-bridge.jar;C:/Xilinx/Vivado/2019.1\lib\classes\batik-codec.jar;C:/Xilinx/Vivado/2019.1\lib\classes\batik-css.jar;C:/Xilinx/Vivado/2019.1\lib\classes\batik-dom.jar;C:/Xilinx/Vivado/2019.1\lib\classes\batik-ext.jar;C:/Xilinx/Vivado/2019.1\lib\classes\batik-gui-util.jar;C:/Xilinx/Vivado/2019.1\lib\classes\batik-gvt.jar;C:/Xilinx/Vivado/2019.1\lib\classes\batik-parser.jar;C:/Xilinx/Vivado/2019.1\lib\classes\batik-script.jar;C:/Xilinx/Vivado/2019.1\lib\classes\batik-svg-dom.jar;C:/Xilinx/Vivado/2019.1\lib\classes\batik-swing.jar;C:/Xilinx/Vivado/2019.1\lib\classes\batik-transcoder.jar;C:/Xilinx/Vivado/2019.1\lib\classes\batik-util.jar;C:/Xilinx/Vivado/2019.1\lib\classes\batik-xml.jar;C:/Xilinx/Vivado/2019.1\lib\classes\com.google.gson_2.7.0.v20170129-0911.jar;C:/Xilinx/Vivado/2019.1\lib\classes\com.google.guava_21.0.0.v20170206-1425.jar;C:/Xilinx/Vivado/2019.1\lib\classes\com.google.inject_3.0.0.v201605172100.jar;C:/Xilinx/Vivado/2019.1\lib\classes\com.ibm.icu_4.4.2.v20110208.jar;C:/Xilinx/Vivado/2019.1\lib\classes\com.sigasi.hdt.annotations.runtime_4.3.0.201903071210.jar;C:/Xilinx/Vivado/2019.1\lib\classes\com.sigasi.hdt.blockdiagram.model_4.3.0.201903071210.jar;C:/Xilinx/Vivado/2019.1\lib\classes\com.sigasi.hdt.connection_4.3.0.201903071210.jar;C:/Xilinx/Vivado/2019.1\lib\classes\com.sigasi.hdt.dependencies.model_4.3.0.201903071210.jar;C:/Xilinx/Vivado/2019.1\lib\classes\com.sigasi.hdt.epl_4.3.0.201903071210.jar;C:/Xilinx/Vivado/2019.1\lib\classes\com.sigasi.hdt.graphics.model_4.3.0.201903071210.jar;C:/Xilinx/Vivado/2019.1\lib\classes\com.sigasi.hdt.project_4.3.0
Launcher Type: generic

Logging:
Log output configuration:
#0: stdout all=warning uptime,level,tags
#1: stderr all=off uptime,level,tags

Environment Variables:
JAVA_HOME=C:\Users\j.borbely\jdk-11.0.2
PATH=C:/Xilinx/Vivado/2019.1/bin;C:/Xilinx/Vivado/2019.1/lib/win64.o;C:/Xilinx/Vivado/2019.1/tps/win64/jre9.0.4/bin/server;C:/Xilinx/Vivado/2019.1/tps/win64/jre9.0.4/bin;C:/Xilinx/SDK/2019.1/bin;C:/Xilinx/Vivado/2019.1/ids_lite/ISE/bin/nt64;C:/Xilinx/Vivado/2019.1/ids_lite/ISE/lib/nt64;C:\Program Files\Pico Technology\SDK\lib\;C:\WINDOWS\system32;C:\WINDOWS;C:\WINDOWS\System32\Wbem;C:\WINDOWS\System32\WindowsPowerShell\v1.0\;C:\Program Files (x86)\IVI Foundation\VISA\WinNT\Bin\;C:\Program Files\IVI Foundation\VISA\Win64\Bin\;C:\Program Files\TortoiseGit\bin;C:\Program Files\PuTTY\;C:\Program Files\Git\cmd;C:\Program Files (x86)\Pico Technology\PicoScope6\;C:\Users\j.borbely\AppData\Local\Programs\Python\Python38\Scripts\;C:\Users\j.borbely\AppData\Local\Programs\Python\Python38\;C:\Program Files\Redis;C:\Users\j.borbely\jdk-11.0.2\bin;C:\Users\j.borbely\Python37-32;C:\Users\j.borbely\Python37-32\Scripts;;C:/Xilinx/Vivado/2019.1\tps\mingw\6.2.0\win64.o\nt\bin;C:/Xilinx/Vivado/2019.1\tps\mingw\6.2.0\win64.o\nt\libexec\gcc\x86_64-w64-mingw32\6.2.0;C:/Xilinx/Vivado/2019.1\tps\win64\python-2.7.5;C:/Xilinx/Vivado/2019.1\tps\win64\python-2.7.5\lib;C:/Xilinx/Vivado/2019.1\tps\win64\python-2.7.5\Lib\lib-tk;C:/Xilinx/Vivado/2019.1\tps\win64\python-2.7.5\lib\site-packages
USERNAME=j.borbely
OS=Windows_NT
PROCESSOR_IDENTIFIER=Intel64 Family 6 Model 94 Stepping 3, GenuineIntel



---------------  S Y S T E M  ---------------

OS: Windows 7 , 64 bit Build 7601 (6.1.7601.24535)

CPU:total 4 (initial active 4) (4 cores per cpu, 1 threads per core) family 6 model 94 stepping 3, cmov, cx8, fxsr, mmx, sse, sse2, sse3, ssse3, sse4.1, sse4.2, popcnt, avx, avx2, aes, clmul, erms, rtm, 3dnowpref, lzcnt, tsc, tscinvbit, bmi1, bmi2, adx, fma

Memory: 4k page, physical 16628852k(8214024k free), swap 17446152k(9452612k free)

vm_info: Java HotSpot(TM) 64-Bit Server VM (9.0.4+11) for windows-amd64 JRE (9.0.4+11), built on Dec 20 2017 02:18:54 by "mach5one" with MS VC++ 12.0 (VS2013)

END.
