Vivado Simulator 2019.1
Copyright 1986-1999, 2001-2019 Xilinx, Inc. All Rights Reserved.
Running: C:/Xilinx/Vivado/2019.1/bin/unwrapped/win64.o/xelab.exe -wto 48e5fdbe581c4a209cf8d8dd6334f8ff --incr --debug typical --relax --mt 2 -L xil_defaultlib -L xbip_utils_v3_0_10 -L c_reg_fd_v12_0_6 -L xbip_dsp48_wrapper_v3_0_4 -L xbip_pipe_v3_0_6 -L xbip_dsp48_addsub_v3_0_6 -L xbip_addsub_v3_0_6 -L c_addsub_v12_0_13 -L c_gate_bit_v12_0_6 -L xbip_counter_v3_0_6 -L c_counter_binary_v12_0_13 -L secureip -L xpm --snapshot SCS_TT_TB_behav xil_defaultlib.SCS_TT_TB -log elaborate.log 
Using 2 slave threads.
Starting static elaboration
Completed static elaboration
Starting simulation data flow analysis
Completed simulation data flow analysis
Time Resolution for simulation is 1ps
Compiling package std.standard
Compiling package std.textio
Compiling package ieee.std_logic_1164
Compiling package ieee.numeric_std
Compiling package unisim.vcomponents
Compiling package c_counter_binary_v12_0_13.c_counter_binary_v12_0_13_viv_co...
Compiling package xbip_utils_v3_0_10.xbip_utils_v3_0_10_pkg
Compiling package xbip_counter_v3_0_6.xbip_counter_v3_0_6_viv_comp
Compiling package ieee.std_logic_arith
Compiling package ieee.std_logic_unsigned
Compiling package xbip_counter_v3_0_6.xbip_counter_v3_0_6_pkg
Compiling package c_counter_binary_v12_0_13.c_counter_binary_v12_0_13_pkg
Compiling package c_addsub_v12_0_13.c_addsub_v12_0_13_pkg_legacy
Compiling package c_reg_fd_v12_0_6.c_reg_fd_v12_0_6_viv_comp
Compiling package c_addsub_v12_0_13.c_addsub_v12_0_13_pkg
Compiling architecture behavioral of entity xil_defaultlib.TT_CDELAY [tt_cdelay_default]
Compiling architecture scs_tt_tt_cdelay_2_1_arch of entity xil_defaultlib.SCS_TT_TT_CDELAY_2_1 [scs_tt_tt_cdelay_2_1_default]
Compiling architecture scs_tt_tt_cdelay_0_0_arch of entity xil_defaultlib.SCS_TT_TT_CDELAY_0_0 [scs_tt_tt_cdelay_0_0_default]
Compiling architecture scs_tt_tt_cdelay_0_1_arch of entity xil_defaultlib.SCS_TT_TT_CDELAY_0_1 [scs_tt_tt_cdelay_0_1_default]
Compiling architecture scs_tt_tt_cdelay_1_0_arch of entity xil_defaultlib.SCS_TT_TT_CDELAY_1_0 [scs_tt_tt_cdelay_1_0_default]
Compiling architecture scs_tt_tt_cdelay_2_0_arch of entity xil_defaultlib.SCS_TT_TT_CDELAY_2_0 [scs_tt_tt_cdelay_2_0_default]
Compiling architecture structural of entity c_reg_fd_v12_0_6.c_reg_fd_v12_0_6_viv [\c_reg_fd_v12_0_6_viv(c_width=32...]
Compiling architecture muxcy_v of entity unisim.MUXCY [muxcy_default]
Compiling architecture xorcy_v of entity unisim.XORCY [xorcy_default]
Compiling architecture rtl of entity c_addsub_v12_0_13.c_addsub_v12_0_13_lut6_legacy [\c_addsub_v12_0_13_lut6_legacy(c...]
Compiling architecture synth of entity c_addsub_v12_0_13.c_addsub_v12_0_13_fabric_legacy [\c_addsub_v12_0_13_fabric_legacy...]
Compiling architecture synth of entity c_addsub_v12_0_13.c_addsub_v12_0_13_legacy [\c_addsub_v12_0_13_legacy(c_fami...]
Compiling architecture synth of entity c_counter_binary_v12_0_13.c_counter_binary_v12_0_13_legacy [\c_counter_binary_v12_0_13_legac...]
Compiling architecture synth of entity c_counter_binary_v12_0_13.c_counter_binary_v12_0_13_viv [\c_counter_binary_v12_0_13_viv(c...]
Compiling architecture xilinx of entity c_counter_binary_v12_0_13.c_counter_binary_v12_0_13 [\c_counter_binary_v12_0_13(c_xde...]
Compiling architecture scs_tt_ctr_arch of entity xil_defaultlib.SCS_TT_CTR [scs_tt_ctr_default]
Compiling architecture behavioral of entity xil_defaultlib.TT_DETECTOR [tt_detector_default]
Compiling architecture scs_tt_tt_detector_0_0_arch of entity xil_defaultlib.SCS_TT_TT_DETECTOR_0_0 [scs_tt_tt_detector_0_0_default]
Compiling architecture structure of entity xil_defaultlib.SCS_TT [scs_tt_default]
Compiling architecture structure of entity xil_defaultlib.SCS_TT_wrapper [scs_tt_wrapper_default]
Compiling architecture behavioral of entity xil_defaultlib.scs_tt_tb
Built simulation snapshot SCS_TT_TB_behav
