Copyright 1986-2019 Xilinx, Inc. All Rights Reserved.
-------------------------------------------------------------------------------------------------------------------------------------------------------------------------------
| Tool Version     : Vivado v.2019.1 (win64) Build 2552052 Fri May 24 14:49:42 MDT 2019
| Date             : Mon Nov 25 11:38:23 2019
| Host             : CISS31247 running 64-bit major release  (build 9200)
| Command          : report_power -file TDC_OVERLAY_wrapper_power_routed.rpt -pb TDC_OVERLAY_wrapper_power_summary_routed.pb -rpx TDC_OVERLAY_wrapper_power_routed.rpx
| Design           : TDC_OVERLAY_wrapper
| Device           : xc7z020clg400-1
| Design State     : routed
| Grade            : commercial
| Process          : typical
| Characterization : Production
-------------------------------------------------------------------------------------------------------------------------------------------------------------------------------

Power Report

Table of Contents
-----------------
1. Summary
1.1 On-Chip Components
1.2 Power Supply Summary
1.3 Confidence Level
2. Settings
2.1 Environment
2.2 Clock Constraints
3. Detailed Reports
3.1 By Hierarchy

1. Summary
----------

+--------------------------+--------------+
| Total On-Chip Power (W)  | 1.532        |
| Design Power Budget (W)  | Unspecified* |
| Power Budget Margin (W)  | NA           |
| Dynamic (W)              | 1.394        |
| Device Static (W)        | 0.137        |
| Effective TJA (C/W)      | 11.5         |
| Max Ambient (C)          | 67.3         |
| Junction Temperature (C) | 42.7         |
| Confidence Level         | Medium       |
| Setting File             | ---          |
| Simulation Activity File | ---          |
| Design Nets Matched      | NA           |
+--------------------------+--------------+
* Specify Design Power Budget using, set_operating_conditions -design_power_budget <value in Watts>


1.1 On-Chip Components
----------------------

+-------------------------+-----------+----------+-----------+-----------------+
| On-Chip                 | Power (W) | Used     | Available | Utilization (%) |
+-------------------------+-----------+----------+-----------+-----------------+
| Clocks                  |     0.011 |        6 |       --- |             --- |
| Slice Logic             |     0.001 |     2267 |       --- |             --- |
|   LUT as Logic          |     0.001 |      656 |     53200 |            1.23 |
|   Register              |    <0.001 |     1109 |    106400 |            1.04 |
|   CARRY4                |    <0.001 |       30 |     13300 |            0.23 |
|   LUT as Shift Register |    <0.001 |       62 |     17400 |            0.36 |
|   Others                |     0.000 |      219 |       --- |             --- |
| Signals                 |     0.002 |     1679 |       --- |             --- |
| MMCM                    |     0.124 |        1 |         4 |           25.00 |
| I/O                     |    <0.001 |        3 |       125 |            2.40 |
| PS7                     |     1.256 |        1 |       --- |             --- |
| Static Power            |     0.137 |          |           |                 |
| Total                   |     1.532 |          |           |                 |
+-------------------------+-----------+----------+-----------+-----------------+


1.2 Power Supply Summary
------------------------

+-----------+-------------+-----------+-------------+------------+
| Source    | Voltage (V) | Total (A) | Dynamic (A) | Static (A) |
+-----------+-------------+-----------+-------------+------------+
| Vccint    |       1.000 |     0.030 |       0.016 |      0.014 |
| Vccaux    |       1.800 |     0.083 |       0.068 |      0.015 |
| Vcco33    |       3.300 |     0.000 |       0.000 |      0.000 |
| Vcco25    |       2.500 |     0.000 |       0.000 |      0.000 |
| Vcco18    |       1.800 |     0.000 |       0.000 |      0.000 |
| Vcco15    |       1.500 |     0.000 |       0.000 |      0.000 |
| Vcco135   |       1.350 |     0.000 |       0.000 |      0.000 |
| Vcco12    |       1.200 |     0.000 |       0.000 |      0.000 |
| Vccaux_io |       1.800 |     0.000 |       0.000 |      0.000 |
| Vccbram   |       1.000 |     0.001 |       0.000 |      0.001 |
| MGTAVcc   |       1.000 |     0.000 |       0.000 |      0.000 |
| MGTAVtt   |       1.200 |     0.000 |       0.000 |      0.000 |
| MGTVccaux |       1.800 |     0.000 |       0.000 |      0.000 |
| Vccpint   |       1.000 |     0.675 |       0.647 |      0.028 |
| Vccpaux   |       1.800 |     0.036 |       0.026 |      0.010 |
| Vccpll    |       1.800 |     0.017 |       0.014 |      0.003 |
| Vcco_ddr  |       1.500 |     0.354 |       0.352 |      0.002 |
| Vcco_mio0 |       3.300 |     0.003 |       0.002 |      0.001 |
| Vcco_mio1 |       1.800 |     0.003 |       0.002 |      0.001 |
| Vccadc    |       1.800 |     0.020 |       0.000 |      0.020 |
+-----------+-------------+-----------+-------------+------------+


1.3 Confidence Level
--------------------

+-----------------------------+------------+-------------------------------------------------------+------------------------------------------------------------------------------------------------------------+
| User Input Data             | Confidence | Details                                               | Action                                                                                                     |
+-----------------------------+------------+-------------------------------------------------------+------------------------------------------------------------------------------------------------------------+
| Design implementation state | High       | Design is routed                                      |                                                                                                            |
| Clock nodes activity        | High       | User specified more than 95% of clocks                |                                                                                                            |
| I/O nodes activity          | Medium     | More than 5% of inputs are missing user specification | Provide missing input activity with simulation results or by editing the "By Resource Type -> I/Os" view   |
| Internal nodes activity     | Medium     | User specified less than 25% of internal nodes        | Provide missing internal nodes activity with simulation results or by editing the "By Resource Type" views |
| Device models               | High       | Device models are Production                          |                                                                                                            |
|                             |            |                                                       |                                                                                                            |
| Overall confidence level    | Medium     |                                                       |                                                                                                            |
+-----------------------------+------------+-------------------------------------------------------+------------------------------------------------------------------------------------------------------------+


2. Settings
-----------

2.1 Environment
---------------

+-----------------------+------------------------+
| Ambient Temp (C)      | 25.0                   |
| ThetaJA (C/W)         | 11.5                   |
| Airflow (LFM)         | 250                    |
| Heat Sink             | none                   |
| ThetaSA (C/W)         | 0.0                    |
| Board Selection       | medium (10"x10")       |
| # of Board Layers     | 8to11 (8 to 11 Layers) |
| Board Temperature (C) | 25.0                   |
+-----------------------+------------------------+


2.2 Clock Constraints
---------------------

+----------------------------------+----------------------------------------------------------------+-----------------+
| Clock                            | Domain                                                         | Constraint (ns) |
+----------------------------------+----------------------------------------------------------------+-----------------+
| clk_fpga_0                       | TDC_OVERLAY_i/processing_system7_0/inst/FCLK_CLK_unbuffered[0] |            10.0 |
| clk_out1_TDC_OVERLAY_clk_wiz_0_0 | TDC_OVERLAY_i/clk_wiz_0/inst/clk_out1_TDC_OVERLAY_clk_wiz_0_0  |             2.2 |
| clkfbout_TDC_OVERLAY_clk_wiz_0_0 | TDC_OVERLAY_i/clk_wiz_0/inst/clkfbout_TDC_OVERLAY_clk_wiz_0_0  |            40.0 |
| sys_clock                        | sys_clock                                                      |             8.0 |
+----------------------------------+----------------------------------------------------------------+-----------------+


3. Detailed Reports
-------------------

3.1 By Hierarchy
----------------

+--------------------------+-----------+
| Name                     | Power (W) |
+--------------------------+-----------+
| TDC_OVERLAY_wrapper      |     1.394 |
|   TDC_OVERLAY_i          |     1.394 |
|     TCH_TDC_OV_wrapper_0 |     0.006 |
|       U0                 |     0.006 |
|     axi_gpio_0           |     0.002 |
|       U0                 |     0.002 |
|     clk_wiz_0            |     0.124 |
|       inst               |     0.124 |
|     processing_system7_0 |     1.256 |
|       inst               |     1.256 |
|     ps7_0_axi_periph     |     0.005 |
|       s00_couplers       |     0.004 |
+--------------------------+-----------+


