Copyright 1986-2019 Xilinx, Inc. All Rights Reserved.
------------------------------------------------------------------------------------
| Tool Version : Vivado v.2019.1 (win64) Build 2552052 Fri May 24 14:49:42 MDT 2019
| Date         : Thu Dec  5 10:38:10 2019
| Host         : CISS32101 running 64-bit Service Pack 1  (build 7601)
| Command      : upgrade_ip
| Device       : xc7z020clg400-1
------------------------------------------------------------------------------------

Upgrade Log for IP 'SP_OV_PG_AXI_PERIPH_wrapper_0_0'

1. Summary
----------

SUCCESS in the upgrade of SP_OV_PG_AXI_PERIPH_wrapper_0_0 (cri.nz:user:PG_AXI_PERIPH_wrapper:1.0) from (Rev. 2) to (Rev. 3)






Copyright 1986-2019 Xilinx, Inc. All Rights Reserved.
------------------------------------------------------------------------------------
| Tool Version : Vivado v.2019.1 (win64) Build 2552052 Fri May 24 14:49:42 MDT 2019
| Date         : Thu Dec  5 09:26:59 2019
| Host         : CISS32101 running 64-bit Service Pack 1  (build 7601)
| Command      : upgrade_ip
| Device       : xc7z020clg400-1
------------------------------------------------------------------------------------

Upgrade Log for IP 'SP_OV_rst_ps7_0_100M_0'

1. Summary
----------

SUCCESS in the conversion of SP_OV_rst_ps7_0_100M_0 (xilinx.com:ip:proc_sys_reset:5.0 (Rev. 13)) to Vivado generation flows.






Copyright 1986-2019 Xilinx, Inc. All Rights Reserved.
------------------------------------------------------------------------------------
| Tool Version : Vivado v.2019.1 (win64) Build 2552052 Fri May 24 14:49:42 MDT 2019
| Date         : Thu Dec  5 09:26:59 2019
| Host         : CISS32101 running 64-bit Service Pack 1  (build 7601)
| Command      : upgrade_ip
| Device       : xc7z020clg400-1
------------------------------------------------------------------------------------

Upgrade Log for IP 'SP_OV_processing_system7_0_0'

1. Summary
----------

SUCCESS in the conversion of SP_OV_processing_system7_0_0 (xilinx.com:ip:processing_system7:5.5 (Rev. 6)) to Vivado generation flows.

2. Upgrade messages
-------------------

WARNING: upgrade cannot add parameter PCW_TRACE_INTERNAL_WIDTH with default value 32 : a parameter called PCW_TRACE_INTERNAL_WIDTH already exists in processing_system7_v5_5
WARNING: upgrade cannot add parameter PCW_USE_AXI_NONSECURE with default value 0 : a parameter called PCW_USE_AXI_NONSECURE already exists in processing_system7_v5_5
WARNING: upgrade cannot add parameter PCW_EN_PTP_ENET0 with default value 1 : a parameter called PCW_EN_PTP_ENET0 already exists in processing_system7_v5_5
WARNING: upgrade cannot add parameter PCW_EN_PTP_ENET0 with default value 1 : a parameter called PCW_EN_PTP_ENET0 already exists in processing_system7_v5_5
WARNING: upgrade cannot add parameter PCW_GP0_NUM_WRITE_THREADS with default value 4 : a parameter called PCW_GP0_NUM_WRITE_THREADS already exists in processing_system7_v5_5
WARNING: upgrade cannot add parameter PCW_GP0_NUM_READ_THREADS with default value 4 : a parameter called PCW_GP0_NUM_READ_THREADS already exists in processing_system7_v5_5
WARNING: upgrade cannot add parameter PCW_GP1_NUM_WRITE_THREADS with default value 4 : a parameter called PCW_GP1_NUM_WRITE_THREADS already exists in processing_system7_v5_5
WARNING: upgrade cannot add parameter PCW_GP1_NUM_READ_THREADS with default value 4 : a parameter called PCW_GP1_NUM_READ_THREADS already exists in processing_system7_v5_5
WARNING: upgrade cannot add parameter PCW_GP0_EN_MODIFIABLE_TXN with default value 0 : a parameter called PCW_GP0_EN_MODIFIABLE_TXN already exists in processing_system7_v5_5
WARNING: upgrade cannot add parameter PCW_GP1_EN_MODIFIABLE_TXN with default value 0 : a parameter called PCW_GP1_EN_MODIFIABLE_TXN already exists in processing_system7_v5_5






Copyright 1986-2019 Xilinx, Inc. All Rights Reserved.
------------------------------------------------------------------------------------
| Tool Version : Vivado v.2019.1 (win64) Build 2552052 Fri May 24 14:49:42 MDT 2019
| Date         : Thu Dec  5 09:26:59 2019
| Host         : CISS32101 running 64-bit Service Pack 1  (build 7601)
| Command      : upgrade_ip
| Device       : xc7z020clg400-1
------------------------------------------------------------------------------------

Upgrade Log for IP 'SP_OV_clk_wiz_0_0'

1. Summary
----------

SUCCESS in the conversion of SP_OV_clk_wiz_0_0 (xilinx.com:ip:clk_wiz:6.0 (Rev. 3)) to Vivado generation flows.






Copyright 1986-2019 Xilinx, Inc. All Rights Reserved.
------------------------------------------------------------------------------------
| Tool Version : Vivado v.2019.1 (win64) Build 2552052 Fri May 24 14:49:42 MDT 2019
| Date         : Thu Dec  5 09:26:59 2019
| Host         : CISS32101 running 64-bit Service Pack 1  (build 7601)
| Command      : upgrade_ip
| Device       : xc7z020clg400-1
------------------------------------------------------------------------------------

Upgrade Log for IP 'SP_OV_TIMER_CLK_0'

1. Summary
----------

SUCCESS in the conversion of SP_OV_TIMER_CLK_0 (xilinx.com:ip:clk_wiz:6.0 (Rev. 3)) to Vivado generation flows.






Copyright 1986-2019 Xilinx, Inc. All Rights Reserved.
------------------------------------------------------------------------------------
| Tool Version : Vivado v.2019.1 (win64) Build 2552052 Fri May 24 14:49:42 MDT 2019
| Date         : Thu Dec  5 09:26:59 2019
| Host         : CISS32101 running 64-bit Service Pack 1  (build 7601)
| Command      : upgrade_ip
| Device       : xc7z020clg400-1
------------------------------------------------------------------------------------

Upgrade Log for IP 'SP_OV_ST_AXI_PERIPH_wrapper_0_0'

1. Summary
----------

SUCCESS in the conversion of SP_OV_ST_AXI_PERIPH_wrapper_0_0 (cri.nz:user:ST_AXI_PERIPH_wrapper:1.0 (Rev. 2)) to Vivado generation flows.






Copyright 1986-2019 Xilinx, Inc. All Rights Reserved.
------------------------------------------------------------------------------------
| Tool Version : Vivado v.2019.1 (win64) Build 2552052 Fri May 24 14:49:42 MDT 2019
| Date         : Thu Dec  5 09:26:59 2019
| Host         : CISS32101 running 64-bit Service Pack 1  (build 7601)
| Command      : upgrade_ip
| Device       : xc7z020clg400-1
------------------------------------------------------------------------------------

Upgrade Log for IP 'SP_OV_P_COUNTER_wrapper_0_0'

1. Summary
----------

SUCCESS in the conversion of SP_OV_P_COUNTER_wrapper_0_0 (cri.nz:user:P_COUNTER_wrapper:1.0 (Rev. 2)) to Vivado generation flows.






Copyright 1986-2019 Xilinx, Inc. All Rights Reserved.
------------------------------------------------------------------------------------
| Tool Version : Vivado v.2019.1 (win64) Build 2552052 Fri May 24 14:49:42 MDT 2019
| Date         : Thu Dec  5 09:26:59 2019
| Host         : CISS32101 running 64-bit Service Pack 1  (build 7601)
| Command      : upgrade_ip
| Device       : xc7z020clg400-1
------------------------------------------------------------------------------------

Upgrade Log for IP 'SP_OV_PG_AXI_PERIPH_wrapper_0_0'

1. Summary
----------

SUCCESS in the conversion of SP_OV_PG_AXI_PERIPH_wrapper_0_0 (cri.nz:user:PG_AXI_PERIPH_wrapper:1.0 (Rev. 2)) to Vivado generation flows.






Copyright 1986-2019 Xilinx, Inc. All Rights Reserved.
------------------------------------------------------------------------------------
| Tool Version : Vivado v.2019.1 (win64) Build 2552052 Fri May 24 14:49:42 MDT 2019
| Date         : Thu Dec  5 09:26:35 2019
| Host         : CISS32101 running 64-bit Service Pack 1  (build 7601)
| Command      : upgrade_ip
| Device       : xc7z020clg400-1
------------------------------------------------------------------------------------

Upgrade Log for IP 'SP_OV_CT_AXI_PERIPH_wrapper_0_0'

1. Summary
----------

SUCCESS in the conversion of SP_OV_CT_AXI_PERIPH_wrapper_0_0 (cri.nz:user:CT_AXI_PERIPH_wrapper:1.0 (Rev. 4)) to Vivado generation flows.

