#
# A fatal error has been detected by the Java Runtime Environment:
#
#  EXCEPTION_ACCESS_VIOLATION (0xc0000005) at pc=0x000007fea1e1809f, pid=13036, tid=11652
#
# JRE version: Java(TM) SE Runtime Environment (9.0+11) (build 9.0.4+11)
# Java VM: Java HotSpot(TM) 64-Bit Server VM (9.0.4+11, mixed mode, tiered, compressed oops, g1 gc, windows-amd64)
# Problematic frame:
# C  [librdi_device.dll+0x5c809f]
#
# No core dump will be written. Minidumps are not enabled by default on client versions of Windows
#
# If you would like to submit a bug report, please visit:
#   http://bugreport.java.com/bugreport/crash.jsp
# The crash happened outside the Java Virtual Machine in native code.
# See problematic frame for where to report the bug.
#

---------------  S U M M A R Y ------------

Command Line: -Dsun.java2d.pmoffscreen=false -Dsun.java2d.xrender=false -Dsun.java2d.d3d=false -Dsun.awt.nopixfmt=true -Dsun.java2d.dpiaware=true -Dsun.java2d.uiScale.enabled=false -Xverify:none -Dswing.aatext=true -XX:-UsePerfData -Djdk.map.althashing.threshold=512 -XX:StringTableSize=4072 --add-opens=java.base/java.nio=ALL-UNNAMED --add-opens=java.desktop/sun.swing=ALL-UNNAMED --add-opens=java.desktop/javax.swing=ALL-UNNAMED --add-opens=java.desktop/javax.swing.tree=ALL-UNNAMED --add-opens=java.desktop/javax.swing.plaf.basic=ALL-UNNAMED --add-opens=java.desktop/javax.swing.plaf.synth=ALL-UNNAMED --add-opens=java.desktop/com.sun.awt=ALL-UNNAMED -XX:NewSize=60m -XX:MaxNewSize=60m -Xms128m -Xmx3072m -Xss5m 

Host: Intel(R) Core(TM) i5-6600 CPU @ 3.30GHz, 4 cores, 15G,  Windows 7 , 64 bit Build 7601 (6.1.7601.24540)
Time: Fri Jan 31 14:01:39 2020 New Zealand Daylight Time elapsed time: 2583 seconds (0d 0h 43m 3s)

---------------  T H R E A D  ---------------

Current thread (0x0000000032b43000):  JavaThread "AWT-EventQueue-1" [_thread_in_native, id=11652, stack(0x0000000037e20000,0x0000000038320000)]

Stack: [0x0000000037e20000,0x0000000038320000],  sp=0x000000003831b0e0,  free space=5100k
Native frames: (J=compiled Java code, j=interpreted, Vv=VM code, C=native code)

Java frames: (J=compiled Java code, j=interpreted, Vv=VM code)
j  ui.frmwork.tcltasksi.abortNow()V+0
j  ui.bm.b(Ljava/awt/Component;)Z+69
j  ui.cd.windowClosing(Ljava/awt/event/WindowEvent;)V+79
j  java.awt.AWTEventMulticaster.windowClosing(Ljava/awt/event/WindowEvent;)V+21 java.desktop@9.0.4
j  java.awt.AWTEventMulticaster.windowClosing(Ljava/awt/event/WindowEvent;)V+8 java.desktop@9.0.4
j  java.awt.AWTEventMulticaster.windowClosing(Ljava/awt/event/WindowEvent;)V+8 java.desktop@9.0.4
j  java.awt.AWTEventMulticaster.windowClosing(Ljava/awt/event/WindowEvent;)V+8 java.desktop@9.0.4
J 25953 c1 java.awt.Window.processWindowEvent(Ljava/awt/event/WindowEvent;)V java.desktop@9.0.4 (127 bytes) @ 0x00000000204d84f4 [0x00000000204d7ee0+0x0000000000000614]
j  javax.swing.JFrame.processWindowEvent(Ljava/awt/event/WindowEvent;)V+2 java.desktop@9.0.4
J 22251 c1 java.awt.Window.processEvent(Ljava/awt/AWTEvent;)V java.desktop@9.0.4 (101 bytes) @ 0x000000002004e554 [0x000000002004de60+0x00000000000006f4]
J 27081 c2 java.awt.Component.dispatchEventImpl(Ljava/awt/AWTEvent;)V java.desktop@9.0.4 (739 bytes) @ 0x00000000267275e4 [0x0000000026726740+0x0000000000000ea4]
J 19446 c2 java.awt.Container.dispatchEventImpl(Ljava/awt/AWTEvent;)V java.desktop@9.0.4 (129 bytes) @ 0x0000000026f0e584 [0x0000000026f0e520+0x0000000000000064]
J 18247 c2 java.awt.Window.dispatchEventImpl(Ljava/awt/AWTEvent;)V java.desktop@9.0.4 (23 bytes) @ 0x0000000026d7998c [0x0000000026d79940+0x000000000000004c]
J 16545 c2 java.awt.EventQueue$3.run()Ljava/lang/Void; java.desktop@9.0.4 (60 bytes) @ 0x000000002646ab64 [0x000000002646a580+0x00000000000005e4]
J 15419 c2 java.awt.EventQueue$3.run()Ljava/lang/Object; java.desktop@9.0.4 (5 bytes) @ 0x00000000269d30d4 [0x00000000269d30a0+0x0000000000000034]
v  ~StubRoutines::call_stub
J 4255  java.security.AccessController.doPrivileged(Ljava/security/PrivilegedAction;Ljava/security/AccessControlContext;)Ljava/lang/Object; java.base@9.0.4 (0 bytes) @ 0x0000000025fbcfc6 [0x0000000025fbcf60+0x0000000000000066]
J 17727 c2 java.awt.EventQueue$4.run()Ljava/lang/Object; java.desktop@9.0.4 (5 bytes) @ 0x0000000026cde9b8 [0x0000000026cde760+0x0000000000000258]
v  ~StubRoutines::call_stub
J 4255  java.security.AccessController.doPrivileged(Ljava/security/PrivilegedAction;Ljava/security/AccessControlContext;)Ljava/lang/Object; java.base@9.0.4 (0 bytes) @ 0x0000000025fbcfc6 [0x0000000025fbcf60+0x0000000000000066]
J 19142 c2 ui.frmwork.b.d.dispatchEvent(Ljava/awt/AWTEvent;)V (34 bytes) @ 0x000000002682b4c4 [0x000000002682b080+0x0000000000000444]
J 19473 c2 java.awt.EventDispatchThread.pumpOneEventForFilters(I)V java.desktop@9.0.4 (218 bytes) @ 0x0000000026f175f4 [0x0000000026f17280+0x0000000000000374]
J 24434% c2 java.awt.EventDispatchThread.pumpEventsForFilter(ILjava/awt/Conditional;Ljava/awt/EventFilter;)V java.desktop@9.0.4 (47 bytes) @ 0x000000002675be58 [0x000000002675bd40+0x0000000000000118]
j  java.awt.EventDispatchThread.pumpEventsForHierarchy(ILjava/awt/Conditional;Ljava/awt/Component;)V+11 java.desktop@9.0.4
j  java.awt.EventDispatchThread.pumpEvents(ILjava/awt/Conditional;)V+4 java.desktop@9.0.4
j  java.awt.EventDispatchThread.pumpEvents(Ljava/awt/Conditional;)V+3 java.desktop@9.0.4
j  java.awt.EventDispatchThread.run()V+9 java.desktop@9.0.4
v  ~StubRoutines::call_stub

siginfo: EXCEPTION_ACCESS_VIOLATION (0xc0000005), reading address 0x0000000000000040


Register to memory mapping:

RIP=0x000007fea1e1809f librdi_device.dll
RAX=0x000007feb32ad9b0 librdi_device.dll
RBX=0x0000000006d9dca0 is an unknown value
RCX=0x0000000000000004 is an unknown value
RDX=0x000007feb32ad9b0 librdi_device.dll
RSP=0x000000003831b0e0 is pointing into the stack for thread: 0x0000000032b43000
RBP=0x0000000000000000 is an unknown value
RSI=0x0000000006c2cf50 is an unknown value
RDI=0x0000000000000008 is an unknown value
R8 =0x0000000000000000 is an unknown value
R9 =0x0000000000000018 is an unknown value
R10=0x0000b71f802841f4 is an unknown value
R11=0x0000018802fa0010 is an unknown value
R12=0x0000000000000000 is an unknown value
R13=0x0000000000000040 is an unknown value
R14=0x000000003831b4a8 is pointing into the stack for thread: 0x0000000032b43000
R15=0x000000004a648000 is an unknown value


Registers:
RAX=0x000007feb32ad9b0, RBX=0x0000000006d9dca0, RCX=0x0000000000000004, RDX=0x000007feb32ad9b0
RSP=0x000000003831b0e0, RBP=0x0000000000000000, RSI=0x0000000006c2cf50, RDI=0x0000000000000008
R8 =0x0000000000000000, R9 =0x0000000000000018, R10=0x0000b71f802841f4, R11=0x0000018802fa0010
R12=0x0000000000000000, R13=0x0000000000000040, R14=0x000000003831b4a8, R15=0x000000004a648000
RIP=0x000007fea1e1809f, EFLAGS=0x0000000000010202

Top of Stack: (sp=0x000000003831b0e0)
0x000000003831b0e0:   000000004a648000 000000003831b4a8
0x000000003831b0f0:   0000000000000000 0000000006df6ca0
0x000000003831b100:   fffffffffffffffe 0000000006af2148
0x000000003831b110:   000000003831b4a8 0000000006d9dca0
0x000000003831b120:   0000000006c2cf50 000007fea1df49b2
0x000000003831b130:   0000000006d9dca0 0000000006df4f40
0x000000003831b140:   0000000000000000 0000000006af0cc8
0x000000003831b150:   fffffffffffffffe 000000003831b4a8
0x000000003831b160:   000000003831b4a8 000007fea1df4f79
0x000000003831b170:   0000000006c2cf50 000007fea1e1a582
0x000000003831b180:   0000000006d8c720 0000000006aef348
0x000000003831b190:   fffffffffffffffe 000000003831b4a8
0x000000003831b1a0:   0000000006c2cf50 0000000006c2cf50
0x000000003831b1b0:   0000000006d9dca0 000007fea1e1a7be
0x000000003831b1c0:   0000000006d8ca50 0000000006aef008
0x000000003831b1d0:   0000000000000000 000000003831b4a8 

Instructions: (pc=0x000007fea1e1809f)
0x000007fea1e1807f:   e8 ec fa ff ff 48 8b d0 48 8b cb 48 c1 e9 03 48
0x000007fea1e1808f:   03 cb 48 23 48 30 4c 8b 40 18 48 8b f9 48 03 ff
0x000007fea1e1809f:   49 8b 3c f8 48 03 c9 4c 8d 0c cd 08 00 00 00 4d
0x000007fea1e180af:   8b 14 c8 4c 3b 52 08 75 06 48 8b 42 08 eb 07 4b 



---------------  P R O C E S S  ---------------

Java Threads: ( => current thread )
  0x00000000325fc000 JavaThread "Managing Output Products" [_thread_in_native, id=13660, stack(0x0000000060a90000,0x0000000060f90000)]
  0x0000000032600800 JavaThread "SyntheticaAnimation 50" daemon [_thread_blocked, id=6428, stack(0x0000000059440000,0x0000000059940000)]
  0x0000000032601800 JavaThread "Image Animator 0" daemon [_thread_blocked, id=5964, stack(0x000000005fa70000,0x000000005ff70000)]
  0x000000003a175000 JavaThread "Swing-Shell" daemon [_thread_blocked, id=12396, stack(0x0000000058c80000,0x0000000059180000)]
  0x0000000002881000 JavaThread "SyntheticaAnimation 50" daemon [_thread_blocked, id=10068, stack(0x000000004e2c0000,0x000000004e7c0000)]
  0x000000003a16f800 JavaThread "Update Runs Swing Worker" [_thread_blocked, id=12344, stack(0x000000004bb80000,0x000000004c080000)]
  0x000000000287d800 JavaThread "hw_ila_monitor" [_thread_blocked, id=7284, stack(0x000000003d6b0000,0x000000003dbb0000)]
  0x000000000287c800 JavaThread "Refresh Filesets Swing Worker" [_thread_blocked, id=11356, stack(0x0000000038e60000,0x0000000039360000)]
  0x000000003a16f000 JavaThread "SyntheticaAnimation 70" daemon [_thread_blocked, id=6792, stack(0x0000000040ce0000,0x00000000411e0000)]
  0x0000000002882000 JavaThread "SyntheticaAnimation 25" daemon [_thread_blocked, id=10428, stack(0x000000003ffe0000,0x00000000404e0000)]
  0x000000000287f000 JavaThread "SyntheticaAnimation 50" daemon [_thread_blocked, id=13252, stack(0x000000003f8a0000,0x000000003fda0000)]
  0x000000000287f800 JavaThread "Monitor HEventQueue" [_thread_blocked, id=13300, stack(0x00000000349a0000,0x0000000034ea0000)]
  0x000000000287e000 JavaThread "SyntheticaCleanerThread" daemon [_thread_blocked, id=11084, stack(0x000000003a860000,0x000000003ad60000)]
  0x000000000287c000 JavaThread "Batik CleanerThread" daemon [_thread_blocked, id=11764, stack(0x00000000387b0000,0x0000000038cb0000)]
=>0x0000000032b43000 JavaThread "AWT-EventQueue-1" [_thread_in_native, id=11652, stack(0x0000000037e20000,0x0000000038320000)]
  0x000000003322c800 JavaThread "Process Messages" [_thread_blocked, id=9428, stack(0x0000000037850000,0x0000000037d50000)]
  0x00000000328f2000 JavaThread "Thread-1" [_thread_in_native, id=9420, stack(0x0000000003480000,0x0000000004880000)]
  0x0000000032be9800 JavaThread "TimerQueue" daemon [_thread_blocked, id=9332, stack(0x0000000036290000,0x0000000036790000)]
  0x000000000a0fe800 JavaThread "AWT-Windows" daemon [_thread_in_native, id=12052, stack(0x0000000034100000,0x0000000034600000)]
  0x0000000032318800 JavaThread "AWT-Shutdown" [_thread_blocked, id=8672, stack(0x0000000033a50000,0x0000000033f50000)]
  0x0000000032384000 JavaThread "Java2D Disposer" daemon [_thread_blocked, id=10784, stack(0x0000000033460000,0x0000000033960000)]
  0x0000000009f31800 JavaThread "Service Thread" daemon [_thread_blocked, id=7032, stack(0x000000001d9f0000,0x000000001def0000)]
  0x00000000095e0800 JavaThread "Common-Cleaner" daemon [_thread_blocked, id=11200, stack(0x000000001d4c0000,0x000000001d9c0000)]
  0x00000000095e0000 JavaThread "Sweeper thread" daemon [_thread_blocked, id=13004, stack(0x000000001ceb0000,0x000000001d3b0000)]
  0x00000000099bc000 JavaThread "C1 CompilerThread2" daemon [_thread_blocked, id=9620, stack(0x0000000011410000,0x0000000011510000)]
  0x00000000027b3800 JavaThread "C2 CompilerThread1" daemon [_thread_blocked, id=10196, stack(0x0000000010270000,0x0000000010370000)]
  0x000000000b324800 JavaThread "C2 CompilerThread0" daemon [_thread_blocked, id=4112, stack(0x0000000010170000,0x0000000010270000)]
  0x00000000098d0800 JavaThread "Attach Listener" daemon [_thread_blocked, id=9204, stack(0x0000000011590000,0x0000000011a90000)]
  0x00000000098d0000 JavaThread "Signal Dispatcher" daemon [_thread_blocked, id=10600, stack(0x000000000fb70000,0x0000000010070000)]
  0x0000000009bac800 JavaThread "Finalizer" daemon [_thread_blocked, id=10908, stack(0x000000000f5c0000,0x000000000fac0000)]
  0x000000000933e000 JavaThread "Reference Handler" daemon [_thread_blocked, id=9132, stack(0x000000000f020000,0x000000000f520000)]
  0x000000001323c800 JavaThread "main" [_thread_blocked, id=12216, stack(0x0000000005af0000,0x0000000005bf0000)]

Other Threads:
  0x000000000ba5f000 VMThread "VM Thread" [stack: 0x000000000ef10000,0x000000000f010000] [id=9084]
  0x0000000009f18000 WatcherThread [stack: 0x0000000011cb0000,0x0000000011db0000] [id=12784]
  0x00000000105c6000 GCTaskThread "GC Thread#0" [stack: 0x0000000007610000,0x0000000007710000] [id=12808]
  0x000000000b169000 GCTaskThread "GC Thread#1" [stack: 0x0000000005c10000,0x0000000005d10000] [id=13140]
  0x0000000002806000 GCTaskThread "GC Thread#2" [stack: 0x000000000aa50000,0x000000000ab50000] [id=12060]
  0x0000000009b4e000 GCTaskThread "GC Thread#3" [stack: 0x000000000bba0000,0x000000000bca0000] [id=7784]
  0x000000000b64d000 ConcurrentGCThread "G1 Main Marker" [stack: 0x000000000e110000,0x000000000e210000] [id=10252]
  0x000000000b170800 ConcurrentGCThread "G1 Marker#0" [stack: 0x000000000e310000,0x000000000e410000] [id=7520]
  0x0000000010554800 ConcurrentGCThread "G1 Refine#0" [stack: 0x000000000c600000,0x000000000c700000] [id=8528]
  0x000000000b170000 ConcurrentGCThread "G1 Refine#1" [stack: 0x000000000c340000,0x000000000c440000] [id=10316]
  0x000000000b64c000 ConcurrentGCThread "G1 Refine#2" [stack: 0x0000000007510000,0x0000000007610000] [id=13044]
  0x0000000009abb000 ConcurrentGCThread "G1 Refine#3" [stack: 0x000000000c1d0000,0x000000000c2d0000] [id=10660]
  0x0000000010555000 ConcurrentGCThread "G1 Young RemSet Sampling" [stack: 0x000000000c810000,0x000000000c910000] [id=13216]

Threads with active compile tasks:

VM state:not at safepoint (normal execution)

VM Mutex/Monitor currently owned by a thread: None

Heap address: 0x0000000700000000, size: 3072 MB, Compressed Oops mode: Zero based, Oop shift amount: 3
Narrow klass base: 0x0000000000000000, Narrow klass shift: 3
Compressed class space size: 1073741824 Address: 0x00000007c0000000

Heap:
 garbage-first heap   total 253952K, used 192643K [0x0000000700000000, 0x00000007001007c0, 0x00000007c0000000)
  region size 1024K, 57 young (58368K), 2 survivors (2048K)
 Metaspace       used 96436K, capacity 103971K, committed 104060K, reserved 1138688K
  class space    used 13903K, capacity 15214K, committed 15228K, reserved 1048576K
Heap Regions: E=young(eden), S=young(survivor), O=old, HS=humongous(starts), HC=humongous(continues), CS=collection set, F=free, A=archive, TS=gc time stamp, AC=allocation context, TAMS=top-at-mark-start (previous, next)
|   0|0x0000000700000000, 0x00000007000fffd8, 0x0000000700100000| 99%| O|  |TS  0|AC  0|TAMS 0x0000000700000000, 0x0000000700000000|
|   1|0x0000000700100000, 0x0000000700200000, 0x0000000700200000|100%|HS|  |TS  0|AC  0|TAMS 0x0000000700100000, 0x0000000700100000|
|   2|0x0000000700200000, 0x0000000700300000, 0x0000000700300000|100%|HC|  |TS  0|AC  0|TAMS 0x0000000700200000, 0x0000000700200000|
|   3|0x0000000700300000, 0x0000000700400000, 0x0000000700400000|100%|HS|  |TS  0|AC  0|TAMS 0x0000000700300000, 0x0000000700300000|
|   4|0x0000000700400000, 0x00000007004dd898, 0x0000000700500000| 86%| O|  |TS  0|AC  0|TAMS 0x0000000700400000, 0x0000000700400000|
|   5|0x0000000700500000, 0x00000007005ffff8, 0x0000000700600000| 99%| O|  |TS  0|AC  0|TAMS 0x0000000700500000, 0x0000000700500000|
|   6|0x0000000700600000, 0x00000007006ffff8, 0x0000000700700000| 99%| O|  |TS  0|AC  0|TAMS 0x0000000700600000, 0x0000000700600000|
|   7|0x0000000700700000, 0x0000000700800000, 0x0000000700800000|100%| O|  |TS  0|AC  0|TAMS 0x0000000700700000, 0x0000000700700000|
|   8|0x0000000700800000, 0x00000007008ffff0, 0x0000000700900000| 99%| O|  |TS  0|AC  0|TAMS 0x0000000700800000, 0x0000000700800000|
|   9|0x0000000700900000, 0x0000000700a00000, 0x0000000700a00000|100%| O|  |TS  0|AC  0|TAMS 0x0000000700900000, 0x0000000700900000|
|  10|0x0000000700a00000, 0x0000000700afe630, 0x0000000700b00000| 99%| O|  |TS  0|AC  0|TAMS 0x0000000700a00000, 0x0000000700a00000|
|  11|0x0000000700b00000, 0x0000000700bf9468, 0x0000000700c00000| 97%| O|  |TS  0|AC  0|TAMS 0x0000000700b00000, 0x0000000700b00000|
|  12|0x0000000700c00000, 0x0000000700d00000, 0x0000000700d00000|100%| O|  |TS  0|AC  0|TAMS 0x0000000700c00000, 0x0000000700c00000|
|  13|0x0000000700d00000, 0x0000000700dfeee8, 0x0000000700e00000| 99%| O|  |TS  0|AC  0|TAMS 0x0000000700d00000, 0x0000000700d00000|
|  14|0x0000000700e00000, 0x0000000700ef06e8, 0x0000000700f00000| 93%| O|  |TS  0|AC  0|TAMS 0x0000000700e00000, 0x0000000700e00000|
|  15|0x0000000700f00000, 0x0000000700ffc2c8, 0x0000000701000000| 98%| O|  |TS  0|AC  0|TAMS 0x0000000700f00000, 0x0000000700f00000|
|  16|0x0000000701000000, 0x0000000701100000, 0x0000000701100000|100%| O|  |TS  0|AC  0|TAMS 0x0000000701000000, 0x0000000701000000|
|  17|0x0000000701100000, 0x00000007011fffc8, 0x0000000701200000| 99%| O|  |TS  0|AC  0|TAMS 0x0000000701100000, 0x0000000701100000|
|  18|0x0000000701200000, 0x00000007012fffe8, 0x0000000701300000| 99%| O|  |TS  0|AC  0|TAMS 0x0000000701200000, 0x0000000701200000|
|  19|0x0000000701300000, 0x00000007013fc430, 0x0000000701400000| 98%| O|  |TS  0|AC  0|TAMS 0x0000000701300000, 0x0000000701300000|
|  20|0x0000000701400000, 0x0000000701500000, 0x0000000701500000|100%| O|  |TS  0|AC  0|TAMS 0x0000000701400000, 0x0000000701400000|
|  21|0x0000000701500000, 0x00000007015ffff0, 0x0000000701600000| 99%| O|  |TS  0|AC  0|TAMS 0x0000000701500000, 0x0000000701500000|
|  22|0x0000000701600000, 0x00000007016fffa8, 0x0000000701700000| 99%| O|  |TS  0|AC  0|TAMS 0x0000000701600000, 0x0000000701600000|
|  23|0x0000000701700000, 0x00000007017fffe8, 0x0000000701800000| 99%| O|  |TS  0|AC  0|TAMS 0x0000000701700000, 0x0000000701700000|
|  24|0x0000000701800000, 0x00000007018fff40, 0x0000000701900000| 99%| O|  |TS  0|AC  0|TAMS 0x0000000701800000, 0x0000000701800000|
|  25|0x0000000701900000, 0x00000007019ffff0, 0x0000000701a00000| 99%| O|  |TS  0|AC  0|TAMS 0x0000000701900000, 0x0000000701900000|
|  26|0x0000000701a00000, 0x0000000701afffc0, 0x0000000701b00000| 99%| O|  |TS  0|AC  0|TAMS 0x0000000701a00000, 0x0000000701a00000|
|  27|0x0000000701b00000, 0x0000000701bffff8, 0x0000000701c00000| 99%| O|  |TS  0|AC  0|TAMS 0x0000000701b00000, 0x0000000701b00000|
|  28|0x0000000701c00000, 0x0000000701d00000, 0x0000000701d00000|100%| O|  |TS  0|AC  0|TAMS 0x0000000701c00000, 0x0000000701c00000|
|  29|0x0000000701d00000, 0x0000000701dffff8, 0x0000000701e00000| 99%| O|  |TS  0|AC  0|TAMS 0x0000000701d00000, 0x0000000701d00000|
|  30|0x0000000701e00000, 0x0000000701effff0, 0x0000000701f00000| 99%| O|  |TS  0|AC  0|TAMS 0x0000000701e00000, 0x0000000701e00000|
|  31|0x0000000701f00000, 0x0000000701ffffd8, 0x0000000702000000| 99%| O|  |TS  0|AC  0|TAMS 0x0000000701f00000, 0x0000000701f00000|
|  32|0x0000000702000000, 0x00000007020ffed8, 0x0000000702100000| 99%| O|  |TS  0|AC  0|TAMS 0x0000000702000000, 0x0000000702000000|
|  33|0x0000000702100000, 0x00000007021fffe8, 0x0000000702200000| 99%| O|  |TS  0|AC  0|TAMS 0x0000000702100000, 0x0000000702100000|
|  34|0x0000000702200000, 0x00000007022fffb0, 0x0000000702300000| 99%| O|  |TS  0|AC  0|TAMS 0x0000000702200000, 0x0000000702200000|
|  35|0x0000000702300000, 0x00000007023cb9f8, 0x0000000702400000| 79%| O|  |TS  0|AC  0|TAMS 0x0000000702300000, 0x0000000702300000|
|  36|0x0000000702400000, 0x00000007024ff6a0, 0x0000000702500000| 99%| O|  |TS  0|AC  0|TAMS 0x0000000702400000, 0x0000000702400000|
|  37|0x0000000702500000, 0x00000007025ffff0, 0x0000000702600000| 99%| O|  |TS  0|AC  0|TAMS 0x0000000702500000, 0x0000000702500000|
|  38|0x0000000702600000, 0x00000007026ffff8, 0x0000000702700000| 99%| O|  |TS  0|AC  0|TAMS 0x0000000702600000, 0x0000000702600000|
|  39|0x0000000702700000, 0x00000007027ffff0, 0x0000000702800000| 99%| O|  |TS  0|AC  0|TAMS 0x0000000702700000, 0x0000000702700000|
|  40|0x0000000702800000, 0x00000007028ffff8, 0x0000000702900000| 99%| O|  |TS  0|AC  0|TAMS 0x0000000702800000, 0x0000000702800000|
|  41|0x0000000702900000, 0x00000007029ffff8, 0x0000000702a00000| 99%| O|  |TS  0|AC  0|TAMS 0x0000000702900000, 0x0000000702900000|
|  42|0x0000000702a00000, 0x0000000702afffe8, 0x0000000702b00000| 99%| O|  |TS  0|AC  0|TAMS 0x0000000702a00000, 0x0000000702a00000|
|  43|0x0000000702b00000, 0x0000000702bfff10, 0x0000000702c00000| 99%| O|  |TS  0|AC  0|TAMS 0x0000000702b00000, 0x0000000702b00000|
|  44|0x0000000702c00000, 0x0000000702d00000, 0x0000000702d00000|100%| O|  |TS  0|AC  0|TAMS 0x0000000702c00000, 0x0000000702c00000|
|  45|0x0000000702d00000, 0x0000000702dfffd0, 0x0000000702e00000| 99%| O|  |TS  0|AC  0|TAMS 0x0000000702d00000, 0x0000000702d00000|
|  46|0x0000000702e00000, 0x0000000702eff768, 0x0000000702f00000| 99%| O|  |TS  0|AC  0|TAMS 0x0000000702e00000, 0x0000000702e00000|
|  47|0x0000000702f00000, 0x0000000703000000, 0x0000000703000000|100%| O|  |TS  0|AC  0|TAMS 0x0000000702f00000, 0x0000000702f00000|
|  48|0x0000000703000000, 0x0000000703100000, 0x0000000703100000|100%|HS|  |TS  0|AC  0|TAMS 0x0000000703000000, 0x0000000703000000|
|  49|0x0000000703100000, 0x0000000703200000, 0x0000000703200000|100%|HC|  |TS  0|AC  0|TAMS 0x0000000703100000, 0x0000000703100000|
|  50|0x0000000703200000, 0x0000000703300000, 0x0000000703300000|100%|HC|  |TS  0|AC  0|TAMS 0x0000000703200000, 0x0000000703200000|
|  51|0x0000000703300000, 0x0000000703400000, 0x0000000703400000|100%|HC|  |TS  0|AC  0|TAMS 0x0000000703300000, 0x0000000703300000|
|  52|0x0000000703400000, 0x0000000703500000, 0x0000000703500000|100%|HC|  |TS  0|AC  0|TAMS 0x0000000703400000, 0x0000000703400000|
|  53|0x0000000703500000, 0x0000000703600000, 0x0000000703600000|100%|HC|  |TS  0|AC  0|TAMS 0x0000000703500000, 0x0000000703500000|
|  54|0x0000000703600000, 0x0000000703700000, 0x0000000703700000|100%|HC|  |TS  0|AC  0|TAMS 0x0000000703600000, 0x0000000703600000|
|  55|0x0000000703700000, 0x0000000703800000, 0x0000000703800000|100%|HC|  |TS  0|AC  0|TAMS 0x0000000703700000, 0x0000000703700000|
|  56|0x0000000703800000, 0x00000007038ffeb0, 0x0000000703900000| 99%| O|  |TS  0|AC  0|TAMS 0x0000000703800000, 0x0000000703800000|
|  57|0x0000000703900000, 0x00000007039ffeb0, 0x0000000703a00000| 99%| O|  |TS  0|AC  0|TAMS 0x0000000703900000, 0x0000000703900000|
|  58|0x0000000703a00000, 0x0000000703afca70, 0x0000000703b00000| 98%| O|  |TS  0|AC  0|TAMS 0x0000000703a00000, 0x0000000703a00000|
|  59|0x0000000703b00000, 0x0000000703c00000, 0x0000000703c00000|100%| O|  |TS  0|AC  0|TAMS 0x0000000703b00000, 0x0000000703b00000|
|  60|0x0000000703c00000, 0x0000000703cfffe0, 0x0000000703d00000| 99%| O|  |TS  0|AC  0|TAMS 0x0000000703c00000, 0x0000000703c00000|
|  61|0x0000000703d00000, 0x0000000703dffff8, 0x0000000703e00000| 99%| O|  |TS  0|AC  0|TAMS 0x0000000703d00000, 0x0000000703d00000|
|  62|0x0000000703e00000, 0x0000000703efffe0, 0x0000000703f00000| 99%| O|  |TS  0|AC  0|TAMS 0x0000000703e00000, 0x0000000703e00000|
|  63|0x0000000703f00000, 0x0000000704000000, 0x0000000704000000|100%|HS|  |TS  0|AC  0|TAMS 0x0000000703f00000, 0x0000000703f00000|
|  64|0x0000000704000000, 0x00000007040ffff0, 0x0000000704100000| 99%| O|  |TS  0|AC  0|TAMS 0x0000000704000000, 0x0000000704000000|
|  65|0x0000000704100000, 0x00000007041fe540, 0x0000000704200000| 99%| O|  |TS  0|AC  0|TAMS 0x0000000704100000, 0x0000000704100000|
|  66|0x0000000704200000, 0x00000007042ffff8, 0x0000000704300000| 99%| O|  |TS  0|AC  0|TAMS 0x0000000704200000, 0x0000000704200000|
|  67|0x0000000704300000, 0x0000000704400000, 0x0000000704400000|100%| O|  |TS  0|AC  0|TAMS 0x0000000704300000, 0x0000000704300000|
|  68|0x0000000704400000, 0x00000007044fffe8, 0x0000000704500000| 99%| O|  |TS  0|AC  0|TAMS 0x0000000704400000, 0x0000000704400000|
|  69|0x0000000704500000, 0x00000007045ffff0, 0x0000000704600000| 99%| O|  |TS  0|AC  0|TAMS 0x0000000704500000, 0x0000000704500000|
|  70|0x0000000704600000, 0x00000007046ffff8, 0x0000000704700000| 99%| O|  |TS  0|AC  0|TAMS 0x0000000704600000, 0x0000000704600000|
|  71|0x0000000704700000, 0x0000000704800000, 0x0000000704800000|100%|HS|  |TS  0|AC  0|TAMS 0x0000000704700000, 0x0000000704700000|
|  72|0x0000000704800000, 0x0000000704900000, 0x0000000704900000|100%|HC|  |TS  0|AC  0|TAMS 0x0000000704800000, 0x0000000704800000|
|  73|0x0000000704900000, 0x0000000704a00000, 0x0000000704a00000|100%|HC|  |TS  0|AC  0|TAMS 0x0000000704900000, 0x0000000704900000|
|  74|0x0000000704a00000, 0x0000000704b00000, 0x0000000704b00000|100%|HC|  |TS  0|AC  0|TAMS 0x0000000704a00000, 0x0000000704a00000|
|  75|0x0000000704b00000, 0x0000000704bff8c8, 0x0000000704c00000| 99%| O|  |TS  0|AC  0|TAMS 0x0000000704b00000, 0x0000000704b00000|
|  76|0x0000000704c00000, 0x0000000704cffff0, 0x0000000704d00000| 99%| O|  |TS  0|AC  0|TAMS 0x0000000704c00000, 0x0000000704c00000|
|  77|0x0000000704d00000, 0x0000000704dfb958, 0x0000000704e00000| 98%| O|  |TS  0|AC  0|TAMS 0x0000000704d00000, 0x0000000704d00000|
|  78|0x0000000704e00000, 0x0000000704effff0, 0x0000000704f00000| 99%| O|  |TS  0|AC  0|TAMS 0x0000000704e00000, 0x0000000704e00000|
|  79|0x0000000704f00000, 0x0000000704ffee28, 0x0000000705000000| 99%| O|  |TS  0|AC  0|TAMS 0x0000000704f00000, 0x0000000704f00000|
|  80|0x0000000705000000, 0x00000007050fffe8, 0x0000000705100000| 99%| O|  |TS  0|AC  0|TAMS 0x0000000705000000, 0x0000000705000000|
|  81|0x0000000705100000, 0x00000007051fffe8, 0x0000000705200000| 99%| O|  |TS  0|AC  0|TAMS 0x0000000705100000, 0x0000000705100000|
|  82|0x0000000705200000, 0x00000007052ffff0, 0x0000000705300000| 99%| O|  |TS  0|AC  0|TAMS 0x0000000705200000, 0x0000000705200000|
|  83|0x0000000705300000, 0x0000000705400000, 0x0000000705400000|100%| O|  |TS  0|AC  0|TAMS 0x0000000705300000, 0x0000000705300000|
|  84|0x0000000705400000, 0x0000000705500000, 0x0000000705500000|100%| O|  |TS  0|AC  0|TAMS 0x0000000705400000, 0x0000000705400000|
|  85|0x0000000705500000, 0x00000007055ffff8, 0x0000000705600000| 99%| O|  |TS  0|AC  0|TAMS 0x0000000705500000, 0x0000000705500000|
|  86|0x0000000705600000, 0x00000007056ffff0, 0x0000000705700000| 99%| O|  |TS  0|AC  0|TAMS 0x0000000705600000, 0x0000000705600000|
|  87|0x0000000705700000, 0x0000000705800000, 0x0000000705800000|100%| O|  |TS  0|AC  0|TAMS 0x0000000705700000, 0x0000000705700000|
|  88|0x0000000705800000, 0x00000007058ff920, 0x0000000705900000| 99%| O|  |TS  0|AC  0|TAMS 0x0000000705800000, 0x0000000705800000|
|  89|0x0000000705900000, 0x0000000705a00000, 0x0000000705a00000|100%| O|  |TS  0|AC  0|TAMS 0x0000000705900000, 0x0000000705900000|
|  90|0x0000000705a00000, 0x0000000705affed8, 0x0000000705b00000| 99%| O|  |TS  0|AC  0|TAMS 0x0000000705a00000, 0x0000000705a00000|
|  91|0x0000000705b00000, 0x0000000705bfffe0, 0x0000000705c00000| 99%| O|  |TS  0|AC  0|TAMS 0x0000000705b00000, 0x0000000705b00000|
|  92|0x0000000705c00000, 0x0000000705cfb2a8, 0x0000000705d00000| 98%| O|  |TS  0|AC  0|TAMS 0x0000000705c00000, 0x0000000705c00000|
|  93|0x0000000705d00000, 0x0000000705e00000, 0x0000000705e00000|100%| O|  |TS  0|AC  0|TAMS 0x0000000705d00000, 0x0000000705d00000|
|  94|0x0000000705e00000, 0x0000000705efffe8, 0x0000000705f00000| 99%| O|  |TS  0|AC  0|TAMS 0x0000000705e00000, 0x0000000705e00000|
|  95|0x0000000705f00000, 0x0000000706000000, 0x0000000706000000|100%| O|  |TS  0|AC  0|TAMS 0x0000000705f00000, 0x0000000705f00000|
|  96|0x0000000706000000, 0x00000007060fff98, 0x0000000706100000| 99%| O|  |TS  0|AC  0|TAMS 0x0000000706000000, 0x0000000706000000|
|  97|0x0000000706100000, 0x00000007061ffc48, 0x0000000706200000| 99%| O|  |TS  0|AC  0|TAMS 0x0000000706100000, 0x0000000706100000|
|  98|0x0000000706200000, 0x0000000706300000, 0x0000000706300000|100%| O|  |TS  0|AC  0|TAMS 0x0000000706200000, 0x0000000706200000|
|  99|0x0000000706300000, 0x00000007063fffe8, 0x0000000706400000| 99%| O|  |TS  0|AC  0|TAMS 0x0000000706300000, 0x0000000706300000|
| 100|0x0000000706400000, 0x00000007064fd608, 0x0000000706500000| 98%| O|  |TS  0|AC  0|TAMS 0x0000000706400000, 0x0000000706400000|
| 101|0x0000000706500000, 0x00000007065fff90, 0x0000000706600000| 99%| O|  |TS  0|AC  0|TAMS 0x0000000706500000, 0x0000000706500000|
| 102|0x0000000706600000, 0x00000007066ffff8, 0x0000000706700000| 99%| O|  |TS  0|AC  0|TAMS 0x0000000706600000, 0x0000000706600000|
| 103|0x0000000706700000, 0x00000007067ffb30, 0x0000000706800000| 99%| O|  |TS  0|AC  0|TAMS 0x0000000706700000, 0x0000000706700000|
| 104|0x0000000706800000, 0x00000007068ff658, 0x0000000706900000| 99%| O|  |TS  0|AC  0|TAMS 0x0000000706800000, 0x0000000706800000|
| 105|0x0000000706900000, 0x00000007069ffff8, 0x0000000706a00000| 99%| O|  |TS  0|AC  0|TAMS 0x0000000706900000, 0x0000000706900000|
| 106|0x0000000706a00000, 0x0000000706b00000, 0x0000000706b00000|100%| O|  |TS  0|AC  0|TAMS 0x0000000706a00000, 0x0000000706a00000|
| 107|0x0000000706b00000, 0x0000000706bffff0, 0x0000000706c00000| 99%| O|  |TS  0|AC  0|TAMS 0x0000000706b00000, 0x0000000706b00000|
| 108|0x0000000706c00000, 0x0000000706d00000, 0x0000000706d00000|100%| O|  |TS  0|AC  0|TAMS 0x0000000706c00000, 0x0000000706c00000|
| 109|0x0000000706d00000, 0x0000000706dfffc0, 0x0000000706e00000| 99%| O|  |TS  0|AC  0|TAMS 0x0000000706d00000, 0x0000000706d00000|
| 110|0x0000000706e00000, 0x0000000706effff0, 0x0000000706f00000| 99%| O|  |TS  0|AC  0|TAMS 0x0000000706e00000, 0x0000000706e00000|
| 111|0x0000000706f00000, 0x0000000706ffffe8, 0x0000000707000000| 99%| O|  |TS  0|AC  0|TAMS 0x0000000706f00000, 0x0000000706f00000|
| 112|0x0000000707000000, 0x00000007070ff530, 0x0000000707100000| 99%| O|  |TS  0|AC  0|TAMS 0x0000000707000000, 0x0000000707000000|
| 113|0x0000000707100000, 0x00000007071fffe8, 0x0000000707200000| 99%| O|  |TS  0|AC  0|TAMS 0x0000000707100000, 0x0000000707100000|
| 114|0x0000000707200000, 0x00000007072fffe8, 0x0000000707300000| 99%| O|  |TS  0|AC  0|TAMS 0x0000000707200000, 0x0000000707200000|
| 115|0x0000000707300000, 0x00000007073ffff0, 0x0000000707400000| 99%| O|  |TS  0|AC  0|TAMS 0x0000000707300000, 0x0000000707300000|
| 116|0x0000000707400000, 0x0000000707500000, 0x0000000707500000|100%| O|  |TS  0|AC  0|TAMS 0x0000000707400000, 0x0000000707400000|
| 117|0x0000000707500000, 0x00000007075ffff8, 0x0000000707600000| 99%| O|  |TS  0|AC  0|TAMS 0x0000000707500000, 0x0000000707500000|
| 118|0x0000000707600000, 0x00000007076ff5f0, 0x0000000707700000| 99%| O|  |TS  0|AC  0|TAMS 0x0000000707600000, 0x0000000707600000|
| 119|0x0000000707700000, 0x0000000707800000, 0x0000000707800000|100%| O|  |TS  0|AC  0|TAMS 0x0000000707700000, 0x0000000707700000|
| 120|0x0000000707800000, 0x0000000707900000, 0x0000000707900000|100%|HS|  |TS  0|AC  0|TAMS 0x0000000707800000, 0x0000000707800000|
| 121|0x0000000707900000, 0x00000007079fee08, 0x0000000707a00000| 99%| O|  |TS  0|AC  0|TAMS 0x0000000707900000, 0x0000000707900000|
| 122|0x0000000707a00000, 0x0000000707affca0, 0x0000000707b00000| 99%| O|  |TS  0|AC  0|TAMS 0x0000000707a00000, 0x0000000707a00000|
| 123|0x0000000707b00000, 0x0000000707bffff8, 0x0000000707c00000| 99%| O|  |TS  0|AC  0|TAMS 0x0000000707b00000, 0x0000000707b00000|
| 124|0x0000000707c00000, 0x0000000707cfd828, 0x0000000707d00000| 99%| O|  |TS  0|AC  0|TAMS 0x0000000707c00000, 0x0000000707c00000|
| 125|0x0000000707d00000, 0x0000000707e00000, 0x0000000707e00000|100%| O|  |TS 61|AC  0|TAMS 0x0000000707d00000, 0x0000000707d00000|
| 126|0x0000000707e00000, 0x0000000707f00000, 0x0000000707f00000|100%| O|  |TS 99|AC  0|TAMS 0x0000000707e00000, 0x0000000707e00000|
| 127|0x0000000707f00000, 0x0000000708000000, 0x0000000708000000|100%| O|  |TS109|AC  0|TAMS 0x0000000707f00000, 0x0000000707f00000|
| 128|0x0000000708000000, 0x0000000708100000, 0x0000000708100000|100%| O|  |TS123|AC  0|TAMS 0x0000000708000000, 0x0000000708000000|
| 129|0x0000000708100000, 0x0000000708200000, 0x0000000708200000|100%| O|  |TS129|AC  0|TAMS 0x0000000708100000, 0x0000000708100000|
| 130|0x0000000708200000, 0x0000000708300000, 0x0000000708300000|100%| O|  |TS153|AC  0|TAMS 0x0000000708200000, 0x0000000708200000|
| 131|0x0000000708300000, 0x0000000708400000, 0x0000000708400000|100%| O|  |TS159|AC  0|TAMS 0x0000000708300000, 0x0000000708300000|
| 132|0x0000000708400000, 0x0000000708500000, 0x0000000708500000|100%| O|  |TS163|AC  0|TAMS 0x0000000708400000, 0x0000000708400000|
| 133|0x0000000708500000, 0x0000000708577600, 0x0000000708600000| 46%| O|  |TS191|AC  0|TAMS 0x0000000708500000, 0x0000000708500000|
| 134|0x0000000708600000, 0x0000000708600000, 0x0000000708700000|  0%| F|  |TS  0|AC  0|TAMS 0x0000000708600000, 0x0000000708600000|
| 135|0x0000000708700000, 0x0000000708700000, 0x0000000708800000|  0%| F|  |TS  0|AC  0|TAMS 0x0000000708700000, 0x0000000708700000|
| 136|0x0000000708800000, 0x0000000708800000, 0x0000000708900000|  0%| F|  |TS  0|AC  0|TAMS 0x0000000708800000, 0x0000000708800000|
| 137|0x0000000708900000, 0x0000000708900000, 0x0000000708a00000|  0%| F|  |TS  0|AC  0|TAMS 0x0000000708900000, 0x0000000708900000|
| 138|0x0000000708a00000, 0x0000000708a00000, 0x0000000708b00000|  0%| F|  |TS  0|AC  0|TAMS 0x0000000708a00000, 0x0000000708a00000|
| 139|0x0000000708b00000, 0x0000000708b00000, 0x0000000708c00000|  0%| F|  |TS  0|AC  0|TAMS 0x0000000708b00000, 0x0000000708b00000|
| 140|0x0000000708c00000, 0x0000000708c00000, 0x0000000708d00000|  0%| F|  |TS  0|AC  0|TAMS 0x0000000708c00000, 0x0000000708c00000|
| 141|0x0000000708d00000, 0x0000000708d00000, 0x0000000708e00000|  0%| F|  |TS  0|AC  0|TAMS 0x0000000708d00000, 0x0000000708d00000|
| 142|0x0000000708e00000, 0x0000000708e00000, 0x0000000708f00000|  0%| F|  |TS  0|AC  0|TAMS 0x0000000708e00000, 0x0000000708e00000|
| 143|0x0000000708f00000, 0x0000000708f00000, 0x0000000709000000|  0%| F|  |TS  0|AC  0|TAMS 0x0000000708f00000, 0x0000000708f00000|
| 144|0x0000000709000000, 0x0000000709000000, 0x0000000709100000|  0%| F|  |TS  0|AC  0|TAMS 0x0000000709000000, 0x0000000709000000|
| 145|0x0000000709100000, 0x0000000709100000, 0x0000000709200000|  0%| F|  |TS  0|AC  0|TAMS 0x0000000709100000, 0x0000000709100000|
| 146|0x0000000709200000, 0x0000000709200000, 0x0000000709300000|  0%| F|  |TS  0|AC  0|TAMS 0x0000000709200000, 0x0000000709200000|
| 147|0x0000000709300000, 0x0000000709300000, 0x0000000709400000|  0%| F|  |TS  0|AC  0|TAMS 0x0000000709300000, 0x0000000709300000|
| 148|0x0000000709400000, 0x0000000709400000, 0x0000000709500000|  0%| F|  |TS  0|AC  0|TAMS 0x0000000709400000, 0x0000000709400000|
| 149|0x0000000709500000, 0x0000000709500000, 0x0000000709600000|  0%| F|  |TS  0|AC  0|TAMS 0x0000000709500000, 0x0000000709500000|
| 150|0x0000000709600000, 0x0000000709600000, 0x0000000709700000|  0%| F|  |TS  0|AC  0|TAMS 0x0000000709600000, 0x0000000709600000|
| 151|0x0000000709700000, 0x0000000709700000, 0x0000000709800000|  0%| F|  |TS  0|AC  0|TAMS 0x0000000709700000, 0x0000000709700000|
| 152|0x0000000709800000, 0x0000000709800000, 0x0000000709900000|  0%| F|  |TS  0|AC  0|TAMS 0x0000000709800000, 0x0000000709800000|
| 153|0x0000000709900000, 0x0000000709900000, 0x0000000709a00000|  0%| F|  |TS  0|AC  0|TAMS 0x0000000709900000, 0x0000000709900000|
| 154|0x0000000709a00000, 0x0000000709a00000, 0x0000000709b00000|  0%| F|  |TS  0|AC  0|TAMS 0x0000000709a00000, 0x0000000709a00000|
| 155|0x0000000709b00000, 0x0000000709b00000, 0x0000000709c00000|  0%| F|  |TS  0|AC  0|TAMS 0x0000000709b00000, 0x0000000709b00000|
| 156|0x0000000709c00000, 0x0000000709c00000, 0x0000000709d00000|  0%| F|  |TS  0|AC  0|TAMS 0x0000000709c00000, 0x0000000709c00000|
| 157|0x0000000709d00000, 0x0000000709d00000, 0x0000000709e00000|  0%| F|  |TS  0|AC  0|TAMS 0x0000000709d00000, 0x0000000709d00000|
| 158|0x0000000709e00000, 0x0000000709e00000, 0x0000000709f00000|  0%| F|  |TS  0|AC  0|TAMS 0x0000000709e00000, 0x0000000709e00000|
| 159|0x0000000709f00000, 0x0000000709f00000, 0x000000070a000000|  0%| F|  |TS  0|AC  0|TAMS 0x0000000709f00000, 0x0000000709f00000|
| 160|0x000000070a000000, 0x000000070a000000, 0x000000070a100000|  0%| F|  |TS  0|AC  0|TAMS 0x000000070a000000, 0x000000070a000000|
| 161|0x000000070a100000, 0x000000070a100000, 0x000000070a200000|  0%| F|  |TS  0|AC  0|TAMS 0x000000070a100000, 0x000000070a100000|
| 162|0x000000070a200000, 0x000000070a200000, 0x000000070a300000|  0%| F|  |TS  0|AC  0|TAMS 0x000000070a200000, 0x000000070a200000|
| 163|0x000000070a300000, 0x000000070a300000, 0x000000070a400000|  0%| F|  |TS  0|AC  0|TAMS 0x000000070a300000, 0x000000070a300000|
| 164|0x000000070a400000, 0x000000070a400000, 0x000000070a500000|  0%| F|  |TS  0|AC  0|TAMS 0x000000070a400000, 0x000000070a400000|
| 165|0x000000070a500000, 0x000000070a500000, 0x000000070a600000|  0%| F|  |TS  0|AC  0|TAMS 0x000000070a500000, 0x000000070a500000|
| 166|0x000000070a600000, 0x000000070a600000, 0x000000070a700000|  0%| F|  |TS  0|AC  0|TAMS 0x000000070a600000, 0x000000070a600000|
| 167|0x000000070a700000, 0x000000070a700000, 0x000000070a800000|  0%| F|  |TS  0|AC  0|TAMS 0x000000070a700000, 0x000000070a700000|
| 168|0x000000070a800000, 0x000000070a800000, 0x000000070a900000|  0%| F|  |TS  0|AC  0|TAMS 0x000000070a800000, 0x000000070a800000|
| 169|0x000000070a900000, 0x000000070a900000, 0x000000070aa00000|  0%| F|  |TS  0|AC  0|TAMS 0x000000070a900000, 0x000000070a900000|
| 170|0x000000070aa00000, 0x000000070aa00000, 0x000000070ab00000|  0%| F|  |TS  0|AC  0|TAMS 0x000000070aa00000, 0x000000070aa00000|
| 171|0x000000070ab00000, 0x000000070ab00000, 0x000000070ac00000|  0%| F|  |TS  0|AC  0|TAMS 0x000000070ab00000, 0x000000070ab00000|
| 172|0x000000070ac00000, 0x000000070ac00000, 0x000000070ad00000|  0%| F|  |TS  0|AC  0|TAMS 0x000000070ac00000, 0x000000070ac00000|
| 173|0x000000070ad00000, 0x000000070ad00000, 0x000000070ae00000|  0%| F|  |TS  0|AC  0|TAMS 0x000000070ad00000, 0x000000070ad00000|
| 174|0x000000070ae00000, 0x000000070ae00000, 0x000000070af00000|  0%| F|  |TS  0|AC  0|TAMS 0x000000070ae00000, 0x000000070ae00000|
| 175|0x000000070af00000, 0x000000070af00000, 0x000000070b000000|  0%| F|  |TS  0|AC  0|TAMS 0x000000070af00000, 0x000000070af00000|
| 176|0x000000070b000000, 0x000000070b000000, 0x000000070b100000|  0%| F|  |TS  0|AC  0|TAMS 0x000000070b000000, 0x000000070b000000|
| 177|0x000000070b100000, 0x000000070b100000, 0x000000070b200000|  0%| F|  |TS  0|AC  0|TAMS 0x000000070b100000, 0x000000070b100000|
| 178|0x000000070b200000, 0x000000070b200000, 0x000000070b300000|  0%| F|  |TS  0|AC  0|TAMS 0x000000070b200000, 0x000000070b200000|
| 179|0x000000070b300000, 0x000000070b300000, 0x000000070b400000|  0%| F|  |TS  0|AC  0|TAMS 0x000000070b300000, 0x000000070b300000|
| 180|0x000000070b400000, 0x000000070b400000, 0x000000070b500000|  0%| F|  |TS  0|AC  0|TAMS 0x000000070b400000, 0x000000070b400000|
| 181|0x000000070b500000, 0x000000070b500000, 0x000000070b600000|  0%| F|  |TS  0|AC  0|TAMS 0x000000070b500000, 0x000000070b500000|
| 182|0x000000070b600000, 0x000000070b600000, 0x000000070b700000|  0%| F|  |TS  0|AC  0|TAMS 0x000000070b600000, 0x000000070b600000|
| 183|0x000000070b700000, 0x000000070b700000, 0x000000070b800000|  0%| F|  |TS  0|AC  0|TAMS 0x000000070b700000, 0x000000070b700000|
| 184|0x000000070b800000, 0x000000070b800000, 0x000000070b900000|  0%| F|  |TS149|AC  0|TAMS 0x000000070b800000, 0x000000070b800000|
| 185|0x000000070b900000, 0x000000070b900000, 0x000000070ba00000|  0%| F|  |TS187|AC  0|TAMS 0x000000070b900000, 0x000000070b900000|
| 186|0x000000070ba00000, 0x000000070ba3bd88, 0x000000070bb00000| 23%| S|CS|TS191|AC  0|TAMS 0x000000070ba00000, 0x000000070ba00000|
| 187|0x000000070bb00000, 0x000000070bc00000, 0x000000070bc00000|100%| S|CS|TS191|AC  0|TAMS 0x000000070bb00000, 0x000000070bb00000|
| 188|0x000000070bc00000, 0x000000070bc00000, 0x000000070bd00000|  0%| F|  |TS191|AC  0|TAMS 0x000000070bc00000, 0x000000070bc00000|
| 189|0x000000070bd00000, 0x000000070bd00000, 0x000000070be00000|  0%| F|  |TS191|AC  0|TAMS 0x000000070bd00000, 0x000000070bd00000|
| 190|0x000000070be00000, 0x000000070be00000, 0x000000070bf00000|  0%| F|  |TS191|AC  0|TAMS 0x000000070be00000, 0x000000070be00000|
| 191|0x000000070bf00000, 0x000000070bf00000, 0x000000070c000000|  0%| F|  |TS191|AC  0|TAMS 0x000000070bf00000, 0x000000070bf00000|
| 192|0x000000070c000000, 0x000000070c000000, 0x000000070c100000|  0%| F|  |TS191|AC  0|TAMS 0x000000070c000000, 0x000000070c000000|
| 193|0x000000070c100000, 0x000000070c100800, 0x000000070c200000|  0%| E|  |TS191|AC  0|TAMS 0x000000070c100000, 0x000000070c100000|
| 194|0x000000070c200000, 0x000000070c300000, 0x000000070c300000|100%| E|CS|TS191|AC  0|TAMS 0x000000070c200000, 0x000000070c200000|
| 195|0x000000070c300000, 0x000000070c400000, 0x000000070c400000|100%| E|CS|TS191|AC  0|TAMS 0x000000070c300000, 0x000000070c300000|
| 196|0x000000070c400000, 0x000000070c500000, 0x000000070c500000|100%| E|CS|TS191|AC  0|TAMS 0x000000070c400000, 0x000000070c400000|
| 197|0x000000070c500000, 0x000000070c600000, 0x000000070c600000|100%| E|CS|TS191|AC  0|TAMS 0x000000070c500000, 0x000000070c500000|
| 198|0x000000070c600000, 0x000000070c700000, 0x000000070c700000|100%| E|CS|TS191|AC  0|TAMS 0x000000070c600000, 0x000000070c600000|
| 199|0x000000070c700000, 0x000000070c800000, 0x000000070c800000|100%| E|CS|TS191|AC  0|TAMS 0x000000070c700000, 0x000000070c700000|
| 200|0x000000070c800000, 0x000000070c900000, 0x000000070c900000|100%| E|CS|TS191|AC  0|TAMS 0x000000070c800000, 0x000000070c800000|
| 201|0x000000070c900000, 0x000000070ca00000, 0x000000070ca00000|100%| E|CS|TS191|AC  0|TAMS 0x000000070c900000, 0x000000070c900000|
| 202|0x000000070ca00000, 0x000000070cb00000, 0x000000070cb00000|100%| E|CS|TS191|AC  0|TAMS 0x000000070ca00000, 0x000000070ca00000|
| 203|0x000000070cb00000, 0x000000070cc00000, 0x000000070cc00000|100%| E|CS|TS191|AC  0|TAMS 0x000000070cb00000, 0x000000070cb00000|
| 204|0x000000070cc00000, 0x000000070cd00000, 0x000000070cd00000|100%| E|CS|TS191|AC  0|TAMS 0x000000070cc00000, 0x000000070cc00000|
| 205|0x000000070cd00000, 0x000000070ce00000, 0x000000070ce00000|100%| E|CS|TS191|AC  0|TAMS 0x000000070cd00000, 0x000000070cd00000|
| 206|0x000000070ce00000, 0x000000070cf00000, 0x000000070cf00000|100%| E|CS|TS191|AC  0|TAMS 0x000000070ce00000, 0x000000070ce00000|
| 207|0x000000070cf00000, 0x000000070d000000, 0x000000070d000000|100%| E|CS|TS191|AC  0|TAMS 0x000000070cf00000, 0x000000070cf00000|
| 208|0x000000070d000000, 0x000000070d100000, 0x000000070d100000|100%| E|CS|TS191|AC  0|TAMS 0x000000070d000000, 0x000000070d000000|
| 209|0x000000070d100000, 0x000000070d200000, 0x000000070d200000|100%| E|CS|TS191|AC  0|TAMS 0x000000070d100000, 0x000000070d100000|
| 210|0x000000070d200000, 0x000000070d300000, 0x000000070d300000|100%| E|CS|TS191|AC  0|TAMS 0x000000070d200000, 0x000000070d200000|
| 211|0x000000070d300000, 0x000000070d400000, 0x000000070d400000|100%| E|CS|TS191|AC  0|TAMS 0x000000070d300000, 0x000000070d300000|
| 212|0x000000070d400000, 0x000000070d500000, 0x000000070d500000|100%| E|CS|TS191|AC  0|TAMS 0x000000070d400000, 0x000000070d400000|
| 213|0x000000070d500000, 0x000000070d600000, 0x000000070d600000|100%| E|CS|TS191|AC  0|TAMS 0x000000070d500000, 0x000000070d500000|
| 214|0x000000070d600000, 0x000000070d700000, 0x000000070d700000|100%| E|CS|TS191|AC  0|TAMS 0x000000070d600000, 0x000000070d600000|
| 215|0x000000070d700000, 0x000000070d800000, 0x000000070d800000|100%| E|CS|TS191|AC  0|TAMS 0x000000070d700000, 0x000000070d700000|
| 216|0x000000070d800000, 0x000000070d900000, 0x000000070d900000|100%| E|CS|TS191|AC  0|TAMS 0x000000070d800000, 0x000000070d800000|
| 217|0x000000070d900000, 0x000000070da00000, 0x000000070da00000|100%| E|CS|TS191|AC  0|TAMS 0x000000070d900000, 0x000000070d900000|
| 218|0x000000070da00000, 0x000000070db00000, 0x000000070db00000|100%| E|CS|TS191|AC  0|TAMS 0x000000070da00000, 0x000000070da00000|
| 219|0x000000070db00000, 0x000000070dc00000, 0x000000070dc00000|100%| E|CS|TS191|AC  0|TAMS 0x000000070db00000, 0x000000070db00000|
| 220|0x000000070dc00000, 0x000000070dd00000, 0x000000070dd00000|100%| E|CS|TS191|AC  0|TAMS 0x000000070dc00000, 0x000000070dc00000|
| 221|0x000000070dd00000, 0x000000070de00000, 0x000000070de00000|100%| E|CS|TS191|AC  0|TAMS 0x000000070dd00000, 0x000000070dd00000|
| 222|0x000000070de00000, 0x000000070df00000, 0x000000070df00000|100%| E|CS|TS191|AC  0|TAMS 0x000000070de00000, 0x000000070de00000|
| 223|0x000000070df00000, 0x000000070e000000, 0x000000070e000000|100%| E|CS|TS191|AC  0|TAMS 0x000000070df00000, 0x000000070df00000|
| 224|0x000000070e000000, 0x000000070e100000, 0x000000070e100000|100%| E|CS|TS191|AC  0|TAMS 0x000000070e000000, 0x000000070e000000|
| 225|0x000000070e100000, 0x000000070e200000, 0x000000070e200000|100%| E|CS|TS191|AC  0|TAMS 0x000000070e100000, 0x000000070e100000|
| 226|0x000000070e200000, 0x000000070e300000, 0x000000070e300000|100%| E|CS|TS191|AC  0|TAMS 0x000000070e200000, 0x000000070e200000|
| 227|0x000000070e300000, 0x000000070e400000, 0x000000070e400000|100%| E|CS|TS191|AC  0|TAMS 0x000000070e300000, 0x000000070e300000|
| 228|0x000000070e400000, 0x000000070e500000, 0x000000070e500000|100%| E|CS|TS191|AC  0|TAMS 0x000000070e400000, 0x000000070e400000|
| 229|0x000000070e500000, 0x000000070e600000, 0x000000070e600000|100%| E|CS|TS191|AC  0|TAMS 0x000000070e500000, 0x000000070e500000|
| 230|0x000000070e600000, 0x000000070e700000, 0x000000070e700000|100%| E|CS|TS191|AC  0|TAMS 0x000000070e600000, 0x000000070e600000|
| 231|0x000000070e700000, 0x000000070e800000, 0x000000070e800000|100%| E|CS|TS191|AC  0|TAMS 0x000000070e700000, 0x000000070e700000|
| 232|0x000000070e800000, 0x000000070e900000, 0x000000070e900000|100%| E|CS|TS191|AC  0|TAMS 0x000000070e800000, 0x000000070e800000|
| 233|0x000000070e900000, 0x000000070ea00000, 0x000000070ea00000|100%| E|CS|TS191|AC  0|TAMS 0x000000070e900000, 0x000000070e900000|
| 234|0x000000070ea00000, 0x000000070eb00000, 0x000000070eb00000|100%| E|CS|TS191|AC  0|TAMS 0x000000070ea00000, 0x000000070ea00000|
| 235|0x000000070eb00000, 0x000000070ec00000, 0x000000070ec00000|100%| E|CS|TS191|AC  0|TAMS 0x000000070eb00000, 0x000000070eb00000|
| 236|0x000000070ec00000, 0x000000070ed00000, 0x000000070ed00000|100%| E|CS|TS191|AC  0|TAMS 0x000000070ec00000, 0x000000070ec00000|
| 237|0x000000070ed00000, 0x000000070ee00000, 0x000000070ee00000|100%| E|CS|TS191|AC  0|TAMS 0x000000070ed00000, 0x000000070ed00000|
| 238|0x000000070ee00000, 0x000000070ef00000, 0x000000070ef00000|100%| E|CS|TS191|AC  0|TAMS 0x000000070ee00000, 0x000000070ee00000|
| 239|0x000000070ef00000, 0x000000070f000000, 0x000000070f000000|100%| E|CS|TS191|AC  0|TAMS 0x000000070ef00000, 0x000000070ef00000|
| 240|0x000000070f000000, 0x000000070f100000, 0x000000070f100000|100%| E|CS|TS191|AC  0|TAMS 0x000000070f000000, 0x000000070f000000|
| 241|0x000000070f100000, 0x000000070f200000, 0x000000070f200000|100%| E|CS|TS191|AC  0|TAMS 0x000000070f100000, 0x000000070f100000|
| 242|0x000000070f200000, 0x000000070f300000, 0x000000070f300000|100%| E|CS|TS191|AC  0|TAMS 0x000000070f200000, 0x000000070f200000|
| 243|0x000000070f300000, 0x000000070f400000, 0x000000070f400000|100%| E|CS|TS191|AC  0|TAMS 0x000000070f300000, 0x000000070f300000|
| 244|0x000000070f400000, 0x000000070f500000, 0x000000070f500000|100%| E|CS|TS191|AC  0|TAMS 0x000000070f400000, 0x000000070f400000|
| 245|0x000000070f500000, 0x000000070f600000, 0x000000070f600000|100%| E|CS|TS191|AC  0|TAMS 0x000000070f500000, 0x000000070f500000|
| 246|0x000000070f600000, 0x000000070f700000, 0x000000070f700000|100%| E|CS|TS191|AC  0|TAMS 0x000000070f600000, 0x000000070f600000|
| 247|0x000000070f700000, 0x000000070f800000, 0x000000070f800000|100%| E|CS|TS191|AC  0|TAMS 0x000000070f700000, 0x000000070f700000|

Card table byte_map: [0x000000000d510000,0x000000000db10000] byte_map_base: 0x0000000009d10000

Marking Bits (Prev, Next): (CMBitMap*) 0x000000000987a848, (CMBitMap*) 0x000000000987a810
 Prev Bits: [0x000000002d2f0000, 0x00000000302f0000)
 Next Bits: [0x0000000019d80000, 0x000000001cd80000)

Polling page: 0x0000000000410000

CodeHeap 'non-profiled nmethods': size=120064Kb used=26145Kb max_used=27257Kb free=93918Kb
 bounds [0x0000000025db0000, 0x0000000027870000, 0x000000002d2f0000]
CodeHeap 'profiled nmethods': size=120000Kb used=50140Kb max_used=52477Kb free=69859Kb
 bounds [0x000000001e880000, 0x0000000021c70000, 0x0000000025db0000]
CodeHeap 'non-nmethods': size=5696Kb used=1857Kb max_used=1948Kb free=3838Kb
 bounds [0x000000001e2f0000, 0x000000001e560000, 0x000000001e880000]
 total_blobs=40838 nmethods=20375 adapters=1249
 compilation: enabled

Compilation events (10 events):
Event: 2581.846 Thread 0x00000000099bc000 27758       3       javax.swing.plaf.synth.SynthEditorPaneUI::update (25 bytes)
Event: 2581.848 Thread 0x00000000099bc000 nmethod 27758 0x000000001fed1210 code [0x000000001fed14c0, 0x000000001fed2368]
Event: 2581.848 Thread 0x00000000099bc000 27759       3       javax.swing.plaf.synth.SynthEditorPaneUI::paintBackground (20 bytes)
Event: 2581.849 Thread 0x00000000099bc000 nmethod 27759 0x000000001fb07690 code [0x000000001fb07880, 0x000000001fb07e48]
Event: 2581.849 Thread 0x00000000099bc000 27760       3       de.javasoft.plaf.synthetica.painter.EditorPanePainter::paintEditorPaneBackground (16 bytes)
Event: 2581.849 Thread 0x00000000099bc000 nmethod 27760 0x000000001fa07810 code [0x000000001fa079c0, 0x000000001fa07c08]
Event: 2582.051 Thread 0x000000000b324800 27762       4       javax.swing.plaf.basic.BasicProgressBarUI::getGenericBox (139 bytes)
Event: 2582.051 Thread 0x00000000027b3800 27761       4       javax.swing.plaf.basic.BasicProgressBarUI::getBox (181 bytes)
Event: 2582.052 Thread 0x000000000b324800 nmethod 27762 0x000000002736e390 code [0x000000002736e560, 0x000000002736e6d8]
Event: 2582.061 Thread 0x00000000027b3800 nmethod 27761 0x00000000273fe690 code [0x00000000273fe8e0, 0x00000000273ff398]

GC Heap History (10 events):
Event: 2474.692 GC heap before
{Heap before GC invocations=558 (full 9):
 garbage-first heap   total 253952K, used 197074K [0x0000000700000000, 0x00000007001007c0, 0x00000007c0000000)
  region size 1024K, 60 young (61440K), 2 survivors (2048K)
 Metaspace       used 96333K, capacity 103875K, committed 104060K, reserved 1138688K
  class space    used 13887K, capacity 15182K, committed 15228K, reserved 1048576K
}
Event: 2474.697 GC heap after
{Heap after GC invocations=559 (full 9):
 garbage-first heap   total 253952K, used 137970K [0x0000000700000000, 0x00000007001007c0, 0x00000007c0000000)
  region size 1024K, 2 young (2048K), 2 survivors (2048K)
 Metaspace       used 96333K, capacity 103875K, committed 104060K, reserved 1138688K
  class space    used 13887K, capacity 15182K, committed 15228K, reserved 1048576K
}
Event: 2475.220 GC heap before
{Heap before GC invocations=559 (full 9):
 garbage-first heap   total 253952K, used 197362K [0x0000000700000000, 0x00000007001007c0, 0x00000007c0000000)
  region size 1024K, 60 young (61440K), 2 survivors (2048K)
 Metaspace       used 96333K, capacity 103875K, committed 104060K, reserved 1138688K
  class space    used 13887K, capacity 15182K, committed 15228K, reserved 1048576K
}
Event: 2475.226 GC heap after
{Heap after GC invocations=560 (full 9):
 garbage-first heap   total 253952K, used 138458K [0x0000000700000000, 0x00000007001007c0, 0x00000007c0000000)
  region size 1024K, 3 young (3072K), 3 survivors (3072K)
 Metaspace       used 96333K, capacity 103875K, committed 104060K, reserved 1138688K
  class space    used 13887K, capacity 15182K, committed 15228K, reserved 1048576K
}
Event: 2477.197 GC heap before
{Heap before GC invocations=560 (full 9):
 garbage-first heap   total 253952K, used 196826K [0x0000000700000000, 0x00000007001007c0, 0x00000007c0000000)
  region size 1024K, 60 young (61440K), 3 survivors (3072K)
 Metaspace       used 96334K, capacity 103875K, committed 104060K, reserved 1138688K
  class space    used 13887K, capacity 15182K, committed 15228K, reserved 1048576K
}
Event: 2477.203 GC heap after
{Heap after GC invocations=561 (full 9):
 garbage-first heap   total 253952K, used 138659K [0x0000000700000000, 0x00000007001007c0, 0x00000007c0000000)
  region size 1024K, 3 young (3072K), 3 survivors (3072K)
 Metaspace       used 96334K, capacity 103875K, committed 104060K, reserved 1138688K
  class space    used 13887K, capacity 15182K, committed 15228K, reserved 1048576K
}
Event: 2523.039 GC heap before
{Heap before GC invocations=561 (full 9):
 garbage-first heap   total 253952K, used 197027K [0x0000000700000000, 0x00000007001007c0, 0x00000007c0000000)
  region size 1024K, 60 young (61440K), 3 survivors (3072K)
 Metaspace       used 96341K, capacity 103875K, committed 104060K, reserved 1138688K
  class space    used 13887K, capacity 15182K, committed 15228K, reserved 1048576K
}
Event: 2523.044 GC heap after
{Heap after GC invocations=562 (full 9):
 garbage-first heap   total 253952K, used 137586K [0x0000000700000000, 0x00000007001007c0, 0x00000007c0000000)
  region size 1024K, 2 young (2048K), 2 survivors (2048K)
 Metaspace       used 96341K, capacity 103875K, committed 104060K, reserved 1138688K
  class space    used 13887K, capacity 15182K, committed 15228K, reserved 1048576K
}
Event: 2573.253 GC heap before
{Heap before GC invocations=562 (full 9):
 garbage-first heap   total 253952K, used 196978K [0x0000000700000000, 0x00000007001007c0, 0x00000007c0000000)
  region size 1024K, 60 young (61440K), 2 survivors (2048K)
 Metaspace       used 96350K, capacity 103875K, committed 104060K, reserved 1138688K
  class space    used 13887K, capacity 15182K, committed 15228K, reserved 1048576K
}
Event: 2573.257 GC heap after
{Heap after GC invocations=563 (full 9):
 garbage-first heap   total 253952K, used 137347K [0x0000000700000000, 0x00000007001007c0, 0x00000007c0000000)
  region size 1024K, 2 young (2048K), 2 survivors (2048K)
 Metaspace       used 96350K, capacity 103875K, committed 104060K, reserved 1138688K
  class space    used 13887K, capacity 15182K, committed 15228K, reserved 1048576K
}

Deoptimization events (10 events):
Event: 2395.601 Thread 0x0000000032b43000 Uncommon trap: reason=class_check action=maybe_recompile pc=0x000000002702bc38 method=com.jidesoft.docking.DefaultDockingManager.handleEvent(Ljava/awt/AWTEvent;)Z @ 2252 c2
Event: 2429.702 Thread 0x0000000032b43000 Uncommon trap: reason=unstable_if action=reinterpret pc=0x0000000027188c74 method=javax.swing.JComponent.getObscuredState(IIIII)I @ 158 c2
Event: 2581.815 Thread 0x0000000032b43000 Uncommon trap: reason=unstable_if action=reinterpret pc=0x00000000278223dc method=java.util.regex.Pattern.atom()Ljava/util/regex/Pattern$Node; @ 278 c2
Event: 2581.817 Thread 0x0000000032b43000 Uncommon trap: reason=bimorphic_or_optimized_type_check action=maybe_recompile pc=0x000000002780ac40 method=javax.swing.text.html.parser.DocumentParser.handleStartTag(Ljavax/swing/text/html/parser/TagElement;)V @ 174 c2
Event: 2581.817 Thread 0x0000000032b43000 Uncommon trap: reason=bimorphic_or_optimized_type_check action=maybe_recompile pc=0x000000002780ac40 method=javax.swing.text.html.parser.DocumentParser.handleStartTag(Ljavax/swing/text/html/parser/TagElement;)V @ 174 c2
Event: 2581.817 Thread 0x0000000032b43000 Uncommon trap: reason=bimorphic_or_optimized_type_check action=maybe_recompile pc=0x00000000277f8f64 method=javax.swing.text.html.parser.DocumentParser.handleEndTag(Ljavax/swing/text/html/parser/TagElement;)V @ 139 c2
Event: 2581.817 Thread 0x0000000032b43000 Uncommon trap: reason=bimorphic_or_optimized_type_check action=maybe_recompile pc=0x000000002780ac40 method=javax.swing.text.html.parser.DocumentParser.handleStartTag(Ljavax/swing/text/html/parser/TagElement;)V @ 174 c2
Event: 2581.817 Thread 0x0000000032b43000 Uncommon trap: reason=bimorphic_or_optimized_type_check action=maybe_recompile pc=0x00000000277f8f64 method=javax.swing.text.html.parser.DocumentParser.handleEndTag(Ljavax/swing/text/html/parser/TagElement;)V @ 139 c2
Event: 2581.817 Thread 0x0000000032b43000 Uncommon trap: reason=bimorphic_or_optimized_type_check action=maybe_recompile pc=0x00000000277f8f64 method=javax.swing.text.html.parser.DocumentParser.handleEndTag(Ljavax/swing/text/html/parser/TagElement;)V @ 139 c2
Event: 2581.817 Thread 0x0000000032b43000 Uncommon trap: reason=bimorphic_or_optimized_type_check action=maybe_recompile pc=0x0000000026e100cc method=javax.swing.text.html.parser.DocumentParser.parse(Ljava/io/Reader;Ljavax/swing/text/html/HTMLEditorKit$ParserCallback;Z)V @ 20 c2

Classes redefined (0 events):
No events

Internal exceptions (10 events):
Event: 2384.897 Thread 0x0000000032b43000 Exception <a 'de/concept/nlview/NlviewException'{0x000000070e93d838}> (0x000000070e93d838) thrown at [t:/workspace/hotspot/src/share/vm/prims/jni.cpp, line 604]
Event: 2384.897 Thread 0x0000000032b43000 Exception <a 'de/concept/nlview/NlviewException'{0x000000070e93e3d8}> (0x000000070e93e3d8) thrown at [t:/workspace/hotspot/src/share/vm/prims/jni.cpp, line 604]
Event: 2384.897 Thread 0x0000000032b43000 Exception <a 'de/concept/nlview/NlviewException'{0x000000070e93ef78}> (0x000000070e93ef78) thrown at [t:/workspace/hotspot/src/share/vm/prims/jni.cpp, line 604]
Event: 2384.897 Thread 0x0000000032b43000 Exception <a 'de/concept/nlview/NlviewException'{0x000000070e93fb18}> (0x000000070e93fb18) thrown at [t:/workspace/hotspot/src/share/vm/prims/jni.cpp, line 604]
Event: 2384.897 Thread 0x0000000032b43000 Exception <a 'de/concept/nlview/NlviewException'{0x000000070e9406b8}> (0x000000070e9406b8) thrown at [t:/workspace/hotspot/src/share/vm/prims/jni.cpp, line 604]
Event: 2384.897 Thread 0x0000000032b43000 Exception <a 'de/concept/nlview/NlviewException'{0x000000070e9415a8}> (0x000000070e9415a8) thrown at [t:/workspace/hotspot/src/share/vm/prims/jni.cpp, line 604]
Event: 2384.897 Thread 0x0000000032b43000 Exception <a 'de/concept/nlview/NlviewException'{0x000000070e943370}> (0x000000070e943370) thrown at [t:/workspace/hotspot/src/share/vm/prims/jni.cpp, line 604]
Event: 2384.897 Thread 0x0000000032b43000 Exception <a 'de/concept/nlview/NlviewException'{0x000000070e944af8}> (0x000000070e944af8) thrown at [t:/workspace/hotspot/src/share/vm/prims/jni.cpp, line 604]
Event: 2384.897 Thread 0x0000000032b43000 Exception <a 'de/concept/nlview/NlviewException'{0x000000070e94daf0}> (0x000000070e94daf0) thrown at [t:/workspace/hotspot/src/share/vm/prims/jni.cpp, line 604]
Event: 2384.897 Thread 0x0000000032b43000 Exception <a 'de/concept/nlview/NlviewException'{0x000000070e94e420}> (0x000000070e94e420) thrown at [t:/workspace/hotspot/src/share/vm/prims/jni.cpp, line 604]

Events (10 events):
Event: 2581.826 loading class com/google/common/base/CharMatcher$Any
Event: 2581.826 loading class com/google/common/base/CharMatcher$Any done
Event: 2581.827 loading class com/google/common/base/CharMatcher$None
Event: 2581.827 loading class com/google/common/base/CharMatcher$None done
Event: 2581.830 Executing VM operation: RevokeBias
Event: 2581.831 Executing VM operation: RevokeBias done
Event: 2581.831 Executing VM operation: RevokeBias
Event: 2581.831 Executing VM operation: RevokeBias done
Event: 2582.009 Thread 0x0000000032600000 Thread added: 0x0000000032600000
Event: 2582.014 Thread 0x0000000032600000 Thread exited: 0x0000000032600000


Dynamic libraries:
0x000000013fef0000 - 0x000000013ff20000 	C:\Xilinx\Vivado\2019.1\bin\unwrapped\win64.o\vivado.exe
0x0000000077b50000 - 0x0000000077cef000 	C:\WINDOWS\SYSTEM32\ntdll.dll
0x0000000077a30000 - 0x0000000077b4f000 	C:\WINDOWS\system32\kernel32.dll
0x000007fefd8f0000 - 0x000007fefd957000 	C:\WINDOWS\system32\KERNELBASE.dll
0x000007fefb1d0000 - 0x000007fefb1e4000 	C:\Xilinx\Vivado\2019.1\lib\win64.o\libboost_signals.dll
0x000007fef6580000 - 0x000007fef661b000 	C:\WINDOWS\system32\MSVCP140.dll
0x000007fef8be0000 - 0x000007fef8bf5000 	C:\WINDOWS\system32\VCRUNTIME140.dll
0x000007fef8bd0000 - 0x000007fef8bd4000 	C:\WINDOWS\system32\api-ms-win-crt-runtime-l1-1-0.dll
0x000007fef8ad0000 - 0x000007fef8bc4000 	C:\WINDOWS\system32\ucrtbase.DLL
0x000007fef8a20000 - 0x000007fef8a23000 	C:\WINDOWS\system32\api-ms-win-core-timezone-l1-1-0.dll
0x000007fef8ac0000 - 0x000007fef8ac3000 	C:\WINDOWS\system32\api-ms-win-core-file-l2-1-0.dll
0x000007fef8ab0000 - 0x000007fef8ab3000 	C:\WINDOWS\system32\api-ms-win-core-localization-l1-2-0.dll
0x000007fefb660000 - 0x000007fefb663000 	C:\WINDOWS\system32\api-ms-win-core-synch-l1-2-0.dll
0x000007fef8a60000 - 0x000007fef8a63000 	C:\WINDOWS\system32\api-ms-win-core-processthreads-l1-1-1.dll
0x000007fef8a50000 - 0x000007fef8a53000 	C:\WINDOWS\system32\api-ms-win-core-file-l1-2-0.dll
0x000007fef8aa0000 - 0x000007fef8aa3000 	C:\WINDOWS\system32\api-ms-win-crt-heap-l1-1-0.dll
0x000007fef8a90000 - 0x000007fef8a94000 	C:\WINDOWS\system32\api-ms-win-crt-string-l1-1-0.dll
0x000007fef8a80000 - 0x000007fef8a84000 	C:\WINDOWS\system32\api-ms-win-crt-stdio-l1-1-0.dll
0x000007fef8a70000 - 0x000007fef8a74000 	C:\WINDOWS\system32\api-ms-win-crt-convert-l1-1-0.dll
0x000007fef6570000 - 0x000007fef6573000 	C:\WINDOWS\system32\api-ms-win-crt-locale-l1-1-0.dll
0x000007fef6560000 - 0x000007fef6565000 	C:\WINDOWS\system32\api-ms-win-crt-math-l1-1-0.dll
0x000007fef6550000 - 0x000007fef6553000 	C:\WINDOWS\system32\api-ms-win-crt-filesystem-l1-1-0.dll
0x000007fef6540000 - 0x000007fef6543000 	C:\WINDOWS\system32\api-ms-win-crt-time-l1-1-0.dll
0x000007fef6530000 - 0x000007fef6533000 	C:\WINDOWS\system32\api-ms-win-crt-environment-l1-1-0.dll
0x000007fef6520000 - 0x000007fef6523000 	C:\WINDOWS\system32\api-ms-win-crt-utility-l1-1-0.dll
0x000007feb8a30000 - 0x000007feb9912000 	C:\Xilinx\Vivado\2019.1\lib\win64.o\librdi_common.dll
0x000007fec7fa0000 - 0x000007fec830e000 	C:\Xilinx\Vivado\2019.1\lib\win64.o\libCOIN-all.dll
0x000007fef3c30000 - 0x000007fef3c44000 	C:\Xilinx\Vivado\2019.1\lib\win64.o\libboost_date_time.dll
0x000007fef3be0000 - 0x000007fef3c06000 	C:\Xilinx\Vivado\2019.1\lib\win64.o\libboost_filesystem.dll
0x000007fef54b0000 - 0x000007fef54bb000 	C:\Xilinx\Vivado\2019.1\lib\win64.o\libboost_system.dll
0x000007fefe070000 - 0x000007fefe14b000 	C:\WINDOWS\system32\ADVAPI32.dll
0x000007fefe4b0000 - 0x000007fefe54f000 	C:\WINDOWS\system32\msvcrt.dll
0x000007fefdf20000 - 0x000007fefdf3f000 	C:\WINDOWS\SYSTEM32\sechost.dll
0x000007fefe150000 - 0x000007fefe27c000 	C:\WINDOWS\system32\RPCRT4.dll
0x000007fed7de0000 - 0x000007fed7e5f000 	C:\Xilinx\Vivado\2019.1\lib\win64.o\libboost_program_options.dll
0x000007fed6100000 - 0x000007fed6214000 	C:\Xilinx\Vivado\2019.1\lib\win64.o\libboost_regex.dll
0x0000000077930000 - 0x0000000077a2a000 	C:\WINDOWS\system32\USER32.dll
0x000007feffda0000 - 0x000007feffe07000 	C:\WINDOWS\system32\GDI32.dll
0x000007fefe7c0000 - 0x000007fefe7ce000 	C:\WINDOWS\system32\LPK.dll
0x000007fefde50000 - 0x000007fefdf1b000 	C:\WINDOWS\system32\USP10.dll
0x000007feec4c0000 - 0x000007feec4e1000 	C:\Xilinx\Vivado\2019.1\lib\win64.o\libboost_thread.dll
0x000007fef5430000 - 0x000007fef543d000 	C:\Xilinx\Vivado\2019.1\lib\win64.o\libboost_chrono.dll
0x000007fef4fb0000 - 0x000007fef4fbf000 	C:\Xilinx\Vivado\2019.1\lib\win64.o\libboost_xilinx.dll
0x000007fed6400000 - 0x000007fed6482000 	C:\Xilinx\Vivado\2019.1\lib\win64.o\libhdlpsolve.dll
0x000007fed5280000 - 0x000007fed5325000 	C:\Xilinx\Vivado\2019.1\lib\win64.o\libhdxml.dll
0x000007feb7e80000 - 0x000007feb8a2f400 	C:\Xilinx\Vivado\2019.1\lib\win64.o\libisl_iostreams.dll
0x000007fee6fb0000 - 0x000007fee6fcb000 	C:\Xilinx\Vivado\2019.1\lib\win64.o\libboost_iostreams.dll
0x000007fee52e0000 - 0x000007fee5301000 	C:\Xilinx\Vivado\2019.1\lib\win64.o\librdizlib.dll
0x000007fee51c0000 - 0x000007fee51e5000 	C:\Xilinx\Vivado\2019.1\lib\win64.o\libisl_iosutils.dll
0x000007fee5290000 - 0x000007fee52aa000 	C:\Xilinx\Vivado\2019.1\lib\win64.o\pthreadVC2.dll
0x000007fef4ec0000 - 0x000007fef4ec3000 	C:\WINDOWS\system32\api-ms-win-crt-conio-l1-1-0.dll
0x000007fee4a70000 - 0x000007fee4a9e000 	C:\Xilinx\Vivado\2019.1\lib\win64.o\libisl_sysinfo.dll
0x000007fefefc0000 - 0x000007feff00d000 	C:\WINDOWS\system32\WS2_32.dll
0x000007fefe550000 - 0x000007fefe558000 	C:\WINDOWS\system32\NSI.dll
0x000007fed8af0000 - 0x000007fed8b55000 	C:\Xilinx\Vivado\2019.1\lib\win64.o\liblmx6.0.dll
0x000007fec8fd0000 - 0x000007fec90f1000 	C:\Xilinx\Vivado\2019.1\lib\win64.o\librdi_commonxillic.dll
0x000007feb7ba0000 - 0x000007feb7e78000 	C:\Xilinx\Vivado\2019.1\lib\win64.o\libXil_lmgr11.dll
0x000007fefa210000 - 0x000007fefa226000 	C:\WINDOWS\system32\NETAPI32.dll
0x000007fefcac0000 - 0x000007fefcacc000 	C:\WINDOWS\system32\netutils.dll
0x000007fefd0e0000 - 0x000007fefd103000 	C:\WINDOWS\system32\srvcli.dll
0x000007fefa1f0000 - 0x000007fefa205000 	C:\WINDOWS\system32\wkscli.dll
0x000007fefddb0000 - 0x000007fefde47000 	C:\WINDOWS\system32\COMDLG32.dll
0x000007fefdd30000 - 0x000007fefdda1000 	C:\WINDOWS\system32\SHLWAPI.dll
0x000007fef3850000 - 0x000007fef38f0000 	C:\WINDOWS\WinSxS\amd64_microsoft.windows.common-controls_6595b64144ccf1df_5.82.7601.18837_none_a4d981ff711297b6\COMCTL32.dll
0x000007feff010000 - 0x000007feffd9b000 	C:\WINDOWS\system32\SHELL32.dll
0x000007fef6510000 - 0x000007fef6519000 	C:\WINDOWS\system32\WSOCK32.dll
0x000007fefe7d0000 - 0x000007fefe8ab000 	C:\WINDOWS\system32\OLEAUT32.dll
0x000007fefe8b0000 - 0x000007fefeaaf000 	C:\WINDOWS\system32\ole32.dll
0x000007fef9140000 - 0x000007fef9158000 	C:\WINDOWS\system32\dhcpcsvc.DLL
0x000007fefd9d0000 - 0x000007fefda0b000 	C:\WINDOWS\system32\WINTRUST.dll
0x000007fefd780000 - 0x000007fefd8ed000 	C:\WINDOWS\system32\CRYPT32.dll
0x000007fefd6b0000 - 0x000007fefd6bf000 	C:\WINDOWS\system32\MSASN1.dll
0x000007fee5160000 - 0x000007fee517c000 	C:\Xilinx\Vivado\2019.1\lib\win64.o\librdiconfig.dll
0x0000000051e10000 - 0x0000000051f3b000 	C:\Xilinx\Vivado\2019.1\lib\win64.o\tcl85t.dll
0x0000000012000000 - 0x0000000012270000 	C:\Xilinx\Vivado\2019.1\lib\win64.o\xerces-c_3_1.dll
0x000007fefeb10000 - 0x000007fefefbc000 	C:\WINDOWS\system32\WININET.dll
0x000007fefda20000 - 0x000007fefda24000 	C:\WINDOWS\system32\api-ms-win-downlevel-user32-l1-1-0.dll
0x000007fefd960000 - 0x000007fefd964000 	C:\WINDOWS\system32\api-ms-win-downlevel-shlwapi-l1-1-0.dll
0x000007fefd980000 - 0x000007fefd984000 	C:\WINDOWS\system32\api-ms-win-downlevel-version-l1-1-0.dll
0x000007fefc770000 - 0x000007fefc77c000 	C:\WINDOWS\system32\version.DLL
0x000007fefda10000 - 0x000007fefda13000 	C:\WINDOWS\system32\api-ms-win-downlevel-normaliz-l1-1-0.dll
0x0000000077cf0000 - 0x0000000077cf3000 	C:\WINDOWS\system32\normaliz.DLL
0x000007fefda60000 - 0x000007fefdd2c000 	C:\WINDOWS\system32\iertutil.dll
0x000007fefd970000 - 0x000007fefd975000 	C:\WINDOWS\system32\api-ms-win-downlevel-advapi32-l1-1-0.dll
0x000007fefda40000 - 0x000007fefda5f000 	C:\WINDOWS\system32\USERENV.dll
0x000007fefd6a0000 - 0x000007fefd6af000 	C:\WINDOWS\system32\profapi.dll
0x000007fefb6d0000 - 0x000007fefb741000 	C:\WINDOWS\system32\WINHTTP.dll
0x000007fefb540000 - 0x000007fefb5a5000 	C:\WINDOWS\system32\webio.dll
0x000007fefe320000 - 0x000007fefe4aa000 	C:\WINDOWS\system32\urlmon.dll
0x000007fefda30000 - 0x000007fefda34000 	C:\WINDOWS\system32\api-ms-win-downlevel-ole32-l1-1-0.dll
0x000007feb6d00000 - 0x000007feb7b91000 	C:\Xilinx\Vivado\2019.1\lib\win64.o\gurobi65.dll
0x000007fee4690000 - 0x000007fee46b7000 	C:\WINDOWS\system32\VCOMP140.DLL
0x000007fee5110000 - 0x000007fee5124000 	C:\Xilinx\Vivado\2019.1\lib\win64.o\librdi_commonmain.dll
0x000007fef2f60000 - 0x000007fef2f6a000 	C:\Xilinx\Vivado\2019.1\lib\win64.o\librdi_commonversion.dll
0x000007feffe10000 - 0x000007feffe3e000 	C:\WINDOWS\system32\IMM32.DLL
0x000007fefdf60000 - 0x000007fefe06b000 	C:\WINDOWS\system32\MSCTF.dll
0x000007feb67e0000 - 0x000007feb6cf7000 	C:\Xilinx\Vivado\2019.1\lib\win64.o\librdi_commontasks.dll
0x0000000007800000 - 0x0000000008225000 	C:\Xilinx\Vivado\2019.1\tps\win64\jre9.0.4\bin\server\jvm.dll
0x000007fef2f20000 - 0x000007fef2f5b000 	C:\WINDOWS\system32\WINMM.dll
0x0000000077d00000 - 0x0000000077d07000 	C:\WINDOWS\system32\PSAPI.DLL
0x000007feee000000 - 0x000007feee0ef000 	C:\WINDOWS\system32\MSVCR120.dll
0x000007feb6550000 - 0x000007feb67d6000 	C:\Xilinx\Vivado\2019.1\lib\win64.o\librdi_sio.dll
0x000007fef9210000 - 0x000007fef9237000 	C:\WINDOWS\system32\IPHLPAPI.DLL
0x000007fef9200000 - 0x000007fef920b000 	C:\WINDOWS\system32\WINNSI.DLL
0x000007fefcde0000 - 0x000007fefce35000 	C:\WINDOWS\system32\MSWSOCK.DLL
0x000007feb4090000 - 0x000007feb654c000 	C:\Xilinx\Vivado\2019.1\lib\win64.o\librdi_tcltasks.dll
0x000007feb3c80000 - 0x000007feb4088000 	C:\Xilinx\Vivado\2019.1\lib\win64.o\librdi_bitstream.dll
0x000007fea1850000 - 0x000007feb3c7c000 	C:\Xilinx\Vivado\2019.1\lib\win64.o\librdi_device.dll
0x000007fee3700000 - 0x000007fee374c000 	C:\Xilinx\Vivado\2019.1\lib\win64.o\libboost_serialization.dll
0x000007fea0d00000 - 0x000007fea1847000 	C:\Xilinx\Vivado\2019.1\lib\win64.o\libverific.dll
0x000007fec8820000 - 0x000007fec89b1000 	C:\Xilinx\Vivado\2019.1\lib\win64.o\librdi_board.dll
0x000007fecb8e0000 - 0x000007fecb958000 	C:\Xilinx\Vivado\2019.1\lib\win64.o\librdi_boarddep.dll
0x000007fec9a30000 - 0x000007fec9b1b000 	C:\Xilinx\Vivado\2019.1\lib\win64.o\librdi_chipscope.dll
0x000007fea0b80000 - 0x000007fea0cf2000 	C:\Xilinx\Vivado\2019.1\lib\win64.o\librdi_advchipscopeimpl.dll
0x000007fe9f190000 - 0x000007fea0b7a000 	C:\Xilinx\Vivado\2019.1\lib\win64.o\librdi_constraints.dll
0x000007fe9eb40000 - 0x000007fe9f18d000 	C:\Xilinx\Vivado\2019.1\lib\win64.o\librdi_filemgmt.dll
0x000007fe9e9a0000 - 0x000007fe9eb3f000 	C:\Xilinx\Vivado\2019.1\lib\win64.o\librdi_hip_devdesign.dll
0x000007fe9e8d0000 - 0x000007fe9e992000 	C:\Xilinx\Vivado\2019.1\lib\win64.o\librdi_ipconfig_readwrite.dll
0x000007fe9e220000 - 0x000007fe9e8c2000 	C:\Xilinx\Vivado\2019.1\lib\win64.o\librdi_netlist.dll
0x000007fec9980000 - 0x000007fec9a08000 	C:\Xilinx\Vivado\2019.1\lib\win64.o\librdi_meir_core.dll
0x000007fee26d0000 - 0x000007fee2713000 	C:\Xilinx\Vivado\2019.1\lib\win64.o\librdi_noc_frameworks.dll
0x000007fe9de30000 - 0x000007fe9e215000 	C:\Xilinx\Vivado\2019.1\lib\win64.o\librdi_hip_config.dll
0x000007fe9d8a0000 - 0x000007fe9de21000 	C:\Xilinx\Vivado\2019.1\lib\win64.o\librdi_ippcw.dll
0x000007fe9d6f0000 - 0x000007fe9d89e000 	C:\Xilinx\Vivado\2019.1\lib\win64.o\librdi_hip_noc_tools.dll
0x000007fe9cfe0000 - 0x000007fe9d6e9000 	C:\Xilinx\Vivado\2019.1\lib\win64.o\librdi_psta.dll
0x000007fe9b120000 - 0x000007fe9cfd1000 	C:\Xilinx\Vivado\2019.1\lib\win64.o\librdi_coregen.dll
0x000007fe9aa40000 - 0x000007fe9b11a000 	C:\Xilinx\Vivado\2019.1\lib\win64.o\librdi_coregenipxact.dll
0x000007fe969f0000 - 0x000007fe9aa33000 	C:\Xilinx\Vivado\2019.1\lib\win64.o\librdi_designutils.dll

VM Arguments:
jvm_args: -Dsun.java2d.pmoffscreen=false -Dsun.java2d.xrender=false -Dsun.java2d.d3d=false -Dsun.awt.nopixfmt=true -Dsun.java2d.dpiaware=true -Dsun.java2d.uiScale.enabled=false -Xverify:none -Dswing.aatext=true -XX:-UsePerfData -Djdk.map.althashing.threshold=512 -XX:StringTableSize=4072 --add-opens=java.base/java.nio=ALL-UNNAMED --add-opens=java.desktop/sun.swing=ALL-UNNAMED --add-opens=java.desktop/javax.swing=ALL-UNNAMED --add-opens=java.desktop/javax.swing.tree=ALL-UNNAMED --add-opens=java.desktop/javax.swing.plaf.basic=ALL-UNNAMED --add-opens=java.desktop/javax.swing.plaf.synth=ALL-UNNAMED --add-opens=java.desktop/com.sun.awt=ALL-UNNAMED -XX:NewSize=60m -XX:MaxNewSize=60m -Xms128m -Xmx3072m -Xss5m 
java_command: <unknown>
java_class_path (initial): C:/Xilinx/Vivado/2019.1\lib\classes\alloy.jar;C:/Xilinx/Vivado/2019.1\lib\classes\autopilot.scelaborator.jar;C:/Xilinx/Vivado/2019.1\lib\classes\autopilot.sourceprocessor.jar;C:/Xilinx/Vivado/2019.1\lib\classes\autopilot.tbprocessor.jar;C:/Xilinx/Vivado/2019.1\lib\classes\batik-anim.jar;C:/Xilinx/Vivado/2019.1\lib\classes\batik-awt-util.jar;C:/Xilinx/Vivado/2019.1\lib\classes\batik-bridge.jar;C:/Xilinx/Vivado/2019.1\lib\classes\batik-codec.jar;C:/Xilinx/Vivado/2019.1\lib\classes\batik-css.jar;C:/Xilinx/Vivado/2019.1\lib\classes\batik-dom.jar;C:/Xilinx/Vivado/2019.1\lib\classes\batik-ext.jar;C:/Xilinx/Vivado/2019.1\lib\classes\batik-gui-util.jar;C:/Xilinx/Vivado/2019.1\lib\classes\batik-gvt.jar;C:/Xilinx/Vivado/2019.1\lib\classes\batik-parser.jar;C:/Xilinx/Vivado/2019.1\lib\classes\batik-script.jar;C:/Xilinx/Vivado/2019.1\lib\classes\batik-svg-dom.jar;C:/Xilinx/Vivado/2019.1\lib\classes\batik-swing.jar;C:/Xilinx/Vivado/2019.1\lib\classes\batik-transcoder.jar;C:/Xilinx/Vivado/2019.1\lib\classes\batik-util.jar;C:/Xilinx/Vivado/2019.1\lib\classes\batik-xml.jar;C:/Xilinx/Vivado/2019.1\lib\classes\com.google.gson_2.7.0.v20170129-0911.jar;C:/Xilinx/Vivado/2019.1\lib\classes\com.google.guava_21.0.0.v20170206-1425.jar;C:/Xilinx/Vivado/2019.1\lib\classes\com.google.inject_3.0.0.v201605172100.jar;C:/Xilinx/Vivado/2019.1\lib\classes\com.ibm.icu_4.4.2.v20110208.jar;C:/Xilinx/Vivado/2019.1\lib\classes\com.sigasi.hdt.annotations.runtime_4.3.0.201903071210.jar;C:/Xilinx/Vivado/2019.1\lib\classes\com.sigasi.hdt.blockdiagram.model_4.3.0.201903071210.jar;C:/Xilinx/Vivado/2019.1\lib\classes\com.sigasi.hdt.connection_4.3.0.201903071210.jar;C:/Xilinx/Vivado/2019.1\lib\classes\com.sigasi.hdt.dependencies.model_4.3.0.201903071210.jar;C:/Xilinx/Vivado/2019.1\lib\classes\com.sigasi.hdt.epl_4.3.0.201903071210.jar;C:/Xilinx/Vivado/2019.1\lib\classes\com.sigasi.hdt.graphics.model_4.3.0.201903071210.jar;C:/Xilinx/Vivado/2019.1\lib\classes\com.sigasi.hdt.project_4.3.0
Launcher Type: generic

Logging:
Log output configuration:
#0: stdout all=warning uptime,level,tags
#1: stderr all=off uptime,level,tags

Environment Variables:
JAVA_HOME=C:\Users\j.borbely\jdk-11.0.2
PATH=C:/Xilinx/Vivado/2019.1/bin;C:/Xilinx/Vivado/2019.1/lib/win64.o;C:/Xilinx/Vivado/2019.1/tps/win64/jre9.0.4/bin/server;C:/Xilinx/Vivado/2019.1/tps/win64/jre9.0.4/bin;C:/Xilinx/SDK/2019.1/bin;C:/Xilinx/Vivado/2019.1/ids_lite/ISE/bin/nt64;C:/Xilinx/Vivado/2019.1/ids_lite/ISE/lib/nt64;C:\Program Files\Pico Technology\SDK\lib\;C:\WINDOWS\system32;C:\WINDOWS;C:\WINDOWS\System32\Wbem;C:\WINDOWS\System32\WindowsPowerShell\v1.0\;C:\Program Files (x86)\IVI Foundation\VISA\WinNT\Bin\;C:\Program Files\IVI Foundation\VISA\Win64\Bin\;C:\Program Files\TortoiseGit\bin;C:\Program Files\PuTTY\;C:\Program Files\Git\cmd;C:\Program Files (x86)\Pico Technology\PicoScope6\;C:\Users\j.borbely\AppData\Local\Programs\Python\Python38\Scripts\;C:\Users\j.borbely\AppData\Local\Programs\Python\Python38\;C:\Program Files\Redis;C:\Users\j.borbely\jdk-11.0.2\bin;C:\Users\j.borbely\Python37-32;C:\Users\j.borbely\Python37-32\Scripts;;C:/Xilinx/Vivado/2019.1\tps\mingw\6.2.0\win64.o\nt\bin;C:/Xilinx/Vivado/2019.1\tps\mingw\6.2.0\win64.o\nt\libexec\gcc\x86_64-w64-mingw32\6.2.0;C:/Xilinx/Vivado/2019.1\tps\win64\python-2.7.5;C:/Xilinx/Vivado/2019.1\tps\win64\python-2.7.5\lib;C:/Xilinx/Vivado/2019.1\tps\win64\python-2.7.5\Lib\lib-tk;C:/Xilinx/Vivado/2019.1\tps\win64\python-2.7.5\lib\site-packages
USERNAME=j.borbely
OS=Windows_NT
PROCESSOR_IDENTIFIER=Intel64 Family 6 Model 94 Stepping 3, GenuineIntel



---------------  S Y S T E M  ---------------

OS: Windows 7 , 64 bit Build 7601 (6.1.7601.24540)

CPU:total 4 (initial active 4) (4 cores per cpu, 1 threads per core) family 6 model 94 stepping 3, cmov, cx8, fxsr, mmx, sse, sse2, sse3, ssse3, sse4.1, sse4.2, popcnt, avx, avx2, aes, clmul, erms, rtm, 3dnowpref, lzcnt, tsc, tscinvbit, bmi1, bmi2, adx, fma

Memory: 4k page, physical 16628852k(1801152k free), swap 18724104k(2828340k free)

vm_info: Java HotSpot(TM) 64-Bit Server VM (9.0.4+11) for windows-amd64 JRE (9.0.4+11), built on Dec 20 2017 02:18:54 by "mach5one" with MS VC++ 12.0 (VS2013)

END.
