Copyright 1986-2019 Xilinx, Inc. All Rights Reserved.
------------------------------------------------------------------------------------
| Tool Version : Vivado v.2019.1 (win64) Build 2552052 Fri May 24 14:49:42 MDT 2019
| Date         : Fri Jan 31 13:19:21 2020
| Host         : CISS32101 running 64-bit Service Pack 1  (build 7601)
| Command      : upgrade_ip
| Device       : xc7z020clg400-1
------------------------------------------------------------------------------------

Upgrade Log for IP 'SDDR_AXI_ST_SDDR_ST_0_0'

1. Summary
----------

SUCCESS in the conversion of SDDR_AXI_ST_SDDR_ST_0_0 (cri.nz:user:SDDR_ST:1.0 (Rev. 2)) to Vivado generation flows.






Copyright 1986-2019 Xilinx, Inc. All Rights Reserved.
------------------------------------------------------------------------------------
| Tool Version : Vivado v.2019.1 (win64) Build 2552052 Fri May 24 14:49:42 MDT 2019
| Date         : Tue Jan 21 10:13:48 2020
| Host         : CISS32101 running 64-bit Service Pack 1  (build 7601)
| Command      : upgrade_ip
| Device       : xc7z020clg400-1
------------------------------------------------------------------------------------

Upgrade Log for IP 'SDDR_AXI_ST_SDDR_ST_0_0'

1. Summary
----------

SUCCESS in the conversion of SDDR_AXI_ST_SDDR_ST_0_0 (cri.nz:user:SDDR_ST:1.0 (Rev. 2)) to Vivado generation flows.

