Copyright 1986-2019 Xilinx, Inc. All Rights Reserved.
------------------------------------------------------------------------------------
| Tool Version : Vivado v.2019.1 (win64) Build 2552052 Fri May 24 14:49:42 MDT 2019
| Date         : Tue Dec  3 11:44:20 2019
| Host         : CISS32101 running 64-bit Service Pack 1  (build 7601)
| Command      : upgrade_ip
| Device       : xc7z020clg400-1
------------------------------------------------------------------------------------

Upgrade Log for IP 'PG_OV_PG_CORE_0_0'

1. Summary
----------

CAUTION (success, with warnings) in the conversion of PG_OV_PG_CORE_0_0 (cri.nz:user:PG_CORE:1.0 (Rev. 2)) to Vivado generation flows.

After upgrade, an IP may have parameter and port differences compared to the original customization. Please review the parameters within the IP customization GUI to ensure proper functionality. Also, please review the updated IP instantiation template to ensure proper connectivity, and update your design if required.

2. Interface Information
------------------------

Detected external interface differences while upgrading 'PG_OV_PG_CORE_0_0'.


-Upgrade has removed interface 'RSTn'


3. Connection Warnings
----------------------

Detected external port differences while upgrading 'PG_OV_PG_CORE_0_0'. These changes may impact your design.


-Upgrade has added port 'CSTATE'







Copyright 1986-2019 Xilinx, Inc. All Rights Reserved.
------------------------------------------------------------------------------------
| Tool Version : Vivado v.2019.1 (win64) Build 2552052 Fri May 24 14:49:42 MDT 2019
| Date         : Tue Dec  3 11:28:38 2019
| Host         : CISS32101 running 64-bit Service Pack 1  (build 7601)
| Command      : upgrade_ip
| Device       : xc7z020clg400-1
------------------------------------------------------------------------------------

Upgrade Log for IP 'PG_OV_PG_CORE_0_0'

1. Summary
----------

SUCCESS in the upgrade of PG_OV_PG_CORE_0_0 (cri.nz:user:PG_CORE:1.0) from (Rev. 1) to (Rev. 2)






Copyright 1986-2019 Xilinx, Inc. All Rights Reserved.
------------------------------------------------------------------------------------
| Tool Version : Vivado v.2019.1 (win64) Build 2552052 Fri May 24 14:49:42 MDT 2019
| Date         : Tue Dec  3 10:53:46 2019
| Host         : CISS32101 running 64-bit Service Pack 1  (build 7601)
| Command      : upgrade_ip
| Device       : xc7z020clg400-1
------------------------------------------------------------------------------------

Upgrade Log for IP 'PG_OV_PG_CORE_0_0'

1. Summary
----------

CAUTION (success, with warnings) in the upgrade of PG_OV_PG_CORE_0_0 (cri.nz:user:PG_CORE:1.0) from (Rev. 2) to (Rev. 1)

After upgrade, an IP may have parameter and port differences compared to the original customization. Please review the parameters within the IP customization GUI to ensure proper functionality. Also, please review the updated IP instantiation template to ensure proper connectivity, and update your design if required.

2. Connection Warnings
----------------------

Detected external port differences while upgrading 'PG_OV_PG_CORE_0_0'. These changes may impact your design.


-Upgrade has removed port 'OUTPUT'

-Upgrade has added port 'CHOUTP'


