INFO: [VRFC 10-163] Analyzing VHDL file "C:/Gitrep/SInglePhotons/Vivado Projects/COUNTER_IP/COUNTER_IP.sim/sim_1/synth/func/xsim/COUNTER_TB_func_synth.vhd" into library xil_defaultlib
INFO: [VRFC 10-3107] analyzing entity 'DIG_TIMER'
INFO: [VRFC 10-3107] analyzing entity 'PULSE_COUNTER'
INFO: [VRFC 10-3107] analyzing entity 'address_decoder'
INFO: [VRFC 10-3107] analyzing entity 'cdc_sync'
INFO: [VRFC 10-3107] analyzing entity '\cdc_sync__parameterized0\'
INFO: [VRFC 10-3107] analyzing entity 'pselect_f'
INFO: [VRFC 10-3107] analyzing entity '\pselect_f__parameterized1\'
INFO: [VRFC 10-3107] analyzing entity 'COUNTER_DIG_TIMER_0_0'
INFO: [VRFC 10-3107] analyzing entity 'COUNTER_PULSE_COUNTER_0_1'
INFO: [VRFC 10-3107] analyzing entity 'GPIO_Core'
INFO: [VRFC 10-3107] analyzing entity '\GPIO_Core__parameterized0\'
INFO: [VRFC 10-3107] analyzing entity 'address_decoder_2'
INFO: [VRFC 10-3107] analyzing entity 'slave_attachment'
INFO: [VRFC 10-3107] analyzing entity 'axi_lite_ipif'
INFO: [VRFC 10-3107] analyzing entity 'slave_attachment_1'
INFO: [VRFC 10-3107] analyzing entity '\axi_gpio__parameterized1\'
INFO: [VRFC 10-3107] analyzing entity 'axi_lite_ipif_0'
INFO: [VRFC 10-3107] analyzing entity 'COUNTER_axi_gpio_0_1'
INFO: [VRFC 10-3107] analyzing entity 'axi_gpio'
INFO: [VRFC 10-3107] analyzing entity 'COUNTER_axi_gpio_0_0'
INFO: [VRFC 10-3107] analyzing entity 'COUNTER'
INFO: [VRFC 10-3107] analyzing entity 'COUNTER_wrapper'
INFO: [VRFC 10-163] Analyzing VHDL file "C:/Gitrep/SInglePhotons/Vivado Projects/COUNTER_IP/COUNTER_IP.srcs/sources_1/imports/new/PULSE_COUNTER.vhd" into library xil_defaultlib
INFO: [VRFC 10-3107] analyzing entity 'PULSE_COUNTER'
WARNING: [VRFC 10-3607] overwriting existing primary unit 'pulse_counter' [C:/Gitrep/SInglePhotons/Vivado Projects/COUNTER_IP/COUNTER_IP.srcs/sources_1/imports/new/PULSE_COUNTER.vhd:34]
INFO: [VRFC 10-163] Analyzing VHDL file "C:/Gitrep/SInglePhotons/Vivado Projects/COUNTER_IP/COUNTER_IP.srcs/sim_1/new/COUNTER_TB.vhd" into library xil_defaultlib
INFO: [VRFC 10-3107] analyzing entity 'COUNTER_TB'
