#
# A fatal error has been detected by the Java Runtime Environment:
#
#  EXCEPTION_ACCESS_VIOLATION (0xc0000005) at pc=0x000007fea6e1809f, pid=12184, tid=12076
#
# JRE version: Java(TM) SE Runtime Environment (9.0+11) (build 9.0.4+11)
# Java VM: Java HotSpot(TM) 64-Bit Server VM (9.0.4+11, mixed mode, tiered, compressed oops, g1 gc, windows-amd64)
# Problematic frame:
# C  [librdi_device.dll+0x5c809f]
#
# No core dump will be written. Minidumps are not enabled by default on client versions of Windows
#
# If you would like to submit a bug report, please visit:
#   http://bugreport.java.com/bugreport/crash.jsp
# The crash happened outside the Java Virtual Machine in native code.
# See problematic frame for where to report the bug.
#

---------------  S U M M A R Y ------------

Command Line: -Dsun.java2d.pmoffscreen=false -Dsun.java2d.xrender=false -Dsun.java2d.d3d=false -Dsun.awt.nopixfmt=true -Dsun.java2d.dpiaware=true -Dsun.java2d.uiScale.enabled=false -Xverify:none -Dswing.aatext=true -XX:-UsePerfData -Djdk.map.althashing.threshold=512 -XX:StringTableSize=4072 --add-opens=java.base/java.nio=ALL-UNNAMED --add-opens=java.desktop/sun.swing=ALL-UNNAMED --add-opens=java.desktop/javax.swing=ALL-UNNAMED --add-opens=java.desktop/javax.swing.tree=ALL-UNNAMED --add-opens=java.desktop/javax.swing.plaf.basic=ALL-UNNAMED --add-opens=java.desktop/javax.swing.plaf.synth=ALL-UNNAMED --add-opens=java.desktop/com.sun.awt=ALL-UNNAMED -XX:NewSize=60m -XX:MaxNewSize=60m -Xms128m -Xmx3072m -Xss5m 

Host: Intel(R) Core(TM) i5-6600 CPU @ 3.30GHz, 4 cores, 15G,  Windows 7 , 64 bit Build 7601 (6.1.7601.24535)
Time: Thu Nov 28 09:13:44 2019 New Zealand Daylight Time elapsed time: 59773 seconds (0d 16h 36m 13s)

---------------  T H R E A D  ---------------

Current thread (0x0000000031cf0800):  JavaThread "AWT-EventQueue-1" [_thread_in_native, id=12076, stack(0x0000000037510000,0x0000000037a10000)]

Stack: [0x0000000037510000,0x0000000037a10000],  sp=0x0000000037a0b3e0,  free space=5100k
Native frames: (J=compiled Java code, j=interpreted, Vv=VM code, C=native code)

Java frames: (J=compiled Java code, j=interpreted, Vv=VM code)
j  ui.frmwork.tcltasksi.abortNow()V+0
j  ui.bm.b(Ljava/awt/Component;)Z+69
j  ui.cd.windowClosing(Ljava/awt/event/WindowEvent;)V+79
j  java.awt.AWTEventMulticaster.windowClosing(Ljava/awt/event/WindowEvent;)V+21 java.desktop@9.0.4
j  java.awt.AWTEventMulticaster.windowClosing(Ljava/awt/event/WindowEvent;)V+8 java.desktop@9.0.4
j  java.awt.AWTEventMulticaster.windowClosing(Ljava/awt/event/WindowEvent;)V+8 java.desktop@9.0.4
J 24836 c1 java.awt.Window.processWindowEvent(Ljava/awt/event/WindowEvent;)V java.desktop@9.0.4 (127 bytes) @ 0x00000000206d1174 [0x00000000206d0b60+0x0000000000000614]
j  javax.swing.JFrame.processWindowEvent(Ljava/awt/event/WindowEvent;)V+2 java.desktop@9.0.4
J 22035 c1 java.awt.Window.processEvent(Ljava/awt/AWTEvent;)V java.desktop@9.0.4 (101 bytes) @ 0x0000000020456bd4 [0x00000000204564e0+0x00000000000006f4]
J 23846 c2 java.awt.Component.dispatchEventImpl(Ljava/awt/AWTEvent;)V java.desktop@9.0.4 (739 bytes) @ 0x0000000026bc1650 [0x0000000026bc04a0+0x00000000000011b0]
J 16701 c2 java.awt.Container.dispatchEventImpl(Ljava/awt/AWTEvent;)V java.desktop@9.0.4 (129 bytes) @ 0x0000000026b89b18 [0x0000000026b89ac0+0x0000000000000058]
J 20498 c2 java.awt.Window.dispatchEventImpl(Ljava/awt/AWTEvent;)V java.desktop@9.0.4 (23 bytes) @ 0x00000000261deb0c [0x00000000261deac0+0x000000000000004c]
J 13373 c2 java.awt.EventQueue.dispatchEventImpl(Ljava/awt/AWTEvent;Ljava/lang/Object;)V java.desktop@9.0.4 (136 bytes) @ 0x000000002675fbf8 [0x000000002675fa80+0x0000000000000178]
J 13505 c2 java.awt.EventQueue$3.run()Ljava/lang/Object; java.desktop@9.0.4 (5 bytes) @ 0x00000000267a27ac [0x00000000267a2740+0x000000000000006c]
v  ~StubRoutines::call_stub
J 4174  java.security.AccessController.doPrivileged(Ljava/security/PrivilegedAction;Ljava/security/AccessControlContext;)Ljava/lang/Object; java.base@9.0.4 (0 bytes) @ 0x0000000025fa86c6 [0x0000000025fa8660+0x0000000000000066]
J 20191 c2 java.awt.EventQueue$4.run()Ljava/lang/Object; java.desktop@9.0.4 (5 bytes) @ 0x000000002694c2b8 [0x000000002694c060+0x0000000000000258]
v  ~StubRoutines::call_stub
J 4174  java.security.AccessController.doPrivileged(Ljava/security/PrivilegedAction;Ljava/security/AccessControlContext;)Ljava/lang/Object; java.base@9.0.4 (0 bytes) @ 0x0000000025fa86c6 [0x0000000025fa8660+0x0000000000000066]
J 13392 c2 ui.frmwork.b.d.dispatchEvent(Ljava/awt/AWTEvent;)V (34 bytes) @ 0x00000000267685d4 [0x0000000026767f80+0x0000000000000654]
J 25251 c1 java.awt.EventDispatchThread.pumpOneEventForFilters(I)V java.desktop@9.0.4 (218 bytes) @ 0x0000000020a10514 [0x0000000020a0f140+0x00000000000013d4]
J 23353% c2 java.awt.EventDispatchThread.pumpEventsForFilter(ILjava/awt/Conditional;Ljava/awt/EventFilter;)V java.desktop@9.0.4 (47 bytes) @ 0x000000002724cbc0 [0x000000002724cac0+0x0000000000000100]
j  java.awt.EventDispatchThread.pumpEventsForHierarchy(ILjava/awt/Conditional;Ljava/awt/Component;)V+11 java.desktop@9.0.4
j  java.awt.EventDispatchThread.pumpEvents(ILjava/awt/Conditional;)V+4 java.desktop@9.0.4
j  java.awt.EventDispatchThread.pumpEvents(Ljava/awt/Conditional;)V+3 java.desktop@9.0.4
j  java.awt.EventDispatchThread.run()V+9 java.desktop@9.0.4
v  ~StubRoutines::call_stub

siginfo: EXCEPTION_ACCESS_VIOLATION (0xc0000005), reading address 0x0000000000000060


Register to memory mapping:

RIP=0x000007fea6e1809f librdi_device.dll
RAX=0x000007feb82ad9b0 librdi_device.dll
RBX=0x0000000009256df0 is an unknown value
RCX=0x0000000000000006 is an unknown value
RDX=0x000007feb82ad9b0 librdi_device.dll
RSP=0x0000000037a0b3e0 is pointing into the stack for thread: 0x0000000031cf0800
RBP=0x0000000000000000 is an unknown value
RSI=0x00000000091cc660 is an unknown value
RDI=0x000000000000000c is an unknown value
R8 =0x0000000000000000 is an unknown value
R9 =0x0000000000000018 is an unknown value
R10=0x00005b9f684c9eea is an unknown value
R11=0x000001a603160010 is an unknown value
R12=0x0000000000000000 is an unknown value
R13=0x0000000000000040 is an unknown value
R14=0x0000000037a0b7a8 is pointing into the stack for thread: 0x0000000031cf0800
R15=0x0000000047f44bb0 is an unknown value


Registers:
RAX=0x000007feb82ad9b0, RBX=0x0000000009256df0, RCX=0x0000000000000006, RDX=0x000007feb82ad9b0
RSP=0x0000000037a0b3e0, RBP=0x0000000000000000, RSI=0x00000000091cc660, RDI=0x000000000000000c
R8 =0x0000000000000000, R9 =0x0000000000000018, R10=0x00005b9f684c9eea, R11=0x000001a603160010
R12=0x0000000000000000, R13=0x0000000000000040, R14=0x0000000037a0b7a8, R15=0x0000000047f44bb0
RIP=0x000007fea6e1809f, EFLAGS=0x0000000000010206

Top of Stack: (sp=0x0000000037a0b3e0)
0x0000000037a0b3e0:   0000000047f44bb0 0000000037a0b7a8
0x0000000037a0b3f0:   0000000000000000 00000000092c99b0
0x0000000037a0b400:   fffffffffffffffe 000000000912bc78
0x0000000037a0b410:   0000000037a0b7a8 0000000009256df0
0x0000000037a0b420:   00000000091cc660 000007fea6df49b2
0x0000000037a0b430:   0000000009256df0 00000000092c7c50
0x0000000037a0b440:   0000000000000000 000000000912a7f8
0x0000000037a0b450:   fffffffffffffffe 0000000037a0b7a8
0x0000000037a0b460:   0000000037a0b7a8 000007fea6df4f79
0x0000000037a0b470:   00000000091cc660 000007fea6e1a582
0x0000000037a0b480:   00000000092b4c60 0000000009128e78
0x0000000037a0b490:   fffffffffffffffe 0000000037a0b7a8
0x0000000037a0b4a0:   00000000091cc660 00000000091cc660
0x0000000037a0b4b0:   0000000009256df0 000007fea6e1a7be
0x0000000037a0b4c0:   00000000092b4f90 0000000009128b38
0x0000000037a0b4d0:   0000000000000000 0000000037a0b7a8 

Instructions: (pc=0x000007fea6e1809f)
0x000007fea6e1807f:   e8 ec fa ff ff 48 8b d0 48 8b cb 48 c1 e9 03 48
0x000007fea6e1808f:   03 cb 48 23 48 30 4c 8b 40 18 48 8b f9 48 03 ff
0x000007fea6e1809f:   49 8b 3c f8 48 03 c9 4c 8d 0c cd 08 00 00 00 4d
0x000007fea6e180af:   8b 14 c8 4c 3b 52 08 75 06 48 8b 42 08 eb 07 4b 



---------------  P R O C E S S  ---------------

Java Threads: ( => current thread )
  0x000000003bc50000 JavaThread "Image Fetcher 0" daemon [_thread_blocked, id=9984, stack(0x0000000056d20000,0x0000000057220000)]
  0x000000003bc4e800 JavaThread "Run Simulation" [_thread_in_native, id=11700, stack(0x000000005f7a0000,0x000000005fca0000)]
  0x000000003c1ee000 JavaThread "Swing-Shell" daemon [_thread_blocked, id=5148, stack(0x0000000060d50000,0x0000000061250000)]
  0x000000000247c000 JavaThread "Thread-295" [_thread_in_native, id=5264, stack(0x0000000036350000,0x0000000036450000)]
  0x0000000051e22000 JavaThread "Thread-191" [_thread_in_native, id=11256, stack(0x000000003ef50000,0x000000003f050000)]
  0x0000000051e23800 JavaThread "Thread-185" [_thread_in_native, id=11380, stack(0x000000003f2b0000,0x000000003f3b0000)]
  0x0000000051e21000 JavaThread "SyntheticaAnimation 50" daemon [_thread_blocked, id=12808, stack(0x0000000057960000,0x0000000057e60000)]
  0x0000000051e20800 JavaThread "Monitor File Timestamp Swing Worker" [_thread_blocked, id=12752, stack(0x00000000572d0000,0x00000000577d0000)]
  0x000000003bc52800 JavaThread "Timer-2" [_thread_blocked, id=7500, stack(0x0000000056200000,0x0000000056700000)]
  0x000000003bc51000 JavaThread "Image Animator 0" daemon [_thread_blocked, id=7416, stack(0x0000000056790000,0x0000000056c90000)]
  0x000000003bc4e000 JavaThread "SyntheticaAnimation 50" daemon [_thread_blocked, id=4120, stack(0x0000000054200000,0x0000000054700000)]
  0x000000003bc4d000 JavaThread "Thread-24" [_thread_in_native, id=12048, stack(0x000000003f0a0000,0x000000003f1a0000)]
  0x000000003bc4c800 JavaThread "Update Runs Swing Worker" [_thread_blocked, id=12960, stack(0x0000000047070000,0x0000000047570000)]
  0x000000003bc4b800 JavaThread "hw_ila_monitor" [_thread_blocked, id=10784, stack(0x0000000046430000,0x0000000046930000)]
  0x0000000002482000 JavaThread "Refresh Filesets Swing Worker" [_thread_blocked, id=12800, stack(0x0000000044d50000,0x0000000045250000)]
  0x0000000002481800 JavaThread "SyntheticaAnimation 70" daemon [_thread_blocked, id=8628, stack(0x000000003f700000,0x000000003fc00000)]
  0x0000000002480000 JavaThread "SyntheticaAnimation 25" daemon [_thread_blocked, id=12412, stack(0x000000003ea10000,0x000000003ef10000)]
  0x000000000247e800 JavaThread "SyntheticaAnimation 50" daemon [_thread_blocked, id=12784, stack(0x000000003e4e0000,0x000000003e9e0000)]
  0x000000000247f000 JavaThread "Monitor HEventQueue" [_thread_blocked, id=8956, stack(0x0000000033c60000,0x0000000034160000)]
  0x000000000247d000 JavaThread "SyntheticaCleanerThread" daemon [_thread_blocked, id=8616, stack(0x0000000039aa0000,0x0000000039fa0000)]
  0x000000000247b800 JavaThread "Batik CleanerThread" daemon [_thread_blocked, id=10020, stack(0x0000000037cc0000,0x00000000381c0000)]
=>0x0000000031cf0800 JavaThread "AWT-EventQueue-1" [_thread_in_native, id=12076, stack(0x0000000037510000,0x0000000037a10000)]
  0x0000000031cef800 JavaThread "Process Messages" [_thread_blocked, id=10440, stack(0x0000000036fc0000,0x00000000374c0000)]
  0x000000003238a000 JavaThread "Thread-1" [_thread_in_native, id=1188, stack(0x00000000034d0000,0x00000000048d0000)]
  0x0000000034c29800 JavaThread "TimerQueue" daemon [_thread_blocked, id=10724, stack(0x0000000035850000,0x0000000035d50000)]
  0x0000000031e92800 JavaThread "AWT-Windows" daemon [_thread_in_native, id=10456, stack(0x0000000033740000,0x0000000033c40000)]
  0x0000000009746000 JavaThread "AWT-Shutdown" [_thread_blocked, id=6416, stack(0x0000000033200000,0x0000000033700000)]
  0x0000000031f9b800 JavaThread "Java2D Disposer" daemon [_thread_blocked, id=11692, stack(0x0000000032c70000,0x0000000033170000)]
  0x0000000006e4b800 JavaThread "Service Thread" daemon [_thread_blocked, id=11400, stack(0x0000000031640000,0x0000000031b40000)]
  0x00000000071fa800 JavaThread "Common-Cleaner" daemon [_thread_blocked, id=13236, stack(0x0000000030da0000,0x00000000312a0000)]
  0x000000000fe70800 JavaThread "Sweeper thread" daemon [_thread_blocked, id=8516, stack(0x0000000030840000,0x0000000030d40000)]
  0x0000000006c93800 JavaThread "C1 CompilerThread2" daemon [_thread_in_native, id=10684, stack(0x000000001de40000,0x000000001df40000)]
  0x000000000ad15000 JavaThread "C2 CompilerThread1" daemon [_thread_blocked, id=12284, stack(0x0000000011ef0000,0x0000000011ff0000)]
  0x000000000ad14800 JavaThread "C2 CompilerThread0" daemon [_thread_blocked, id=9952, stack(0x000000000f640000,0x000000000f740000)]
  0x000000000971d800 JavaThread "Attach Listener" daemon [_thread_blocked, id=9380, stack(0x0000000010850000,0x0000000010d50000)]
  0x000000000971c800 JavaThread "Signal Dispatcher" daemon [_thread_blocked, id=5464, stack(0x0000000030300000,0x0000000030800000)]
  0x0000000011e1e800 JavaThread "Finalizer" daemon [_thread_blocked, id=12144, stack(0x000000000f070000,0x000000000f570000)]
  0x0000000010052800 JavaThread "Reference Handler" daemon [_thread_blocked, id=2376, stack(0x000000000ea70000,0x000000000ef70000)]
  0x0000000006fd2000 JavaThread "main" [_thread_blocked, id=10060, stack(0x0000000005cd0000,0x0000000005dd0000)]

Other Threads:
  0x0000000006c2d000 VMThread "VM Thread" [stack: 0x000000000e890000,0x000000000e990000] [id=9764]
  0x000000000aa1d800 WatcherThread [stack: 0x000000000ef70000,0x000000000f070000] [id=12892]
  0x0000000006f94000 GCTaskThread "GC Thread#0" [stack: 0x0000000005f00000,0x0000000006000000] [id=9868]
  0x00000000094c4000 GCTaskThread "GC Thread#1" [stack: 0x0000000007920000,0x0000000007a20000] [id=12212]
  0x000000000a6f5000 GCTaskThread "GC Thread#2" [stack: 0x000000000b340000,0x000000000b440000] [id=5472]
  0x000000001105e000 GCTaskThread "GC Thread#3" [stack: 0x000000000b4e0000,0x000000000b5e0000] [id=2964]
  0x00000000105c3000 ConcurrentGCThread "G1 Main Marker" [stack: 0x000000000d9b0000,0x000000000dab0000] [id=10672]
  0x00000000096c6000 ConcurrentGCThread "G1 Marker#0" [stack: 0x000000000dab0000,0x000000000dbb0000] [id=2896]
  0x0000000006f32000 ConcurrentGCThread "G1 Refine#0" [stack: 0x000000000c000000,0x000000000c100000] [id=13216]
  0x0000000010017800 ConcurrentGCThread "G1 Refine#1" [stack: 0x000000000bd40000,0x000000000be40000] [id=5100]
  0x000000000a718800 ConcurrentGCThread "G1 Refine#2" [stack: 0x000000000ba40000,0x000000000bb40000] [id=1260]
  0x0000000010577800 ConcurrentGCThread "G1 Refine#3" [stack: 0x000000000bb60000,0x000000000bc60000] [id=11116]
  0x00000000105c2800 ConcurrentGCThread "G1 Young RemSet Sampling" [stack: 0x000000000bf00000,0x000000000c000000] [id=13220]

Threads with active compile tasks:
C1 CompilerThread225288   !   3       java.awt.KeyboardFocusManager::isAutoFocusTransferEnabled (41 bytes)

VM state:not at safepoint (normal execution)

VM Mutex/Monitor currently owned by a thread: None

Heap address: 0x0000000700000000, size: 3072 MB, Compressed Oops mode: Zero based, Oop shift amount: 3
Narrow klass base: 0x0000000000000000, Narrow klass shift: 3
Compressed class space size: 1073741824 Address: 0x00000007c0000000

Heap:
 garbage-first heap   total 300032K, used 118097K [0x0000000700000000, 0x0000000700100928, 0x00000007c0000000)
  region size 1024K, 28 young (28672K), 2 survivors (2048K)
 Metaspace       used 89905K, capacity 91873K, committed 99196K, reserved 1134592K
  class space    used 12285K, capacity 12699K, committed 14204K, reserved 1048576K
Heap Regions: E=young(eden), S=young(survivor), O=old, HS=humongous(starts), HC=humongous(continues), CS=collection set, F=free, A=archive, TS=gc time stamp, AC=allocation context, TAMS=top-at-mark-start (previous, next)
|   0|0x0000000700000000, 0x00000007000fd590, 0x0000000700100000| 98%| O|  |TS  0|AC  0|TAMS 0x0000000700000000, 0x0000000700000000|
|   1|0x0000000700100000, 0x0000000700200000, 0x0000000700200000|100%|HS|  |TS  0|AC  0|TAMS 0x0000000700100000, 0x0000000700100000|
|   2|0x0000000700200000, 0x0000000700300000, 0x0000000700300000|100%|HC|  |TS  0|AC  0|TAMS 0x0000000700200000, 0x0000000700200000|
|   3|0x0000000700300000, 0x0000000700400000, 0x0000000700400000|100%|HS|  |TS  0|AC  0|TAMS 0x0000000700300000, 0x0000000700300000|
|   4|0x0000000700400000, 0x00000007004ffff0, 0x0000000700500000| 99%| O|  |TS  0|AC  0|TAMS 0x0000000700400000, 0x0000000700400000|
|   5|0x0000000700500000, 0x00000007005ffff0, 0x0000000700600000| 99%| O|  |TS  0|AC  0|TAMS 0x0000000700500000, 0x0000000700500000|
|   6|0x0000000700600000, 0x00000007006fffd8, 0x0000000700700000| 99%| O|  |TS  0|AC  0|TAMS 0x0000000700600000, 0x0000000700600000|
|   7|0x0000000700700000, 0x00000007007ffff0, 0x0000000700800000| 99%| O|  |TS  0|AC  0|TAMS 0x0000000700700000, 0x0000000700700000|
|   8|0x0000000700800000, 0x00000007008fffd0, 0x0000000700900000| 99%| O|  |TS  0|AC  0|TAMS 0x0000000700800000, 0x0000000700800000|
|   9|0x0000000700900000, 0x00000007009ffff8, 0x0000000700a00000| 99%| O|  |TS  0|AC  0|TAMS 0x0000000700900000, 0x0000000700900000|
|  10|0x0000000700a00000, 0x0000000700afc488, 0x0000000700b00000| 98%| O|  |TS  0|AC  0|TAMS 0x0000000700a00000, 0x0000000700a00000|
|  11|0x0000000700b00000, 0x0000000700bff670, 0x0000000700c00000| 99%| O|  |TS  0|AC  0|TAMS 0x0000000700b00000, 0x0000000700b00000|
|  12|0x0000000700c00000, 0x0000000700cc95f8, 0x0000000700d00000| 78%| O|  |TS  0|AC  0|TAMS 0x0000000700c00000, 0x0000000700c00000|
|  13|0x0000000700d00000, 0x0000000700dfb8f0, 0x0000000700e00000| 98%| O|  |TS  0|AC  0|TAMS 0x0000000700d00000, 0x0000000700d00000|
|  14|0x0000000700e00000, 0x0000000700ef0da8, 0x0000000700f00000| 94%| O|  |TS  0|AC  0|TAMS 0x0000000700e00000, 0x0000000700e00000|
|  15|0x0000000700f00000, 0x0000000700ffb670, 0x0000000701000000| 98%| O|  |TS  0|AC  0|TAMS 0x0000000700f00000, 0x0000000700f00000|
|  16|0x0000000701000000, 0x0000000701100000, 0x0000000701100000|100%| O|  |TS  0|AC  0|TAMS 0x0000000701000000, 0x0000000701000000|
|  17|0x0000000701100000, 0x00000007011ffff0, 0x0000000701200000| 99%| O|  |TS  0|AC  0|TAMS 0x0000000701100000, 0x0000000701100000|
|  18|0x0000000701200000, 0x00000007012fffe8, 0x0000000701300000| 99%| O|  |TS  0|AC  0|TAMS 0x0000000701200000, 0x0000000701200000|
|  19|0x0000000701300000, 0x00000007013ffff8, 0x0000000701400000| 99%| O|  |TS  0|AC  0|TAMS 0x0000000701300000, 0x0000000701300000|
|  20|0x0000000701400000, 0x0000000701498098, 0x0000000701500000| 59%| O|  |TS  0|AC  0|TAMS 0x0000000701400000, 0x0000000701400000|
|  21|0x0000000701500000, 0x00000007015fffd0, 0x0000000701600000| 99%| O|  |TS  0|AC  0|TAMS 0x0000000701500000, 0x0000000701500000|
|  22|0x0000000701600000, 0x00000007016fffe8, 0x0000000701700000| 99%| O|  |TS  0|AC  0|TAMS 0x0000000701600000, 0x0000000701600000|
|  23|0x0000000701700000, 0x00000007017ffff8, 0x0000000701800000| 99%| O|  |TS  0|AC  0|TAMS 0x0000000701700000, 0x0000000701700000|
|  24|0x0000000701800000, 0x00000007018ffff8, 0x0000000701900000| 99%| O|  |TS  0|AC  0|TAMS 0x0000000701800000, 0x0000000701800000|
|  25|0x0000000701900000, 0x0000000701a00000, 0x0000000701a00000|100%| O|  |TS  0|AC  0|TAMS 0x0000000701900000, 0x0000000701900000|
|  26|0x0000000701a00000, 0x0000000701afffd0, 0x0000000701b00000| 99%| O|  |TS  0|AC  0|TAMS 0x0000000701a00000, 0x0000000701a00000|
|  27|0x0000000701b00000, 0x0000000701c00000, 0x0000000701c00000|100%| O|  |TS  0|AC  0|TAMS 0x0000000701b00000, 0x0000000701b00000|
|  28|0x0000000701c00000, 0x0000000701cfffa0, 0x0000000701d00000| 99%| O|  |TS  0|AC  0|TAMS 0x0000000701c00000, 0x0000000701c00000|
|  29|0x0000000701d00000, 0x0000000701dffea8, 0x0000000701e00000| 99%| O|  |TS  0|AC  0|TAMS 0x0000000701d00000, 0x0000000701d00000|
|  30|0x0000000701e00000, 0x0000000701f00000, 0x0000000701f00000|100%| O|  |TS  0|AC  0|TAMS 0x0000000701e00000, 0x0000000701e00000|
|  31|0x0000000701f00000, 0x0000000701fffe28, 0x0000000702000000| 99%| O|  |TS  0|AC  0|TAMS 0x0000000701f00000, 0x0000000701f00000|
|  32|0x0000000702000000, 0x00000007020fffe8, 0x0000000702100000| 99%| O|  |TS  0|AC  0|TAMS 0x0000000702000000, 0x0000000702000000|
|  33|0x0000000702100000, 0x00000007021f4b48, 0x0000000702200000| 95%| O|  |TS  0|AC  0|TAMS 0x0000000702100000, 0x0000000702100000|
|  34|0x0000000702200000, 0x00000007022ffff8, 0x0000000702300000| 99%| O|  |TS  0|AC  0|TAMS 0x0000000702200000, 0x0000000702200000|
|  35|0x0000000702300000, 0x00000007023ffff8, 0x0000000702400000| 99%| O|  |TS  0|AC  0|TAMS 0x0000000702300000, 0x0000000702300000|
|  36|0x0000000702400000, 0x00000007024ffff8, 0x0000000702500000| 99%| O|  |TS  0|AC  0|TAMS 0x0000000702400000, 0x0000000702400000|
|  37|0x0000000702500000, 0x00000007025ffff0, 0x0000000702600000| 99%| O|  |TS  0|AC  0|TAMS 0x0000000702500000, 0x0000000702500000|
|  38|0x0000000702600000, 0x00000007026ffe60, 0x0000000702700000| 99%| O|  |TS  0|AC  0|TAMS 0x0000000702600000, 0x0000000702600000|
|  39|0x0000000702700000, 0x00000007027ffff8, 0x0000000702800000| 99%| O|  |TS  0|AC  0|TAMS 0x0000000702700000, 0x0000000702700000|
|  40|0x0000000702800000, 0x0000000702900000, 0x0000000702900000|100%| O|  |TS  0|AC  0|TAMS 0x0000000702800000, 0x0000000702800000|
|  41|0x0000000702900000, 0x00000007029ff2d8, 0x0000000702a00000| 99%| O|  |TS  0|AC  0|TAMS 0x0000000702900000, 0x0000000702900000|
|  42|0x0000000702a00000, 0x0000000702b00000, 0x0000000702b00000|100%| O|  |TS  0|AC  0|TAMS 0x0000000702a00000, 0x0000000702a00000|
|  43|0x0000000702b00000, 0x0000000702bffff0, 0x0000000702c00000| 99%| O|  |TS  0|AC  0|TAMS 0x0000000702b00000, 0x0000000702b00000|
|  44|0x0000000702c00000, 0x0000000702cffff0, 0x0000000702d00000| 99%| O|  |TS  0|AC  0|TAMS 0x0000000702c00000, 0x0000000702c00000|
|  45|0x0000000702d00000, 0x0000000702e00000, 0x0000000702e00000|100%| O|  |TS  0|AC  0|TAMS 0x0000000702d00000, 0x0000000702d00000|
|  46|0x0000000702e00000, 0x0000000702efffe8, 0x0000000702f00000| 99%| O|  |TS  0|AC  0|TAMS 0x0000000702e00000, 0x0000000702e00000|
|  47|0x0000000702f00000, 0x0000000702fffff8, 0x0000000703000000| 99%| O|  |TS  0|AC  0|TAMS 0x0000000702f00000, 0x0000000702f00000|
|  48|0x0000000703000000, 0x0000000703100000, 0x0000000703100000|100%| O|  |TS  0|AC  0|TAMS 0x0000000703000000, 0x0000000703000000|
|  49|0x0000000703100000, 0x00000007031fffe8, 0x0000000703200000| 99%| O|  |TS  0|AC  0|TAMS 0x0000000703100000, 0x0000000703100000|
|  50|0x0000000703200000, 0x0000000703300000, 0x0000000703300000|100%|HS|  |TS  0|AC  0|TAMS 0x0000000703200000, 0x0000000703200000|
|  51|0x0000000703300000, 0x0000000703400000, 0x0000000703400000|100%|HC|  |TS  0|AC  0|TAMS 0x0000000703300000, 0x0000000703300000|
|  52|0x0000000703400000, 0x0000000703500000, 0x0000000703500000|100%|HC|  |TS  0|AC  0|TAMS 0x0000000703400000, 0x0000000703400000|
|  53|0x0000000703500000, 0x0000000703600000, 0x0000000703600000|100%|HC|  |TS  0|AC  0|TAMS 0x0000000703500000, 0x0000000703500000|
|  54|0x0000000703600000, 0x0000000703700000, 0x0000000703700000|100%|HC|  |TS  0|AC  0|TAMS 0x0000000703600000, 0x0000000703600000|
|  55|0x0000000703700000, 0x0000000703800000, 0x0000000703800000|100%|HC|  |TS  0|AC  0|TAMS 0x0000000703700000, 0x0000000703700000|
|  56|0x0000000703800000, 0x0000000703900000, 0x0000000703900000|100%|HC|  |TS  0|AC  0|TAMS 0x0000000703800000, 0x0000000703800000|
|  57|0x0000000703900000, 0x0000000703a00000, 0x0000000703a00000|100%|HC|  |TS  0|AC  0|TAMS 0x0000000703900000, 0x0000000703900000|
|  58|0x0000000703a00000, 0x0000000703affff8, 0x0000000703b00000| 99%| O|  |TS  0|AC  0|TAMS 0x0000000703a00000, 0x0000000703a00000|
|  59|0x0000000703b00000, 0x0000000703bfff40, 0x0000000703c00000| 99%| O|  |TS  0|AC  0|TAMS 0x0000000703b00000, 0x0000000703b00000|
|  60|0x0000000703c00000, 0x0000000703cfdf80, 0x0000000703d00000| 99%| O|  |TS  0|AC  0|TAMS 0x0000000703c00000, 0x0000000703c00000|
|  61|0x0000000703d00000, 0x0000000703dfffe8, 0x0000000703e00000| 99%| O|  |TS  0|AC  0|TAMS 0x0000000703d00000, 0x0000000703d00000|
|  62|0x0000000703e00000, 0x0000000703efffe8, 0x0000000703f00000| 99%| O|  |TS  0|AC  0|TAMS 0x0000000703e00000, 0x0000000703e00000|
|  63|0x0000000703f00000, 0x0000000703fffff0, 0x0000000704000000| 99%| O|  |TS  0|AC  0|TAMS 0x0000000703f00000, 0x0000000703f00000|
|  64|0x0000000704000000, 0x00000007040fffd8, 0x0000000704100000| 99%| O|  |TS  0|AC  0|TAMS 0x0000000704000000, 0x0000000704000000|
|  65|0x0000000704100000, 0x00000007041ffe10, 0x0000000704200000| 99%| O|  |TS  0|AC  0|TAMS 0x0000000704100000, 0x0000000704100000|
|  66|0x0000000704200000, 0x00000007042ffe50, 0x0000000704300000| 99%| O|  |TS  0|AC  0|TAMS 0x0000000704200000, 0x0000000704200000|
|  67|0x0000000704300000, 0x00000007043fffe8, 0x0000000704400000| 99%| O|  |TS  0|AC  0|TAMS 0x0000000704300000, 0x0000000704300000|
|  68|0x0000000704400000, 0x00000007044fffe8, 0x0000000704500000| 99%| O|  |TS  0|AC  0|TAMS 0x0000000704400000, 0x0000000704400000|
|  69|0x0000000704500000, 0x0000000704600000, 0x0000000704600000|100%| O|  |TS  0|AC  0|TAMS 0x0000000704500000, 0x0000000704500000|
|  70|0x0000000704600000, 0x00000007046ffff8, 0x0000000704700000| 99%| O|  |TS  0|AC  0|TAMS 0x0000000704600000, 0x0000000704600000|
|  71|0x0000000704700000, 0x00000007047ffe00, 0x0000000704800000| 99%| O|  |TS  0|AC  0|TAMS 0x0000000704700000, 0x0000000704700000|
|  72|0x0000000704800000, 0x0000000704900000, 0x0000000704900000|100%| O|  |TS  0|AC  0|TAMS 0x0000000704800000, 0x0000000704800000|
|  73|0x0000000704900000, 0x00000007049ffe58, 0x0000000704a00000| 99%| O|  |TS  0|AC  0|TAMS 0x0000000704900000, 0x0000000704900000|
|  74|0x0000000704a00000, 0x0000000704affff0, 0x0000000704b00000| 99%| O|  |TS  0|AC  0|TAMS 0x0000000704a00000, 0x0000000704a00000|
|  75|0x0000000704b00000, 0x0000000704bffff8, 0x0000000704c00000| 99%| O|  |TS  0|AC  0|TAMS 0x0000000704b00000, 0x0000000704b00000|
|  76|0x0000000704c00000, 0x0000000704d00000, 0x0000000704d00000|100%| O|  |TS  0|AC  0|TAMS 0x0000000704c00000, 0x0000000704c00000|
|  77|0x0000000704d00000, 0x0000000704dffff0, 0x0000000704e00000| 99%| O|  |TS  0|AC  0|TAMS 0x0000000704d00000, 0x0000000704d00000|
|  78|0x0000000704e00000, 0x0000000704effff8, 0x0000000704f00000| 99%| O|  |TS  0|AC  0|TAMS 0x0000000704e00000, 0x0000000704e00000|
|  79|0x0000000704f00000, 0x0000000704fffff0, 0x0000000705000000| 99%| O|  |TS  0|AC  0|TAMS 0x0000000704f00000, 0x0000000704f00000|
|  80|0x0000000705000000, 0x00000007050ffff0, 0x0000000705100000| 99%| O|  |TS  0|AC  0|TAMS 0x0000000705000000, 0x0000000705000000|
|  81|0x0000000705100000, 0x00000007051fffc0, 0x0000000705200000| 99%| O|  |TS  0|AC  0|TAMS 0x0000000705100000, 0x0000000705100000|
|  82|0x0000000705200000, 0x00000007052fffe8, 0x0000000705300000| 99%| O|  |TS  0|AC  0|TAMS 0x0000000705200000, 0x0000000705200000|
|  83|0x0000000705300000, 0x0000000705400000, 0x0000000705400000|100%|HS|  |TS  0|AC  0|TAMS 0x0000000705300000, 0x0000000705300000|
|  84|0x0000000705400000, 0x0000000705500000, 0x0000000705500000|100%|HC|  |TS  0|AC  0|TAMS 0x0000000705400000, 0x0000000705400000|
|  85|0x0000000705500000, 0x00000007055ffff0, 0x0000000705600000| 99%| O|  |TS  0|AC  0|TAMS 0x0000000705500000, 0x0000000705500000|
|  86|0x0000000705600000, 0x00000007056ffff8, 0x0000000705700000| 99%| O|  |TS  0|AC  0|TAMS 0x0000000705600000, 0x0000000705600000|
|  87|0x0000000705700000, 0x0000000705800000, 0x0000000705800000|100%| O|  |TS  0|AC  0|TAMS 0x0000000705700000, 0x0000000705700000|
|  88|0x0000000705800000, 0x0000000705821358, 0x0000000705900000| 12%| O|  |TS  0|AC  0|TAMS 0x0000000705800000, 0x0000000705800000|
|  89|0x0000000705900000, 0x0000000705900000, 0x0000000705a00000|  0%| F|  |TS  0|AC  0|TAMS 0x0000000705900000, 0x0000000705900000|
|  90|0x0000000705a00000, 0x0000000705a00000, 0x0000000705b00000|  0%| F|  |TS  0|AC  0|TAMS 0x0000000705a00000, 0x0000000705a00000|
|  91|0x0000000705b00000, 0x0000000705b00000, 0x0000000705c00000|  0%| F|  |TS  0|AC  0|TAMS 0x0000000705b00000, 0x0000000705b00000|
|  92|0x0000000705c00000, 0x0000000705d00000, 0x0000000705d00000|100%|HS|  |TS  0|AC  0|TAMS 0x0000000705c00000, 0x0000000705c00000|
|  93|0x0000000705d00000, 0x0000000705d00000, 0x0000000705e00000|  0%| F|  |TS  0|AC  0|TAMS 0x0000000705d00000, 0x0000000705d00000|
|  94|0x0000000705e00000, 0x0000000705e00000, 0x0000000705f00000|  0%| F|  |TS  0|AC  0|TAMS 0x0000000705e00000, 0x0000000705e00000|
|  95|0x0000000705f00000, 0x0000000705f00000, 0x0000000706000000|  0%| F|  |TS  0|AC  0|TAMS 0x0000000705f00000, 0x0000000705f00000|
|  96|0x0000000706000000, 0x0000000706000000, 0x0000000706100000|  0%| F|  |TS  0|AC  0|TAMS 0x0000000706000000, 0x0000000706000000|
|  97|0x0000000706100000, 0x0000000706100000, 0x0000000706200000|  0%| F|  |TS  0|AC  0|TAMS 0x0000000706100000, 0x0000000706100000|
|  98|0x0000000706200000, 0x0000000706200000, 0x0000000706300000|  0%| F|  |TS  0|AC  0|TAMS 0x0000000706200000, 0x0000000706200000|
|  99|0x0000000706300000, 0x0000000706300000, 0x0000000706400000|  0%| F|  |TS  0|AC  0|TAMS 0x0000000706300000, 0x0000000706300000|
| 100|0x0000000706400000, 0x0000000706400000, 0x0000000706500000|  0%| F|  |TS  0|AC  0|TAMS 0x0000000706400000, 0x0000000706400000|
| 101|0x0000000706500000, 0x0000000706500000, 0x0000000706600000|  0%| F|  |TS  0|AC  0|TAMS 0x0000000706500000, 0x0000000706500000|
| 102|0x0000000706600000, 0x0000000706600000, 0x0000000706700000|  0%| F|  |TS  0|AC  0|TAMS 0x0000000706600000, 0x0000000706600000|
| 103|0x0000000706700000, 0x0000000706700000, 0x0000000706800000|  0%| F|  |TS  0|AC  0|TAMS 0x0000000706700000, 0x0000000706700000|
| 104|0x0000000706800000, 0x0000000706800000, 0x0000000706900000|  0%| F|  |TS  0|AC  0|TAMS 0x0000000706800000, 0x0000000706800000|
| 105|0x0000000706900000, 0x0000000706900000, 0x0000000706a00000|  0%| F|  |TS  0|AC  0|TAMS 0x0000000706900000, 0x0000000706900000|
| 106|0x0000000706a00000, 0x0000000706a00000, 0x0000000706b00000|  0%| F|  |TS  0|AC  0|TAMS 0x0000000706a00000, 0x0000000706a00000|
| 107|0x0000000706b00000, 0x0000000706b00000, 0x0000000706c00000|  0%| F|  |TS  0|AC  0|TAMS 0x0000000706b00000, 0x0000000706b00000|
| 108|0x0000000706c00000, 0x0000000706c00000, 0x0000000706d00000|  0%| F|  |TS  0|AC  0|TAMS 0x0000000706c00000, 0x0000000706c00000|
| 109|0x0000000706d00000, 0x0000000706d00000, 0x0000000706e00000|  0%| F|  |TS  0|AC  0|TAMS 0x0000000706d00000, 0x0000000706d00000|
| 110|0x0000000706e00000, 0x0000000706e00000, 0x0000000706f00000|  0%| F|  |TS  0|AC  0|TAMS 0x0000000706e00000, 0x0000000706e00000|
| 111|0x0000000706f00000, 0x0000000706f00000, 0x0000000707000000|  0%| F|  |TS  0|AC  0|TAMS 0x0000000706f00000, 0x0000000706f00000|
| 112|0x0000000707000000, 0x0000000707000000, 0x0000000707100000|  0%| F|  |TS  0|AC  0|TAMS 0x0000000707000000, 0x0000000707000000|
| 113|0x0000000707100000, 0x0000000707100000, 0x0000000707200000|  0%| F|  |TS  0|AC  0|TAMS 0x0000000707100000, 0x0000000707100000|
| 114|0x0000000707200000, 0x0000000707200000, 0x0000000707300000|  0%| F|  |TS  0|AC  0|TAMS 0x0000000707200000, 0x0000000707200000|
| 115|0x0000000707300000, 0x0000000707300000, 0x0000000707400000|  0%| F|  |TS  0|AC  0|TAMS 0x0000000707300000, 0x0000000707300000|
| 116|0x0000000707400000, 0x0000000707400000, 0x0000000707500000|  0%| F|  |TS  0|AC  0|TAMS 0x0000000707400000, 0x0000000707400000|
| 117|0x0000000707500000, 0x0000000707500000, 0x0000000707600000|  0%| F|  |TS  0|AC  0|TAMS 0x0000000707500000, 0x0000000707500000|
| 118|0x0000000707600000, 0x0000000707600000, 0x0000000707700000|  0%| F|  |TS  0|AC  0|TAMS 0x0000000707600000, 0x0000000707600000|
| 119|0x0000000707700000, 0x0000000707700000, 0x0000000707800000|  0%| F|  |TS  0|AC  0|TAMS 0x0000000707700000, 0x0000000707700000|
| 120|0x0000000707800000, 0x0000000707800000, 0x0000000707900000|  0%| F|  |TS  0|AC  0|TAMS 0x0000000707800000, 0x0000000707800000|
| 121|0x0000000707900000, 0x0000000707900000, 0x0000000707a00000|  0%| F|  |TS  0|AC  0|TAMS 0x0000000707900000, 0x0000000707900000|
| 122|0x0000000707a00000, 0x0000000707a00000, 0x0000000707b00000|  0%| F|  |TS  0|AC  0|TAMS 0x0000000707a00000, 0x0000000707a00000|
| 123|0x0000000707b00000, 0x0000000707b00000, 0x0000000707c00000|  0%| F|  |TS  0|AC  0|TAMS 0x0000000707b00000, 0x0000000707b00000|
| 124|0x0000000707c00000, 0x0000000707c00000, 0x0000000707d00000|  0%| F|  |TS  0|AC  0|TAMS 0x0000000707c00000, 0x0000000707c00000|
| 125|0x0000000707d00000, 0x0000000707d00000, 0x0000000707e00000|  0%| F|  |TS  0|AC  0|TAMS 0x0000000707d00000, 0x0000000707d00000|
| 126|0x0000000707e00000, 0x0000000707e00000, 0x0000000707f00000|  0%| F|  |TS  0|AC  0|TAMS 0x0000000707e00000, 0x0000000707e00000|
| 127|0x0000000707f00000, 0x0000000707f00000, 0x0000000708000000|  0%| F|  |TS  0|AC  0|TAMS 0x0000000707f00000, 0x0000000707f00000|
| 128|0x0000000708000000, 0x0000000708000000, 0x0000000708100000|  0%| F|  |TS  0|AC  0|TAMS 0x0000000708000000, 0x0000000708000000|
| 129|0x0000000708100000, 0x0000000708100000, 0x0000000708200000|  0%| F|  |TS  0|AC  0|TAMS 0x0000000708100000, 0x0000000708100000|
| 130|0x0000000708200000, 0x0000000708200000, 0x0000000708300000|  0%| F|  |TS  0|AC  0|TAMS 0x0000000708200000, 0x0000000708200000|
| 131|0x0000000708300000, 0x0000000708300000, 0x0000000708400000|  0%| F|  |TS  0|AC  0|TAMS 0x0000000708300000, 0x0000000708300000|
| 132|0x0000000708400000, 0x0000000708400000, 0x0000000708500000|  0%| F|  |TS  0|AC  0|TAMS 0x0000000708400000, 0x0000000708400000|
| 133|0x0000000708500000, 0x0000000708500000, 0x0000000708600000|  0%| F|  |TS  0|AC  0|TAMS 0x0000000708500000, 0x0000000708500000|
| 134|0x0000000708600000, 0x0000000708600000, 0x0000000708700000|  0%| F|  |TS  0|AC  0|TAMS 0x0000000708600000, 0x0000000708600000|
| 135|0x0000000708700000, 0x0000000708700000, 0x0000000708800000|  0%| F|  |TS  0|AC  0|TAMS 0x0000000708700000, 0x0000000708700000|
| 136|0x0000000708800000, 0x0000000708800000, 0x0000000708900000|  0%| F|  |TS  0|AC  0|TAMS 0x0000000708800000, 0x0000000708800000|
| 137|0x0000000708900000, 0x0000000708900000, 0x0000000708a00000|  0%| F|  |TS  0|AC  0|TAMS 0x0000000708900000, 0x0000000708900000|
| 138|0x0000000708a00000, 0x0000000708a00000, 0x0000000708b00000|  0%| F|  |TS  0|AC  0|TAMS 0x0000000708a00000, 0x0000000708a00000|
| 139|0x0000000708b00000, 0x0000000708b00000, 0x0000000708c00000|  0%| F|  |TS  0|AC  0|TAMS 0x0000000708b00000, 0x0000000708b00000|
| 140|0x0000000708c00000, 0x0000000708c00000, 0x0000000708d00000|  0%| F|  |TS  0|AC  0|TAMS 0x0000000708c00000, 0x0000000708c00000|
| 141|0x0000000708d00000, 0x0000000708d00000, 0x0000000708e00000|  0%| F|  |TS  0|AC  0|TAMS 0x0000000708d00000, 0x0000000708d00000|
| 142|0x0000000708e00000, 0x0000000708e00000, 0x0000000708f00000|  0%| F|  |TS  0|AC  0|TAMS 0x0000000708e00000, 0x0000000708e00000|
| 143|0x0000000708f00000, 0x0000000708f00000, 0x0000000709000000|  0%| F|  |TS  0|AC  0|TAMS 0x0000000708f00000, 0x0000000708f00000|
| 144|0x0000000709000000, 0x0000000709000000, 0x0000000709100000|  0%| F|  |TS  0|AC  0|TAMS 0x0000000709000000, 0x0000000709000000|
| 145|0x0000000709100000, 0x0000000709100000, 0x0000000709200000|  0%| F|  |TS  0|AC  0|TAMS 0x0000000709100000, 0x0000000709100000|
| 146|0x0000000709200000, 0x0000000709200000, 0x0000000709300000|  0%| F|  |TS  0|AC  0|TAMS 0x0000000709200000, 0x0000000709200000|
| 147|0x0000000709300000, 0x0000000709300000, 0x0000000709400000|  0%| F|  |TS  0|AC  0|TAMS 0x0000000709300000, 0x0000000709300000|
| 148|0x0000000709400000, 0x0000000709400000, 0x0000000709500000|  0%| F|  |TS  0|AC  0|TAMS 0x0000000709400000, 0x0000000709400000|
| 149|0x0000000709500000, 0x0000000709500000, 0x0000000709600000|  0%| F|  |TS  0|AC  0|TAMS 0x0000000709500000, 0x0000000709500000|
| 150|0x0000000709600000, 0x0000000709600000, 0x0000000709700000|  0%| F|  |TS  0|AC  0|TAMS 0x0000000709600000, 0x0000000709600000|
| 151|0x0000000709700000, 0x0000000709700000, 0x0000000709800000|  0%| F|  |TS  0|AC  0|TAMS 0x0000000709700000, 0x0000000709700000|
| 152|0x0000000709800000, 0x0000000709800000, 0x0000000709900000|  0%| F|  |TS  0|AC  0|TAMS 0x0000000709800000, 0x0000000709800000|
| 153|0x0000000709900000, 0x0000000709900000, 0x0000000709a00000|  0%| F|  |TS  0|AC  0|TAMS 0x0000000709900000, 0x0000000709900000|
| 154|0x0000000709a00000, 0x0000000709a00000, 0x0000000709b00000|  0%| F|  |TS  0|AC  0|TAMS 0x0000000709a00000, 0x0000000709a00000|
| 155|0x0000000709b00000, 0x0000000709b00000, 0x0000000709c00000|  0%| F|  |TS  0|AC  0|TAMS 0x0000000709b00000, 0x0000000709b00000|
| 156|0x0000000709c00000, 0x0000000709c00000, 0x0000000709d00000|  0%| F|  |TS  0|AC  0|TAMS 0x0000000709c00000, 0x0000000709c00000|
| 157|0x0000000709d00000, 0x0000000709d00000, 0x0000000709e00000|  0%| F|  |TS  0|AC  0|TAMS 0x0000000709d00000, 0x0000000709d00000|
| 158|0x0000000709e00000, 0x0000000709e00000, 0x0000000709f00000|  0%| F|  |TS  0|AC  0|TAMS 0x0000000709e00000, 0x0000000709e00000|
| 159|0x0000000709f00000, 0x0000000709f00000, 0x000000070a000000|  0%| F|  |TS  0|AC  0|TAMS 0x0000000709f00000, 0x0000000709f00000|
| 160|0x000000070a000000, 0x000000070a000000, 0x000000070a100000|  0%| F|  |TS  0|AC  0|TAMS 0x000000070a000000, 0x000000070a000000|
| 161|0x000000070a100000, 0x000000070a100000, 0x000000070a200000|  0%| F|  |TS  0|AC  0|TAMS 0x000000070a100000, 0x000000070a100000|
| 162|0x000000070a200000, 0x000000070a200000, 0x000000070a300000|  0%| F|  |TS  0|AC  0|TAMS 0x000000070a200000, 0x000000070a200000|
| 163|0x000000070a300000, 0x000000070a300000, 0x000000070a400000|  0%| F|  |TS  0|AC  0|TAMS 0x000000070a300000, 0x000000070a300000|
| 164|0x000000070a400000, 0x000000070a400000, 0x000000070a500000|  0%| F|  |TS  0|AC  0|TAMS 0x000000070a400000, 0x000000070a400000|
| 165|0x000000070a500000, 0x000000070a500000, 0x000000070a600000|  0%| F|  |TS  0|AC  0|TAMS 0x000000070a500000, 0x000000070a500000|
| 166|0x000000070a600000, 0x000000070a600000, 0x000000070a700000|  0%| F|  |TS  0|AC  0|TAMS 0x000000070a600000, 0x000000070a600000|
| 167|0x000000070a700000, 0x000000070a700000, 0x000000070a800000|  0%| F|  |TS  0|AC  0|TAMS 0x000000070a700000, 0x000000070a700000|
| 168|0x000000070a800000, 0x000000070a800000, 0x000000070a900000|  0%| F|  |TS  0|AC  0|TAMS 0x000000070a800000, 0x000000070a800000|
| 169|0x000000070a900000, 0x000000070a900000, 0x000000070aa00000|  0%| F|  |TS  0|AC  0|TAMS 0x000000070a900000, 0x000000070a900000|
| 170|0x000000070aa00000, 0x000000070aa00000, 0x000000070ab00000|  0%| F|  |TS  0|AC  0|TAMS 0x000000070aa00000, 0x000000070aa00000|
| 171|0x000000070ab00000, 0x000000070ab00000, 0x000000070ac00000|  0%| F|  |TS  0|AC  0|TAMS 0x000000070ab00000, 0x000000070ab00000|
| 172|0x000000070ac00000, 0x000000070ac00000, 0x000000070ad00000|  0%| F|  |TS  0|AC  0|TAMS 0x000000070ac00000, 0x000000070ac00000|
| 173|0x000000070ad00000, 0x000000070ad00000, 0x000000070ae00000|  0%| F|  |TS  0|AC  0|TAMS 0x000000070ad00000, 0x000000070ad00000|
| 174|0x000000070ae00000, 0x000000070ae00000, 0x000000070af00000|  0%| F|  |TS  0|AC  0|TAMS 0x000000070ae00000, 0x000000070ae00000|
| 175|0x000000070af00000, 0x000000070af00000, 0x000000070b000000|  0%| F|  |TS  0|AC  0|TAMS 0x000000070af00000, 0x000000070af00000|
| 176|0x000000070b000000, 0x000000070b000000, 0x000000070b100000|  0%| F|  |TS  0|AC  0|TAMS 0x000000070b000000, 0x000000070b000000|
| 177|0x000000070b100000, 0x000000070b100000, 0x000000070b200000|  0%| F|  |TS  0|AC  0|TAMS 0x000000070b100000, 0x000000070b100000|
| 178|0x000000070b200000, 0x000000070b200000, 0x000000070b300000|  0%| F|  |TS  0|AC  0|TAMS 0x000000070b200000, 0x000000070b200000|
| 179|0x000000070b300000, 0x000000070b300000, 0x000000070b400000|  0%| F|  |TS  0|AC  0|TAMS 0x000000070b300000, 0x000000070b300000|
| 180|0x000000070b400000, 0x000000070b400000, 0x000000070b500000|  0%| F|  |TS  0|AC  0|TAMS 0x000000070b400000, 0x000000070b400000|
| 181|0x000000070b500000, 0x000000070b500000, 0x000000070b600000|  0%| F|  |TS  0|AC  0|TAMS 0x000000070b500000, 0x000000070b500000|
| 182|0x000000070b600000, 0x000000070b600000, 0x000000070b700000|  0%| F|  |TS  0|AC  0|TAMS 0x000000070b600000, 0x000000070b600000|
| 183|0x000000070b700000, 0x000000070b700000, 0x000000070b800000|  0%| F|  |TS  0|AC  0|TAMS 0x000000070b700000, 0x000000070b700000|
| 184|0x000000070b800000, 0x000000070b800000, 0x000000070b900000|  0%| F|  |TS  0|AC  0|TAMS 0x000000070b800000, 0x000000070b800000|
| 185|0x000000070b900000, 0x000000070b900000, 0x000000070ba00000|  0%| F|  |TS  0|AC  0|TAMS 0x000000070b900000, 0x000000070b900000|
| 186|0x000000070ba00000, 0x000000070ba00000, 0x000000070bb00000|  0%| F|  |TS  0|AC  0|TAMS 0x000000070ba00000, 0x000000070ba00000|
| 187|0x000000070bb00000, 0x000000070bb00000, 0x000000070bc00000|  0%| F|  |TS  0|AC  0|TAMS 0x000000070bb00000, 0x000000070bb00000|
| 188|0x000000070bc00000, 0x000000070bc00000, 0x000000070bd00000|  0%| F|  |TS  0|AC  0|TAMS 0x000000070bc00000, 0x000000070bc00000|
| 189|0x000000070bd00000, 0x000000070bd00000, 0x000000070be00000|  0%| F|  |TS  0|AC  0|TAMS 0x000000070bd00000, 0x000000070bd00000|
| 190|0x000000070be00000, 0x000000070be00000, 0x000000070bf00000|  0%| F|  |TS  0|AC  0|TAMS 0x000000070be00000, 0x000000070be00000|
| 191|0x000000070bf00000, 0x000000070bf00000, 0x000000070c000000|  0%| F|  |TS  0|AC  0|TAMS 0x000000070bf00000, 0x000000070bf00000|
| 192|0x000000070c000000, 0x000000070c000000, 0x000000070c100000|  0%| F|  |TS  0|AC  0|TAMS 0x000000070c000000, 0x000000070c000000|
| 193|0x000000070c100000, 0x000000070c100000, 0x000000070c200000|  0%| F|  |TS  0|AC  0|TAMS 0x000000070c100000, 0x000000070c100000|
| 194|0x000000070c200000, 0x000000070c200000, 0x000000070c300000|  0%| F|  |TS  0|AC  0|TAMS 0x000000070c200000, 0x000000070c200000|
| 195|0x000000070c300000, 0x000000070c300000, 0x000000070c400000|  0%| F|  |TS  0|AC  0|TAMS 0x000000070c300000, 0x000000070c300000|
| 196|0x000000070c400000, 0x000000070c400000, 0x000000070c500000|  0%| F|  |TS  0|AC  0|TAMS 0x000000070c400000, 0x000000070c400000|
| 197|0x000000070c500000, 0x000000070c500000, 0x000000070c600000|  0%| F|  |TS  0|AC  0|TAMS 0x000000070c500000, 0x000000070c500000|
| 198|0x000000070c600000, 0x000000070c600000, 0x000000070c700000|  0%| F|  |TS  0|AC  0|TAMS 0x000000070c600000, 0x000000070c600000|
| 199|0x000000070c700000, 0x000000070c700000, 0x000000070c800000|  0%| F|  |TS  0|AC  0|TAMS 0x000000070c700000, 0x000000070c700000|
| 200|0x000000070c800000, 0x000000070c800000, 0x000000070c900000|  0%| F|  |TS  0|AC  0|TAMS 0x000000070c800000, 0x000000070c800000|
| 201|0x000000070c900000, 0x000000070c900000, 0x000000070ca00000|  0%| F|  |TS  0|AC  0|TAMS 0x000000070c900000, 0x000000070c900000|
| 202|0x000000070ca00000, 0x000000070ca00000, 0x000000070cb00000|  0%| F|  |TS  0|AC  0|TAMS 0x000000070ca00000, 0x000000070ca00000|
| 203|0x000000070cb00000, 0x000000070cb00000, 0x000000070cc00000|  0%| F|  |TS  0|AC  0|TAMS 0x000000070cb00000, 0x000000070cb00000|
| 204|0x000000070cc00000, 0x000000070cc00000, 0x000000070cd00000|  0%| F|  |TS  0|AC  0|TAMS 0x000000070cc00000, 0x000000070cc00000|
| 205|0x000000070cd00000, 0x000000070cd00000, 0x000000070ce00000|  0%| F|  |TS  0|AC  0|TAMS 0x000000070cd00000, 0x000000070cd00000|
| 206|0x000000070ce00000, 0x000000070ce00000, 0x000000070cf00000|  0%| F|  |TS  0|AC  0|TAMS 0x000000070ce00000, 0x000000070ce00000|
| 207|0x000000070cf00000, 0x000000070cf00000, 0x000000070d000000|  0%| F|  |TS  0|AC  0|TAMS 0x000000070cf00000, 0x000000070cf00000|
| 208|0x000000070d000000, 0x000000070d000000, 0x000000070d100000|  0%| F|  |TS  0|AC  0|TAMS 0x000000070d000000, 0x000000070d000000|
| 209|0x000000070d100000, 0x000000070d100000, 0x000000070d200000|  0%| F|  |TS  0|AC  0|TAMS 0x000000070d100000, 0x000000070d100000|
| 210|0x000000070d200000, 0x000000070d200000, 0x000000070d300000|  0%| F|  |TS  0|AC  0|TAMS 0x000000070d200000, 0x000000070d200000|
| 211|0x000000070d300000, 0x000000070d300000, 0x000000070d400000|  0%| F|  |TS  0|AC  0|TAMS 0x000000070d300000, 0x000000070d300000|
| 212|0x000000070d400000, 0x000000070d400000, 0x000000070d500000|  0%| F|  |TS  0|AC  0|TAMS 0x000000070d400000, 0x000000070d400000|
| 213|0x000000070d500000, 0x000000070d500000, 0x000000070d600000|  0%| F|  |TS  0|AC  0|TAMS 0x000000070d500000, 0x000000070d500000|
| 214|0x000000070d600000, 0x000000070d600000, 0x000000070d700000|  0%| F|  |TS  0|AC  0|TAMS 0x000000070d600000, 0x000000070d600000|
| 215|0x000000070d700000, 0x000000070d700000, 0x000000070d800000|  0%| F|  |TS  0|AC  0|TAMS 0x000000070d700000, 0x000000070d700000|
| 216|0x000000070d800000, 0x000000070d800000, 0x000000070d900000|  0%| F|  |TS  0|AC  0|TAMS 0x000000070d800000, 0x000000070d800000|
| 217|0x000000070d900000, 0x000000070d900000, 0x000000070da00000|  0%| F|  |TS  0|AC  0|TAMS 0x000000070d900000, 0x000000070d900000|
| 218|0x000000070da00000, 0x000000070da00000, 0x000000070db00000|  0%| F|  |TS  0|AC  0|TAMS 0x000000070da00000, 0x000000070da00000|
| 219|0x000000070db00000, 0x000000070db00000, 0x000000070dc00000|  0%| F|  |TS  0|AC  0|TAMS 0x000000070db00000, 0x000000070db00000|
| 220|0x000000070dc00000, 0x000000070dc00000, 0x000000070dd00000|  0%| F|  |TS  0|AC  0|TAMS 0x000000070dc00000, 0x000000070dc00000|
| 221|0x000000070dd00000, 0x000000070dd00000, 0x000000070de00000|  0%| F|  |TS  0|AC  0|TAMS 0x000000070dd00000, 0x000000070dd00000|
| 222|0x000000070de00000, 0x000000070de00000, 0x000000070df00000|  0%| F|  |TS  0|AC  0|TAMS 0x000000070de00000, 0x000000070de00000|
| 223|0x000000070df00000, 0x000000070df00000, 0x000000070e000000|  0%| F|  |TS  0|AC  0|TAMS 0x000000070df00000, 0x000000070df00000|
| 224|0x000000070e000000, 0x000000070e000000, 0x000000070e100000|  0%| F|  |TS  0|AC  0|TAMS 0x000000070e000000, 0x000000070e000000|
| 225|0x000000070e100000, 0x000000070e100000, 0x000000070e200000|  0%| F|  |TS  0|AC  0|TAMS 0x000000070e100000, 0x000000070e100000|
| 226|0x000000070e200000, 0x000000070e200000, 0x000000070e300000|  0%| F|  |TS  0|AC  0|TAMS 0x000000070e200000, 0x000000070e200000|
| 227|0x000000070e300000, 0x000000070e300000, 0x000000070e400000|  0%| F|  |TS  0|AC  0|TAMS 0x000000070e300000, 0x000000070e300000|
| 228|0x000000070e400000, 0x000000070e400000, 0x000000070e500000|  0%| F|  |TS  0|AC  0|TAMS 0x000000070e400000, 0x000000070e400000|
| 229|0x000000070e500000, 0x000000070e500000, 0x000000070e600000|  0%| F|  |TS  0|AC  0|TAMS 0x000000070e500000, 0x000000070e500000|
| 230|0x000000070e600000, 0x000000070e600000, 0x000000070e700000|  0%| F|  |TS 17|AC  0|TAMS 0x000000070e600000, 0x000000070e600000|
| 231|0x000000070e700000, 0x000000070e700000, 0x000000070e800000|  0%| F|  |TS 17|AC  0|TAMS 0x000000070e700000, 0x000000070e700000|
| 232|0x000000070e800000, 0x000000070e800000, 0x000000070e900000|  0%| F|  |TS 15|AC  0|TAMS 0x000000070e800000, 0x000000070e800000|
| 233|0x000000070e900000, 0x000000070e900000, 0x000000070ea00000|  0%| F|  |TS 17|AC  0|TAMS 0x000000070e900000, 0x000000070e900000|
| 234|0x000000070ea00000, 0x000000070eb00000, 0x000000070eb00000|100%| S|CS|TS 17|AC  0|TAMS 0x000000070ea00000, 0x000000070ea00000|
| 235|0x000000070eb00000, 0x000000070ec00000, 0x000000070ec00000|100%| S|CS|TS 17|AC  0|TAMS 0x000000070eb00000, 0x000000070eb00000|
| 236|0x000000070ec00000, 0x000000070ec00000, 0x000000070ed00000|  0%| F|  |TS 17|AC  0|TAMS 0x000000070ec00000, 0x000000070ec00000|
| 237|0x000000070ed00000, 0x000000070ed00000, 0x000000070ee00000|  0%| F|  |TS 17|AC  0|TAMS 0x000000070ed00000, 0x000000070ed00000|
| 238|0x000000070ee00000, 0x000000070ee00000, 0x000000070ef00000|  0%| F|  |TS 17|AC  0|TAMS 0x000000070ee00000, 0x000000070ee00000|
| 239|0x000000070ef00000, 0x000000070ef00000, 0x000000070f000000|  0%| F|  |TS 17|AC  0|TAMS 0x000000070ef00000, 0x000000070ef00000|
| 240|0x000000070f000000, 0x000000070f000000, 0x000000070f100000|  0%| F|  |TS 17|AC  0|TAMS 0x000000070f000000, 0x000000070f000000|
| 241|0x000000070f100000, 0x000000070f100000, 0x000000070f200000|  0%| F|  |TS 17|AC  0|TAMS 0x000000070f100000, 0x000000070f100000|
| 242|0x000000070f200000, 0x000000070f200000, 0x000000070f300000|  0%| F|  |TS 17|AC  0|TAMS 0x000000070f200000, 0x000000070f200000|
| 243|0x000000070f300000, 0x000000070f300000, 0x000000070f400000|  0%| F|  |TS 17|AC  0|TAMS 0x000000070f300000, 0x000000070f300000|
| 244|0x000000070f400000, 0x000000070f400000, 0x000000070f500000|  0%| F|  |TS 17|AC  0|TAMS 0x000000070f400000, 0x000000070f400000|
| 245|0x000000070f500000, 0x000000070f500000, 0x000000070f600000|  0%| F|  |TS 17|AC  0|TAMS 0x000000070f500000, 0x000000070f500000|
| 246|0x000000070f600000, 0x000000070f600000, 0x000000070f700000|  0%| F|  |TS 17|AC  0|TAMS 0x000000070f600000, 0x000000070f600000|
| 247|0x000000070f700000, 0x000000070f700000, 0x000000070f800000|  0%| F|  |TS 17|AC  0|TAMS 0x000000070f700000, 0x000000070f700000|
| 248|0x000000070f800000, 0x000000070f800000, 0x000000070f900000|  0%| F|  |TS 17|AC  0|TAMS 0x000000070f800000, 0x000000070f800000|
| 249|0x000000070f900000, 0x000000070f900000, 0x000000070fa00000|  0%| F|  |TS 17|AC  0|TAMS 0x000000070f900000, 0x000000070f900000|
| 250|0x000000070fa00000, 0x000000070fa00000, 0x000000070fb00000|  0%| F|  |TS 17|AC  0|TAMS 0x000000070fa00000, 0x000000070fa00000|
| 251|0x000000070fb00000, 0x000000070fb00000, 0x000000070fc00000|  0%| F|  |TS 17|AC  0|TAMS 0x000000070fb00000, 0x000000070fb00000|
| 252|0x000000070fc00000, 0x000000070fc00000, 0x000000070fd00000|  0%| F|  |TS 17|AC  0|TAMS 0x000000070fc00000, 0x000000070fc00000|
| 253|0x000000070fd00000, 0x000000070fd00000, 0x000000070fe00000|  0%| F|  |TS 17|AC  0|TAMS 0x000000070fd00000, 0x000000070fd00000|
| 254|0x000000070fe00000, 0x000000070fe00000, 0x000000070ff00000|  0%| F|  |TS 17|AC  0|TAMS 0x000000070fe00000, 0x000000070fe00000|
| 255|0x000000070ff00000, 0x000000070ff00000, 0x0000000710000000|  0%| F|  |TS 17|AC  0|TAMS 0x000000070ff00000, 0x000000070ff00000|
| 256|0x0000000710000000, 0x0000000710000000, 0x0000000710100000|  0%| F|  |TS 17|AC  0|TAMS 0x0000000710000000, 0x0000000710000000|
| 257|0x0000000710100000, 0x0000000710100000, 0x0000000710200000|  0%| F|  |TS 17|AC  0|TAMS 0x0000000710100000, 0x0000000710100000|
| 258|0x0000000710200000, 0x0000000710200000, 0x0000000710300000|  0%| F|  |TS 17|AC  0|TAMS 0x0000000710200000, 0x0000000710200000|
| 259|0x0000000710300000, 0x0000000710300000, 0x0000000710400000|  0%| F|  |TS 17|AC  0|TAMS 0x0000000710300000, 0x0000000710300000|
| 260|0x0000000710400000, 0x0000000710400000, 0x0000000710500000|  0%| F|  |TS 17|AC  0|TAMS 0x0000000710400000, 0x0000000710400000|
| 261|0x0000000710500000, 0x0000000710500000, 0x0000000710600000|  0%| F|  |TS 17|AC  0|TAMS 0x0000000710500000, 0x0000000710500000|
| 262|0x0000000710600000, 0x0000000710600000, 0x0000000710700000|  0%| F|  |TS 17|AC  0|TAMS 0x0000000710600000, 0x0000000710600000|
| 263|0x0000000710700000, 0x0000000710700000, 0x0000000710800000|  0%| F|  |TS 17|AC  0|TAMS 0x0000000710700000, 0x0000000710700000|
| 264|0x0000000710800000, 0x0000000710800000, 0x0000000710900000|  0%| F|  |TS 17|AC  0|TAMS 0x0000000710800000, 0x0000000710800000|
| 265|0x0000000710900000, 0x0000000710900000, 0x0000000710a00000|  0%| F|  |TS 17|AC  0|TAMS 0x0000000710900000, 0x0000000710900000|
| 266|0x0000000710a00000, 0x0000000710a00000, 0x0000000710b00000|  0%| F|  |TS 17|AC  0|TAMS 0x0000000710a00000, 0x0000000710a00000|
| 267|0x0000000710b00000, 0x0000000710b9e128, 0x0000000710c00000| 61%| E|  |TS 17|AC  0|TAMS 0x0000000710b00000, 0x0000000710b00000|
| 268|0x0000000710c00000, 0x0000000710d00000, 0x0000000710d00000|100%| E|CS|TS 17|AC  0|TAMS 0x0000000710c00000, 0x0000000710c00000|
| 269|0x0000000710d00000, 0x0000000710e00000, 0x0000000710e00000|100%| E|CS|TS 17|AC  0|TAMS 0x0000000710d00000, 0x0000000710d00000|
| 270|0x0000000710e00000, 0x0000000710f00000, 0x0000000710f00000|100%| E|CS|TS 17|AC  0|TAMS 0x0000000710e00000, 0x0000000710e00000|
| 271|0x0000000710f00000, 0x0000000711000000, 0x0000000711000000|100%| E|CS|TS 17|AC  0|TAMS 0x0000000710f00000, 0x0000000710f00000|
| 272|0x0000000711000000, 0x0000000711100000, 0x0000000711100000|100%| E|CS|TS 17|AC  0|TAMS 0x0000000711000000, 0x0000000711000000|
| 273|0x0000000711100000, 0x0000000711200000, 0x0000000711200000|100%| E|CS|TS 17|AC  0|TAMS 0x0000000711100000, 0x0000000711100000|
| 274|0x0000000711200000, 0x0000000711300000, 0x0000000711300000|100%| E|CS|TS 17|AC  0|TAMS 0x0000000711200000, 0x0000000711200000|
| 275|0x0000000711300000, 0x0000000711400000, 0x0000000711400000|100%| E|CS|TS 17|AC  0|TAMS 0x0000000711300000, 0x0000000711300000|
| 276|0x0000000711400000, 0x0000000711500000, 0x0000000711500000|100%| E|CS|TS 17|AC  0|TAMS 0x0000000711400000, 0x0000000711400000|
| 277|0x0000000711500000, 0x0000000711600000, 0x0000000711600000|100%| E|CS|TS 17|AC  0|TAMS 0x0000000711500000, 0x0000000711500000|
| 278|0x0000000711600000, 0x0000000711700000, 0x0000000711700000|100%| E|CS|TS 17|AC  0|TAMS 0x0000000711600000, 0x0000000711600000|
| 279|0x0000000711700000, 0x0000000711800000, 0x0000000711800000|100%| E|CS|TS 17|AC  0|TAMS 0x0000000711700000, 0x0000000711700000|
| 280|0x0000000711800000, 0x0000000711900000, 0x0000000711900000|100%| E|CS|TS 17|AC  0|TAMS 0x0000000711800000, 0x0000000711800000|
| 281|0x0000000711900000, 0x0000000711a00000, 0x0000000711a00000|100%| E|CS|TS 17|AC  0|TAMS 0x0000000711900000, 0x0000000711900000|
| 282|0x0000000711a00000, 0x0000000711b00000, 0x0000000711b00000|100%| E|CS|TS 17|AC  0|TAMS 0x0000000711a00000, 0x0000000711a00000|
| 283|0x0000000711b00000, 0x0000000711c00000, 0x0000000711c00000|100%| E|CS|TS 17|AC  0|TAMS 0x0000000711b00000, 0x0000000711b00000|
| 284|0x0000000711c00000, 0x0000000711d00000, 0x0000000711d00000|100%| E|CS|TS 17|AC  0|TAMS 0x0000000711c00000, 0x0000000711c00000|
| 285|0x0000000711d00000, 0x0000000711e00000, 0x0000000711e00000|100%| E|CS|TS 17|AC  0|TAMS 0x0000000711d00000, 0x0000000711d00000|
| 286|0x0000000711e00000, 0x0000000711f00000, 0x0000000711f00000|100%| E|CS|TS 17|AC  0|TAMS 0x0000000711e00000, 0x0000000711e00000|
| 287|0x0000000711f00000, 0x0000000712000000, 0x0000000712000000|100%| E|CS|TS 17|AC  0|TAMS 0x0000000711f00000, 0x0000000711f00000|
| 288|0x0000000712000000, 0x0000000712100000, 0x0000000712100000|100%| E|CS|TS 17|AC  0|TAMS 0x0000000712000000, 0x0000000712000000|
| 289|0x0000000712100000, 0x0000000712200000, 0x0000000712200000|100%| E|CS|TS 17|AC  0|TAMS 0x0000000712100000, 0x0000000712100000|
| 290|0x0000000712200000, 0x0000000712300000, 0x0000000712300000|100%| E|CS|TS 17|AC  0|TAMS 0x0000000712200000, 0x0000000712200000|
| 291|0x0000000712300000, 0x0000000712400000, 0x0000000712400000|100%| E|CS|TS 17|AC  0|TAMS 0x0000000712300000, 0x0000000712300000|
| 292|0x0000000712400000, 0x0000000712500000, 0x0000000712500000|100%| E|CS|TS 17|AC  0|TAMS 0x0000000712400000, 0x0000000712400000|

Card table byte_map: [0x000000000cd00000,0x000000000d300000] byte_map_base: 0x0000000009500000

Marking Bits (Prev, Next): (CMBitMap*) 0x00000000111b7878, (CMBitMap*) 0x00000000111b7840
 Prev Bits: [0x000000002d2f0000, 0x00000000302f0000)
 Next Bits: [0x0000000018db0000, 0x000000001bdb0000)

Polling page: 0x0000000000230000

CodeHeap 'non-profiled nmethods': size=120064Kb used=22080Kb max_used=22080Kb free=97983Kb
 bounds [0x0000000025db0000, 0x0000000027350000, 0x000000002d2f0000]
CodeHeap 'profiled nmethods': size=120000Kb used=45266Kb max_used=48613Kb free=74733Kb
 bounds [0x000000001e880000, 0x0000000021850000, 0x0000000025db0000]
CodeHeap 'non-nmethods': size=5696Kb used=1811Kb max_used=1865Kb free=3884Kb
 bounds [0x000000001e2f0000, 0x000000001e560000, 0x000000001e880000]
 total_blobs=36322 nmethods=18713 adapters=1184
 compilation: enabled

Compilation events (10 events):
Event: 59772.203 Thread 0x000000000ad15000 25265       4       java.util.jar.Manifest$FastInputStream::peek (38 bytes)
Event: 59772.204 Thread 0x000000000ad15000 nmethod 25265 0x0000000027338890 code [0x0000000027338a20, 0x0000000027338b08]
Event: 59772.476 Thread 0x000000000ad14800 nmethod 25261% 0x0000000027338c10 code [0x0000000027339420, 0x0000000027342930]
Event: 59773.287 Thread 0x0000000006c93800 25285       1       javax.swing.plaf.basic.BasicButtonListener::mouseMoved (1 bytes)
Event: 59773.288 Thread 0x0000000006c93800 nmethod 25285 0x0000000027345f10 code [0x00000000273460c0, 0x00000000273461d0]
Event: 59773.368 Thread 0x0000000006c93800 25286       3       de.javasoft.plaf.synthetica.painter.ButtonPainter::paintFocus (181 bytes)
Event: 59773.374 Thread 0x0000000006c93800 nmethod 25286 0x0000000020cc1a90 code [0x0000000020cc2020, 0x0000000020cc5bd8]
Event: 59773.424 Thread 0x0000000006c93800 25287       1       java.awt.Window::getFocusCycleRootAncestor (2 bytes)
Event: 59773.424 Thread 0x0000000006c93800 nmethod 25287 0x0000000027346210 code [0x00000000273463c0, 0x00000000273464d0]
Event: 59773.427 Thread 0x0000000006c93800 25288   !   3       java.awt.KeyboardFocusManager::isAutoFocusTransferEnabled (41 bytes)

GC Heap History (10 events):
Event: 59718.656 GC heap before
{Heap before GC invocations=764 (full 49):
 garbage-first heap   total 300032K, used 151582K [0x0000000700000000, 0x0000000700100928, 0x00000007c0000000)
  region size 1024K, 60 young (61440K), 1 survivors (1024K)
 Metaspace       used 89711K, capacity 91605K, committed 99196K, reserved 1134592K
  class space    used 12254K, capacity 12645K, committed 14204K, reserved 1048576K
}
Event: 59718.659 GC heap after
{Heap after GC invocations=765 (full 49):
 garbage-first heap   total 300032K, used 91186K [0x0000000700000000, 0x0000000700100928, 0x00000007c0000000)
  region size 1024K, 1 young (1024K), 1 survivors (1024K)
 Metaspace       used 89711K, capacity 91605K, committed 99196K, reserved 1134592K
  class space    used 12254K, capacity 12645K, committed 14204K, reserved 1048576K
}
Event: 59718.857 GC heap before
{Heap before GC invocations=765 (full 49):
 garbage-first heap   total 300032K, used 151602K [0x0000000700000000, 0x0000000700100928, 0x00000007c0000000)
  region size 1024K, 60 young (61440K), 1 survivors (1024K)
 Metaspace       used 89711K, capacity 91605K, committed 99196K, reserved 1134592K
  class space    used 12254K, capacity 12645K, committed 14204K, reserved 1048576K
}
Event: 59718.860 GC heap after
{Heap after GC invocations=766 (full 49):
 garbage-first heap   total 300032K, used 91123K [0x0000000700000000, 0x0000000700100928, 0x00000007c0000000)
  region size 1024K, 1 young (1024K), 1 survivors (1024K)
 Metaspace       used 89711K, capacity 91605K, committed 99196K, reserved 1134592K
  class space    used 12254K, capacity 12645K, committed 14204K, reserved 1048576K
}
Event: 59719.551 GC heap before
{Heap before GC invocations=766 (full 49):
 garbage-first heap   total 300032K, used 151539K [0x0000000700000000, 0x0000000700100928, 0x00000007c0000000)
  region size 1024K, 60 young (61440K), 1 survivors (1024K)
 Metaspace       used 89711K, capacity 91605K, committed 99196K, reserved 1134592K
  class space    used 12254K, capacity 12645K, committed 14204K, reserved 1048576K
}
Event: 59719.556 GC heap after
{Heap after GC invocations=767 (full 49):
 garbage-first heap   total 300032K, used 91210K [0x0000000700000000, 0x0000000700100928, 0x00000007c0000000)
  region size 1024K, 1 young (1024K), 1 survivors (1024K)
 Metaspace       used 89711K, capacity 91605K, committed 99196K, reserved 1134592K
  class space    used 12254K, capacity 12645K, committed 14204K, reserved 1048576K
}
Event: 59742.744 GC heap before
{Heap before GC invocations=767 (full 49):
 garbage-first heap   total 300032K, used 151626K [0x0000000700000000, 0x0000000700100928, 0x00000007c0000000)
  region size 1024K, 60 young (61440K), 1 survivors (1024K)
 Metaspace       used 89751K, capacity 91669K, committed 99196K, reserved 1134592K
  class space    used 12254K, capacity 12645K, committed 14204K, reserved 1048576K
}
Event: 59742.749 GC heap after
{Heap after GC invocations=768 (full 49):
 garbage-first heap   total 300032K, used 92531K [0x0000000700000000, 0x0000000700100928, 0x00000007c0000000)
  region size 1024K, 3 young (3072K), 3 survivors (3072K)
 Metaspace       used 89751K, capacity 91669K, committed 99196K, reserved 1134592K
  class space    used 12254K, capacity 12645K, committed 14204K, reserved 1048576K
}
Event: 59771.160 GC heap before
{Heap before GC invocations=768 (full 49):
 garbage-first heap   total 300032K, used 150899K [0x0000000700000000, 0x0000000700100928, 0x00000007c0000000)
  region size 1024K, 60 young (61440K), 3 survivors (3072K)
 Metaspace       used 89759K, capacity 91675K, committed 99196K, reserved 1134592K
  class space    used 12256K, capacity 12646K, committed 14204K, reserved 1048576K
}
Event: 59771.165 GC heap after
{Heap after GC invocations=769 (full 49):
 garbage-first heap   total 300032K, used 92497K [0x0000000700000000, 0x0000000700100928, 0x00000007c0000000)
  region size 1024K, 2 young (2048K), 2 survivors (2048K)
 Metaspace       used 89759K, capacity 91675K, committed 99196K, reserved 1134592K
  class space    used 12256K, capacity 12646K, committed 14204K, reserved 1048576K
}

Deoptimization events (10 events):
Event: 59767.575 Thread 0x0000000031cf0800 Uncommon trap: reason=unstable_if action=reinterpret pc=0x0000000026e1a768 method=java.awt.ModalEventFilter.acceptEvent(Ljava/awt/AWTEvent;)Ljava/awt/EventFilter$FilterAction; @ 58 c2
Event: 59772.071 Thread 0x0000000031cf0800 Uncommon trap: reason=bimorphic_or_optimized_type_check action=maybe_recompile pc=0x000000002668d540 method=javax.swing.text.html.parser.DocumentParser.handleStartTag(Ljavax/swing/text/html/parser/TagElement;)V @ 174 c2
Event: 59772.072 Thread 0x0000000031cf0800 Uncommon trap: reason=bimorphic_or_optimized_type_check action=maybe_recompile pc=0x000000002668d540 method=javax.swing.text.html.parser.DocumentParser.handleStartTag(Ljavax/swing/text/html/parser/TagElement;)V @ 174 c2
Event: 59772.072 Thread 0x0000000031cf0800 Uncommon trap: reason=bimorphic_or_optimized_type_check action=maybe_recompile pc=0x0000000027111764 method=javax.swing.text.html.parser.DocumentParser.handleEndTag(Ljavax/swing/text/html/parser/TagElement;)V @ 139 c2
Event: 59772.072 Thread 0x0000000031cf0800 Uncommon trap: reason=bimorphic_or_optimized_type_check action=maybe_recompile pc=0x000000002668d540 method=javax.swing.text.html.parser.DocumentParser.handleStartTag(Ljavax/swing/text/html/parser/TagElement;)V @ 174 c2
Event: 59772.072 Thread 0x0000000031cf0800 Uncommon trap: reason=bimorphic_or_optimized_type_check action=maybe_recompile pc=0x000000002713a1dc method=javax.swing.text.html.parser.DocumentParser.handleText([C)V @ 61 c2
Event: 59772.072 Thread 0x0000000031cf0800 Uncommon trap: reason=bimorphic_or_optimized_type_check action=maybe_recompile pc=0x0000000027111764 method=javax.swing.text.html.parser.DocumentParser.handleEndTag(Ljavax/swing/text/html/parser/TagElement;)V @ 139 c2
Event: 59772.072 Thread 0x0000000031cf0800 Uncommon trap: reason=bimorphic_or_optimized_type_check action=maybe_recompile pc=0x0000000027111764 method=javax.swing.text.html.parser.DocumentParser.handleEndTag(Ljavax/swing/text/html/parser/TagElement;)V @ 139 c2
Event: 59772.072 Thread 0x0000000031cf0800 Uncommon trap: reason=bimorphic_or_optimized_type_check action=maybe_recompile pc=0x0000000026a38730 method=javax.swing.text.html.parser.DocumentParser.parse(Ljava/io/Reader;Ljavax/swing/text/html/HTMLEditorKit$ParserCallback;Z)V @ 20 c2
Event: 59772.082 Thread 0x0000000031cf0800 Uncommon trap: reason=null_check action=make_not_entrant pc=0x000000002651b454 method=java.lang.invoke.LambdaFormEditor.getInCache(Ljava/lang/invoke/LambdaFormEditor$Transform;)Ljava/lang/invoke/LambdaForm; @ 178 c2

Classes redefined (0 events):
No events

Internal exceptions (10 events):
Event: 58473.397 Thread 0x000000003c1ec000 Exception <a 'sun/nio/fs/WindowsException'{0x0000000711e00810}> (0x0000000711e00810) thrown at [t:/workspace/hotspot/src/share/vm/prims/jni.cpp, line 604]
Event: 58473.398 Thread 0x000000003c1ec000 Exception <a 'sun/nio/fs/WindowsException'{0x0000000711e00840}> (0x0000000711e00840) thrown at [t:/workspace/hotspot/src/share/vm/prims/jni.cpp, line 604]
Event: 58473.398 Thread 0x000000003c1ec000 Exception <a 'sun/nio/fs/WindowsException'{0x0000000711e00870}> (0x0000000711e00870) thrown at [t:/workspace/hotspot/src/share/vm/prims/jni.cpp, line 604]
Event: 58473.398 Thread 0x000000003c1ec000 Exception <a 'sun/nio/fs/WindowsException'{0x0000000711e008a0}> (0x0000000711e008a0) thrown at [t:/workspace/hotspot/src/share/vm/prims/jni.cpp, line 604]
Event: 58473.398 Thread 0x000000003c1ec000 Exception <a 'sun/nio/fs/WindowsException'{0x0000000711e008d0}> (0x0000000711e008d0) thrown at [t:/workspace/hotspot/src/share/vm/prims/jni.cpp, line 604]
Event: 59081.902 Thread 0x0000000031cf0800 Implicit null exception at 0x0000000026e762c4 to 0x0000000026e764b9
Event: 59679.117 Thread 0x000000003bc4e000 Implicit null exception at 0x00000000269384b6 to 0x000000002693a421
Event: 59708.053 Thread 0x0000000031cf0800 Exception <a 'java/lang/NoSuchMethodError'{0x0000000710ae2430}: java.lang.invoke.DelegatingMethodHandle$Holder.reinvoke_L(Ljava/lang/Object;IILjava/lang/Object;Ljava/lang/Object;Ljava/lang/Object;)Ljava/lang/Object;> (0x0000000710ae2430) thrown at [t:/wor
Event: 59716.184 Thread 0x000000003bc50000 Exception <a 'java/lang/InterruptedException'{0x000000070ebeb838}: sleep interrupted> (0x000000070ebeb838) thrown at [t:/workspace/hotspot/src/share/vm/prims/jvm.cpp, line 3023]
Event: 59772.082 Thread 0x0000000031cf0800 Implicit null exception at 0x000000002651b16f to 0x000000002651b449

Events (10 events):
Event: 59772.088 Executing VM operation: RevokeBias done
Event: 59772.091 Thread 0x000000003bc50000 Thread added: 0x000000003bc50000
Event: 59772.223 Thread 0x0000000051e22800 Thread added: 0x0000000051e22800
Event: 59772.227 Thread 0x0000000051e22800 Thread exited: 0x0000000051e22800
Event: 59773.024 loading class java/awt/Scrollbar
Event: 59773.026 loading class java/awt/Scrollbar done
Event: 59773.026 Executing VM operation: Deoptimize
Event: 59773.028 Executing VM operation: Deoptimize done
Event: 59773.225 Thread 0x0000000051e22800 Thread added: 0x0000000051e22800
Event: 59773.229 Thread 0x0000000051e22800 Thread exited: 0x0000000051e22800


Dynamic libraries:
0x000000013fae0000 - 0x000000013fb10000 	C:\Xilinx\Vivado\2019.1\bin\unwrapped\win64.o\vivado.exe
0x0000000077410000 - 0x00000000775af000 	C:\WINDOWS\SYSTEM32\ntdll.dll
0x00000000772f0000 - 0x000000007740f000 	C:\WINDOWS\system32\kernel32.dll
0x000007fefcf80000 - 0x000007fefcfe7000 	C:\WINDOWS\system32\KERNELBASE.dll
0x000007fef6310000 - 0x000007fef6324000 	C:\Xilinx\Vivado\2019.1\lib\win64.o\libboost_signals.dll
0x000007fef7440000 - 0x000007fef74db000 	C:\WINDOWS\system32\MSVCP140.dll
0x000007fef9c50000 - 0x000007fef9c65000 	C:\WINDOWS\system32\VCRUNTIME140.dll
0x000007fef9c40000 - 0x000007fef9c44000 	C:\WINDOWS\system32\api-ms-win-crt-runtime-l1-1-0.dll
0x000007fef9b40000 - 0x000007fef9c34000 	C:\WINDOWS\system32\ucrtbase.DLL
0x000007fef9b30000 - 0x000007fef9b33000 	C:\WINDOWS\system32\api-ms-win-core-timezone-l1-1-0.dll
0x000007fef9b20000 - 0x000007fef9b23000 	C:\WINDOWS\system32\api-ms-win-core-file-l2-1-0.dll
0x000007fef9b10000 - 0x000007fef9b13000 	C:\WINDOWS\system32\api-ms-win-core-localization-l1-2-0.dll
0x000007fef9b00000 - 0x000007fef9b03000 	C:\WINDOWS\system32\api-ms-win-core-synch-l1-2-0.dll
0x000007fef9af0000 - 0x000007fef9af3000 	C:\WINDOWS\system32\api-ms-win-core-processthreads-l1-1-1.dll
0x000007fef9ae0000 - 0x000007fef9ae3000 	C:\WINDOWS\system32\api-ms-win-core-file-l1-2-0.dll
0x000007fef9ad0000 - 0x000007fef9ad3000 	C:\WINDOWS\system32\api-ms-win-crt-heap-l1-1-0.dll
0x000007fef9ac0000 - 0x000007fef9ac4000 	C:\WINDOWS\system32\api-ms-win-crt-string-l1-1-0.dll
0x000007fef9ab0000 - 0x000007fef9ab4000 	C:\WINDOWS\system32\api-ms-win-crt-stdio-l1-1-0.dll
0x000007fef9aa0000 - 0x000007fef9aa4000 	C:\WINDOWS\system32\api-ms-win-crt-convert-l1-1-0.dll
0x000007fef7430000 - 0x000007fef7433000 	C:\WINDOWS\system32\api-ms-win-crt-locale-l1-1-0.dll
0x000007fef7420000 - 0x000007fef7425000 	C:\WINDOWS\system32\api-ms-win-crt-math-l1-1-0.dll
0x000007fef7410000 - 0x000007fef7413000 	C:\WINDOWS\system32\api-ms-win-crt-filesystem-l1-1-0.dll
0x000007fef7400000 - 0x000007fef7403000 	C:\WINDOWS\system32\api-ms-win-crt-time-l1-1-0.dll
0x000007fef73f0000 - 0x000007fef73f3000 	C:\WINDOWS\system32\api-ms-win-crt-environment-l1-1-0.dll
0x000007fef73e0000 - 0x000007fef73e3000 	C:\WINDOWS\system32\api-ms-win-crt-utility-l1-1-0.dll
0x000007fed5a40000 - 0x000007fed6922000 	C:\Xilinx\Vivado\2019.1\lib\win64.o\librdi_common.dll
0x000007fed74b0000 - 0x000007fed781e000 	C:\Xilinx\Vivado\2019.1\lib\win64.o\libCOIN-all.dll
0x000007fef62f0000 - 0x000007fef6304000 	C:\Xilinx\Vivado\2019.1\lib\win64.o\libboost_date_time.dll
0x000007fef6280000 - 0x000007fef62a6000 	C:\Xilinx\Vivado\2019.1\lib\win64.o\libboost_filesystem.dll
0x000007fef62e0000 - 0x000007fef62eb000 	C:\Xilinx\Vivado\2019.1\lib\win64.o\libboost_system.dll
0x000007fefdba0000 - 0x000007fefdc7b000 	C:\WINDOWS\system32\ADVAPI32.dll
0x000007fefd800000 - 0x000007fefd89f000 	C:\WINDOWS\system32\msvcrt.dll
0x000007feff6e0000 - 0x000007feff6ff000 	C:\WINDOWS\SYSTEM32\sechost.dll
0x000007fefe030000 - 0x000007fefe15c000 	C:\WINDOWS\system32\RPCRT4.dll
0x000007fef5cf0000 - 0x000007fef5d6f000 	C:\Xilinx\Vivado\2019.1\lib\win64.o\libboost_program_options.dll
0x000007fef4f40000 - 0x000007fef5054000 	C:\Xilinx\Vivado\2019.1\lib\win64.o\libboost_regex.dll
0x00000000771f0000 - 0x00000000772ea000 	C:\WINDOWS\system32\USER32.dll
0x000007fefd600000 - 0x000007fefd667000 	C:\WINDOWS\system32\GDI32.dll
0x000007fefd5f0000 - 0x000007fefd5fe000 	C:\WINDOWS\system32\LPK.dll
0x000007fefda20000 - 0x000007fefdaeb000 	C:\WINDOWS\system32\USP10.dll
0x000007fef61b0000 - 0x000007fef61d1000 	C:\Xilinx\Vivado\2019.1\lib\win64.o\libboost_thread.dll
0x000007fef61a0000 - 0x000007fef61ad000 	C:\Xilinx\Vivado\2019.1\lib\win64.o\libboost_chrono.dll
0x000007fef6270000 - 0x000007fef627f000 	C:\Xilinx\Vivado\2019.1\lib\win64.o\libboost_xilinx.dll
0x000007fef5950000 - 0x000007fef59d2000 	C:\Xilinx\Vivado\2019.1\lib\win64.o\libhdlpsolve.dll
0x000007fef58a0000 - 0x000007fef5945000 	C:\Xilinx\Vivado\2019.1\lib\win64.o\libhdxml.dll
0x000007fed4e90000 - 0x000007fed5a3f400 	C:\Xilinx\Vivado\2019.1\lib\win64.o\libisl_iostreams.dll
0x000007fef6060000 - 0x000007fef607b000 	C:\Xilinx\Vivado\2019.1\lib\win64.o\libboost_iostreams.dll
0x000007fef6030000 - 0x000007fef6051000 	C:\Xilinx\Vivado\2019.1\lib\win64.o\librdizlib.dll
0x000007fef5660000 - 0x000007fef5685000 	C:\Xilinx\Vivado\2019.1\lib\win64.o\libisl_iosutils.dll
0x000007fef5640000 - 0x000007fef565a000 	C:\Xilinx\Vivado\2019.1\lib\win64.o\pthreadVC2.dll
0x000007fef6140000 - 0x000007fef6143000 	C:\WINDOWS\system32\api-ms-win-crt-conio-l1-1-0.dll
0x000007fef5610000 - 0x000007fef563e000 	C:\Xilinx\Vivado\2019.1\lib\win64.o\libisl_sysinfo.dll
0x000007fefdf80000 - 0x000007fefdfcd000 	C:\WINDOWS\system32\WS2_32.dll
0x000007fefdc80000 - 0x000007fefdc88000 	C:\WINDOWS\system32\NSI.dll
0x000007fef4360000 - 0x000007fef43c5000 	C:\Xilinx\Vivado\2019.1\lib\win64.o\liblmx6.0.dll
0x000007fed9550000 - 0x000007fed9671000 	C:\Xilinx\Vivado\2019.1\lib\win64.o\librdi_commonxillic.dll
0x000007fed9270000 - 0x000007fed9548000 	C:\Xilinx\Vivado\2019.1\lib\win64.o\libXil_lmgr11.dll
0x000007fefa9a0000 - 0x000007fefa9b6000 	C:\WINDOWS\system32\NETAPI32.dll
0x000007fefc840000 - 0x000007fefc84c000 	C:\WINDOWS\system32\netutils.dll
0x000007fefca10000 - 0x000007fefca33000 	C:\WINDOWS\system32\srvcli.dll
0x000007fefa980000 - 0x000007fefa995000 	C:\WINDOWS\system32\wkscli.dll
0x000007feff620000 - 0x000007feff6b7000 	C:\WINDOWS\system32\COMDLG32.dll
0x000007fefe160000 - 0x000007fefe1d1000 	C:\WINDOWS\system32\SHLWAPI.dll
0x000007fef8280000 - 0x000007fef8320000 	C:\WINDOWS\WinSxS\amd64_microsoft.windows.common-controls_6595b64144ccf1df_5.82.7601.18837_none_a4d981ff711297b6\COMCTL32.dll
0x000007fefe690000 - 0x000007feff41b000 	C:\WINDOWS\system32\SHELL32.dll
0x000007fef73d0000 - 0x000007fef73d9000 	C:\WINDOWS\system32\WSOCK32.dll
0x000007fefd8a0000 - 0x000007fefd97b000 	C:\WINDOWS\system32\OLEAUT32.dll
0x000007feff420000 - 0x000007feff61f000 	C:\WINDOWS\system32\ole32.dll
0x000007fefa1a0000 - 0x000007fefa1b8000 	C:\WINDOWS\system32\dhcpcsvc.DLL
0x000007fefd010000 - 0x000007fefd04b000 	C:\WINDOWS\system32\WINTRUST.dll
0x000007fefd140000 - 0x000007fefd2ad000 	C:\WINDOWS\system32\CRYPT32.dll
0x000007fefcf70000 - 0x000007fefcf7f000 	C:\WINDOWS\system32\MSASN1.dll
0x000007fef55f0000 - 0x000007fef560c000 	C:\Xilinx\Vivado\2019.1\lib\win64.o\librdiconfig.dll
0x000000006b790000 - 0x000000006b8bb000 	C:\Xilinx\Vivado\2019.1\lib\win64.o\tcl85t.dll
0x0000000012000000 - 0x0000000012270000 	C:\Xilinx\Vivado\2019.1\lib\win64.o\xerces-c_3_1.dll
0x000007fefe1e0000 - 0x000007fefe68c000 	C:\WINDOWS\system32\WININET.dll
0x000007fefd310000 - 0x000007fefd314000 	C:\WINDOWS\system32\api-ms-win-downlevel-user32-l1-1-0.dll
0x000007fefd100000 - 0x000007fefd104000 	C:\WINDOWS\system32\api-ms-win-downlevel-shlwapi-l1-1-0.dll
0x000007fefd110000 - 0x000007fefd114000 	C:\WINDOWS\system32\api-ms-win-downlevel-version-l1-1-0.dll
0x000007fefc030000 - 0x000007fefc03c000 	C:\WINDOWS\system32\version.DLL
0x000007fefd000000 - 0x000007fefd003000 	C:\WINDOWS\system32\api-ms-win-downlevel-normaliz-l1-1-0.dll
0x00000000775c0000 - 0x00000000775c3000 	C:\WINDOWS\system32\normaliz.DLL
0x000007fefd320000 - 0x000007fefd5ec000 	C:\WINDOWS\system32\iertutil.dll
0x000007fefcff0000 - 0x000007fefcff5000 	C:\WINDOWS\system32\api-ms-win-downlevel-advapi32-l1-1-0.dll
0x000007fefd2b0000 - 0x000007fefd2cf000 	C:\WINDOWS\system32\USERENV.dll
0x000007fefcf60000 - 0x000007fefcf6f000 	C:\WINDOWS\system32\profapi.dll
0x000007fefae30000 - 0x000007fefaea1000 	C:\WINDOWS\system32\WINHTTP.dll
0x000007fefadc0000 - 0x000007fefae25000 	C:\WINDOWS\system32\webio.dll
0x000007fefd670000 - 0x000007fefd7fa000 	C:\WINDOWS\system32\urlmon.dll
0x000007fefd050000 - 0x000007fefd054000 	C:\WINDOWS\system32\api-ms-win-downlevel-ole32-l1-1-0.dll
0x000007fed3ff0000 - 0x000007fed4e81000 	C:\Xilinx\Vivado\2019.1\lib\win64.o\gurobi65.dll
0x000007fef5140000 - 0x000007fef5167000 	C:\WINDOWS\system32\VCOMP140.DLL
0x000007fef4f20000 - 0x000007fef4f34000 	C:\Xilinx\Vivado\2019.1\lib\win64.o\librdi_commonmain.dll
0x000007fef5dd0000 - 0x000007fef5dda000 	C:\Xilinx\Vivado\2019.1\lib\win64.o\librdi_commonversion.dll
0x000007fefdaf0000 - 0x000007fefdb1e000 	C:\WINDOWS\system32\IMM32.DLL
0x000007fefdc90000 - 0x000007fefdd9b000 	C:\WINDOWS\system32\MSCTF.dll
0x000007fed6f90000 - 0x000007fed74a7000 	C:\Xilinx\Vivado\2019.1\lib\win64.o\librdi_commontasks.dll
0x0000000054b30000 - 0x0000000055555000 	C:\Xilinx\Vivado\2019.1\tps\win64\jre9.0.4\bin\server\jvm.dll
0x000007fef2fe0000 - 0x000007fef301b000 	C:\WINDOWS\system32\WINMM.dll
0x00000000775b0000 - 0x00000000775b7000 	C:\WINDOWS\system32\PSAPI.DLL
0x000007feeab20000 - 0x000007feeac0f000 	C:\WINDOWS\system32\MSVCR120.dll
0x000007fed6d00000 - 0x000007fed6f86000 	C:\Xilinx\Vivado\2019.1\lib\win64.o\librdi_sio.dll
0x000007fefa2a0000 - 0x000007fefa2c7000 	C:\WINDOWS\system32\IPHLPAPI.DLL
0x000007fefa290000 - 0x000007fefa29b000 	C:\WINDOWS\system32\WINNSI.DLL
0x000007fefc7b0000 - 0x000007fefc805000 	C:\WINDOWS\system32\MSWSOCK.DLL
0x000007fed1b30000 - 0x000007fed3fec000 	C:\Xilinx\Vivado\2019.1\lib\win64.o\librdi_tcltasks.dll
0x000007fed1720000 - 0x000007fed1b28000 	C:\Xilinx\Vivado\2019.1\lib\win64.o\librdi_bitstream.dll
0x000007fea6850000 - 0x000007feb8c7c000 	C:\Xilinx\Vivado\2019.1\lib\win64.o\librdi_device.dll
0x000007fef4310000 - 0x000007fef435c000 	C:\Xilinx\Vivado\2019.1\lib\win64.o\libboost_serialization.dll
0x000007fed0bd0000 - 0x000007fed1717000 	C:\Xilinx\Vivado\2019.1\lib\win64.o\libverific.dll
0x000007feeb0d0000 - 0x000007feeb261000 	C:\Xilinx\Vivado\2019.1\lib\win64.o\librdi_board.dll
0x000007fef3990000 - 0x000007fef3a08000 	C:\Xilinx\Vivado\2019.1\lib\win64.o\librdi_boarddep.dll
0x000007fee36b0000 - 0x000007fee379b000 	C:\Xilinx\Vivado\2019.1\lib\win64.o\librdi_chipscope.dll
0x000007fed7c70000 - 0x000007fed7de2000 	C:\Xilinx\Vivado\2019.1\lib\win64.o\librdi_advchipscopeimpl.dll
0x000007fecf1e0000 - 0x000007fed0bca000 	C:\Xilinx\Vivado\2019.1\lib\win64.o\librdi_constraints.dll
0x000007feceb90000 - 0x000007fecf1dd000 	C:\Xilinx\Vivado\2019.1\lib\win64.o\librdi_filemgmt.dll
0x000007fed6b60000 - 0x000007fed6cff000 	C:\Xilinx\Vivado\2019.1\lib\win64.o\librdi_hip_devdesign.dll
0x000007fee9390000 - 0x000007fee9452000 	C:\Xilinx\Vivado\2019.1\lib\win64.o\librdi_ipconfig_readwrite.dll
0x000007fece4e0000 - 0x000007feceb82000 	C:\Xilinx\Vivado\2019.1\lib\win64.o\librdi_netlist.dll
0x000007feedf30000 - 0x000007feedfb8000 	C:\Xilinx\Vivado\2019.1\lib\win64.o\librdi_meir_core.dll
0x000007fef37c0000 - 0x000007fef3803000 	C:\Xilinx\Vivado\2019.1\lib\win64.o\librdi_noc_frameworks.dll
0x000007fece0f0000 - 0x000007fece4d5000 	C:\Xilinx\Vivado\2019.1\lib\win64.o\librdi_hip_config.dll
0x000007fecdb60000 - 0x000007fece0e1000 	C:\Xilinx\Vivado\2019.1\lib\win64.o\librdi_ippcw.dll
0x000007fed69b0000 - 0x000007fed6b5e000 	C:\Xilinx\Vivado\2019.1\lib\win64.o\librdi_hip_noc_tools.dll
0x000007fecd450000 - 0x000007fecdb59000 	C:\Xilinx\Vivado\2019.1\lib\win64.o\librdi_psta.dll
0x000007fec91f0000 - 0x000007fecb0a1000 	C:\Xilinx\Vivado\2019.1\lib\win64.o\librdi_coregen.dll
0x000007feccd70000 - 0x000007fecd44a000 	C:\Xilinx\Vivado\2019.1\lib\win64.o\librdi_coregenipxact.dll
0x000007fec51a0000 - 0x000007fec91e3000 	C:\Xilinx\Vivado\2019.1\lib\win64.o\librdi_designutils.dll

VM Arguments:
jvm_args: -Dsun.java2d.pmoffscreen=false -Dsun.java2d.xrender=false -Dsun.java2d.d3d=false -Dsun.awt.nopixfmt=true -Dsun.java2d.dpiaware=true -Dsun.java2d.uiScale.enabled=false -Xverify:none -Dswing.aatext=true -XX:-UsePerfData -Djdk.map.althashing.threshold=512 -XX:StringTableSize=4072 --add-opens=java.base/java.nio=ALL-UNNAMED --add-opens=java.desktop/sun.swing=ALL-UNNAMED --add-opens=java.desktop/javax.swing=ALL-UNNAMED --add-opens=java.desktop/javax.swing.tree=ALL-UNNAMED --add-opens=java.desktop/javax.swing.plaf.basic=ALL-UNNAMED --add-opens=java.desktop/javax.swing.plaf.synth=ALL-UNNAMED --add-opens=java.desktop/com.sun.awt=ALL-UNNAMED -XX:NewSize=60m -XX:MaxNewSize=60m -Xms128m -Xmx3072m -Xss5m 
java_command: <unknown>
java_class_path (initial): C:/Xilinx/Vivado/2019.1\lib\classes\alloy.jar;C:/Xilinx/Vivado/2019.1\lib\classes\autopilot.scelaborator.jar;C:/Xilinx/Vivado/2019.1\lib\classes\autopilot.sourceprocessor.jar;C:/Xilinx/Vivado/2019.1\lib\classes\autopilot.tbprocessor.jar;C:/Xilinx/Vivado/2019.1\lib\classes\batik-anim.jar;C:/Xilinx/Vivado/2019.1\lib\classes\batik-awt-util.jar;C:/Xilinx/Vivado/2019.1\lib\classes\batik-bridge.jar;C:/Xilinx/Vivado/2019.1\lib\classes\batik-codec.jar;C:/Xilinx/Vivado/2019.1\lib\classes\batik-css.jar;C:/Xilinx/Vivado/2019.1\lib\classes\batik-dom.jar;C:/Xilinx/Vivado/2019.1\lib\classes\batik-ext.jar;C:/Xilinx/Vivado/2019.1\lib\classes\batik-gui-util.jar;C:/Xilinx/Vivado/2019.1\lib\classes\batik-gvt.jar;C:/Xilinx/Vivado/2019.1\lib\classes\batik-parser.jar;C:/Xilinx/Vivado/2019.1\lib\classes\batik-script.jar;C:/Xilinx/Vivado/2019.1\lib\classes\batik-svg-dom.jar;C:/Xilinx/Vivado/2019.1\lib\classes\batik-swing.jar;C:/Xilinx/Vivado/2019.1\lib\classes\batik-transcoder.jar;C:/Xilinx/Vivado/2019.1\lib\classes\batik-util.jar;C:/Xilinx/Vivado/2019.1\lib\classes\batik-xml.jar;C:/Xilinx/Vivado/2019.1\lib\classes\com.google.gson_2.7.0.v20170129-0911.jar;C:/Xilinx/Vivado/2019.1\lib\classes\com.google.guava_21.0.0.v20170206-1425.jar;C:/Xilinx/Vivado/2019.1\lib\classes\com.google.inject_3.0.0.v201605172100.jar;C:/Xilinx/Vivado/2019.1\lib\classes\com.ibm.icu_4.4.2.v20110208.jar;C:/Xilinx/Vivado/2019.1\lib\classes\com.sigasi.hdt.annotations.runtime_4.3.0.201903071210.jar;C:/Xilinx/Vivado/2019.1\lib\classes\com.sigasi.hdt.blockdiagram.model_4.3.0.201903071210.jar;C:/Xilinx/Vivado/2019.1\lib\classes\com.sigasi.hdt.connection_4.3.0.201903071210.jar;C:/Xilinx/Vivado/2019.1\lib\classes\com.sigasi.hdt.dependencies.model_4.3.0.201903071210.jar;C:/Xilinx/Vivado/2019.1\lib\classes\com.sigasi.hdt.epl_4.3.0.201903071210.jar;C:/Xilinx/Vivado/2019.1\lib\classes\com.sigasi.hdt.graphics.model_4.3.0.201903071210.jar;C:/Xilinx/Vivado/2019.1\lib\classes\com.sigasi.hdt.project_4.3.0
Launcher Type: generic

Logging:
Log output configuration:
#0: stdout all=warning uptime,level,tags
#1: stderr all=off uptime,level,tags

Environment Variables:
JAVA_HOME=C:\Users\j.borbely\jdk-11.0.2
PATH=C:/Xilinx/Vivado/2019.1/bin;C:/Xilinx/Vivado/2019.1/lib/win64.o;C:/Xilinx/Vivado/2019.1/tps/win64/jre9.0.4/bin/server;C:/Xilinx/Vivado/2019.1/tps/win64/jre9.0.4/bin;C:/Xilinx/SDK/2019.1/bin;C:/Xilinx/Vivado/2019.1/ids_lite/ISE/bin/nt64;C:/Xilinx/Vivado/2019.1/ids_lite/ISE/lib/nt64;C:\Program Files\Pico Technology\SDK\lib\;C:\WINDOWS\system32;C:\WINDOWS;C:\WINDOWS\System32\Wbem;C:\WINDOWS\System32\WindowsPowerShell\v1.0\;C:\Program Files (x86)\IVI Foundation\VISA\WinNT\Bin\;C:\Program Files\IVI Foundation\VISA\Win64\Bin\;C:\Program Files\TortoiseGit\bin;C:\Program Files\PuTTY\;C:\Program Files\Git\cmd;C:\Program Files (x86)\Pico Technology\PicoScope6\;C:\Program Files\Redis;C:\Users\j.borbely\jdk-11.0.2\bin;C:\Users\j.borbely\Python37-32;C:\Users\j.borbely\Python37-32\Scripts;;C:/Xilinx/Vivado/2019.1\tps\mingw\6.2.0\win64.o\nt\bin;C:/Xilinx/Vivado/2019.1\tps\mingw\6.2.0\win64.o\nt\libexec\gcc\x86_64-w64-mingw32\6.2.0;C:/Xilinx/Vivado/2019.1\tps\win64\python-2.7.5;C:/Xilinx/Vivado/2019.1\tps\win64\python-2.7.5\lib;C:/Xilinx/Vivado/2019.1\tps\win64\python-2.7.5\Lib\lib-tk;C:/Xilinx/Vivado/2019.1\tps\win64\python-2.7.5\lib\site-packages
USERNAME=j.borbely
OS=Windows_NT
PROCESSOR_IDENTIFIER=Intel64 Family 6 Model 94 Stepping 3, GenuineIntel



---------------  S Y S T E M  ---------------

OS: Windows 7 , 64 bit Build 7601 (6.1.7601.24535)

CPU:total 4 (initial active 4) (4 cores per cpu, 1 threads per core) family 6 model 94 stepping 3, cmov, cx8, fxsr, mmx, sse, sse2, sse3, ssse3, sse4.1, sse4.2, popcnt, avx, avx2, aes, clmul, erms, rtm, 3dnowpref, lzcnt, tsc, tscinvbit, bmi1, bmi2, adx, fma

Memory: 4k page, physical 16628852k(2808248k free), swap 18535872k(3615992k free)

vm_info: Java HotSpot(TM) 64-Bit Server VM (9.0.4+11) for windows-amd64 JRE (9.0.4+11), built on Dec 20 2017 02:18:54 by "mach5one" with MS VC++ 12.0 (VS2013)

END.
