Copyright 1986-2019 Xilinx, Inc. All Rights Reserved.
---------------------------------------------------------------------------------------------------------------------------------------------------------------
| Tool Version : Vivado v.2019.1 (win64) Build 2552052 Fri May 24 14:49:42 MDT 2019
| Date         : Tue Dec 17 16:43:03 2019
| Host         : CISS32101 running 64-bit Service Pack 1  (build 7601)
| Command      : report_drc -file DSCH_AXI_PERIPH_wrapper_drc_routed.rpt -pb DSCH_AXI_PERIPH_wrapper_drc_routed.pb -rpx DSCH_AXI_PERIPH_wrapper_drc_routed.rpx
| Design       : DSCH_AXI_PERIPH_wrapper
| Device       : xc7z020clg400-1
| Speed File   : -1
| Design State : Fully Placed
---------------------------------------------------------------------------------------------------------------------------------------------------------------

Report DRC

Table of Contents
-----------------
1. REPORT SUMMARY
2. REPORT DETAILS

1. REPORT SUMMARY
-----------------
            Netlist: netlist
          Floorplan: checkpoint_DSCH_AXI_PERIPH_wrapper
      Design limits: <entire design considered>
           Ruledeck: default
             Max violations: <unlimited>
             Violations found: 1
+----------+------------------+---------------+------------+
| Rule     | Severity         | Description   | Violations |
+----------+------------------+---------------+------------+
| RTSTAT-1 | Critical Warning | Unrouted nets | 1          |
+----------+------------------+---------------+------------+

2. REPORT DETAILS
-----------------
RTSTAT-1#1 Critical Warning
Unrouted nets  
1 net(s) are unrouted. The problem bus(es) and/or net(s) are IDATA_IBUF.
Related violations: <none>


