Copyright 1986-2019 Xilinx, Inc. All Rights Reserved.
------------------------------------------------------------------------------------
| Tool Version : Vivado v.2019.1 (win64) Build 2552052 Fri May 24 14:49:42 MDT 2019
| Date         : Mon Dec  9 12:24:16 2019
| Host         : CISS32101 running 64-bit Service Pack 1  (build 7601)
| Command      : upgrade_ip
| Device       : xc7z020clg400-1
------------------------------------------------------------------------------------

Upgrade Log for IP 'DDS_COM_OV_DDS_COM_wrapper_0_0'

1. Summary
----------

CAUTION (success, with warnings) in the conversion of DDS_COM_OV_DDS_COM_wrapper_0_0 (cri.nz:user:DDS_COM_wrapper:1.0 (Rev. 2)) to Vivado generation flows.

After upgrade, an IP may have parameter and port differences compared to the original customization. Please review the parameters within the IP customization GUI to ensure proper functionality. Also, please review the updated IP instantiation template to ensure proper connectivity, and update your design if required.

2. Connection Warnings
----------------------

Detected external port differences while upgrading 'DDS_COM_OV_DDS_COM_wrapper_0_0'. These changes may impact your design.


-Upgrade has added port 'DC0'

-Upgrade has added port 'DC1'

-Upgrade has added port 'DC2'

-Upgrade has added port 'DC3'

-Upgrade has added port 'DEL0'

-Upgrade has added port 'DEL1'

-Upgrade has added port 'DEL2'

-Upgrade has added port 'DEL3'

-Upgrade has added port 'done'

-Upgrade has added port 'phase_inc2'

-Upgrade has added port 'phase_inc3'

-Upgrade has added port 'sig_out2'

-Upgrade has added port 'sig_out3'

-Upgrade has added port 'tval2'

-Upgrade has added port 'tval3'







Copyright 1986-2019 Xilinx, Inc. All Rights Reserved.
------------------------------------------------------------------------------------
| Tool Version : Vivado v.2019.1 (win64) Build 2552052 Fri May 24 14:49:42 MDT 2019
| Date         : Mon Dec  9 09:41:42 2019
| Host         : CISS32101 running 64-bit Service Pack 1  (build 7601)
| Command      : upgrade_ip
| Device       : xc7z020clg400-1
------------------------------------------------------------------------------------

Upgrade Log for IP 'DDS_COM_OV_DDS_COM_wrapper_0_0'

1. Summary
----------

SUCCESS in the conversion of DDS_COM_OV_DDS_COM_wrapper_0_0 (cri.nz:user:DDS_COM_wrapper:1.0 (Rev. 2)) to Vivado generation flows.

