Copyright 1986-2019 Xilinx, Inc. All Rights Reserved.
------------------------------------------------------------------------------------
| Tool Version : Vivado v.2019.1 (win64) Build 2552052 Fri May 24 14:49:42 MDT 2019
| Date         : Fri Dec 13 16:00:52 2019
| Host         : CISS32101 running 64-bit Service Pack 1  (build 7601)
| Command      : upgrade_ip
| Device       : xc7z020clg400-1
------------------------------------------------------------------------------------

Upgrade Log for IP 'TT_OV_TT_AXI_PERIPH_wrapper_0_0'

1. Summary
----------

SUCCESS in the conversion of TT_OV_TT_AXI_PERIPH_wrapper_0_0 (cri.nz:user:TT_AXI_PERIPH_wrapper:1.0 (Rev. 2)) to Vivado generation flows.






Copyright 1986-2019 Xilinx, Inc. All Rights Reserved.
------------------------------------------------------------------------------------
| Tool Version : Vivado v.2019.1 (win64) Build 2552052 Fri May 24 14:49:42 MDT 2019
| Date         : Fri Dec 13 15:49:11 2019
| Host         : CISS32101 running 64-bit Service Pack 1  (build 7601)
| Command      : upgrade_ip
| Device       : xc7z020clg400-1
------------------------------------------------------------------------------------

Upgrade Log for IP 'TT_OV_TT_AXI_PERIPH_wrapper_0_0'

1. Summary
----------

SUCCESS in the conversion of TT_OV_TT_AXI_PERIPH_wrapper_0_0 (cri.nz:user:TT_AXI_PERIPH_wrapper:1.0 (Rev. 2)) to Vivado generation flows.






Copyright 1986-2019 Xilinx, Inc. All Rights Reserved.
------------------------------------------------------------------------------------
| Tool Version : Vivado v.2019.1 (win64) Build 2552052 Fri May 24 14:49:42 MDT 2019
| Date         : Fri Dec 13 15:40:31 2019
| Host         : CISS32101 running 64-bit Service Pack 1  (build 7601)
| Command      : upgrade_ip
| Device       : xc7z020clg400-1
------------------------------------------------------------------------------------

Upgrade Log for IP 'TT_OV_TT_AXI_PERIPH_wrapper_0_0'

1. Summary
----------

SUCCESS in the conversion of TT_OV_TT_AXI_PERIPH_wrapper_0_0 (cri.nz:user:TT_AXI_PERIPH_wrapper:1.0 (Rev. 2)) to Vivado generation flows.






Copyright 1986-2019 Xilinx, Inc. All Rights Reserved.
------------------------------------------------------------------------------------
| Tool Version : Vivado v.2019.1 (win64) Build 2552052 Fri May 24 14:49:42 MDT 2019
| Date         : Fri Dec 13 15:27:22 2019
| Host         : CISS32101 running 64-bit Service Pack 1  (build 7601)
| Command      : upgrade_ip
| Device       : xc7z020clg400-1
------------------------------------------------------------------------------------

Upgrade Log for IP 'TT_OV_TT_AXI_PERIPH_wrapper_0_0'

1. Summary
----------

SUCCESS in the conversion of TT_OV_TT_AXI_PERIPH_wrapper_0_0 (cri.nz:user:TT_AXI_PERIPH_wrapper:1.0 (Rev. 2)) to Vivado generation flows.






Copyright 1986-2019 Xilinx, Inc. All Rights Reserved.
------------------------------------------------------------------------------------
| Tool Version : Vivado v.2019.1 (win64) Build 2552052 Fri May 24 14:49:42 MDT 2019
| Date         : Fri Dec 13 15:17:31 2019
| Host         : CISS32101 running 64-bit Service Pack 1  (build 7601)
| Command      : upgrade_ip
| Device       : xc7z020clg400-1
------------------------------------------------------------------------------------

Upgrade Log for IP 'TT_OV_TT_AXI_PERIPH_wrapper_0_0'

1. Summary
----------

SUCCESS in the conversion of TT_OV_TT_AXI_PERIPH_wrapper_0_0 (cri.nz:user:TT_AXI_PERIPH_wrapper:1.0 (Rev. 2)) to Vivado generation flows.






Copyright 1986-2019 Xilinx, Inc. All Rights Reserved.
------------------------------------------------------------------------------------
| Tool Version : Vivado v.2019.1 (win64) Build 2552052 Fri May 24 14:49:42 MDT 2019
| Date         : Fri Dec 13 15:08:02 2019
| Host         : CISS32101 running 64-bit Service Pack 1  (build 7601)
| Command      : upgrade_ip
| Device       : xc7z020clg400-1
------------------------------------------------------------------------------------

Upgrade Log for IP 'TT_OV_TT_AXI_PERIPH_wrapper_0_0'

1. Summary
----------

SUCCESS in the conversion of TT_OV_TT_AXI_PERIPH_wrapper_0_0 (cri.nz:user:TT_AXI_PERIPH_wrapper:1.0 (Rev. 2)) to Vivado generation flows.






Copyright 1986-2019 Xilinx, Inc. All Rights Reserved.
------------------------------------------------------------------------------------
| Tool Version : Vivado v.2019.1 (win64) Build 2552052 Fri May 24 14:49:42 MDT 2019
| Date         : Fri Dec 13 14:24:14 2019
| Host         : CISS32101 running 64-bit Service Pack 1  (build 7601)
| Command      : upgrade_ip
| Device       : xc7z020clg400-1
------------------------------------------------------------------------------------

Upgrade Log for IP 'TT_OV_TT_AXI_PERIPH_wrapper_0_0'

1. Summary
----------

SUCCESS in the conversion of TT_OV_TT_AXI_PERIPH_wrapper_0_0 (cri.nz:user:TT_AXI_PERIPH_wrapper:1.0 (Rev. 2)) to Vivado generation flows.






Copyright 1986-2019 Xilinx, Inc. All Rights Reserved.
------------------------------------------------------------------------------------
| Tool Version : Vivado v.2019.1 (win64) Build 2552052 Fri May 24 14:49:42 MDT 2019
| Date         : Fri Dec 13 13:52:58 2019
| Host         : CISS32101 running 64-bit Service Pack 1  (build 7601)
| Command      : upgrade_ip
| Device       : xc7z020clg400-1
------------------------------------------------------------------------------------

Upgrade Log for IP 'TT_OV_TT_AXI_PERIPH_wrapper_0_0'

1. Summary
----------

SUCCESS in the conversion of TT_OV_TT_AXI_PERIPH_wrapper_0_0 (cri.nz:user:TT_AXI_PERIPH_wrapper:1.0 (Rev. 2)) to Vivado generation flows.






Copyright 1986-2019 Xilinx, Inc. All Rights Reserved.
------------------------------------------------------------------------------------
| Tool Version : Vivado v.2019.1 (win64) Build 2552052 Fri May 24 14:49:42 MDT 2019
| Date         : Fri Dec 13 13:27:07 2019
| Host         : CISS32101 running 64-bit Service Pack 1  (build 7601)
| Command      : upgrade_ip
| Device       : xc7z020clg400-1
------------------------------------------------------------------------------------

Upgrade Log for IP 'TT_OV_TT_AXI_PERIPH_wrapper_0_0'

1. Summary
----------

SUCCESS in the conversion of TT_OV_TT_AXI_PERIPH_wrapper_0_0 (cri.nz:user:TT_AXI_PERIPH_wrapper:1.0 (Rev. 2)) to Vivado generation flows.






Copyright 1986-2019 Xilinx, Inc. All Rights Reserved.
------------------------------------------------------------------------------------
| Tool Version : Vivado v.2019.1 (win64) Build 2552052 Fri May 24 14:49:42 MDT 2019
| Date         : Fri Dec 13 12:50:00 2019
| Host         : CISS32101 running 64-bit Service Pack 1  (build 7601)
| Command      : upgrade_ip
| Device       : xc7z020clg400-1
------------------------------------------------------------------------------------

Upgrade Log for IP 'TT_OV_TT_AXI_PERIPH_wrapper_0_0'

1. Summary
----------

SUCCESS in the conversion of TT_OV_TT_AXI_PERIPH_wrapper_0_0 (cri.nz:user:TT_AXI_PERIPH_wrapper:1.0 (Rev. 2)) to Vivado generation flows.






Copyright 1986-2019 Xilinx, Inc. All Rights Reserved.
------------------------------------------------------------------------------------
| Tool Version : Vivado v.2019.1 (win64) Build 2552052 Fri May 24 14:49:42 MDT 2019
| Date         : Fri Dec 13 12:35:08 2019
| Host         : CISS32101 running 64-bit Service Pack 1  (build 7601)
| Command      : upgrade_ip
| Device       : xc7z020clg400-1
------------------------------------------------------------------------------------

Upgrade Log for IP 'TT_OV_TT_AXI_PERIPH_wrapper_0_0'

1. Summary
----------

SUCCESS in the conversion of TT_OV_TT_AXI_PERIPH_wrapper_0_0 (cri.nz:user:TT_AXI_PERIPH_wrapper:1.0 (Rev. 2)) to Vivado generation flows.






Copyright 1986-2019 Xilinx, Inc. All Rights Reserved.
------------------------------------------------------------------------------------
| Tool Version : Vivado v.2019.1 (win64) Build 2552052 Fri May 24 14:49:42 MDT 2019
| Date         : Fri Dec 13 12:20:48 2019
| Host         : CISS32101 running 64-bit Service Pack 1  (build 7601)
| Command      : upgrade_ip
| Device       : xc7z020clg400-1
------------------------------------------------------------------------------------

Upgrade Log for IP 'TT_OV_TT_AXI_PERIPH_wrapper_0_0'

1. Summary
----------

SUCCESS in the conversion of TT_OV_TT_AXI_PERIPH_wrapper_0_0 (cri.nz:user:TT_AXI_PERIPH_wrapper:1.0 (Rev. 2)) to Vivado generation flows.






Copyright 1986-2019 Xilinx, Inc. All Rights Reserved.
------------------------------------------------------------------------------------
| Tool Version : Vivado v.2019.1 (win64) Build 2552052 Fri May 24 14:49:42 MDT 2019
| Date         : Fri Dec 13 12:03:17 2019
| Host         : CISS32101 running 64-bit Service Pack 1  (build 7601)
| Command      : upgrade_ip
| Device       : xc7z020clg400-1
------------------------------------------------------------------------------------

Upgrade Log for IP 'TT_OV_TT_AXI_PERIPH_wrapper_0_0'

1. Summary
----------

SUCCESS in the conversion of TT_OV_TT_AXI_PERIPH_wrapper_0_0 (cri.nz:user:TT_AXI_PERIPH_wrapper:1.0 (Rev. 2)) to Vivado generation flows.

