Vivado Simulator 2019.1
Copyright 1986-1999, 2001-2019 Xilinx, Inc. All Rights Reserved.
Running: C:/Xilinx/Vivado/2019.1/bin/unwrapped/win64.o/xelab.exe -wto 60e0a5c6968448de8889c3da7f5f40e0 --incr --debug typical --relax --mt 2 -L xil_defaultlib -L util_vector_logic_v2_0_1 -L xlconcat_v2_1_3 -L unisims_ver -L unimacro_ver -L secureip -L xpm --snapshot d1_tb_behav xil_defaultlib.d1_tb xil_defaultlib.glbl -log elaborate.log 
Using 2 slave threads.
Starting static elaboration
Completed static elaboration
Starting simulation data flow analysis
Completed simulation data flow analysis
Time Resolution for simulation is 1ps
Compiling package std.standard
Compiling package std.textio
Compiling package ieee.std_logic_1164
Compiling package ieee.numeric_std
Compiling package unisim.vcomponents
Compiling package vl.vl_types
Compiling module xil_defaultlib.glbl
Compiling module unisims_ver.IBUF
Compiling module unisims_ver.MMCME2_ADV(BANDWIDTH="HIGH",CLKF...
Compiling module unisims_ver.BUFG
Compiling module xil_defaultlib.design_1_clk_wiz_0_0_clk_wiz
Compiling module xil_defaultlib.design_1_clk_wiz_0_0
Compiling module xil_defaultlib.design_1_clk_wiz_0_1_clk_wiz
Compiling module xil_defaultlib.design_1_clk_wiz_0_1
Compiling module util_vector_logic_v2_0_1.util_vector_logic_v2_0_1_util_ve...
Compiling module xil_defaultlib.design_1_util_vector_logic_0_0
Compiling module xlconcat_v2_1_3.xlconcat_v2_1_3_xlconcat(dout_wi...
Compiling module xil_defaultlib.design_1_xlconcat_0_0
Compiling module xlconcat_v2_1_3.xlconcat_v2_1_3_xlconcat(IN0_WID...
Compiling module xil_defaultlib.design_1_xlconcat_1_0
Compiling architecture structure of entity xil_defaultlib.design_1 [design_1_default]
Compiling architecture structure of entity xil_defaultlib.design_1_wrapper [design_1_wrapper_default]
Compiling architecture behavioral of entity xil_defaultlib.d1_tb
Built simulation snapshot d1_tb_behav
