Copyright 1986-2019 Xilinx, Inc. All Rights Reserved.
----------------------------------------------------------------------------------------------------------------------------------------------------------------------------
| Tool Version     : Vivado v.2019.1 (win64) Build 2552052 Fri May 24 14:49:42 MDT 2019
| Date             : Fri Dec  6 16:40:39 2019
| Host             : CISS32101 running 64-bit Service Pack 1  (build 7601)
| Command          : report_power -file DDS_COM_OV_wrapper_power_routed.rpt -pb DDS_COM_OV_wrapper_power_summary_routed.pb -rpx DDS_COM_OV_wrapper_power_routed.rpx
| Design           : DDS_COM_OV_wrapper
| Device           : xc7z020clg400-1
| Design State     : routed
| Grade            : commercial
| Process          : typical
| Characterization : Production
----------------------------------------------------------------------------------------------------------------------------------------------------------------------------

Power Report

Table of Contents
-----------------
1. Summary
1.1 On-Chip Components
1.2 Power Supply Summary
1.3 Confidence Level
2. Settings
2.1 Environment
2.2 Clock Constraints
3. Detailed Reports
3.1 By Hierarchy

1. Summary
----------

+--------------------------+--------------+
| Total On-Chip Power (W)  | 1.571        |
| Design Power Budget (W)  | Unspecified* |
| Power Budget Margin (W)  | NA           |
| Dynamic (W)              | 1.429        |
| Device Static (W)        | 0.142        |
| Effective TJA (C/W)      | 11.5         |
| Max Ambient (C)          | 66.9         |
| Junction Temperature (C) | 43.1         |
| Confidence Level         | Medium       |
| Setting File             | ---          |
| Simulation Activity File | ---          |
| Design Nets Matched      | NA           |
+--------------------------+--------------+
* Specify Design Power Budget using, set_operating_conditions -design_power_budget <value in Watts>


1.1 On-Chip Components
----------------------

+-------------------------+-----------+----------+-----------+-----------------+
| On-Chip                 | Power (W) | Used     | Available | Utilization (%) |
+-------------------------+-----------+----------+-----------+-----------------+
| Clocks                  |     0.014 |        6 |       --- |             --- |
| Slice Logic             |     0.005 |     2741 |       --- |             --- |
|   LUT as Logic          |     0.003 |      788 |     53200 |            1.48 |
|   CARRY4                |     0.001 |       72 |     13300 |            0.54 |
|   Register              |    <0.001 |     1360 |    106400 |            1.28 |
|   LUT as Shift Register |    <0.001 |       62 |     17400 |            0.36 |
|   Others                |     0.000 |      245 |       --- |             --- |
| Signals                 |     0.005 |     2052 |       --- |             --- |
| Block RAM               |     0.009 |        1 |       140 |            0.71 |
| MMCM                    |     0.134 |        1 |         4 |           25.00 |
| I/O                     |     0.007 |        3 |       125 |            2.40 |
| PS7                     |     1.256 |        1 |       --- |             --- |
| Static Power            |     0.142 |          |           |                 |
| Total                   |     1.571 |          |           |                 |
+-------------------------+-----------+----------+-----------+-----------------+


1.2 Power Supply Summary
------------------------

+-----------+-------------+-----------+-------------+------------+
| Source    | Voltage (V) | Total (A) | Dynamic (A) | Static (A) |
+-----------+-------------+-----------+-------------+------------+
| Vccint    |       1.000 |     0.047 |       0.033 |      0.014 |
| Vccaux    |       1.800 |     0.089 |       0.074 |      0.015 |
| Vcco33    |       3.300 |     0.003 |       0.002 |      0.001 |
| Vcco25    |       2.500 |     0.000 |       0.000 |      0.000 |
| Vcco18    |       1.800 |     0.000 |       0.000 |      0.000 |
| Vcco15    |       1.500 |     0.000 |       0.000 |      0.000 |
| Vcco135   |       1.350 |     0.000 |       0.000 |      0.000 |
| Vcco12    |       1.200 |     0.000 |       0.000 |      0.000 |
| Vccaux_io |       1.800 |     0.000 |       0.000 |      0.000 |
| Vccbram   |       1.000 |     0.002 |       0.001 |      0.001 |
| MGTAVcc   |       1.000 |     0.000 |       0.000 |      0.000 |
| MGTAVtt   |       1.200 |     0.000 |       0.000 |      0.000 |
| MGTVccaux |       1.800 |     0.000 |       0.000 |      0.000 |
| Vccpint   |       1.000 |     0.676 |       0.647 |      0.029 |
| Vccpaux   |       1.800 |     0.036 |       0.026 |      0.010 |
| Vccpll    |       1.800 |     0.017 |       0.014 |      0.003 |
| Vcco_ddr  |       1.500 |     0.354 |       0.352 |      0.002 |
| Vcco_mio0 |       3.300 |     0.003 |       0.002 |      0.001 |
| Vcco_mio1 |       1.800 |     0.003 |       0.002 |      0.001 |
| Vccadc    |       1.800 |     0.020 |       0.000 |      0.020 |
+-----------+-------------+-----------+-------------+------------+


1.3 Confidence Level
--------------------

+-----------------------------+------------+------------------------------------------------+------------------------------------------------------------------------------------------------------------+
| User Input Data             | Confidence | Details                                        | Action                                                                                                     |
+-----------------------------+------------+------------------------------------------------+------------------------------------------------------------------------------------------------------------+
| Design implementation state | High       | Design is routed                               |                                                                                                            |
| Clock nodes activity        | High       | User specified more than 95% of clocks         |                                                                                                            |
| I/O nodes activity          | High       | User specified more than 95% of inputs         |                                                                                                            |
| Internal nodes activity     | Medium     | User specified less than 25% of internal nodes | Provide missing internal nodes activity with simulation results or by editing the "By Resource Type" views |
| Device models               | High       | Device models are Production                   |                                                                                                            |
|                             |            |                                                |                                                                                                            |
| Overall confidence level    | Medium     |                                                |                                                                                                            |
+-----------------------------+------------+------------------------------------------------+------------------------------------------------------------------------------------------------------------+


2. Settings
-----------

2.1 Environment
---------------

+-----------------------+------------------------+
| Ambient Temp (C)      | 25.0                   |
| ThetaJA (C/W)         | 11.5                   |
| Airflow (LFM)         | 250                    |
| Heat Sink             | none                   |
| ThetaSA (C/W)         | 0.0                    |
| Board Selection       | medium (10"x10")       |
| # of Board Layers     | 8to11 (8 to 11 Layers) |
| Board Temperature (C) | 25.0                   |
+-----------------------+------------------------+


2.2 Clock Constraints
---------------------

+---------------------------------+---------------------------------------------------------------+-----------------+
| Clock                           | Domain                                                        | Constraint (ns) |
+---------------------------------+---------------------------------------------------------------+-----------------+
| clk_fpga_0                      | DDS_COM_OV_i/processing_system7_0/inst/FCLK_CLK_unbuffered[0] |            10.0 |
| clk_out1_DDS_COM_OV_clk_wiz_0_0 | DDS_COM_OV_i/clk_wiz_0/inst/clk_out1_DDS_COM_OV_clk_wiz_0_0   |             2.2 |
| clkfbout_DDS_COM_OV_clk_wiz_0_0 | DDS_COM_OV_i/clk_wiz_0/inst/clkfbout_DDS_COM_OV_clk_wiz_0_0   |            32.0 |
| sys_clock                       | sys_clock                                                     |             8.0 |
+---------------------------------+---------------------------------------------------------------+-----------------+


3. Detailed Reports
-------------------

3.1 By Hierarchy
----------------

+--------------------------+-----------+
| Name                     | Power (W) |
+--------------------------+-----------+
| DDS_COM_OV_wrapper       |     1.429 |
|   DDS_COM_OV_i           |     1.422 |
|     DDS_COM_wrapper_0    |     0.023 |
|       U0                 |     0.023 |
|     axi_gpio_0           |     0.001 |
|       U0                 |     0.001 |
|     axi_gpio_1           |     0.001 |
|       U0                 |     0.001 |
|     clk_wiz_0            |     0.135 |
|       inst               |     0.135 |
|     processing_system7_0 |     1.256 |
|       inst               |     1.256 |
|     ps7_0_axi_periph     |     0.005 |
|       s00_couplers       |     0.004 |
|       xbar               |     0.001 |
+--------------------------+-----------+


