Added Pin To Net: NetName=GND Pin=IC1-6
Added Pin To Net: NetName=GND Pin=IC1-7
Added Pin To Net: NetName=GND Pin=IC1-8
Added Pin To Net: NetName=GND Pin=IC1-9
Added Pin To Net: NetName=GND Pin=IC1-11
Added Pin To Net: NetName=GND Pin=IC1-12
Added Pin To Net: NetName=GND Pin=IC1-13
Added Pin To Net: NetName=GND Pin=IC1-14
Added Pin To Net: NetName=OUT0 Pin=J5-1
Added Pin To Net: NetName=OUT0 Pin=P1-1
Added Net: Name=OUT0
Added Pin To Net: NetName=OUT1 Pin=J6-1
Added Pin To Net: NetName=OUT1 Pin=P1-3
Added Net: Name=OUT1
Added Pin To Net: NetName=OUT2 Pin=J7-1
Added Pin To Net: NetName=OUT2 Pin=P1-5
Added Net: Name=OUT2
Added Pin To Net: NetName=OUT3 Pin=J8-1
Added Pin To Net: NetName=OUT3 Pin=P1-7
Added Net: Name=OUT3
Added Member To Class: ClassName=PMOD_LEVELSHIFT Member=Component IC1 Texas Instruments SN74LV245APWR, Bus Transceiver, 8-Bit Non-Inverting LVTTL, 2  5.5 V, 20-Pin TSSOP   Source:  Datasheet
Added Member To Class: ClassName=PMOD_LEVELSHIFT Member=Component P1 
Added Room: Name=PMOD_LEVELSHIFT
