Change Component Comment : Designator=P? Old Comment=Header 6X2H New Comment=
Change Component Designator: OldDesignator=P? NewDesignator=P1
Added Component: Designator=C1(C1206)
Add component. Clean all parameters for all variants
Add component (AddParameter): Name = "LatestRevisionDate"; Value = "29-May-2009"; VariantName = "[No Variations]"
Add component (AddParameter): Name = "LatestRevisionNote"; Value = "IPC-7351 Footprint Added."; VariantName = "[No Variations]"
Add component (AddParameter): Name = "PackageDescription"; Value = "Chip Capacitor"; VariantName = "[No Variations]"
Add component (AddParameter): Name = "PackageReference"; Value = "C1206"; VariantName = "[No Variations]"
Add component (AddParameter): Name = "Published"; Value = "8-Jun-2000"; VariantName = "[No Variations]"
Add component (AddParameter): Name = "Publisher"; Value = "Altium Limited"; VariantName = "[No Variations]"
Add component (AddParameter): Name = "Value"; Value = "100pF"; VariantName = "[No Variations]"
Added Component: Designator=C2(C1206)
Add component. Clean all parameters for all variants
Add component (AddParameter): Name = "LatestRevisionDate"; Value = "29-May-2009"; VariantName = "[No Variations]"
Add component (AddParameter): Name = "LatestRevisionNote"; Value = "IPC-7351 Footprint Added."; VariantName = "[No Variations]"
Add component (AddParameter): Name = "PackageDescription"; Value = "Chip Capacitor"; VariantName = "[No Variations]"
Add component (AddParameter): Name = "PackageReference"; Value = "C1206"; VariantName = "[No Variations]"
Add component (AddParameter): Name = "Published"; Value = "8-Jun-2000"; VariantName = "[No Variations]"
Add component (AddParameter): Name = "Publisher"; Value = "Altium Limited"; VariantName = "[No Variations]"
Add component (AddParameter): Name = "Value"; Value = "100pF"; VariantName = "[No Variations]"
Added Component: Designator=IC1(SOP65P640X120-20N)
Add component. Clean all parameters for all variants
Add component (AddParameter): Name = "Height"; Value = "1.2mm"; VariantName = "[No Variations]"
Add component (AddParameter): Name = "Manufacturer_Name"; Value = "Texas Instruments"; VariantName = "[No Variations]"
Add component (AddParameter): Name = "Manufacturer_Part_Number"; Value = "SN74LV245APWR"; VariantName = "[No Variations]"
Add component (AddParameter): Name = "RS_Part_Number"; Value = "6628483P"; VariantName = "[No Variations]"
Add component (AddParameter): Name = "RS_Price-Stock"; Value = "http://uk.rs-online.com/web/p/products/6628483P"; VariantName = "[No Variations]"
Added Component: Designator=J1(BNC_CON)
Add component. Clean all parameters for all variants
Added Component: Designator=J2(BNC_CON)
Add component. Clean all parameters for all variants
Added Component: Designator=J3(BNC_CON)
Add component. Clean all parameters for all variants
Added Component: Designator=J4(BNC_CON)
Add component. Clean all parameters for all variants
Added Component: Designator=J5(BNC_CON)
Add component. Clean all parameters for all variants
Added Component: Designator=J6(BNC_CON)
Add component. Clean all parameters for all variants
Added Component: Designator=J7(BNC_CON)
Add component. Clean all parameters for all variants
Added Component: Designator=J8(BNC_CON)
Add component. Clean all parameters for all variants
Added Pin To Net: NetName=GND Pin=C1-1
Added Pin To Net: NetName=GND Pin=C2-1
Added Pin To Net: NetName=GND Pin=IC1-10
Added Pin To Net: NetName=GND Pin=IC1-19
Added Pin To Net: NetName=GND Pin=J1-0
Added Pin To Net: NetName=GND Pin=J1-0
Added Pin To Net: NetName=GND Pin=J1-0
Added Pin To Net: NetName=GND Pin=J1-0
Added Pin To Net: NetName=GND Pin=J2-0
Added Pin To Net: NetName=GND Pin=J2-0
Added Pin To Net: NetName=GND Pin=J2-0
Added Pin To Net: NetName=GND Pin=J2-0
Added Pin To Net: NetName=GND Pin=J3-0
Added Pin To Net: NetName=GND Pin=J3-0
Added Pin To Net: NetName=GND Pin=J3-0
Added Pin To Net: NetName=GND Pin=J3-0
Added Pin To Net: NetName=GND Pin=J4-0
Added Pin To Net: NetName=GND Pin=J4-0
Added Pin To Net: NetName=GND Pin=J4-0
Added Pin To Net: NetName=GND Pin=J4-0
Added Pin To Net: NetName=GND Pin=J5-0
Added Pin To Net: NetName=GND Pin=J5-0
Added Pin To Net: NetName=GND Pin=J5-0
Added Pin To Net: NetName=GND Pin=J5-0
Added Pin To Net: NetName=GND Pin=J6-0
Added Pin To Net: NetName=GND Pin=J6-0
Added Pin To Net: NetName=GND Pin=J6-0
Added Pin To Net: NetName=GND Pin=J6-0
Added Pin To Net: NetName=GND Pin=J7-0
Added Pin To Net: NetName=GND Pin=J7-0
Added Pin To Net: NetName=GND Pin=J7-0
Added Pin To Net: NetName=GND Pin=J7-0
Added Pin To Net: NetName=GND Pin=J8-0
Added Pin To Net: NetName=GND Pin=J8-0
Added Pin To Net: NetName=GND Pin=J8-0
Added Pin To Net: NetName=GND Pin=J8-0
Added Pin To Net: NetName=GND Pin=P1-9
Added Pin To Net: NetName=GND Pin=P1-10
Added Net: Name=GND
Added Pin To Net: NetName=NetIC1_2 Pin=IC1-2
Added Pin To Net: NetName=NetIC1_2 Pin=P1-2
Added Net: Name=NetIC1_2
Added Pin To Net: NetName=NetIC1_3 Pin=IC1-3
Added Pin To Net: NetName=NetIC1_3 Pin=P1-4
Added Net: Name=NetIC1_3
Added Pin To Net: NetName=NetIC1_4 Pin=IC1-4
Added Pin To Net: NetName=NetIC1_4 Pin=P1-6
Added Net: Name=NetIC1_4
Added Pin To Net: NetName=NetIC1_5 Pin=IC1-5
Added Pin To Net: NetName=NetIC1_5 Pin=P1-8
Added Net: Name=NetIC1_5
Added Pin To Net: NetName=NetIC1_6 Pin=IC1-6
Added Pin To Net: NetName=NetIC1_6 Pin=P1-1
Added Net: Name=NetIC1_6
Added Pin To Net: NetName=NetIC1_7 Pin=IC1-7
Added Pin To Net: NetName=NetIC1_7 Pin=P1-3
Added Net: Name=NetIC1_7
Added Pin To Net: NetName=NetIC1_8 Pin=IC1-8
Added Pin To Net: NetName=NetIC1_8 Pin=P1-5
Added Net: Name=NetIC1_8
Added Pin To Net: NetName=NetIC1_9 Pin=IC1-9
Added Pin To Net: NetName=NetIC1_9 Pin=P1-7
Added Net: Name=NetIC1_9
Added Pin To Net: NetName=NetIC1_11 Pin=IC1-11
Added Pin To Net: NetName=NetIC1_11 Pin=J8-1
Added Net: Name=NetIC1_11
Added Pin To Net: NetName=NetIC1_12 Pin=IC1-12
Added Pin To Net: NetName=NetIC1_12 Pin=J7-1
Added Net: Name=NetIC1_12
Added Pin To Net: NetName=NetIC1_13 Pin=IC1-13
Added Pin To Net: NetName=NetIC1_13 Pin=J6-1
Added Net: Name=NetIC1_13
Added Pin To Net: NetName=NetIC1_14 Pin=IC1-14
Added Pin To Net: NetName=NetIC1_14 Pin=J5-1
Added Net: Name=NetIC1_14
Added Pin To Net: NetName=NetIC1_15 Pin=IC1-15
Added Pin To Net: NetName=NetIC1_15 Pin=J4-1
Added Net: Name=NetIC1_15
Added Pin To Net: NetName=NetIC1_16 Pin=IC1-16
Added Pin To Net: NetName=NetIC1_16 Pin=J3-1
Added Net: Name=NetIC1_16
Added Pin To Net: NetName=NetIC1_17 Pin=IC1-17
Added Pin To Net: NetName=NetIC1_17 Pin=J2-1
Added Net: Name=NetIC1_17
Added Pin To Net: NetName=NetIC1_18 Pin=IC1-18
Added Pin To Net: NetName=NetIC1_18 Pin=J1-1
Added Net: Name=NetIC1_18
Added Pin To Net: NetName=VCC Pin=C1-2
Added Pin To Net: NetName=VCC Pin=C2-2
Added Pin To Net: NetName=VCC Pin=IC1-20
Added Pin To Net: NetName=VCC Pin=P1-11
Added Pin To Net: NetName=VCC Pin=P1-12
Added Net: Name=VCC
Added Member To Class: ClassName=PMOD_LEVELSHIFT Member=Component C1 
Added Member To Class: ClassName=PMOD_LEVELSHIFT Member=Component C2 
Added Member To Class: ClassName=PMOD_LEVELSHIFT Member=Component IC1 Texas Instruments SN74LV245APWR, Bus Transceiver, 8-Bit Non-Inverting LVTTL, 2  5.5 V, 20-Pin TSSOP   Source:  Datasheet
Added Member To Class: ClassName=PMOD_LEVELSHIFT Member=Component J1 BNC_CON
Added Member To Class: ClassName=PMOD_LEVELSHIFT Member=Component J2 BNC_CON
Added Member To Class: ClassName=PMOD_LEVELSHIFT Member=Component J3 BNC_CON
Added Member To Class: ClassName=PMOD_LEVELSHIFT Member=Component J4 BNC_CON
Added Member To Class: ClassName=PMOD_LEVELSHIFT Member=Component J5 BNC_CON
Added Member To Class: ClassName=PMOD_LEVELSHIFT Member=Component J6 BNC_CON
Added Member To Class: ClassName=PMOD_LEVELSHIFT Member=Component J7 BNC_CON
Added Member To Class: ClassName=PMOD_LEVELSHIFT Member=Component J8 BNC_CON
Added Room: Name=PMOD_LEVELSHIFT
