
*** Running vivado
    with args -log SP_OV_wrapper.vdi -applog -m64 -product Vivado -messageDb vivado.pb -mode batch -source SP_OV_wrapper.tcl -notrace


****** Vivado v2019.1 (64-bit)
  **** SW Build 2552052 on Fri May 24 14:49:42 MDT 2019
  **** IP Build 2548770 on Fri May 24 18:01:18 MDT 2019
    ** Copyright 1986-2019 Xilinx, Inc. All Rights Reserved.

source SP_OV_wrapper.tcl -notrace
Command: open_checkpoint {D:/SInglePhotons/Vivado Projects/TOP_OVERLAY_Z2/TOP_OVERLAY_Z2.runs/impl_1/SP_OV_wrapper.dcp}

Starting open_checkpoint Task

Time (s): cpu = 00:00:00 ; elapsed = 00:00:00.045 . Memory (MB): peak = 302.426 ; gain = 0.000
INFO: [Device 21-403] Loading part xc7z020clg400-1
INFO: [Netlist 29-17] Analyzing 221 Unisim elements for replacement
INFO: [Netlist 29-28] Unisim Transformation completed in 0 CPU seconds
INFO: [Project 1-479] Netlist was created with Vivado 2019.1
INFO: [Project 1-570] Preparing netlist for logic optimization
INFO: [Timing 38-478] Restoring timing data from binary archive.
INFO: [Timing 38-479] Binary timing data restore complete.
INFO: [Project 1-856] Restoring constraints from binary archive.
INFO: [Project 1-853] Binary constraint restore complete.
Reading XDEF placement.
Reading placer database...
Reading XDEF routing.
Read XDEF File: Time (s): cpu = 00:00:01 ; elapsed = 00:00:00.397 . Memory (MB): peak = 1178.750 ; gain = 0.000
Restored from archive | CPU: 1.000000 secs | Memory: 0.000000 MB |
Finished XDEF File Restore: Time (s): cpu = 00:00:01 ; elapsed = 00:00:00.397 . Memory (MB): peak = 1178.750 ; gain = 0.000
Netlist sorting complete. Time (s): cpu = 00:00:00 ; elapsed = 00:00:00.006 . Memory (MB): peak = 1178.750 ; gain = 0.000
INFO: [Project 1-111] Unisim Transformation Summary:
No Unisim elements were transformed.

INFO: [Project 1-604] Checkpoint was created with Vivado v2019.1 (64-bit) build 2552052
open_checkpoint: Time (s): cpu = 00:00:26 ; elapsed = 00:00:29 . Memory (MB): peak = 1178.750 ; gain = 876.324
INFO: [IP_Flow 19-234] Refreshing IP repositories
INFO: [IP_Flow 19-1700] Loaded user IP repository 'd:/SInglePhotons/HW_IP/PG_AXI_PERIPH'.
INFO: [IP_Flow 19-1700] Loaded user IP repository 'd:/SInglePhotons/HW_IP/CT_AXI_PERIPH'.
INFO: [IP_Flow 19-1700] Loaded user IP repository 'd:/SInglePhotons/HW_IP/ST_AXI_PERIPH'.
INFO: [IP_Flow 19-1700] Loaded user IP repository 'd:/SInglePhotons/HW_IP/SCH_IA_IP'.
INFO: [IP_Flow 19-1700] Loaded user IP repository 'd:/SInglePhotons/HW_IP/TDC'.
INFO: [IP_Flow 19-1700] Loaded user IP repository 'd:/SInglePhotons/HW_IP/COUNTER_AXI'.
INFO: [IP_Flow 19-2313] Loaded Vivado IP repository 'C:/Xilinx/Vivado/2019.1/data/ip'.
WARNING: [IP_Flow 19-4995] The host OS only allows 260 characters in a normal path. The IP cache path is more than 80 characters. If you experience issues with IP caching, please consider changing the IP cache to a location with a shorter path. Alternately consider using the OS subst command to map part of the path to a drive letter. 
Current IP cache path is D:/SInglePhotons/Vivado Projects/TOP_OVERLAY_Z2/TOP_OVERLAY_Z2.runs/impl_1/{D:/SInglePhotons/Vivado Projects/TOP_OVERLAY_Z2/TOP_OVERLAY_Z2.cache/ip} 
Command: opt_design
Attempting to get a license for feature 'Implementation' and/or device 'xc7z020'
INFO: [Common 17-349] Got license for feature 'Implementation' and/or device 'xc7z020'
Running DRC as a precondition to command opt_design

Starting DRC Task
INFO: [DRC 23-27] Running DRC with 2 threads
INFO: [Project 1-461] DRC finished with 0 Errors
INFO: [Project 1-462] Please refer to the DRC report (report_drc) for more information.

Time (s): cpu = 00:00:02 ; elapsed = 00:00:00.985 . Memory (MB): peak = 1191.500 ; gain = 12.750

Starting Cache Timing Information Task
INFO: [Timing 38-35] Done setting XDC timing constraints.
Ending Cache Timing Information Task | Checksum: 23a1250d7

Time (s): cpu = 00:00:01 ; elapsed = 00:00:00.672 . Memory (MB): peak = 1235.063 ; gain = 43.563

Starting Logic Optimization Task

Phase 1 Retarget
INFO: [Opt 31-138] Pushed 2 inverter(s) to 2 load pin(s).
INFO: [Opt 31-49] Retargeted 0 cell(s).
Phase 1 Retarget | Checksum: 1b72bb2ca

Time (s): cpu = 00:00:01 ; elapsed = 00:00:01 . Memory (MB): peak = 1380.469 ; gain = 0.047
INFO: [Opt 31-389] Phase Retarget created 160 cells and removed 367 cells
INFO: [Opt 31-1021] In phase Retarget, 2 netlist objects are constrained preventing optimization. Please run opt_design with -debug_log to get more detail. 

Phase 2 Constant propagation
INFO: [Opt 31-138] Pushed 4 inverter(s) to 4 load pin(s).
Phase 2 Constant propagation | Checksum: 10236de1c

Time (s): cpu = 00:00:02 ; elapsed = 00:00:01 . Memory (MB): peak = 1380.469 ; gain = 0.047
INFO: [Opt 31-389] Phase Constant propagation created 4 cells and removed 32 cells

Phase 3 Sweep
Phase 3 Sweep | Checksum: 13fd3194b

Time (s): cpu = 00:00:04 ; elapsed = 00:00:03 . Memory (MB): peak = 1380.469 ; gain = 0.047
INFO: [Opt 31-389] Phase Sweep created 0 cells and removed 996 cells

Phase 4 BUFG optimization
Phase 4 BUFG optimization | Checksum: 13fd3194b

Time (s): cpu = 00:00:04 ; elapsed = 00:00:04 . Memory (MB): peak = 1380.469 ; gain = 0.047
INFO: [Opt 31-662] Phase BUFG optimization created 0 cells of which 0 are BUFGs and removed 0 cells.

Phase 5 Shift Register Optimization
INFO: [Opt 31-1064] SRL Remap converted 0 SRLs to 0 registers and converted 0 registers of register chains to 0 SRLs
Phase 5 Shift Register Optimization | Checksum: 13fd3194b

Time (s): cpu = 00:00:04 ; elapsed = 00:00:04 . Memory (MB): peak = 1380.469 ; gain = 0.047
INFO: [Opt 31-389] Phase Shift Register Optimization created 0 cells and removed 0 cells

Phase 6 Post Processing Netlist
Phase 6 Post Processing Netlist | Checksum: 13fd3194b

Time (s): cpu = 00:00:05 ; elapsed = 00:00:04 . Memory (MB): peak = 1380.469 ; gain = 0.047
INFO: [Opt 31-389] Phase Post Processing Netlist created 0 cells and removed 0 cells
Opt_design Change Summary
=========================


-------------------------------------------------------------------------------------------------------------------------
|  Phase                        |  #Cells created  |  #Cells Removed  |  #Constrained objects preventing optimizations  |
-------------------------------------------------------------------------------------------------------------------------
|  Retarget                     |             160  |             367  |                                              2  |
|  Constant propagation         |               4  |              32  |                                              0  |
|  Sweep                        |               0  |             996  |                                              0  |
|  BUFG optimization            |               0  |               0  |                                              0  |
|  Shift Register Optimization  |               0  |               0  |                                              0  |
|  Post Processing Netlist      |               0  |               0  |                                              0  |
-------------------------------------------------------------------------------------------------------------------------



Starting Connectivity Check Task

Time (s): cpu = 00:00:00 ; elapsed = 00:00:00.040 . Memory (MB): peak = 1380.469 ; gain = 0.000
Ending Logic Optimization Task | Checksum: 126869b6b

Time (s): cpu = 00:00:05 ; elapsed = 00:00:05 . Memory (MB): peak = 1380.469 ; gain = 0.047

Starting Power Optimization Task
INFO: [Pwropt 34-132] Skipping clock gating for clocks with a period < 2.00 ns.
Ending Power Optimization Task | Checksum: 126869b6b

Time (s): cpu = 00:00:00 ; elapsed = 00:00:00.022 . Memory (MB): peak = 1380.469 ; gain = 0.000

Starting Final Cleanup Task
Ending Final Cleanup Task | Checksum: 126869b6b

Time (s): cpu = 00:00:00 ; elapsed = 00:00:00 . Memory (MB): peak = 1380.469 ; gain = 0.000

Starting Netlist Obfuscation Task
Netlist sorting complete. Time (s): cpu = 00:00:00 ; elapsed = 00:00:00.006 . Memory (MB): peak = 1380.469 ; gain = 0.000
Ending Netlist Obfuscation Task | Checksum: 126869b6b

Time (s): cpu = 00:00:00 ; elapsed = 00:00:00.006 . Memory (MB): peak = 1380.469 ; gain = 0.000
INFO: [Common 17-83] Releasing license: Implementation
37 Infos, 1 Warnings, 0 Critical Warnings and 0 Errors encountered.
opt_design completed successfully
opt_design: Time (s): cpu = 00:00:11 ; elapsed = 00:00:10 . Memory (MB): peak = 1380.469 ; gain = 201.719
Netlist sorting complete. Time (s): cpu = 00:00:00 ; elapsed = 00:00:00.006 . Memory (MB): peak = 1380.469 ; gain = 0.000
INFO: [Timing 38-480] Writing timing data to binary archive.
Writing placer database...
Writing XDEF routing.
Writing XDEF routing logical nets.
Writing XDEF routing special nets.
Write XDEF Complete: Time (s): cpu = 00:00:00 ; elapsed = 00:00:00.198 . Memory (MB): peak = 1380.469 ; gain = 0.000
INFO: [Common 17-1381] The checkpoint 'D:/SInglePhotons/Vivado Projects/TOP_OVERLAY_Z2/TOP_OVERLAY_Z2.runs/impl_1/SP_OV_wrapper_opt.dcp' has been generated.
INFO: [runtcl-4] Executing : report_drc -file SP_OV_wrapper_drc_opted.rpt -pb SP_OV_wrapper_drc_opted.pb -rpx SP_OV_wrapper_drc_opted.rpx
Command: report_drc -file SP_OV_wrapper_drc_opted.rpt -pb SP_OV_wrapper_drc_opted.pb -rpx SP_OV_wrapper_drc_opted.rpx
INFO: [IP_Flow 19-234] Refreshing IP repositories
INFO: [IP_Flow 19-1700] Loaded user IP repository 'd:/SInglePhotons/HW_IP/PG_AXI_PERIPH'.
INFO: [IP_Flow 19-1700] Loaded user IP repository 'd:/SInglePhotons/HW_IP/CT_AXI_PERIPH'.
INFO: [IP_Flow 19-1700] Loaded user IP repository 'd:/SInglePhotons/HW_IP/ST_AXI_PERIPH'.
INFO: [IP_Flow 19-1700] Loaded user IP repository 'd:/SInglePhotons/HW_IP/SCH_IA_IP'.
INFO: [IP_Flow 19-1700] Loaded user IP repository 'd:/SInglePhotons/HW_IP/TDC'.
INFO: [IP_Flow 19-1700] Loaded user IP repository 'd:/SInglePhotons/HW_IP/COUNTER_AXI'.
INFO: [DRC 23-27] Running DRC with 2 threads
INFO: [Coretcl 2-168] The results of DRC are in file D:/SInglePhotons/Vivado Projects/TOP_OVERLAY_Z2/TOP_OVERLAY_Z2.runs/impl_1/SP_OV_wrapper_drc_opted.rpt.
report_drc completed successfully
Command: place_design
Attempting to get a license for feature 'Implementation' and/or device 'xc7z020'
INFO: [Common 17-349] Got license for feature 'Implementation' and/or device 'xc7z020'
INFO: [DRC 23-27] Running DRC with 2 threads
INFO: [Vivado_Tcl 4-198] DRC finished with 0 Errors
INFO: [Vivado_Tcl 4-199] Please refer to the DRC report (report_drc) for more information.
Running DRC as a precondition to command place_design
INFO: [DRC 23-27] Running DRC with 2 threads
INFO: [Vivado_Tcl 4-198] DRC finished with 0 Errors
INFO: [Vivado_Tcl 4-199] Please refer to the DRC report (report_drc) for more information.

Starting Placer Task
INFO: [Place 30-611] Multithreading enabled for place_design using a maximum of 2 CPUs

Phase 1 Placer Initialization

Phase 1.1 Placer Initialization Netlist Sorting
Netlist sorting complete. Time (s): cpu = 00:00:00 ; elapsed = 00:00:00.006 . Memory (MB): peak = 1380.469 ; gain = 0.000
Phase 1.1 Placer Initialization Netlist Sorting | Checksum: 116b6ba1f

Time (s): cpu = 00:00:00 ; elapsed = 00:00:00.017 . Memory (MB): peak = 1380.469 ; gain = 0.000
Netlist sorting complete. Time (s): cpu = 00:00:00 ; elapsed = 00:00:00.005 . Memory (MB): peak = 1380.469 ; gain = 0.000

Phase 1.2 IO Placement/ Clock Placement/ Build Placer Device
WARNING: [Place 30-568] A LUT 'SP_OV_i/P_COUNTER_wrapper_0/U0/P_COUNTER_i/CTR_CTL_3/U0/c_counter_binary_3_i_1' is driving clock pin of 1 registers. This could lead to large hold time violations. First few involved registers are:
	SP_OV_i/P_COUNTER_wrapper_0/U0/P_COUNTER_i/c_counter_binary_3/U0/i_synth/i_baseip.i_xbip_counter/i_dsp48.i_dsp/i_vx7.i_dsp48e_wrap/i_primitive {DSP48E1}
WARNING: [Place 30-568] A LUT 'SP_OV_i/P_COUNTER_wrapper_0/U0/P_COUNTER_i/CTR_CTL_2/U0/c_counter_binary_2_i_1' is driving clock pin of 1 registers. This could lead to large hold time violations. First few involved registers are:
	SP_OV_i/P_COUNTER_wrapper_0/U0/P_COUNTER_i/c_counter_binary_2/U0/i_synth/i_baseip.i_xbip_counter/i_dsp48.i_dsp/i_vx7.i_dsp48e_wrap/i_primitive {DSP48E1}
WARNING: [Place 30-568] A LUT 'SP_OV_i/P_COUNTER_wrapper_0/U0/P_COUNTER_i/CTR_CTL_1/U0/c_counter_binary_1_i_1' is driving clock pin of 1 registers. This could lead to large hold time violations. First few involved registers are:
	SP_OV_i/P_COUNTER_wrapper_0/U0/P_COUNTER_i/c_counter_binary_1/U0/i_synth/i_baseip.i_xbip_counter/i_dsp48.i_dsp/i_vx7.i_dsp48e_wrap/i_primitive {DSP48E1}
WARNING: [Place 30-568] A LUT 'SP_OV_i/P_COUNTER_wrapper_0/U0/P_COUNTER_i/CTR_CTL_0/U0/c_counter_binary_0_i_1' is driving clock pin of 1 registers. This could lead to large hold time violations. First few involved registers are:
	SP_OV_i/P_COUNTER_wrapper_0/U0/P_COUNTER_i/c_counter_binary_0/U0/i_synth/i_baseip.i_xbip_counter/i_dsp48.i_dsp/i_vx7.i_dsp48e_wrap/i_primitive {DSP48E1}
INFO: [Timing 38-35] Done setting XDC timing constraints.
Phase 1.2 IO Placement/ Clock Placement/ Build Placer Device | Checksum: 604cfc03

Time (s): cpu = 00:00:03 ; elapsed = 00:00:03 . Memory (MB): peak = 1385.719 ; gain = 5.250

Phase 1.3 Build Placer Netlist Model
Phase 1.3 Build Placer Netlist Model | Checksum: 1147a2b38

Time (s): cpu = 00:00:07 ; elapsed = 00:00:06 . Memory (MB): peak = 1398.805 ; gain = 18.336

Phase 1.4 Constrain Clocks/Macros
Phase 1.4 Constrain Clocks/Macros | Checksum: 1147a2b38

Time (s): cpu = 00:00:07 ; elapsed = 00:00:06 . Memory (MB): peak = 1398.805 ; gain = 18.336
Phase 1 Placer Initialization | Checksum: 1147a2b38

Time (s): cpu = 00:00:07 ; elapsed = 00:00:06 . Memory (MB): peak = 1398.805 ; gain = 18.336

Phase 2 Global Placement

Phase 2.1 Floorplanning
Phase 2.1 Floorplanning | Checksum: f64d7b16

Time (s): cpu = 00:00:08 ; elapsed = 00:00:06 . Memory (MB): peak = 1398.805 ; gain = 18.336

Phase 2.2 Global Placement Core

Phase 2.2.1 Physical Synthesis In Placer
INFO: [Physopt 32-65] No nets found for high-fanout optimization.
INFO: [Physopt 32-232] Optimized 0 net. Created 0 new instance.
INFO: [Physopt 32-775] End 1 Pass. Optimized 0 net or cell. Created 0 new cell, deleted 0 existing cell and moved 0 existing cell
INFO: [Physopt 32-456] No candidate cells for DSP register optimization found in the design.
INFO: [Physopt 32-775] End 2 Pass. Optimized 0 net or cell. Created 0 new cell, deleted 0 existing cell and moved 0 existing cell
INFO: [Physopt 32-677] No candidate cells for Shift Register optimization found in the design
INFO: [Physopt 32-775] End 1 Pass. Optimized 0 net or cell. Created 0 new cell, deleted 0 existing cell and moved 0 existing cell
INFO: [Physopt 32-526] No candidate cells for BRAM register optimization found in the design
INFO: [Physopt 32-775] End 1 Pass. Optimized 0 net or cell. Created 0 new cell, deleted 0 existing cell and moved 0 existing cell
INFO: [Physopt 32-949] No candidate nets found for HD net replication
INFO: [Physopt 32-775] End 1 Pass. Optimized 0 net or cell. Created 0 new cell, deleted 0 existing cell and moved 0 existing cell
Netlist sorting complete. Time (s): cpu = 00:00:00 ; elapsed = 00:00:00.006 . Memory (MB): peak = 1398.805 ; gain = 0.000

Summary of Physical Synthesis Optimizations
============================================


----------------------------------------------------------------------------------------------------------------------------------------
|  Optimization                  |  Added Cells  |  Removed Cells  |  Optimized Cells/Nets  |  Dont Touch  |  Iterations  |  Elapsed   |
----------------------------------------------------------------------------------------------------------------------------------------
|  Very High Fanout              |            0  |              0  |                     0  |           0  |           1  |  00:00:00  |
|  DSP Register                  |            0  |              0  |                     0  |           0  |           1  |  00:00:00  |
|  Shift Register                |            0  |              0  |                     0  |           0  |           1  |  00:00:00  |
|  BRAM Register                 |            0  |              0  |                     0  |           0  |           1  |  00:00:00  |
|  HD Interface Net Replication  |            0  |              0  |                     0  |           0  |           1  |  00:00:00  |
|  Total                         |            0  |              0  |                     0  |           0  |           5  |  00:00:00  |
----------------------------------------------------------------------------------------------------------------------------------------


Phase 2.2.1 Physical Synthesis In Placer | Checksum: aa3d5a12

Time (s): cpu = 00:00:29 ; elapsed = 00:00:19 . Memory (MB): peak = 1398.805 ; gain = 18.336
Phase 2.2 Global Placement Core | Checksum: ba96e7e3

Time (s): cpu = 00:00:29 ; elapsed = 00:00:19 . Memory (MB): peak = 1398.805 ; gain = 18.336
Phase 2 Global Placement | Checksum: ba96e7e3

Time (s): cpu = 00:00:29 ; elapsed = 00:00:19 . Memory (MB): peak = 1398.805 ; gain = 18.336

Phase 3 Detail Placement

Phase 3.1 Commit Multi Column Macros
Phase 3.1 Commit Multi Column Macros | Checksum: 147ce9d59

Time (s): cpu = 00:00:30 ; elapsed = 00:00:20 . Memory (MB): peak = 1398.805 ; gain = 18.336

Phase 3.2 Commit Most Macros & LUTRAMs
Phase 3.2 Commit Most Macros & LUTRAMs | Checksum: 1159f62a1

Time (s): cpu = 00:00:32 ; elapsed = 00:00:21 . Memory (MB): peak = 1398.805 ; gain = 18.336

Phase 3.3 Area Swap Optimization
Phase 3.3 Area Swap Optimization | Checksum: d6cf853b

Time (s): cpu = 00:00:32 ; elapsed = 00:00:21 . Memory (MB): peak = 1398.805 ; gain = 18.336

Phase 3.4 Pipeline Register Optimization
Phase 3.4 Pipeline Register Optimization | Checksum: c6c35f18

Time (s): cpu = 00:00:32 ; elapsed = 00:00:21 . Memory (MB): peak = 1398.805 ; gain = 18.336

Phase 3.5 Fast Optimization
Phase 3.5 Fast Optimization | Checksum: cea18e96

Time (s): cpu = 00:00:41 ; elapsed = 00:00:30 . Memory (MB): peak = 1398.805 ; gain = 18.336

Phase 3.6 Small Shape Detail Placement
Phase 3.6 Small Shape Detail Placement | Checksum: 16c8f184c

Time (s): cpu = 00:00:45 ; elapsed = 00:00:34 . Memory (MB): peak = 1398.805 ; gain = 18.336

Phase 3.7 Re-assign LUT pins
Phase 3.7 Re-assign LUT pins | Checksum: 19852f560

Time (s): cpu = 00:00:46 ; elapsed = 00:00:35 . Memory (MB): peak = 1398.805 ; gain = 18.336

Phase 3.8 Pipeline Register Optimization
Phase 3.8 Pipeline Register Optimization | Checksum: 1a8559045

Time (s): cpu = 00:00:46 ; elapsed = 00:00:35 . Memory (MB): peak = 1398.805 ; gain = 18.336

Phase 3.9 Fast Optimization
Phase 3.9 Fast Optimization | Checksum: 13017cb0b

Time (s): cpu = 00:01:05 ; elapsed = 00:00:54 . Memory (MB): peak = 1398.805 ; gain = 18.336
Phase 3 Detail Placement | Checksum: 13017cb0b

Time (s): cpu = 00:01:05 ; elapsed = 00:00:54 . Memory (MB): peak = 1398.805 ; gain = 18.336

Phase 4 Post Placement Optimization and Clean-Up

Phase 4.1 Post Commit Optimization
INFO: [Timing 38-35] Done setting XDC timing constraints.

Phase 4.1.1 Post Placement Optimization
Post Placement Optimization Initialization | Checksum: 16ed2919b

Phase 4.1.1.1 BUFG Insertion
INFO: [Place 46-56] BUFG insertion identified 0 candidate nets. Inserted BUFG: 0, Replicated BUFG Driver: 0, Skipped due to Placement/Routing Conflicts: 0, Skipped due to Timing Degradation: 0, Skipped due to Illegal Netlist: 0.
Phase 4.1.1.1 BUFG Insertion | Checksum: 16ed2919b

Time (s): cpu = 00:01:09 ; elapsed = 00:00:57 . Memory (MB): peak = 1425.031 ; gain = 44.563
INFO: [Place 30-746] Post Placement Timing Summary WNS=-6.507. For the most accurate timing information please run report_timing.
Phase 4.1.1 Post Placement Optimization | Checksum: 170ba2740

Time (s): cpu = 00:03:09 ; elapsed = 00:02:59 . Memory (MB): peak = 1425.031 ; gain = 44.563
Phase 4.1 Post Commit Optimization | Checksum: 170ba2740

Time (s): cpu = 00:03:09 ; elapsed = 00:02:59 . Memory (MB): peak = 1425.031 ; gain = 44.563

Phase 4.2 Post Placement Cleanup
Phase 4.2 Post Placement Cleanup | Checksum: 170ba2740

Time (s): cpu = 00:03:09 ; elapsed = 00:02:59 . Memory (MB): peak = 1425.031 ; gain = 44.563

Phase 4.3 Placer Reporting
Phase 4.3 Placer Reporting | Checksum: 170ba2740

Time (s): cpu = 00:03:09 ; elapsed = 00:02:59 . Memory (MB): peak = 1425.031 ; gain = 44.563

Phase 4.4 Final Placement Cleanup
Netlist sorting complete. Time (s): cpu = 00:00:00 ; elapsed = 00:00:00.003 . Memory (MB): peak = 1425.031 ; gain = 0.000
Phase 4.4 Final Placement Cleanup | Checksum: 105948e22

Time (s): cpu = 00:03:09 ; elapsed = 00:02:59 . Memory (MB): peak = 1425.031 ; gain = 44.563
Phase 4 Post Placement Optimization and Clean-Up | Checksum: 105948e22

Time (s): cpu = 00:03:09 ; elapsed = 00:02:59 . Memory (MB): peak = 1425.031 ; gain = 44.563
Ending Placer Task | Checksum: fd48d225

Time (s): cpu = 00:03:09 ; elapsed = 00:02:59 . Memory (MB): peak = 1425.031 ; gain = 44.563
INFO: [Common 17-83] Releasing license: Implementation
73 Infos, 5 Warnings, 0 Critical Warnings and 0 Errors encountered.
place_design completed successfully
place_design: Time (s): cpu = 00:03:12 ; elapsed = 00:03:01 . Memory (MB): peak = 1425.031 ; gain = 44.563
Netlist sorting complete. Time (s): cpu = 00:00:00 ; elapsed = 00:00:00.004 . Memory (MB): peak = 1425.031 ; gain = 0.000
INFO: [Timing 38-480] Writing timing data to binary archive.
Writing placer database...
Writing XDEF routing.
Writing XDEF routing logical nets.
Writing XDEF routing special nets.
Write XDEF Complete: Time (s): cpu = 00:00:03 ; elapsed = 00:00:00.687 . Memory (MB): peak = 1439.289 ; gain = 13.355
INFO: [Common 17-1381] The checkpoint 'D:/SInglePhotons/Vivado Projects/TOP_OVERLAY_Z2/TOP_OVERLAY_Z2.runs/impl_1/SP_OV_wrapper_placed.dcp' has been generated.
INFO: [runtcl-4] Executing : report_io -file SP_OV_wrapper_io_placed.rpt
report_io: Time (s): cpu = 00:00:00 ; elapsed = 00:00:00.056 . Memory (MB): peak = 1439.289 ; gain = 0.000
INFO: [runtcl-4] Executing : report_utilization -file SP_OV_wrapper_utilization_placed.rpt -pb SP_OV_wrapper_utilization_placed.pb
INFO: [runtcl-4] Executing : report_control_sets -verbose -file SP_OV_wrapper_control_sets_placed.rpt
report_control_sets: Time (s): cpu = 00:00:00 ; elapsed = 00:00:00.160 . Memory (MB): peak = 1439.289 ; gain = 0.000
Command: route_design
Attempting to get a license for feature 'Implementation' and/or device 'xc7z020'
INFO: [Common 17-349] Got license for feature 'Implementation' and/or device 'xc7z020'
Running DRC as a precondition to command route_design
INFO: [DRC 23-27] Running DRC with 2 threads
INFO: [Vivado_Tcl 4-198] DRC finished with 0 Errors
INFO: [Vivado_Tcl 4-199] Please refer to the DRC report (report_drc) for more information.


Starting Routing Task
INFO: [Route 35-254] Multithreading enabled for route_design using a maximum of 2 CPUs
Checksum: PlaceDB: b4696f74 ConstDB: 0 ShapeSum: 48df62b1 RouteDB: 0

Phase 1 Build RT Design
Phase 1 Build RT Design | Checksum: fde260b4

Time (s): cpu = 00:00:27 ; elapsed = 00:00:24 . Memory (MB): peak = 1531.523 ; gain = 92.234
Post Restoration Checksum: NetGraph: 7ad6fa4 NumContArr: f634f110 Constraints: 0 Timing: 0

Phase 2 Router Initialization

Phase 2.1 Create Timer
Phase 2.1 Create Timer | Checksum: fde260b4

Time (s): cpu = 00:00:28 ; elapsed = 00:00:24 . Memory (MB): peak = 1545.609 ; gain = 106.320

Phase 2.2 Fix Topology Constraints
Phase 2.2 Fix Topology Constraints | Checksum: fde260b4

Time (s): cpu = 00:00:28 ; elapsed = 00:00:24 . Memory (MB): peak = 1553.793 ; gain = 114.504

Phase 2.3 Pre Route Cleanup
Phase 2.3 Pre Route Cleanup | Checksum: fde260b4

Time (s): cpu = 00:00:28 ; elapsed = 00:00:24 . Memory (MB): peak = 1553.793 ; gain = 114.504
 Number of Nodes with overlaps = 0

Phase 2.4 Update Timing
Phase 2.4 Update Timing | Checksum: c85a2ab4

Time (s): cpu = 00:00:31 ; elapsed = 00:00:26 . Memory (MB): peak = 1584.418 ; gain = 145.129
INFO: [Route 35-416] Intermediate Timing Summary | WNS=-6.471 | TNS=-6322.034| WHS=-1.850 | THS=-110.707|

Phase 2 Router Initialization | Checksum: d19199ba

Time (s): cpu = 00:00:32 ; elapsed = 00:00:27 . Memory (MB): peak = 1616.898 ; gain = 177.609

Router Utilization Summary
  Global Vertical Routing Utilization    = 0.00227814 %
  Global Horizontal Routing Utilization  = 0.00625423 %
  Routable Net Status*
  *Does not include unroutable nets such as driverless and loadless.
  Run report_route_status for detailed report.
  Number of Failed Nets               = 7874
    (Failed Nets is the sum of unrouted and partially routed nets)
  Number of Unrouted Nets             = 7870
  Number of Partially Routed Nets     = 4
  Number of Node Overlaps             = 4


Phase 3 Initial Routing
Phase 3 Initial Routing | Checksum: 2227d20e8

Time (s): cpu = 00:00:33 ; elapsed = 00:00:28 . Memory (MB): peak = 1616.898 ; gain = 177.609
INFO: [Route 35-580] Design has 74 pins with tight setup and hold constraints.

The top 5 pins with tight setup and hold constraints:

+--------------------------+--------------------------+----------------------------------------------------------------------------------------------------------+
|       Launch Clock       |      Capture Clock       |                                                 Pin                                                      |
+--------------------------+--------------------------+----------------------------------------------------------------------------------------------------------+
| clk_out1_SP_OV_TIMER_CLK_0 |               clk_fpga_0 |                  SP_OV_i/ST_AXI_PERIPH_wrapper_0/U0/ST_AXI_PERIPH_i/T_META_HARDEN_0/U0/META_0/S_OUT_reg/D|
| clk_out1_SP_OV_TIMER_CLK_0 |clk_out1_SP_OV_TIMER_CLK_0 |                             SP_OV_i/PG_AXI_PERIPH_wrapper_0/U0/PG_AXI_PERIPH_i/PG_CORE_1/U0/RSTo_reg[0]/D|
| clk_out1_SP_OV_TIMER_CLK_0 |clk_out1_SP_OV_TIMER_CLK_0 |                             SP_OV_i/PG_AXI_PERIPH_wrapper_0/U0/PG_AXI_PERIPH_i/PG_CORE_1/U0/RSTo_reg[3]/D|
| clk_out1_SP_OV_TIMER_CLK_0 |clk_out1_SP_OV_TIMER_CLK_0 |                             SP_OV_i/PG_AXI_PERIPH_wrapper_0/U0/PG_AXI_PERIPH_i/PG_CORE_1/U0/RSTo_reg[2]/D|
| clk_out1_SP_OV_TIMER_CLK_0 |clk_out1_SP_OV_TIMER_CLK_0 |                           SP_OV_i/PG_AXI_PERIPH_wrapper_0/U0/PG_AXI_PERIPH_i/PG_CORE_1/U0/CHOUTP_reg[1]/D|
+--------------------------+--------------------------+----------------------------------------------------------------------------------------------------------+

File with complete list of pins: tight_setup_hold_pins.txt


Phase 4 Rip-up And Reroute

Phase 4.1 Global Iteration 0
 Number of Nodes with overlaps = 584
 Number of Nodes with overlaps = 48
 Number of Nodes with overlaps = 6
 Number of Nodes with overlaps = 1
 Number of Nodes with overlaps = 0
INFO: [Route 35-416] Intermediate Timing Summary | WNS=-6.521 | TNS=-6619.164| WHS=N/A    | THS=N/A    |

Phase 4.1 Global Iteration 0 | Checksum: 9a02b1fe

Time (s): cpu = 00:00:38 ; elapsed = 00:00:31 . Memory (MB): peak = 1616.898 ; gain = 177.609

Phase 4.2 Global Iteration 1
 Number of Nodes with overlaps = 2
 Number of Nodes with overlaps = 0
INFO: [Route 35-416] Intermediate Timing Summary | WNS=-6.521 | TNS=-6619.564| WHS=N/A    | THS=N/A    |

Phase 4.2 Global Iteration 1 | Checksum: c02a2732

Time (s): cpu = 00:00:38 ; elapsed = 00:00:32 . Memory (MB): peak = 1616.898 ; gain = 177.609
Phase 4 Rip-up And Reroute | Checksum: c02a2732

Time (s): cpu = 00:00:39 ; elapsed = 00:00:32 . Memory (MB): peak = 1616.898 ; gain = 177.609

Phase 5 Delay and Skew Optimization

Phase 5.1 Delay CleanUp

Phase 5.1.1 Update Timing
Phase 5.1.1 Update Timing | Checksum: 1053319e6

Time (s): cpu = 00:00:39 ; elapsed = 00:00:32 . Memory (MB): peak = 1616.898 ; gain = 177.609
INFO: [Route 35-416] Intermediate Timing Summary | WNS=-6.521 | TNS=-6577.765| WHS=N/A    | THS=N/A    |

 Number of Nodes with overlaps = 0
Phase 5.1 Delay CleanUp | Checksum: 1151da2d7

Time (s): cpu = 00:00:40 ; elapsed = 00:00:32 . Memory (MB): peak = 1627.156 ; gain = 187.867

Phase 5.2 Clock Skew Optimization
Phase 5.2 Clock Skew Optimization | Checksum: 1151da2d7

Time (s): cpu = 00:00:40 ; elapsed = 00:00:32 . Memory (MB): peak = 1627.156 ; gain = 187.867
Phase 5 Delay and Skew Optimization | Checksum: 1151da2d7

Time (s): cpu = 00:00:40 ; elapsed = 00:00:32 . Memory (MB): peak = 1627.156 ; gain = 187.867

Phase 6 Post Hold Fix

Phase 6.1 Hold Fix Iter

Phase 6.1.1 Update Timing
Phase 6.1.1 Update Timing | Checksum: 1f96fb9c7

Time (s): cpu = 00:00:40 ; elapsed = 00:00:33 . Memory (MB): peak = 1627.156 ; gain = 187.867
INFO: [Route 35-416] Intermediate Timing Summary | WNS=-6.518 | TNS=-6575.817| WHS=-0.453 | THS=-0.453 |

Phase 6.1 Hold Fix Iter | Checksum: bcc100a7

Time (s): cpu = 00:00:40 ; elapsed = 00:00:33 . Memory (MB): peak = 1627.156 ; gain = 187.867
WARNING: [Route 35-468] The router encountered 1 pins that are both setup-critical and hold-critical and tried to fix hold violations at the expense of setup slack. Such pins are:
	SP_OV_i/ST_AXI_PERIPH_wrapper_0/U0/ST_AXI_PERIPH_i/T_META_HARDEN_0/U0/META_0/S_OUT_reg/D

Phase 6 Post Hold Fix | Checksum: 8c7bd989

Time (s): cpu = 00:00:40 ; elapsed = 00:00:33 . Memory (MB): peak = 1627.156 ; gain = 187.867

Phase 7 Route finalize

Router Utilization Summary
  Global Vertical Routing Utilization    = 1.7115 %
  Global Horizontal Routing Utilization  = 1.95377 %
  Routable Net Status*
  *Does not include unroutable nets such as driverless and loadless.
  Run report_route_status for detailed report.
  Number of Failed Nets               = 0
    (Failed Nets is the sum of unrouted and partially routed nets)
  Number of Unrouted Nets             = 0
  Number of Partially Routed Nets     = 0
  Number of Node Overlaps             = 0

Congestion Report
North Dir 1x1 Area, Max Cong = 71.1712%, No Congested Regions.
South Dir 1x1 Area, Max Cong = 40.5405%, No Congested Regions.
East Dir 1x1 Area, Max Cong = 58.8235%, No Congested Regions.
West Dir 1x1 Area, Max Cong = 70.5882%, No Congested Regions.

------------------------------
Reporting congestion hotspots
------------------------------
Direction: North
----------------
Congested clusters found at Level 0
Effective congestion level: 0 Aspect Ratio: 1 Sparse Ratio: 0
Direction: South
----------------
Congested clusters found at Level 0
Effective congestion level: 0 Aspect Ratio: 1 Sparse Ratio: 0
Direction: East
----------------
Congested clusters found at Level 0
Effective congestion level: 0 Aspect Ratio: 1 Sparse Ratio: 0
Direction: West
----------------
Congested clusters found at Level 0
Effective congestion level: 0 Aspect Ratio: 1 Sparse Ratio: 0

Phase 7 Route finalize | Checksum: 8c85e4de

Time (s): cpu = 00:00:40 ; elapsed = 00:00:33 . Memory (MB): peak = 1627.156 ; gain = 187.867

Phase 8 Verifying routed nets

 Verification completed successfully
Phase 8 Verifying routed nets | Checksum: 8c85e4de

Time (s): cpu = 00:00:40 ; elapsed = 00:00:33 . Memory (MB): peak = 1627.156 ; gain = 187.867

Phase 9 Depositing Routes
Phase 9 Depositing Routes | Checksum: 105596e8d

Time (s): cpu = 00:00:41 ; elapsed = 00:00:34 . Memory (MB): peak = 1627.156 ; gain = 187.867

Phase 10 Post Router Timing

Phase 10.1 Update Timing
Phase 10.1 Update Timing | Checksum: 17a9decda

Time (s): cpu = 00:00:42 ; elapsed = 00:00:34 . Memory (MB): peak = 1627.156 ; gain = 187.867
INFO: [Route 35-57] Estimated Timing Summary | WNS=-6.518 | TNS=-6579.194| WHS=0.050  | THS=0.000  |

WARNING: [Route 35-328] Router estimated timing not met.
Resolution: For a complete and accurate timing signoff, report_timing_summary must be run after route_design. Alternatively, route_design can be run with the -timing_summary option to enable a complete timing signoff at the end of route_design.
Phase 10 Post Router Timing | Checksum: 17a9decda

Time (s): cpu = 00:00:42 ; elapsed = 00:00:34 . Memory (MB): peak = 1627.156 ; gain = 187.867
INFO: [Route 35-16] Router Completed Successfully

Time (s): cpu = 00:00:42 ; elapsed = 00:00:34 . Memory (MB): peak = 1627.156 ; gain = 187.867

Routing Is Done.
INFO: [Common 17-83] Releasing license: Implementation
92 Infos, 7 Warnings, 0 Critical Warnings and 0 Errors encountered.
route_design completed successfully
route_design: Time (s): cpu = 00:00:45 ; elapsed = 00:00:35 . Memory (MB): peak = 1627.156 ; gain = 187.867
Netlist sorting complete. Time (s): cpu = 00:00:00 ; elapsed = 00:00:00.003 . Memory (MB): peak = 1627.156 ; gain = 0.000
INFO: [Timing 38-480] Writing timing data to binary archive.
Writing placer database...
Writing XDEF routing.
Writing XDEF routing logical nets.
Writing XDEF routing special nets.
Write XDEF Complete: Time (s): cpu = 00:00:02 ; elapsed = 00:00:00.932 . Memory (MB): peak = 1635.035 ; gain = 7.879
INFO: [Common 17-1381] The checkpoint 'D:/SInglePhotons/Vivado Projects/TOP_OVERLAY_Z2/TOP_OVERLAY_Z2.runs/impl_1/SP_OV_wrapper_routed.dcp' has been generated.
INFO: [runtcl-4] Executing : report_drc -file SP_OV_wrapper_drc_routed.rpt -pb SP_OV_wrapper_drc_routed.pb -rpx SP_OV_wrapper_drc_routed.rpx
Command: report_drc -file SP_OV_wrapper_drc_routed.rpt -pb SP_OV_wrapper_drc_routed.pb -rpx SP_OV_wrapper_drc_routed.rpx
INFO: [IP_Flow 19-1839] IP Catalog is up to date.
INFO: [DRC 23-27] Running DRC with 2 threads
INFO: [Coretcl 2-168] The results of DRC are in file D:/SInglePhotons/Vivado Projects/TOP_OVERLAY_Z2/TOP_OVERLAY_Z2.runs/impl_1/SP_OV_wrapper_drc_routed.rpt.
report_drc completed successfully
INFO: [runtcl-4] Executing : report_methodology -file SP_OV_wrapper_methodology_drc_routed.rpt -pb SP_OV_wrapper_methodology_drc_routed.pb -rpx SP_OV_wrapper_methodology_drc_routed.rpx
Command: report_methodology -file SP_OV_wrapper_methodology_drc_routed.rpt -pb SP_OV_wrapper_methodology_drc_routed.pb -rpx SP_OV_wrapper_methodology_drc_routed.rpx
INFO: [Timing 38-35] Done setting XDC timing constraints.
INFO: [DRC 23-133] Running Methodology with 2 threads
INFO: [Coretcl 2-1520] The results of Report Methodology are in file D:/SInglePhotons/Vivado Projects/TOP_OVERLAY_Z2/TOP_OVERLAY_Z2.runs/impl_1/SP_OV_wrapper_methodology_drc_routed.rpt.
report_methodology completed successfully
INFO: [runtcl-4] Executing : report_power -file SP_OV_wrapper_power_routed.rpt -pb SP_OV_wrapper_power_summary_routed.pb -rpx SP_OV_wrapper_power_routed.rpx
Command: report_power -file SP_OV_wrapper_power_routed.rpt -pb SP_OV_wrapper_power_summary_routed.pb -rpx SP_OV_wrapper_power_routed.rpx
INFO: [Timing 38-35] Done setting XDC timing constraints.
Running Vector-less Activity Propagation...

Finished Running Vector-less Activity Propagation
104 Infos, 7 Warnings, 0 Critical Warnings and 0 Errors encountered.
report_power completed successfully
INFO: [runtcl-4] Executing : report_route_status -file SP_OV_wrapper_route_status.rpt -pb SP_OV_wrapper_route_status.pb
INFO: [runtcl-4] Executing : report_timing_summary -max_paths 10 -file SP_OV_wrapper_timing_summary_routed.rpt -pb SP_OV_wrapper_timing_summary_routed.pb -rpx SP_OV_wrapper_timing_summary_routed.rpx -warn_on_violation 
INFO: [Timing 38-91] UpdateTimingParams: Speed grade: -1, Delay Type: min_max.
INFO: [Timing 38-191] Multithreading enabled for timing update using a maximum of 2 CPUs
CRITICAL WARNING: [Timing 38-282] The design failed to meet the timing requirements. Please see the timing summary report for details on the timing violations.
INFO: [runtcl-4] Executing : report_incremental_reuse -file SP_OV_wrapper_incremental_reuse_routed.rpt
INFO: [Vivado_Tcl 4-1062] Incremental flow is disabled. No incremental reuse Info to report.
INFO: [runtcl-4] Executing : report_clock_utilization -file SP_OV_wrapper_clock_utilization_routed.rpt
INFO: [runtcl-4] Executing : report_bus_skew -warn_on_violation -file SP_OV_wrapper_bus_skew_routed.rpt -pb SP_OV_wrapper_bus_skew_routed.pb -rpx SP_OV_wrapper_bus_skew_routed.rpx
INFO: [Timing 38-91] UpdateTimingParams: Speed grade: -1, Delay Type: min_max.
INFO: [Timing 38-191] Multithreading enabled for timing update using a maximum of 2 CPUs
Command: write_bitstream -force SP_OV_wrapper.bit
Attempting to get a license for feature 'Implementation' and/or device 'xc7z020'
INFO: [Common 17-349] Got license for feature 'Implementation' and/or device 'xc7z020'
Running DRC as a precondition to command write_bitstream
INFO: [IP_Flow 19-1839] IP Catalog is up to date.
INFO: [DRC 23-27] Running DRC with 2 threads
WARNING: [DRC PDRC-153] Gated clock check: Net SP_OV_i/P_COUNTER_wrapper_0/U0/P_COUNTER_i/CTR_CTL_0/U0/CLK is a gated clock net sourced by a combinational pin SP_OV_i/P_COUNTER_wrapper_0/U0/P_COUNTER_i/CTR_CTL_0/U0/c_counter_binary_0_i_1/O, cell SP_OV_i/P_COUNTER_wrapper_0/U0/P_COUNTER_i/CTR_CTL_0/U0/c_counter_binary_0_i_1. This is not good design practice and will likely impact performance. For SLICE registers, for example, use the CE pin to control the loading of data.
WARNING: [DRC PDRC-153] Gated clock check: Net SP_OV_i/P_COUNTER_wrapper_0/U0/P_COUNTER_i/CTR_CTL_1/U0/CLK is a gated clock net sourced by a combinational pin SP_OV_i/P_COUNTER_wrapper_0/U0/P_COUNTER_i/CTR_CTL_1/U0/c_counter_binary_1_i_1/O, cell SP_OV_i/P_COUNTER_wrapper_0/U0/P_COUNTER_i/CTR_CTL_1/U0/c_counter_binary_1_i_1. This is not good design practice and will likely impact performance. For SLICE registers, for example, use the CE pin to control the loading of data.
WARNING: [DRC PDRC-153] Gated clock check: Net SP_OV_i/P_COUNTER_wrapper_0/U0/P_COUNTER_i/CTR_CTL_2/U0/CLK is a gated clock net sourced by a combinational pin SP_OV_i/P_COUNTER_wrapper_0/U0/P_COUNTER_i/CTR_CTL_2/U0/c_counter_binary_2_i_1/O, cell SP_OV_i/P_COUNTER_wrapper_0/U0/P_COUNTER_i/CTR_CTL_2/U0/c_counter_binary_2_i_1. This is not good design practice and will likely impact performance. For SLICE registers, for example, use the CE pin to control the loading of data.
WARNING: [DRC PDRC-153] Gated clock check: Net SP_OV_i/P_COUNTER_wrapper_0/U0/P_COUNTER_i/CTR_CTL_3/U0/CLK is a gated clock net sourced by a combinational pin SP_OV_i/P_COUNTER_wrapper_0/U0/P_COUNTER_i/CTR_CTL_3/U0/c_counter_binary_3_i_1/O, cell SP_OV_i/P_COUNTER_wrapper_0/U0/P_COUNTER_i/CTR_CTL_3/U0/c_counter_binary_3_i_1. This is not good design practice and will likely impact performance. For SLICE registers, for example, use the CE pin to control the loading of data.
WARNING: [DRC PLHOLDVIO-2] Non-Optimal connections which could lead to hold violations: A LUT SP_OV_i/P_COUNTER_wrapper_0/U0/P_COUNTER_i/CTR_CTL_0/U0/c_counter_binary_0_i_1 is driving clock pin of 1 cells. This could lead to large hold time violations. Involved cells are:
SP_OV_i/P_COUNTER_wrapper_0/U0/P_COUNTER_i/c_counter_binary_0/U0/i_synth/i_baseip.i_xbip_counter/i_dsp48.i_dsp/i_vx7.i_dsp48e_wrap/i_primitive
WARNING: [DRC PLHOLDVIO-2] Non-Optimal connections which could lead to hold violations: A LUT SP_OV_i/P_COUNTER_wrapper_0/U0/P_COUNTER_i/CTR_CTL_1/U0/c_counter_binary_1_i_1 is driving clock pin of 1 cells. This could lead to large hold time violations. Involved cells are:
SP_OV_i/P_COUNTER_wrapper_0/U0/P_COUNTER_i/c_counter_binary_1/U0/i_synth/i_baseip.i_xbip_counter/i_dsp48.i_dsp/i_vx7.i_dsp48e_wrap/i_primitive
WARNING: [DRC PLHOLDVIO-2] Non-Optimal connections which could lead to hold violations: A LUT SP_OV_i/P_COUNTER_wrapper_0/U0/P_COUNTER_i/CTR_CTL_2/U0/c_counter_binary_2_i_1 is driving clock pin of 1 cells. This could lead to large hold time violations. Involved cells are:
SP_OV_i/P_COUNTER_wrapper_0/U0/P_COUNTER_i/c_counter_binary_2/U0/i_synth/i_baseip.i_xbip_counter/i_dsp48.i_dsp/i_vx7.i_dsp48e_wrap/i_primitive
WARNING: [DRC PLHOLDVIO-2] Non-Optimal connections which could lead to hold violations: A LUT SP_OV_i/P_COUNTER_wrapper_0/U0/P_COUNTER_i/CTR_CTL_3/U0/c_counter_binary_3_i_1 is driving clock pin of 1 cells. This could lead to large hold time violations. Involved cells are:
SP_OV_i/P_COUNTER_wrapper_0/U0/P_COUNTER_i/c_counter_binary_3/U0/i_synth/i_baseip.i_xbip_counter/i_dsp48.i_dsp/i_vx7.i_dsp48e_wrap/i_primitive
INFO: [DRC AVAL-5] enum_USE_MULT_NONE_enum_DREG_ADREG_0_connects_CED_CEAD_RSTD_GND: SP_OV_i/P_COUNTER_wrapper_0/U0/P_COUNTER_i/c_counter_binary_0/U0/i_synth/i_baseip.i_xbip_counter/i_dsp48.i_dsp/i_vx7.i_dsp48e_wrap/i_primitive: DSP48E1 is not using the Multiplier (USE_MULT = NONE). For improved power characteristics, set DREG and ADREG to '1', tie CED, CEAD, and RSTD to logic '0'.
INFO: [DRC AVAL-5] enum_USE_MULT_NONE_enum_DREG_ADREG_0_connects_CED_CEAD_RSTD_GND: SP_OV_i/P_COUNTER_wrapper_0/U0/P_COUNTER_i/c_counter_binary_1/U0/i_synth/i_baseip.i_xbip_counter/i_dsp48.i_dsp/i_vx7.i_dsp48e_wrap/i_primitive: DSP48E1 is not using the Multiplier (USE_MULT = NONE). For improved power characteristics, set DREG and ADREG to '1', tie CED, CEAD, and RSTD to logic '0'.
INFO: [DRC AVAL-5] enum_USE_MULT_NONE_enum_DREG_ADREG_0_connects_CED_CEAD_RSTD_GND: SP_OV_i/P_COUNTER_wrapper_0/U0/P_COUNTER_i/c_counter_binary_2/U0/i_synth/i_baseip.i_xbip_counter/i_dsp48.i_dsp/i_vx7.i_dsp48e_wrap/i_primitive: DSP48E1 is not using the Multiplier (USE_MULT = NONE). For improved power characteristics, set DREG and ADREG to '1', tie CED, CEAD, and RSTD to logic '0'.
INFO: [DRC AVAL-5] enum_USE_MULT_NONE_enum_DREG_ADREG_0_connects_CED_CEAD_RSTD_GND: SP_OV_i/P_COUNTER_wrapper_0/U0/P_COUNTER_i/c_counter_binary_3/U0/i_synth/i_baseip.i_xbip_counter/i_dsp48.i_dsp/i_vx7.i_dsp48e_wrap/i_primitive: DSP48E1 is not using the Multiplier (USE_MULT = NONE). For improved power characteristics, set DREG and ADREG to '1', tie CED, CEAD, and RSTD to logic '0'.
INFO: [Vivado 12-3199] DRC finished with 0 Errors, 8 Warnings, 4 Advisories
INFO: [Vivado 12-3200] Please refer to the DRC report (report_drc) for more information.
INFO: [Designutils 20-2272] Running write_bitstream with 2 threads.
Loading data files...
Loading site data...
Loading route data...
Processing options...
Creating bitmap...
Creating bitstream...
Writing bitstream ./SP_OV_wrapper.bit...
INFO: [Vivado 12-1842] Bitgen Completed Successfully.
INFO: [Project 1-120] WebTalk data collection is mandatory when using a WebPACK part without a full Vivado license. To see the specific WebTalk data collected for your design, open the usage_statistics_webtalk.html or usage_statistics_webtalk.xml file in the implementation directory.
INFO: [Common 17-83] Releasing license: Implementation
127 Infos, 15 Warnings, 1 Critical Warnings and 0 Errors encountered.
write_bitstream completed successfully
write_bitstream: Time (s): cpu = 00:00:21 ; elapsed = 00:00:21 . Memory (MB): peak = 2067.953 ; gain = 414.086
INFO: [Vivado_Tcl 4-395] Unable to parse hwdef file SP_OV_wrapper.hwdef
INFO: [Common 17-206] Exiting Vivado at Thu Dec  5 10:47:37 2019...
