Vivado Simulator 2019.1
Copyright 1986-1999, 2001-2019 Xilinx, Inc. All Rights Reserved.
Running: C:/Xilinx/Vivado/2019.1/bin/unwrapped/win64.o/xelab.exe -wto 2e54e112ebe14468b9704425a320e6d1 --incr --debug typical --relax --mt 2 -L xil_defaultlib -L xbip_utils_v3_0_10 -L c_reg_fd_v12_0_6 -L xbip_dsp48_wrapper_v3_0_4 -L xbip_pipe_v3_0_6 -L xbip_dsp48_addsub_v3_0_6 -L xbip_addsub_v3_0_6 -L c_addsub_v12_0_13 -L c_gate_bit_v12_0_6 -L xbip_counter_v3_0_6 -L c_counter_binary_v12_0_13 -L unisims_ver -L unimacro_ver -L secureip -L xpm --snapshot tb_OVERSAMPLE_TEST_wrapper_behav xil_defaultlib.tb_OVERSAMPLE_TEST_wrapper xil_defaultlib.glbl -log elaborate.log 
Using 2 slave threads.
Starting static elaboration
Completed static elaboration
Starting simulation data flow analysis
Completed simulation data flow analysis
Time Resolution for simulation is 1ps
Compiling package std.standard
Compiling package std.textio
Compiling package ieee.std_logic_1164
Compiling package ieee.numeric_std
Compiling package unisim.vcomponents
Compiling package ieee.vital_timing
Compiling package ieee.vital_primitives
Compiling package unisim.vpkg
Compiling package c_counter_binary_v12_0_13.c_counter_binary_v12_0_13_viv_co...
Compiling package xbip_utils_v3_0_10.xbip_utils_v3_0_10_pkg
Compiling package xbip_counter_v3_0_6.xbip_counter_v3_0_6_viv_comp
Compiling package ieee.std_logic_arith
Compiling package ieee.std_logic_unsigned
Compiling package xbip_counter_v3_0_6.xbip_counter_v3_0_6_pkg
Compiling package c_counter_binary_v12_0_13.c_counter_binary_v12_0_13_pkg
Compiling package c_addsub_v12_0_13.c_addsub_v12_0_13_pkg_legacy
Compiling package c_reg_fd_v12_0_6.c_reg_fd_v12_0_6_viv_comp
Compiling package c_addsub_v12_0_13.c_addsub_v12_0_13_pkg
Compiling package vl.vl_types
Compiling module xil_defaultlib.glbl
Compiling architecture behavioral of entity xil_defaultlib.BT_SPLIT [bt_split_default]
Compiling architecture sdos_st_bt_split_0_0_arch of entity xil_defaultlib.SDOS_ST_BT_SPLIT_0_0 [sdos_st_bt_split_0_0_default]
Compiling architecture sdos_st_bt_split_0_1_arch of entity xil_defaultlib.SDOS_ST_BT_SPLIT_0_1 [sdos_st_bt_split_0_1_default]
Compiling architecture bufg_v of entity unisim.BUFG [bufg_default]
Compiling architecture bufr_v of entity unisim.BUFR [\BUFR(bufr_divide="4")(1,1)(1,7)...]
Compiling architecture bufr_v of entity unisim.BUFR [\BUFR(bufr_divide="1")(1,1)(1,7)...]
Compiling architecture behavioral of entity xil_defaultlib.CLK_DIV_IO [clk_div_io_default]
Compiling architecture sdos_st_clk_div_io_0_0_arch of entity xil_defaultlib.SDOS_ST_CLK_DIV_IO_0_0 [sdos_st_clk_div_io_0_0_default]
Compiling architecture sdos_st_clk_div_io_0_1_arch of entity xil_defaultlib.SDOS_ST_CLK_DIV_IO_0_1 [sdos_st_clk_div_io_0_1_default]
Compiling architecture sdos_st_clk_div_io_1_0_arch of entity xil_defaultlib.SDOS_ST_CLK_DIV_IO_1_0 [sdos_st_clk_div_io_1_0_default]
Compiling architecture sdos_st_clk_div_io_2_0_arch of entity xil_defaultlib.SDOS_ST_CLK_DIV_IO_2_0 [sdos_st_clk_div_io_2_0_default]
Compiling module unisims_ver.IBUF(IOSTANDARD="LVCMOS33")
Compiling module unisims_ver.ISERDESE2(DATA_WIDTH=8,INTERFACE...
Compiling module xil_defaultlib.ISERDES_B_selectio_wiz_default
Compiling module xil_defaultlib.ISERDES_B(SYS_W=1,DEV_W=8)
Compiling architecture sdos_st_iserdes_b_0_0_arch of entity xil_defaultlib.SDOS_ST_ISERDES_B_0_0 [sdos_st_iserdes_b_0_0_default]
Compiling architecture sdos_st_iserdes_b_1_0_arch of entity xil_defaultlib.SDOS_ST_ISERDES_B_1_0 [sdos_st_iserdes_b_1_0_default]
Compiling architecture sdos_st_iserdes_b_2_0_arch of entity xil_defaultlib.SDOS_ST_ISERDES_B_2_0 [sdos_st_iserdes_b_2_0_default]
Compiling architecture sdos_st_iserdes_b_3_0_arch of entity xil_defaultlib.SDOS_ST_ISERDES_B_3_0 [sdos_st_iserdes_b_3_0_default]
Compiling architecture structural of entity c_reg_fd_v12_0_6.c_reg_fd_v12_0_6_viv [\c_reg_fd_v12_0_6_viv(c_width=32...]
Compiling architecture muxcy_v of entity unisim.MUXCY [muxcy_default]
Compiling architecture xorcy_v of entity unisim.XORCY [xorcy_default]
Compiling architecture rtl of entity c_addsub_v12_0_13.c_addsub_v12_0_13_lut6_legacy [\c_addsub_v12_0_13_lut6_legacy(c...]
Compiling architecture synth of entity c_addsub_v12_0_13.c_addsub_v12_0_13_fabric_legacy [\c_addsub_v12_0_13_fabric_legacy...]
Compiling architecture synth of entity c_addsub_v12_0_13.c_addsub_v12_0_13_legacy [\c_addsub_v12_0_13_legacy(c_fami...]
Compiling architecture synth of entity c_counter_binary_v12_0_13.c_counter_binary_v12_0_13_legacy [\c_counter_binary_v12_0_13_legac...]
Compiling architecture synth of entity c_counter_binary_v12_0_13.c_counter_binary_v12_0_13_viv [\c_counter_binary_v12_0_13_viv(c...]
Compiling architecture xilinx of entity c_counter_binary_v12_0_13.c_counter_binary_v12_0_13 [\c_counter_binary_v12_0_13(c_xde...]
Compiling architecture st_timer_arch of entity xil_defaultlib.ST_TIMER [st_timer_default]
Compiling architecture behavioral of entity xil_defaultlib.SDDR_ST [\SDDR_ST(sig_width=16)\]
Compiling architecture sdos_st_sddr_st_0_0_arch of entity xil_defaultlib.SDOS_ST_SDDR_ST_0_0 [sdos_st_sddr_st_0_0_default]
Compiling architecture behavioral of entity xil_defaultlib.ST_REDIR [st_redir_default]
Compiling architecture sdos_st_st_redir_0_0_arch of entity xil_defaultlib.SDOS_ST_ST_REDIR_0_0 [sdos_st_st_redir_0_0_default]
Compiling architecture structure of entity xil_defaultlib.SDOS_ST [sdos_st_default]
Compiling architecture structure of entity xil_defaultlib.SDOS_ST_wrapper [sdos_st_wrapper_default]
Compiling architecture tb of entity xil_defaultlib.tb_oversample_test_wrapper
Built simulation snapshot tb_OVERSAMPLE_TEST_wrapper_behav
