INFO: [VRFC 10-2263] Analyzing Verilog file "D:/SInglePhotons/Vivado Projects/DDR/SCSDDR_TT/SCSDDR_TT.ip_user_files/bd/SDDR_TT_M/ip/SDDR_TT_M_selectio_wiz_0_0/SDDR_TT_M_selectio_wiz_0_0_selectio_wiz.v" into library xil_defaultlib
INFO: [VRFC 10-311] analyzing module SDDR_TT_M_selectio_wiz_0_0_selectio_wiz
INFO: [VRFC 10-2263] Analyzing Verilog file "D:/SInglePhotons/Vivado Projects/DDR/SCSDDR_TT/SCSDDR_TT.ip_user_files/bd/SDDR_TT_M/ip/SDDR_TT_M_selectio_wiz_0_0/SDDR_TT_M_selectio_wiz_0_0.v" into library xil_defaultlib
INFO: [VRFC 10-311] analyzing module SDDR_TT_M_selectio_wiz_0_0
INFO: [VRFC 10-2263] Analyzing Verilog file "D:/SInglePhotons/Vivado Projects/DDR/SCSDDR_TT/SCSDDR_TT.ip_user_files/bd/SDDR_TT_M/ip/SDDR_TT_M_util_vector_logic_0_0/sim/SDDR_TT_M_util_vector_logic_0_0.v" into library xil_defaultlib
INFO: [VRFC 10-311] analyzing module SDDR_TT_M_util_vector_logic_0_0
INFO: [VRFC 10-2263] Analyzing Verilog file "D:/SInglePhotons/Vivado Projects/DDR/SCSDDR_TT/SCSDDR_TT.ip_user_files/bd/SDDR_TT_M/ip/SDDR_TT_M_xlconstant_0_0/sim/SDDR_TT_M_xlconstant_0_0.v" into library xil_defaultlib
INFO: [VRFC 10-311] analyzing module SDDR_TT_M_xlconstant_0_0
INFO: [VRFC 10-2263] Analyzing Verilog file "D:/SInglePhotons/Vivado Projects/DDR/SCSDDR_TT/SCSDDR_TT.ip_user_files/bd/SDDR_TT_M/ip/SDDR_TT_M_xlconcat_0_0/sim/SDDR_TT_M_xlconcat_0_0.v" into library xil_defaultlib
INFO: [VRFC 10-311] analyzing module SDDR_TT_M_xlconcat_0_0
INFO: [VRFC 10-163] Analyzing VHDL file "D:/SInglePhotons/Vivado Projects/DDR/SCSDDR_TT/SCSDDR_TT.srcs/sources_1/imports/new/SDDR_TT.vhd" into library xil_defaultlib
INFO: [VRFC 10-3107] analyzing entity 'SDDR_TT'
INFO: [VRFC 10-163] Analyzing VHDL file "D:/SInglePhotons/Vivado Projects/DDR/SCSDDR_TT/SCSDDR_TT.srcs/sources_1/new/TT_SLICER.vhd" into library xil_defaultlib
INFO: [VRFC 10-3107] analyzing entity 'TT_SLICER'
INFO: [VRFC 10-163] Analyzing VHDL file "D:/SInglePhotons/Vivado Projects/DDR/SCSDDR_TT/SCSDDR_TT.ip_user_files/bd/SDDR_TT_M/ip/SDDR_TT_M_SDDR_TT_0_0/sim/SDDR_TT_M_SDDR_TT_0_0.vhd" into library xil_defaultlib
INFO: [VRFC 10-3107] analyzing entity 'SDDR_TT_M_SDDR_TT_0_0'
INFO: [VRFC 10-163] Analyzing VHDL file "D:/SInglePhotons/Vivado Projects/DDR/SCSDDR_TT/SCSDDR_TT.ip_user_files/bd/SDDR_TT_M/ip/SDDR_TT_M_TT_SLICER_0_0/sim/SDDR_TT_M_TT_SLICER_0_0.vhd" into library xil_defaultlib
INFO: [VRFC 10-3107] analyzing entity 'SDDR_TT_M_TT_SLICER_0_0'
INFO: [VRFC 10-163] Analyzing VHDL file "D:/SInglePhotons/Vivado Projects/DDR/SCSDDR_TT/SCSDDR_TT.ip_user_files/bd/SDDR_TT_M/sim/SDDR_TT_M.vhd" into library xil_defaultlib
INFO: [VRFC 10-3107] analyzing entity 'SDDR_TT_M'
INFO: [VRFC 10-163] Analyzing VHDL file "D:/SInglePhotons/Vivado Projects/DDR/SCSDDR_TT/SCSDDR_TT.srcs/sources_1/bd/SDDR_TT_M/hdl/SDDR_TT_M_wrapper.vhd" into library xil_defaultlib
INFO: [VRFC 10-3107] analyzing entity 'SDDR_TT_M_wrapper'
INFO: [VRFC 10-163] Analyzing VHDL file "D:/SInglePhotons/Vivado Projects/DDR/SCSDDR_TT/SCSDDR_TT.srcs/sim_1/new/test_tb.vhd" into library xil_defaultlib
INFO: [VRFC 10-3107] analyzing entity 'test_tb'
