#-----------------------------------------------------------
# Vivado v2019.1 (64-bit)
# SW Build 2552052 on Fri May 24 14:49:42 MDT 2019
# IP Build 2548770 on Fri May 24 18:01:18 MDT 2019
# Start of session at: Wed Nov 27 10:40:53 2019
# Process ID: 10540
# Current directory: D:/SInglePhotons/Vivado Projects/TDC_OVERLAY
# Command line: vivado.exe -gui_launcher_event rodinguilauncherevent9464 D:\SInglePhotons\Vivado Projects\TDC_OVERLAY\TDC_OVERLAY.xpr
# Log file: D:/SInglePhotons/Vivado Projects/TDC_OVERLAY/vivado.log
# Journal file: D:/SInglePhotons/Vivado Projects/TDC_OVERLAY\vivado.jou
#-----------------------------------------------------------
start_gui
open_project {D:/SInglePhotons/Vivado Projects/TDC_OVERLAY/TDC_OVERLAY.xpr}
Scanning sources...
Finished scanning sources
INFO: [IP_Flow 19-234] Refreshing IP repositories
INFO: [IP_Flow 19-1700] Loaded user IP repository 'd:/SInglePhotons/HW_IP/TDC'.
INFO: [IP_Flow 19-2313] Loaded Vivado IP repository 'C:/Xilinx/Vivado/2019.1/data/ip'.
INFO: [Common 17-41] Interrupt caught. Command should exit soon.
ERROR: [BD 41-69] Error sourcing TCL script: 
    while executing
"namespace eval ::xilinx.com_ip_aximm_1.0 { source -notrace {C:/Xilinx/Vivado/2019.1/data/rsb/busdef/AXIMM/busdef.tcl} }"
ERROR: [BD 41-69] Error sourcing TCL script: 
    while executing
"source -notrace {C:/Xilinx/Vivado/2019.1/data/rsb/busdef/clock_signal/busdef.tcl} "
    (in namespace eval "::xilinx.com_ip_clock_signal_1.0" script line 1)
    invoked from within
"namespace eval ::xilinx.com_ip_clock_signal_1.0 { source -notrace {C:/Xilinx/Vivado/2019.1/data/rsb/busdef/clock_signal/busdef.tcl} }"
ERROR: [BD 41-69] Error sourcing TCL script: 
    while executing
"source -notrace {C:/Xilinx/Vivado/2019.1/data/rsb/busdef/gt_outclk/busdef.tcl} "
    (in namespace eval "::xilinx.com_ip_gt_outclk_1.0" script line 1)
    invoked from within
"namespace eval ::xilinx.com_ip_gt_outclk_1.0 { source -notrace {C:/Xilinx/Vivado/2019.1/data/rsb/busdef/gt_outclk/busdef.tcl} }"
ERROR: [BD 41-69] Error sourcing TCL script: 
    while executing
"source -notrace {C:/Xilinx/Vivado/2019.1/data/rsb/busdef/gt_usrclk/busdef.tcl} "
    (in namespace eval "::xilinx.com_ip_gt_usrclk_1.0" script line 1)
    invoked from within
"namespace eval ::xilinx.com_ip_gt_usrclk_1.0 { source -notrace {C:/Xilinx/Vivado/2019.1/data/rsb/busdef/gt_usrclk/busdef.tcl} }"
INFO: [Common 17-344] 'open_project' was cancelled
exit
INFO: [Common 17-206] Exiting Vivado at Wed Nov 27 10:41:10 2019...
