Copyright 1986-2019 Xilinx, Inc. All Rights Reserved.
------------------------------------------------------------------------------------------
| Tool Version : Vivado v.2019.1 (win64) Build 2552052 Fri May 24 14:49:42 MDT 2019
| Date         : Fri Dec 13 16:04:28 2019
| Host         : CISS32101 running 64-bit Service Pack 1  (build 7601)
| Command      : report_control_sets -verbose -file TT_OV_wrapper_control_sets_placed.rpt
| Design       : TT_OV_wrapper
| Device       : xc7z020
------------------------------------------------------------------------------------------

Control Set Information

Table of Contents
-----------------
1. Summary
2. Histogram
3. Flip-Flop Distribution
4. Detailed Control Set Information

1. Summary
----------

+----------------------------------------------------------+-------+
|                          Status                          | Count |
+----------------------------------------------------------+-------+
| Total control sets                                       |    90 |
|    Minimum number of control sets                        |    90 |
|    Addition due to synthesis replication                 |     0 |
|    Addition due to physical synthesis replication        |     0 |
| Unused register locations in slices containing registers |   177 |
+----------------------------------------------------------+-------+
* Control sets can be merged at opt_design using control_set_merge or merge_equivalent_drivers
** Run report_qor_suggestions for automated merging and remapping suggestions


2. Histogram
------------

+--------------------+-------+
|       Fanout       | Count |
+--------------------+-------+
| Total control sets |    90 |
| >= 0 to < 4        |     2 |
| >= 4 to < 6        |    28 |
| >= 6 to < 8        |     4 |
| >= 8 to < 10       |     1 |
| >= 10 to < 12      |     1 |
| >= 12 to < 14      |     5 |
| >= 14 to < 16      |     3 |
| >= 16              |    46 |
+--------------------+-------+
* Control sets can be remapped at either synth_design or opt_design


3. Flip-Flop Distribution
-------------------------

+--------------+-----------------------+------------------------+-----------------+--------------+
| Clock Enable | Synchronous Set/Reset | Asynchronous Set/Reset | Total Registers | Total Slices |
+--------------+-----------------------+------------------------+-----------------+--------------+
| No           | No                    | No                     |            1564 |          374 |
| No           | No                    | Yes                    |               0 |            0 |
| No           | Yes                   | No                     |             620 |          196 |
| Yes          | No                    | No                     |             679 |          139 |
| Yes          | No                    | Yes                    |               0 |            0 |
| Yes          | Yes                   | No                     |             704 |          159 |
+--------------+-----------------------+------------------------+-----------------+--------------+


4. Detailed Control Set Information
-----------------------------------

+----------------------------------------------+-------------------------------------------------------------------------------------------------------------------------------------------------------------+----------------------------------------------------------------------------------------------------------------------------------------------------+------------------+----------------+
|                 Clock Signal                 |                                                                        Enable Signal                                                                        |                                                                  Set/Reset Signal                                                                  | Slice Load Count | Bel Load Count |
+----------------------------------------------+-------------------------------------------------------------------------------------------------------------------------------------------------------------+----------------------------------------------------------------------------------------------------------------------------------------------------+------------------+----------------+
|  TT_OV_i/clk_wiz_0/inst/clk_out1             |                                                                                                                                                             | TT_OV_i/TT_AXI_PERIPH_wrapper_0/U0/TT_AXI_PERIPH_i/TIME_TAG_M_0/U0/p_0_in                                                                          |                1 |              1 |
|  TT_OV_i/processing_system7_0/inst/FCLK_CLK0 | TT_OV_i/ps7_0_axi_periph/s00_couplers/auto_pc/inst/gen_axilite.gen_b2s_conv.axilite_b2s/WR.b_channel_0/bid_fifo_0/bresp_push                                |                                                                                                                                                    |                1 |              2 |
|  TT_OV_i/processing_system7_0/inst/FCLK_CLK0 |                                                                                                                                                             | TT_OV_i/TT_AXI_PERIPH_wrapper_0/U0/TT_AXI_PERIPH_i/time_out_gpio/U0/AXI_LITE_IPIF_I/I_SLAVE_ATTACHMENT/clear                                       |                1 |              4 |
|  TT_OV_i/processing_system7_0/inst/FCLK_CLK0 |                                                                                                                                                             | TT_OV_i/rst_ps7_0_100M/U0/EXT_LPF/lpf_int                                                                                                          |                2 |              4 |
|  TT_OV_i/processing_system7_0/inst/FCLK_CLK0 | TT_OV_i/TT_AXI_PERIPH_wrapper_0/U0/TT_AXI_PERIPH_i/util/U0/AXI_LITE_IPIF_I/I_SLAVE_ATTACHMENT/bus2ip_addr_i[8]_i_1_n_0                                      | TT_OV_i/TT_AXI_PERIPH_wrapper_0/U0/TT_AXI_PERIPH_i/util/U0/AXI_LITE_IPIF_I/I_SLAVE_ATTACHMENT/SR[0]                                                |                1 |              4 |
|  TT_OV_i/processing_system7_0/inst/FCLK_CLK0 |                                                                                                                                                             | TT_OV_i/ps7_0_axi_periph/s00_couplers/auto_pc/inst/gen_axilite.gen_b2s_conv.axilite_b2s/SI_REG/ar.ar_pipe/aresetn_d_reg[1]_inv_0                   |                2 |              4 |
|  TT_OV_i/processing_system7_0/inst/FCLK_CLK0 |                                                                                                                                                             | TT_OV_i/ps7_0_axi_periph/s00_couplers/auto_pc/inst/gen_axilite.gen_b2s_conv.axilite_b2s/SI_REG/aw.aw_pipe/aresetn_d_reg[0]_0                       |                1 |              4 |
|  TT_OV_i/processing_system7_0/inst/FCLK_CLK0 | TT_OV_i/TT_AXI_PERIPH_wrapper_0/U0/TT_AXI_PERIPH_i/util/U0/AXI_LITE_IPIF_I/I_SLAVE_ATTACHMENT/start2                                                        | TT_OV_i/TT_AXI_PERIPH_wrapper_0/U0/TT_AXI_PERIPH_i/util/U0/AXI_LITE_IPIF_I/I_SLAVE_ATTACHMENT/I_DECODER/cs_ce_clr                                  |                1 |              4 |
|  TT_OV_i/processing_system7_0/inst/FCLK_CLK0 |                                                                                                                                                             | TT_OV_i/TT_AXI_PERIPH_wrapper_0/U0/TT_AXI_PERIPH_i/T2/U0/AXI_LITE_IPIF_I/I_SLAVE_ATTACHMENT/clear                                                  |                1 |              4 |
|  TT_OV_i/processing_system7_0/inst/FCLK_CLK0 | TT_OV_i/TT_AXI_PERIPH_wrapper_0/U0/TT_AXI_PERIPH_i/time_out_gpio/U0/AXI_LITE_IPIF_I/I_SLAVE_ATTACHMENT/bus2ip_addr_i[8]_i_1_n_0                             | TT_OV_i/TT_AXI_PERIPH_wrapper_0/U0/TT_AXI_PERIPH_i/time_out_gpio/U0/AXI_LITE_IPIF_I/I_SLAVE_ATTACHMENT/SR[0]                                       |                1 |              4 |
|  TT_OV_i/processing_system7_0/inst/FCLK_CLK0 | TT_OV_i/TT_AXI_PERIPH_wrapper_0/U0/TT_AXI_PERIPH_i/T1/U0/AXI_LITE_IPIF_I/I_SLAVE_ATTACHMENT/bus2ip_addr_i[8]_i_1_n_0                                        | TT_OV_i/TT_AXI_PERIPH_wrapper_0/U0/TT_AXI_PERIPH_i/T1/U0/AXI_LITE_IPIF_I/I_SLAVE_ATTACHMENT/SR[0]                                                  |                1 |              4 |
|  TT_OV_i/processing_system7_0/inst/FCLK_CLK0 |                                                                                                                                                             | TT_OV_i/TT_AXI_PERIPH_wrapper_0/U0/TT_AXI_PERIPH_i/T4/U0/AXI_LITE_IPIF_I/I_SLAVE_ATTACHMENT/clear                                                  |                1 |              4 |
|  TT_OV_i/processing_system7_0/inst/FCLK_CLK0 | TT_OV_i/TT_AXI_PERIPH_wrapper_0/U0/TT_AXI_PERIPH_i/time_out_gpio/U0/AXI_LITE_IPIF_I/I_SLAVE_ATTACHMENT/start2                                               | TT_OV_i/TT_AXI_PERIPH_wrapper_0/U0/TT_AXI_PERIPH_i/time_out_gpio/U0/AXI_LITE_IPIF_I/I_SLAVE_ATTACHMENT/I_DECODER/cs_ce_clr                         |                1 |              4 |
|  TT_OV_i/processing_system7_0/inst/FCLK_CLK0 | TT_OV_i/TT_AXI_PERIPH_wrapper_0/U0/TT_AXI_PERIPH_i/T2/U0/AXI_LITE_IPIF_I/I_SLAVE_ATTACHMENT/bus2ip_addr_i[8]_i_1_n_0                                        | TT_OV_i/TT_AXI_PERIPH_wrapper_0/U0/TT_AXI_PERIPH_i/T2/U0/AXI_LITE_IPIF_I/I_SLAVE_ATTACHMENT/SR[0]                                                  |                1 |              4 |
|  TT_OV_i/clk_wiz_0/inst/clk_out1             |                                                                                                                                                             | TT_OV_i/TT_AXI_PERIPH_wrapper_0/U0/TT_AXI_PERIPH_i/TIME_TAG_M_0/U0/dch                                                                             |                2 |              4 |
|  TT_OV_i/processing_system7_0/inst/FCLK_CLK0 |                                                                                                                                                             | TT_OV_i/TT_AXI_PERIPH_wrapper_0/U0/TT_AXI_PERIPH_i/T1/U0/AXI_LITE_IPIF_I/I_SLAVE_ATTACHMENT/clear                                                  |                1 |              4 |
|  TT_OV_i/clk_wiz_0/inst/clk_out1             |                                                                                                                                                             | TT_OV_i/TT_AXI_PERIPH_wrapper_0/U0/TT_AXI_PERIPH_i/TIME_TAG_M_0/U0/lact10_out                                                                      |                2 |              4 |
|  TT_OV_i/processing_system7_0/inst/FCLK_CLK0 | TT_OV_i/TT_AXI_PERIPH_wrapper_0/U0/TT_AXI_PERIPH_i/T4/U0/AXI_LITE_IPIF_I/I_SLAVE_ATTACHMENT/start2                                                          | TT_OV_i/TT_AXI_PERIPH_wrapper_0/U0/TT_AXI_PERIPH_i/T4/U0/AXI_LITE_IPIF_I/I_SLAVE_ATTACHMENT/I_DECODER/cs_ce_clr                                    |                1 |              4 |
|  TT_OV_i/processing_system7_0/inst/FCLK_CLK0 |                                                                                                                                                             | TT_OV_i/TT_AXI_PERIPH_wrapper_0/U0/TT_AXI_PERIPH_i/T3/U0/AXI_LITE_IPIF_I/I_SLAVE_ATTACHMENT/clear                                                  |                2 |              4 |
|  TT_OV_i/processing_system7_0/inst/FCLK_CLK0 | TT_OV_i/TT_AXI_PERIPH_wrapper_0/U0/TT_AXI_PERIPH_i/T3/U0/AXI_LITE_IPIF_I/I_SLAVE_ATTACHMENT/bus2ip_addr_i[8]_i_1_n_0                                        | TT_OV_i/TT_AXI_PERIPH_wrapper_0/U0/TT_AXI_PERIPH_i/T3/U0/AXI_LITE_IPIF_I/I_SLAVE_ATTACHMENT/SR[0]                                                  |                1 |              4 |
|  TT_OV_i/processing_system7_0/inst/FCLK_CLK0 | TT_OV_i/TT_AXI_PERIPH_wrapper_0/U0/TT_AXI_PERIPH_i/T2/U0/AXI_LITE_IPIF_I/I_SLAVE_ATTACHMENT/start2                                                          | TT_OV_i/TT_AXI_PERIPH_wrapper_0/U0/TT_AXI_PERIPH_i/T2/U0/AXI_LITE_IPIF_I/I_SLAVE_ATTACHMENT/I_DECODER/cs_ce_clr                                    |                1 |              4 |
|  TT_OV_i/processing_system7_0/inst/FCLK_CLK0 |                                                                                                                                                             | TT_OV_i/TT_AXI_PERIPH_wrapper_0/U0/TT_AXI_PERIPH_i/util/U0/AXI_LITE_IPIF_I/I_SLAVE_ATTACHMENT/clear                                                |                1 |              4 |
|  TT_OV_i/processing_system7_0/inst/FCLK_CLK0 | TT_OV_i/TT_AXI_PERIPH_wrapper_0/U0/TT_AXI_PERIPH_i/T1/U0/AXI_LITE_IPIF_I/I_SLAVE_ATTACHMENT/start2                                                          | TT_OV_i/TT_AXI_PERIPH_wrapper_0/U0/TT_AXI_PERIPH_i/T1/U0/AXI_LITE_IPIF_I/I_SLAVE_ATTACHMENT/I_DECODER/cs_ce_clr                                    |                1 |              4 |
|  TT_OV_i/processing_system7_0/inst/FCLK_CLK0 | TT_OV_i/TT_AXI_PERIPH_wrapper_0/U0/TT_AXI_PERIPH_i/T4/U0/AXI_LITE_IPIF_I/I_SLAVE_ATTACHMENT/bus2ip_addr_i[8]_i_1_n_0                                        | TT_OV_i/TT_AXI_PERIPH_wrapper_0/U0/TT_AXI_PERIPH_i/T4/U0/AXI_LITE_IPIF_I/I_SLAVE_ATTACHMENT/SR[0]                                                  |                1 |              4 |
|  TT_OV_i/processing_system7_0/inst/FCLK_CLK0 | TT_OV_i/TT_AXI_PERIPH_wrapper_0/U0/TT_AXI_PERIPH_i/T3/U0/AXI_LITE_IPIF_I/I_SLAVE_ATTACHMENT/start2                                                          | TT_OV_i/TT_AXI_PERIPH_wrapper_0/U0/TT_AXI_PERIPH_i/T3/U0/AXI_LITE_IPIF_I/I_SLAVE_ATTACHMENT/I_DECODER/cs_ce_clr                                    |                1 |              4 |
|  TT_OV_i/processing_system7_0/inst/FCLK_CLK0 | TT_OV_i/ps7_0_axi_periph/s00_couplers/auto_pc/inst/gen_axilite.gen_b2s_conv.axilite_b2s/RD.r_channel_0/transaction_fifo_0/E[0]                              | TT_OV_i/ps7_0_axi_periph/s00_couplers/auto_pc/inst/gen_axilite.gen_b2s_conv.axilite_b2s/areset_d1                                                  |                2 |              5 |
|  TT_OV_i/processing_system7_0/inst/FCLK_CLK0 | TT_OV_i/ps7_0_axi_periph/s00_couplers/auto_pc/inst/gen_axilite.gen_b2s_conv.axilite_b2s/RD.ar_channel_0/ar_cmd_fsm_0/FSM_sequential_state_reg[0]_0          | TT_OV_i/ps7_0_axi_periph/s00_couplers/auto_pc/inst/gen_axilite.gen_b2s_conv.axilite_b2s/RD.ar_channel_0/ar_cmd_fsm_0/FSM_sequential_state_reg[1]_0 |                2 |              5 |
|  TT_OV_i/processing_system7_0/inst/FCLK_CLK0 | TT_OV_i/TT_AXI_PERIPH_wrapper_0/U0/TT_AXI_PERIPH_i/util/U0/AXI_LITE_IPIF_I/I_SLAVE_ATTACHMENT/I_DECODER/bus2ip_rnw_i_reg[0]                                 | TT_OV_i/TT_AXI_PERIPH_wrapper_0/U0/TT_AXI_PERIPH_i/util/U0/AXI_LITE_IPIF_I/I_SLAVE_ATTACHMENT/SR[0]                                                |                1 |              5 |
|  TT_OV_i/processing_system7_0/inst/FCLK_CLK0 | TT_OV_i/ps7_0_axi_periph/s00_couplers/auto_pc/inst/gen_axilite.gen_b2s_conv.axilite_b2s/RD.r_channel_0/transaction_fifo_0/cnt_read[4]_i_1_n_0               | TT_OV_i/ps7_0_axi_periph/s00_couplers/auto_pc/inst/gen_axilite.gen_b2s_conv.axilite_b2s/areset_d1                                                  |                2 |              5 |
|  TT_OV_i/processing_system7_0/inst/FCLK_CLK0 | TT_OV_i/ps7_0_axi_periph/s00_couplers/auto_pc/inst/gen_axilite.gen_b2s_conv.axilite_b2s/WR.aw_channel_0/aw_cmd_fsm_0/state_reg[0]_1                         | TT_OV_i/ps7_0_axi_periph/s00_couplers/auto_pc/inst/gen_axilite.gen_b2s_conv.axilite_b2s/WR.aw_channel_0/aw_cmd_fsm_0/state_reg[0]_0                |                3 |              5 |
|  TT_OV_i/processing_system7_0/inst/FCLK_CLK0 | TT_OV_i/rst_ps7_0_100M/U0/SEQ/seq_cnt_en                                                                                                                    | TT_OV_i/rst_ps7_0_100M/U0/SEQ/SEQ_COUNTER/clear                                                                                                    |                2 |              6 |
|  TT_OV_i/processing_system7_0/inst/FCLK_CLK0 | TT_OV_i/TT_AXI_PERIPH_wrapper_0/U0/TT_AXI_PERIPH_i/util/U0/AXI_LITE_IPIF_I/I_SLAVE_ATTACHMENT/s_axi_rresp_i                                                 | TT_OV_i/TT_AXI_PERIPH_wrapper_0/U0/TT_AXI_PERIPH_i/util/U0/AXI_LITE_IPIF_I/I_SLAVE_ATTACHMENT/SR[0]                                                |                1 |              6 |
|  TT_OV_i/processing_system7_0/inst/FCLK_CLK0 |                                                                                                                                                             | TT_OV_i/TT_AXI_PERIPH_wrapper_0/U0/TT_AXI_PERIPH_i/util/U0/AXI_LITE_IPIF_I/I_SLAVE_ATTACHMENT/I_DECODER/bus2ip_rnw_i_reg_2                         |                2 |              6 |
|  TT_OV_i/clk_wiz_0/inst/clk_out1             |                                                                                                                                                             |                                                                                                                                                    |                3 |              7 |
|  TT_OV_i/processing_system7_0/inst/FCLK_CLK0 | TT_OV_i/ps7_0_axi_periph/s00_couplers/auto_pc/inst/gen_axilite.gen_b2s_conv.axilite_b2s/WR.b_channel_0/mhandshake_r                                         | TT_OV_i/ps7_0_axi_periph/s00_couplers/auto_pc/inst/gen_axilite.gen_b2s_conv.axilite_b2s/WR.b_channel_0/bid_fifo_0/SR[0]                            |                3 |              8 |
|  TT_OV_i/processing_system7_0/inst/FCLK_CLK0 |                                                                                                                                                             | TT_OV_i/ps7_0_axi_periph/s00_couplers/auto_pc/inst/gen_axilite.gen_b2s_conv.axilite_b2s/areset_d1                                                  |                3 |             10 |
|  TT_OV_i/processing_system7_0/inst/FCLK_CLK0 | TT_OV_i/ps7_0_axi_periph/s00_couplers/auto_pc/inst/gen_axilite.gen_b2s_conv.axilite_b2s/WR.aw_channel_0/cmd_translator_0/incr_cmd_0/axaddr_incr[11]_i_1_n_0 |                                                                                                                                                    |                3 |             12 |
|  TT_OV_i/processing_system7_0/inst/FCLK_CLK0 | TT_OV_i/ps7_0_axi_periph/s00_couplers/auto_pc/inst/gen_axilite.gen_b2s_conv.axilite_b2s/WR.aw_channel_0/aw_cmd_fsm_0/E[0]                                   |                                                                                                                                                    |                4 |             12 |
|  TT_OV_i/processing_system7_0/inst/FCLK_CLK0 | TT_OV_i/ps7_0_axi_periph/s00_couplers/auto_pc/inst/gen_axilite.gen_b2s_conv.axilite_b2s/RD.ar_channel_0/ar_cmd_fsm_0/E[0]                                   |                                                                                                                                                    |                2 |             12 |
|  TT_OV_i/processing_system7_0/inst/FCLK_CLK0 | TT_OV_i/ps7_0_axi_periph/s00_couplers/auto_pc/inst/gen_axilite.gen_b2s_conv.axilite_b2s/RD.ar_channel_0/ar_cmd_fsm_0/FSM_sequential_state_reg[1]_2[0]       |                                                                                                                                                    |                7 |             12 |
|  TT_OV_i/processing_system7_0/inst/FCLK_CLK0 | TT_OV_i/ps7_0_axi_periph/s00_couplers/auto_pc/inst/gen_axilite.gen_b2s_conv.axilite_b2s/RD.r_channel_0/r_push_r                                             |                                                                                                                                                    |                4 |             13 |
|  TT_OV_i/processing_system7_0/inst/FCLK_CLK0 |                                                                                                                                                             | TT_OV_i/ps7_0_axi_periph/xbar/inst/gen_sasd.crossbar_sasd_0/addr_arbiter_inst/SR[0]                                                                |                5 |             14 |
|  TT_OV_i/processing_system7_0/inst/FCLK_CLK0 | TT_OV_i/ps7_0_axi_periph/s00_couplers/auto_pc/inst/gen_axilite.gen_b2s_conv.axilite_b2s/SI_REG/b.b_pipe/s_ready_i_reg_0                                     |                                                                                                                                                    |                2 |             14 |
|  TT_OV_i/processing_system7_0/inst/FCLK_CLK0 | TT_OV_i/ps7_0_axi_periph/s00_couplers/auto_pc/inst/gen_axilite.gen_b2s_conv.axilite_b2s/SI_REG/b.b_pipe/p_1_in                                              |                                                                                                                                                    |                2 |             14 |
|  TT_OV_i/processing_system7_0/inst/FCLK_CLK0 | TT_OV_i/TT_AXI_PERIPH_wrapper_0/U0/TT_AXI_PERIPH_i/T1/U0/AXI_LITE_IPIF_I/I_SLAVE_ATTACHMENT/I_DECODER/bus2ip_rnw_i_reg_1[0]                                 | TT_OV_i/TT_AXI_PERIPH_wrapper_0/U0/TT_AXI_PERIPH_i/T1/U0/AXI_LITE_IPIF_I/I_SLAVE_ATTACHMENT/SR[0]                                                  |                3 |             16 |
|  TT_OV_i/processing_system7_0/inst/FCLK_CLK0 | TT_OV_i/TT_AXI_PERIPH_wrapper_0/U0/TT_AXI_PERIPH_i/T2/U0/AXI_LITE_IPIF_I/I_SLAVE_ATTACHMENT/I_DECODER/bus2ip_rnw_i_reg_1[0]                                 | TT_OV_i/TT_AXI_PERIPH_wrapper_0/U0/TT_AXI_PERIPH_i/T2/U0/AXI_LITE_IPIF_I/I_SLAVE_ATTACHMENT/SR[0]                                                  |                4 |             16 |
|  TT_OV_i/processing_system7_0/inst/FCLK_CLK0 | TT_OV_i/TT_AXI_PERIPH_wrapper_0/U0/TT_AXI_PERIPH_i/T4/U0/AXI_LITE_IPIF_I/I_SLAVE_ATTACHMENT/I_DECODER/bus2ip_rnw_i_reg_1[0]                                 | TT_OV_i/TT_AXI_PERIPH_wrapper_0/U0/TT_AXI_PERIPH_i/T4/U0/AXI_LITE_IPIF_I/I_SLAVE_ATTACHMENT/SR[0]                                                  |                4 |             16 |
|  TT_OV_i/processing_system7_0/inst/FCLK_CLK0 | TT_OV_i/ps7_0_axi_periph/s00_couplers/auto_pc/inst/gen_axilite.gen_b2s_conv.axilite_b2s/WR.aw_channel_0/aw_cmd_fsm_0/b_push                                 |                                                                                                                                                    |                3 |             16 |
|  TT_OV_i/processing_system7_0/inst/FCLK_CLK0 | TT_OV_i/TT_AXI_PERIPH_wrapper_0/U0/TT_AXI_PERIPH_i/T3/U0/AXI_LITE_IPIF_I/I_SLAVE_ATTACHMENT/I_DECODER/bus2ip_rnw_i_reg_1[0]                                 | TT_OV_i/TT_AXI_PERIPH_wrapper_0/U0/TT_AXI_PERIPH_i/T3/U0/AXI_LITE_IPIF_I/I_SLAVE_ATTACHMENT/SR[0]                                                  |                4 |             16 |
|  TT_OV_i/processing_system7_0/inst/FCLK_CLK0 | TT_OV_i/TT_AXI_PERIPH_wrapper_0/U0/TT_AXI_PERIPH_i/time_out_gpio/U0/AXI_LITE_IPIF_I/I_SLAVE_ATTACHMENT/I_DECODER/bus2ip_rnw_i_reg_0[0]                      | TT_OV_i/TT_AXI_PERIPH_wrapper_0/U0/TT_AXI_PERIPH_i/time_out_gpio/U0/AXI_LITE_IPIF_I/I_SLAVE_ATTACHMENT/SR[0]                                       |                5 |             16 |
|  TT_OV_i/processing_system7_0/inst/FCLK_CLK0 | TT_OV_i/ps7_0_axi_periph/xbar/inst/gen_sasd.crossbar_sasd_0/addr_arbiter_inst/p_0_in1_in                                                                    | TT_OV_i/ps7_0_axi_periph/xbar/inst/gen_sasd.crossbar_sasd_0/addr_arbiter_inst/SR[0]                                                                |                6 |             19 |
|  TT_OV_i/processing_system7_0/inst/FCLK_CLK0 | TT_OV_i/ps7_0_axi_periph/s00_couplers/auto_pc/inst/gen_axilite.gen_b2s_conv.axilite_b2s/RD.ar_channel_0/ar_cmd_fsm_0/FSM_sequential_state_reg[0]_0          |                                                                                                                                                    |                9 |             21 |
|  TT_OV_i/processing_system7_0/inst/FCLK_CLK0 | TT_OV_i/ps7_0_axi_periph/s00_couplers/auto_pc/inst/gen_axilite.gen_b2s_conv.axilite_b2s/WR.aw_channel_0/aw_cmd_fsm_0/state_reg[0]_1                         |                                                                                                                                                    |                8 |             21 |
|  TT_OV_i/processing_system7_0/inst/FCLK_CLK0 |                                                                                                                                                             | TT_OV_i/TT_AXI_PERIPH_wrapper_0/U0/TT_AXI_PERIPH_i/util/U0/AXI_LITE_IPIF_I/I_SLAVE_ATTACHMENT/SR[0]                                                |               10 |             22 |
|  TT_OV_i/processing_system7_0/inst/FCLK_CLK0 | TT_OV_i/TT_AXI_PERIPH_wrapper_0/U0/TT_AXI_PERIPH_i/T1/U0/AXI_LITE_IPIF_I/I_SLAVE_ATTACHMENT/s_axi_rresp_i                                                   | TT_OV_i/TT_AXI_PERIPH_wrapper_0/U0/TT_AXI_PERIPH_i/T1/U0/AXI_LITE_IPIF_I/I_SLAVE_ATTACHMENT/SR[0]                                                  |                5 |             32 |
|  TT_OV_i/processing_system7_0/inst/FCLK_CLK0 | TT_OV_i/TT_AXI_PERIPH_wrapper_0/U0/TT_AXI_PERIPH_i/T1/U0/AXI_LITE_IPIF_I/I_SLAVE_ATTACHMENT/I_DECODER/E[0]                                                  | TT_OV_i/TT_AXI_PERIPH_wrapper_0/U0/TT_AXI_PERIPH_i/T1/U0/AXI_LITE_IPIF_I/I_SLAVE_ATTACHMENT/SR[0]                                                  |                8 |             32 |
|  TT_OV_i/processing_system7_0/inst/FCLK_CLK0 | TT_OV_i/TT_AXI_PERIPH_wrapper_0/U0/TT_AXI_PERIPH_i/T2/U0/AXI_LITE_IPIF_I/I_SLAVE_ATTACHMENT/I_DECODER/E[0]                                                  | TT_OV_i/TT_AXI_PERIPH_wrapper_0/U0/TT_AXI_PERIPH_i/T2/U0/AXI_LITE_IPIF_I/I_SLAVE_ATTACHMENT/SR[0]                                                  |                7 |             32 |
|  TT_OV_i/processing_system7_0/inst/FCLK_CLK0 | TT_OV_i/TT_AXI_PERIPH_wrapper_0/U0/TT_AXI_PERIPH_i/T4/U0/AXI_LITE_IPIF_I/I_SLAVE_ATTACHMENT/s_axi_rresp_i                                                   | TT_OV_i/TT_AXI_PERIPH_wrapper_0/U0/TT_AXI_PERIPH_i/T4/U0/AXI_LITE_IPIF_I/I_SLAVE_ATTACHMENT/SR[0]                                                  |                7 |             32 |
|  TT_OV_i/processing_system7_0/inst/FCLK_CLK0 | TT_OV_i/TT_AXI_PERIPH_wrapper_0/U0/TT_AXI_PERIPH_i/T3/U0/AXI_LITE_IPIF_I/I_SLAVE_ATTACHMENT/s_axi_rresp_i                                                   | TT_OV_i/TT_AXI_PERIPH_wrapper_0/U0/TT_AXI_PERIPH_i/T3/U0/AXI_LITE_IPIF_I/I_SLAVE_ATTACHMENT/SR[0]                                                  |                8 |             32 |
|  TT_OV_i/processing_system7_0/inst/FCLK_CLK0 | TT_OV_i/TT_AXI_PERIPH_wrapper_0/U0/TT_AXI_PERIPH_i/T2/U0/AXI_LITE_IPIF_I/I_SLAVE_ATTACHMENT/s_axi_rresp_i                                                   | TT_OV_i/TT_AXI_PERIPH_wrapper_0/U0/TT_AXI_PERIPH_i/T2/U0/AXI_LITE_IPIF_I/I_SLAVE_ATTACHMENT/SR[0]                                                  |                6 |             32 |
|  TT_OV_i/processing_system7_0/inst/FCLK_CLK0 | TT_OV_i/TT_AXI_PERIPH_wrapper_0/U0/TT_AXI_PERIPH_i/time_out_gpio/U0/AXI_LITE_IPIF_I/I_SLAVE_ATTACHMENT/I_DECODER/E[0]                                       | TT_OV_i/TT_AXI_PERIPH_wrapper_0/U0/TT_AXI_PERIPH_i/time_out_gpio/U0/AXI_LITE_IPIF_I/I_SLAVE_ATTACHMENT/SR[0]                                       |               10 |             32 |
|  TT_OV_i/processing_system7_0/inst/FCLK_CLK0 | TT_OV_i/TT_AXI_PERIPH_wrapper_0/U0/TT_AXI_PERIPH_i/T3/U0/AXI_LITE_IPIF_I/I_SLAVE_ATTACHMENT/I_DECODER/E[0]                                                  | TT_OV_i/TT_AXI_PERIPH_wrapper_0/U0/TT_AXI_PERIPH_i/T3/U0/AXI_LITE_IPIF_I/I_SLAVE_ATTACHMENT/SR[0]                                                  |                7 |             32 |
|  TT_OV_i/processing_system7_0/inst/FCLK_CLK0 | TT_OV_i/TT_AXI_PERIPH_wrapper_0/U0/TT_AXI_PERIPH_i/time_out_gpio/U0/AXI_LITE_IPIF_I/I_SLAVE_ATTACHMENT/s_axi_rresp_i                                        | TT_OV_i/TT_AXI_PERIPH_wrapper_0/U0/TT_AXI_PERIPH_i/time_out_gpio/U0/AXI_LITE_IPIF_I/I_SLAVE_ATTACHMENT/SR[0]                                       |                9 |             32 |
|  TT_OV_i/processing_system7_0/inst/FCLK_CLK0 | TT_OV_i/TT_AXI_PERIPH_wrapper_0/U0/TT_AXI_PERIPH_i/T4/U0/AXI_LITE_IPIF_I/I_SLAVE_ATTACHMENT/I_DECODER/E[0]                                                  | TT_OV_i/TT_AXI_PERIPH_wrapper_0/U0/TT_AXI_PERIPH_i/T4/U0/AXI_LITE_IPIF_I/I_SLAVE_ATTACHMENT/SR[0]                                                  |                8 |             32 |
|  TT_OV_i/processing_system7_0/inst/FCLK_CLK0 | TT_OV_i/ps7_0_axi_periph/s00_couplers/auto_pc/inst/gen_axilite.gen_b2s_conv.axilite_b2s/RD.r_channel_0/rd_data_fifo_0/wr_en0                                |                                                                                                                                                    |                9 |             34 |
|  TT_OV_i/processing_system7_0/inst/FCLK_CLK0 | TT_OV_i/ps7_0_axi_periph/xbar/inst/gen_sasd.crossbar_sasd_0/addr_arbiter_inst/E[0]                                                                          |                                                                                                                                                    |                7 |             35 |
|  TT_OV_i/processing_system7_0/inst/FCLK_CLK0 | TT_OV_i/ps7_0_axi_periph/s00_couplers/auto_pc/inst/gen_axilite.gen_b2s_conv.axilite_b2s/SI_REG/r.r_pipe/p_1_in                                              |                                                                                                                                                    |                8 |             47 |
|  TT_OV_i/processing_system7_0/inst/FCLK_CLK0 |                                                                                                                                                             | TT_OV_i/TT_AXI_PERIPH_wrapper_0/U0/TT_AXI_PERIPH_i/time_out_gpio/U0/AXI_LITE_IPIF_I/I_SLAVE_ATTACHMENT/SR[0]                                       |               15 |             47 |
|  TT_OV_i/processing_system7_0/inst/FCLK_CLK0 |                                                                                                                                                             | TT_OV_i/TT_AXI_PERIPH_wrapper_0/U0/TT_AXI_PERIPH_i/T3/U0/AXI_LITE_IPIF_I/I_SLAVE_ATTACHMENT/SR[0]                                                  |               14 |             47 |
|  TT_OV_i/processing_system7_0/inst/FCLK_CLK0 |                                                                                                                                                             | TT_OV_i/TT_AXI_PERIPH_wrapper_0/U0/TT_AXI_PERIPH_i/T1/U0/AXI_LITE_IPIF_I/I_SLAVE_ATTACHMENT/SR[0]                                                  |               14 |             47 |
|  TT_OV_i/processing_system7_0/inst/FCLK_CLK0 |                                                                                                                                                             | TT_OV_i/TT_AXI_PERIPH_wrapper_0/U0/TT_AXI_PERIPH_i/T4/U0/AXI_LITE_IPIF_I/I_SLAVE_ATTACHMENT/SR[0]                                                  |               16 |             47 |
|  TT_OV_i/processing_system7_0/inst/FCLK_CLK0 |                                                                                                                                                             | TT_OV_i/TT_AXI_PERIPH_wrapper_0/U0/TT_AXI_PERIPH_i/T2/U0/AXI_LITE_IPIF_I/I_SLAVE_ATTACHMENT/SR[0]                                                  |               14 |             47 |
|  TT_OV_i/processing_system7_0/inst/FCLK_CLK0 | TT_OV_i/ps7_0_axi_periph/s00_couplers/auto_pc/inst/gen_axilite.gen_b2s_conv.axilite_b2s/SI_REG/r.r_pipe/s_ready_i_reg_0                                     |                                                                                                                                                    |                8 |             47 |
|  TT_OV_i/processing_system7_0/inst/FCLK_CLK0 |                                                                                                                                                             | TT_OV_i/TT_AXI_PERIPH_wrapper_0/U0/TT_AXI_PERIPH_i/time_out_gpio/U0/AXI_LITE_IPIF_I/I_SLAVE_ATTACHMENT/I_DECODER/bus2ip_rnw_i_reg_2                |               14 |             48 |
|  TT_OV_i/processing_system7_0/inst/FCLK_CLK0 |                                                                                                                                                             | TT_OV_i/TT_AXI_PERIPH_wrapper_0/U0/TT_AXI_PERIPH_i/T3/U0/AXI_LITE_IPIF_I/I_SLAVE_ATTACHMENT/I_DECODER/bus2ip_rnw_i_reg_2                           |               15 |             48 |
|  TT_OV_i/processing_system7_0/inst/FCLK_CLK0 | TT_OV_i/ps7_0_axi_periph/s00_couplers/auto_pc/inst/gen_axilite.gen_b2s_conv.axilite_b2s/SI_REG/ar.ar_pipe/s_ready_i_reg_0                                   |                                                                                                                                                    |               10 |             48 |
|  TT_OV_i/processing_system7_0/inst/FCLK_CLK0 |                                                                                                                                                             | TT_OV_i/TT_AXI_PERIPH_wrapper_0/U0/TT_AXI_PERIPH_i/T1/U0/AXI_LITE_IPIF_I/I_SLAVE_ATTACHMENT/I_DECODER/bus2ip_rnw_i_reg_2                           |               14 |             48 |
|  TT_OV_i/processing_system7_0/inst/FCLK_CLK0 |                                                                                                                                                             | TT_OV_i/TT_AXI_PERIPH_wrapper_0/U0/TT_AXI_PERIPH_i/T4/U0/AXI_LITE_IPIF_I/I_SLAVE_ATTACHMENT/I_DECODER/bus2ip_rnw_i_reg_2                           |               17 |             48 |
|  TT_OV_i/processing_system7_0/inst/FCLK_CLK0 |                                                                                                                                                             | TT_OV_i/TT_AXI_PERIPH_wrapper_0/U0/TT_AXI_PERIPH_i/T2/U0/AXI_LITE_IPIF_I/I_SLAVE_ATTACHMENT/I_DECODER/bus2ip_rnw_i_reg_2                           |               14 |             48 |
|  TT_OV_i/processing_system7_0/inst/FCLK_CLK0 | TT_OV_i/ps7_0_axi_periph/s00_couplers/auto_pc/inst/gen_axilite.gen_b2s_conv.axilite_b2s/WR.aw_channel_0/aw_cmd_fsm_0/m_valid_i_reg[0]                       |                                                                                                                                                    |                9 |             48 |
|  TT_OV_i/processing_system7_0/inst/FCLK_CLK0 | TT_OV_i/ps7_0_axi_periph/s00_couplers/auto_pc/inst/gen_axilite.gen_b2s_conv.axilite_b2s/RD.ar_channel_0/ar_cmd_fsm_0/FSM_sequential_state_reg[1]_3[0]       |                                                                                                                                                    |               10 |             48 |
|  TT_OV_i/processing_system7_0/inst/FCLK_CLK0 | TT_OV_i/ps7_0_axi_periph/s00_couplers/auto_pc/inst/gen_axilite.gen_b2s_conv.axilite_b2s/SI_REG/aw.aw_pipe/s_ready_i_reg_0                                   |                                                                                                                                                    |                9 |             48 |
|  TT_OV_i/clk_wiz_0/inst/clk_out1             |                                                                                                                                                             | TT_OV_i/TT_AXI_PERIPH_wrapper_0/U0/TT_AXI_PERIPH_i/TIME_TAG_M_0/U0/waiting                                                                         |               12 |             48 |
|  TT_OV_i/clk_wiz_0/inst/clk_out1             | TT_OV_i/TT_AXI_PERIPH_wrapper_0/U0/TT_AXI_PERIPH_i/TIME_TAG_M_0/U0/p_0_in                                                                                   |                                                                                                                                                    |               11 |             48 |
|  TT_OV_i/clk_wiz_0/inst/clk_out1             | TT_OV_i/TT_AXI_PERIPH_wrapper_0/U0/TT_AXI_PERIPH_i/TIME_TAG_M_0/U0/t1buf_2                                                                                  |                                                                                                                                                    |                8 |             48 |
|  TT_OV_i/clk_wiz_0/inst/clk_out1             | TT_OV_i/TT_AXI_PERIPH_wrapper_0/U0/TT_AXI_PERIPH_i/TIME_TAG_M_0/U0/t2buf_0                                                                                  |                                                                                                                                                    |                9 |             48 |
|  TT_OV_i/clk_wiz_0/inst/clk_out1             | TT_OV_i/TT_AXI_PERIPH_wrapper_0/U0/TT_AXI_PERIPH_i/TIME_TAG_M_0/U0/t3buf_1                                                                                  |                                                                                                                                                    |                6 |             48 |
|  TT_OV_i/clk_wiz_0/inst/clk_out1             | TT_OV_i/TT_AXI_PERIPH_wrapper_0/U0/TT_AXI_PERIPH_i/TIME_TAG_M_0/U0/t4buf_3                                                                                  |                                                                                                                                                    |                7 |             48 |
|  TT_OV_i/clk_wiz_0/inst/clk_out1             | TT_OV_i/TT_AXI_PERIPH_wrapper_0/U0/TT_AXI_PERIPH_i/TIME_TAG_M_0/U0/t1[47]_i_2_n_0                                                                           | TT_OV_i/TT_AXI_PERIPH_wrapper_0/U0/TT_AXI_PERIPH_i/TIME_TAG_M_0/U0/p_0_in                                                                          |               30 |            192 |
|  TT_OV_i/processing_system7_0/inst/FCLK_CLK0 |                                                                                                                                                             |                                                                                                                                                    |              372 |           1558 |
+----------------------------------------------+-------------------------------------------------------------------------------------------------------------------------------------------------------------+----------------------------------------------------------------------------------------------------------------------------------------------------+------------------+----------------+


