Copyright 1986-2019 Xilinx, Inc. All Rights Reserved.
------------------------------------------------------------------------------------
| Tool Version : Vivado v.2019.1 (win64) Build 2552052 Fri May 24 14:49:42 MDT 2019
| Date         : Fri Nov 22 10:34:32 2019
| Host         : CISS31247 running 64-bit major release  (build 9200)
| Command      : upgrade_ip
| Device       : xc7z020clg400-1
------------------------------------------------------------------------------------

Upgrade Log for IP 'COUNTER_axi_gpio_0_1'

1. Summary
----------

SUCCESS in the conversion of COUNTER_axi_gpio_0_1 (xilinx.com:ip:axi_gpio:2.0 (Rev. 21)) to Vivado generation flows.






Copyright 1986-2019 Xilinx, Inc. All Rights Reserved.
------------------------------------------------------------------------------------
| Tool Version : Vivado v.2019.1 (win64) Build 2552052 Fri May 24 14:49:42 MDT 2019
| Date         : Fri Nov 22 10:34:32 2019
| Host         : CISS31247 running 64-bit major release  (build 9200)
| Command      : upgrade_ip
| Device       : xc7z020clg400-1
------------------------------------------------------------------------------------

Upgrade Log for IP 'COUNTER_axi_gpio_0_0'

1. Summary
----------

SUCCESS in the conversion of COUNTER_axi_gpio_0_0 (xilinx.com:ip:axi_gpio:2.0 (Rev. 21)) to Vivado generation flows.

