Copyright 1986-2019 Xilinx, Inc. All Rights Reserved.
------------------------------------------------------------------------------------
| Tool Version : Vivado v.2019.1 (win64) Build 2552052 Fri May 24 14:49:42 MDT 2019
| Date         : Fri Dec 20 12:36:04 2019
| Host         : CISS32101 running 64-bit Service Pack 1  (build 7601)
| Command      : upgrade_ip
| Device       : xc7z020clg400-1
------------------------------------------------------------------------------------

Upgrade Log for IP 'SCS_CT_OV_SCS_CT_wrapper_0_0'

1. Summary
----------

CAUTION (success, with warnings) in the conversion of SCS_CT_OV_SCS_CT_wrapper_0_0 (cri.nz:user:SCS_CT_wrapper:1.0 (Rev. 2)) to Vivado generation flows.

After upgrade, an IP may have parameter and port differences compared to the original customization. Please review the parameters within the IP customization GUI to ensure proper functionality. Also, please review the updated IP instantiation template to ensure proper connectivity, and update your design if required.

2. Connection Warnings
----------------------

Detected external port differences while upgrading 'SCS_CT_OV_SCS_CT_wrapper_0_0'. These changes may impact your design.


-Upgraded port 'POST_DELAY' width 8 differs from original width 4

-Upgraded port 'PRE_DELAY' width 8 differs from original width 4

-Upgraded port 'SCS_CLKS' width 8 differs from original width 4







Copyright 1986-2019 Xilinx, Inc. All Rights Reserved.
------------------------------------------------------------------------------------
| Tool Version : Vivado v.2019.1 (win64) Build 2552052 Fri May 24 14:49:42 MDT 2019
| Date         : Thu Dec 19 13:39:51 2019
| Host         : CISS32101 running 64-bit Service Pack 1  (build 7601)
| Command      : upgrade_ip
| Device       : xc7z020clg400-1
------------------------------------------------------------------------------------

Upgrade Log for IP 'SCS_CT_OV_SCS_CT_wrapper_0_0'

1. Summary
----------

SUCCESS in the conversion of SCS_CT_OV_SCS_CT_wrapper_0_0 (cri.nz:user:SCS_CT_wrapper:1.0 (Rev. 2)) to Vivado generation flows.






Copyright 1986-2019 Xilinx, Inc. All Rights Reserved.
------------------------------------------------------------------------------------
| Tool Version : Vivado v.2019.1 (win64) Build 2552052 Fri May 24 14:49:42 MDT 2019
| Date         : Thu Dec 19 13:29:39 2019
| Host         : CISS32101 running 64-bit Service Pack 1  (build 7601)
| Command      : upgrade_ip
| Device       : xc7z020clg400-1
------------------------------------------------------------------------------------

Upgrade Log for IP 'SCS_CT_OV_SCS_CT_wrapper_0_0'

1. Summary
----------

SUCCESS in the conversion of SCS_CT_OV_SCS_CT_wrapper_0_0 (cri.nz:user:SCS_CT_wrapper:1.0 (Rev. 2)) to Vivado generation flows.

