
*** Running vivado
    with args -log PG_OV_wrapper.vdi -applog -m64 -product Vivado -messageDb vivado.pb -mode batch -source PG_OV_wrapper.tcl -notrace


****** Vivado v2019.1 (64-bit)
  **** SW Build 2552052 on Fri May 24 14:49:42 MDT 2019
  **** IP Build 2548770 on Fri May 24 18:01:18 MDT 2019
    ** Copyright 1986-2019 Xilinx, Inc. All Rights Reserved.

source PG_OV_wrapper.tcl -notrace
INFO: [IP_Flow 19-234] Refreshing IP repositories
INFO: [IP_Flow 19-1700] Loaded user IP repository 'd:/SInglePhotons/HW_IP/PG_CORE'.
INFO: [IP_Flow 19-2313] Loaded Vivado IP repository 'C:/Xilinx/Vivado/2019.1/data/ip'.
WARNING: [IP_Flow 19-4995] The host OS only allows 260 characters in a normal path. The IP cache path is more than 80 characters. If you experience issues with IP caching, please consider changing the IP cache to a location with a shorter path. Alternately consider using the OS subst command to map part of the path to a drive letter. 
Current IP cache path is D:/SInglePhotons/Vivado Projects/FINAL_PG/FINAL_PG.runs/impl_1/{D:/SInglePhotons/Vivado Projects/FINAL_PG/FINAL_PG.cache/ip} 
Command: link_design -top PG_OV_wrapper -part xc7z020clg400-1
Design is defaulting to srcset: sources_1
Design is defaulting to constrset: constrs_1
INFO: [Device 21-403] Loading part xc7z020clg400-1
INFO: [Netlist 29-17] Analyzing 152 Unisim elements for replacement
INFO: [Netlist 29-28] Unisim Transformation completed in 0 CPU seconds
INFO: [Project 1-479] Netlist was created with Vivado 2019.1
INFO: [Project 1-570] Preparing netlist for logic optimization
Parsing XDC File [d:/SInglePhotons/Vivado Projects/FINAL_PG/FINAL_PG.srcs/sources_1/bd/PG_OV/ip/PG_OV_clk_wiz_0_0/PG_OV_clk_wiz_0_0_board.xdc] for cell 'PG_OV_i/clk_wiz_0/inst'
Finished Parsing XDC File [d:/SInglePhotons/Vivado Projects/FINAL_PG/FINAL_PG.srcs/sources_1/bd/PG_OV/ip/PG_OV_clk_wiz_0_0/PG_OV_clk_wiz_0_0_board.xdc] for cell 'PG_OV_i/clk_wiz_0/inst'
Parsing XDC File [d:/SInglePhotons/Vivado Projects/FINAL_PG/FINAL_PG.srcs/sources_1/bd/PG_OV/ip/PG_OV_clk_wiz_0_0/PG_OV_clk_wiz_0_0.xdc] for cell 'PG_OV_i/clk_wiz_0/inst'
INFO: [Timing 38-35] Done setting XDC timing constraints. [d:/SInglePhotons/Vivado Projects/FINAL_PG/FINAL_PG.srcs/sources_1/bd/PG_OV/ip/PG_OV_clk_wiz_0_0/PG_OV_clk_wiz_0_0.xdc:57]
INFO: [Timing 38-2] Deriving generated clocks [d:/SInglePhotons/Vivado Projects/FINAL_PG/FINAL_PG.srcs/sources_1/bd/PG_OV/ip/PG_OV_clk_wiz_0_0/PG_OV_clk_wiz_0_0.xdc:57]
get_clocks: Time (s): cpu = 00:00:10 ; elapsed = 00:00:10 . Memory (MB): peak = 1271.289 ; gain = 558.402
Finished Parsing XDC File [d:/SInglePhotons/Vivado Projects/FINAL_PG/FINAL_PG.srcs/sources_1/bd/PG_OV/ip/PG_OV_clk_wiz_0_0/PG_OV_clk_wiz_0_0.xdc] for cell 'PG_OV_i/clk_wiz_0/inst'
Parsing XDC File [d:/SInglePhotons/Vivado Projects/FINAL_PG/FINAL_PG.srcs/sources_1/bd/PG_OV/ip/PG_OV_processing_system7_0_0/PG_OV_processing_system7_0_0.xdc] for cell 'PG_OV_i/processing_system7_0/inst'
Finished Parsing XDC File [d:/SInglePhotons/Vivado Projects/FINAL_PG/FINAL_PG.srcs/sources_1/bd/PG_OV/ip/PG_OV_processing_system7_0_0/PG_OV_processing_system7_0_0.xdc] for cell 'PG_OV_i/processing_system7_0/inst'
Parsing XDC File [d:/SInglePhotons/Vivado Projects/FINAL_PG/FINAL_PG.srcs/sources_1/bd/PG_OV/ip/PG_OV_axi_gpio_0_0/PG_OV_axi_gpio_0_0_board.xdc] for cell 'PG_OV_i/axi_ch0/U0'
Finished Parsing XDC File [d:/SInglePhotons/Vivado Projects/FINAL_PG/FINAL_PG.srcs/sources_1/bd/PG_OV/ip/PG_OV_axi_gpio_0_0/PG_OV_axi_gpio_0_0_board.xdc] for cell 'PG_OV_i/axi_ch0/U0'
Parsing XDC File [d:/SInglePhotons/Vivado Projects/FINAL_PG/FINAL_PG.srcs/sources_1/bd/PG_OV/ip/PG_OV_axi_gpio_0_0/PG_OV_axi_gpio_0_0.xdc] for cell 'PG_OV_i/axi_ch0/U0'
Finished Parsing XDC File [d:/SInglePhotons/Vivado Projects/FINAL_PG/FINAL_PG.srcs/sources_1/bd/PG_OV/ip/PG_OV_axi_gpio_0_0/PG_OV_axi_gpio_0_0.xdc] for cell 'PG_OV_i/axi_ch0/U0'
Parsing XDC File [d:/SInglePhotons/Vivado Projects/FINAL_PG/FINAL_PG.srcs/sources_1/bd/PG_OV/ip/PG_OV_axi_ch0_0/PG_OV_axi_ch0_0_board.xdc] for cell 'PG_OV_i/axi_ch1/U0'
Finished Parsing XDC File [d:/SInglePhotons/Vivado Projects/FINAL_PG/FINAL_PG.srcs/sources_1/bd/PG_OV/ip/PG_OV_axi_ch0_0/PG_OV_axi_ch0_0_board.xdc] for cell 'PG_OV_i/axi_ch1/U0'
Parsing XDC File [d:/SInglePhotons/Vivado Projects/FINAL_PG/FINAL_PG.srcs/sources_1/bd/PG_OV/ip/PG_OV_axi_ch0_0/PG_OV_axi_ch0_0.xdc] for cell 'PG_OV_i/axi_ch1/U0'
Finished Parsing XDC File [d:/SInglePhotons/Vivado Projects/FINAL_PG/FINAL_PG.srcs/sources_1/bd/PG_OV/ip/PG_OV_axi_ch0_0/PG_OV_axi_ch0_0.xdc] for cell 'PG_OV_i/axi_ch1/U0'
Parsing XDC File [d:/SInglePhotons/Vivado Projects/FINAL_PG/FINAL_PG.srcs/sources_1/bd/PG_OV/ip/PG_OV_axi_ch1_0/PG_OV_axi_ch1_0_board.xdc] for cell 'PG_OV_i/axi_ch2/U0'
Finished Parsing XDC File [d:/SInglePhotons/Vivado Projects/FINAL_PG/FINAL_PG.srcs/sources_1/bd/PG_OV/ip/PG_OV_axi_ch1_0/PG_OV_axi_ch1_0_board.xdc] for cell 'PG_OV_i/axi_ch2/U0'
Parsing XDC File [d:/SInglePhotons/Vivado Projects/FINAL_PG/FINAL_PG.srcs/sources_1/bd/PG_OV/ip/PG_OV_axi_ch1_0/PG_OV_axi_ch1_0.xdc] for cell 'PG_OV_i/axi_ch2/U0'
Finished Parsing XDC File [d:/SInglePhotons/Vivado Projects/FINAL_PG/FINAL_PG.srcs/sources_1/bd/PG_OV/ip/PG_OV_axi_ch1_0/PG_OV_axi_ch1_0.xdc] for cell 'PG_OV_i/axi_ch2/U0'
Parsing XDC File [d:/SInglePhotons/Vivado Projects/FINAL_PG/FINAL_PG.srcs/sources_1/bd/PG_OV/ip/PG_OV_axi_ch2_0/PG_OV_axi_ch2_0_board.xdc] for cell 'PG_OV_i/axi_ch3/U0'
Finished Parsing XDC File [d:/SInglePhotons/Vivado Projects/FINAL_PG/FINAL_PG.srcs/sources_1/bd/PG_OV/ip/PG_OV_axi_ch2_0/PG_OV_axi_ch2_0_board.xdc] for cell 'PG_OV_i/axi_ch3/U0'
Parsing XDC File [d:/SInglePhotons/Vivado Projects/FINAL_PG/FINAL_PG.srcs/sources_1/bd/PG_OV/ip/PG_OV_axi_ch2_0/PG_OV_axi_ch2_0.xdc] for cell 'PG_OV_i/axi_ch3/U0'
Finished Parsing XDC File [d:/SInglePhotons/Vivado Projects/FINAL_PG/FINAL_PG.srcs/sources_1/bd/PG_OV/ip/PG_OV_axi_ch2_0/PG_OV_axi_ch2_0.xdc] for cell 'PG_OV_i/axi_ch3/U0'
Parsing XDC File [d:/SInglePhotons/Vivado Projects/FINAL_PG/FINAL_PG.srcs/sources_1/bd/PG_OV/ip/PG_OV_axi_gpio_0_1/PG_OV_axi_gpio_0_1_board.xdc] for cell 'PG_OV_i/axi_del0/U0'
Finished Parsing XDC File [d:/SInglePhotons/Vivado Projects/FINAL_PG/FINAL_PG.srcs/sources_1/bd/PG_OV/ip/PG_OV_axi_gpio_0_1/PG_OV_axi_gpio_0_1_board.xdc] for cell 'PG_OV_i/axi_del0/U0'
Parsing XDC File [d:/SInglePhotons/Vivado Projects/FINAL_PG/FINAL_PG.srcs/sources_1/bd/PG_OV/ip/PG_OV_axi_gpio_0_1/PG_OV_axi_gpio_0_1.xdc] for cell 'PG_OV_i/axi_del0/U0'
Finished Parsing XDC File [d:/SInglePhotons/Vivado Projects/FINAL_PG/FINAL_PG.srcs/sources_1/bd/PG_OV/ip/PG_OV_axi_gpio_0_1/PG_OV_axi_gpio_0_1.xdc] for cell 'PG_OV_i/axi_del0/U0'
Parsing XDC File [d:/SInglePhotons/Vivado Projects/FINAL_PG/FINAL_PG.srcs/sources_1/bd/PG_OV/ip/PG_OV_axi_del0_0/PG_OV_axi_del0_0_board.xdc] for cell 'PG_OV_i/axi_del1/U0'
Finished Parsing XDC File [d:/SInglePhotons/Vivado Projects/FINAL_PG/FINAL_PG.srcs/sources_1/bd/PG_OV/ip/PG_OV_axi_del0_0/PG_OV_axi_del0_0_board.xdc] for cell 'PG_OV_i/axi_del1/U0'
Parsing XDC File [d:/SInglePhotons/Vivado Projects/FINAL_PG/FINAL_PG.srcs/sources_1/bd/PG_OV/ip/PG_OV_axi_del0_0/PG_OV_axi_del0_0.xdc] for cell 'PG_OV_i/axi_del1/U0'
Finished Parsing XDC File [d:/SInglePhotons/Vivado Projects/FINAL_PG/FINAL_PG.srcs/sources_1/bd/PG_OV/ip/PG_OV_axi_del0_0/PG_OV_axi_del0_0.xdc] for cell 'PG_OV_i/axi_del1/U0'
Parsing XDC File [d:/SInglePhotons/Vivado Projects/FINAL_PG/FINAL_PG.srcs/sources_1/bd/PG_OV/ip/PG_OV_axi_gpio_0_2/PG_OV_axi_gpio_0_2_board.xdc] for cell 'PG_OV_i/axi_util/U0'
Finished Parsing XDC File [d:/SInglePhotons/Vivado Projects/FINAL_PG/FINAL_PG.srcs/sources_1/bd/PG_OV/ip/PG_OV_axi_gpio_0_2/PG_OV_axi_gpio_0_2_board.xdc] for cell 'PG_OV_i/axi_util/U0'
Parsing XDC File [d:/SInglePhotons/Vivado Projects/FINAL_PG/FINAL_PG.srcs/sources_1/bd/PG_OV/ip/PG_OV_axi_gpio_0_2/PG_OV_axi_gpio_0_2.xdc] for cell 'PG_OV_i/axi_util/U0'
Finished Parsing XDC File [d:/SInglePhotons/Vivado Projects/FINAL_PG/FINAL_PG.srcs/sources_1/bd/PG_OV/ip/PG_OV_axi_gpio_0_2/PG_OV_axi_gpio_0_2.xdc] for cell 'PG_OV_i/axi_util/U0'
Parsing XDC File [d:/SInglePhotons/Vivado Projects/FINAL_PG/FINAL_PG.srcs/sources_1/bd/PG_OV/ip/PG_OV_rst_ps7_0_100M_0/PG_OV_rst_ps7_0_100M_0_board.xdc] for cell 'PG_OV_i/rst_ps7_0_100M/U0'
Finished Parsing XDC File [d:/SInglePhotons/Vivado Projects/FINAL_PG/FINAL_PG.srcs/sources_1/bd/PG_OV/ip/PG_OV_rst_ps7_0_100M_0/PG_OV_rst_ps7_0_100M_0_board.xdc] for cell 'PG_OV_i/rst_ps7_0_100M/U0'
Parsing XDC File [d:/SInglePhotons/Vivado Projects/FINAL_PG/FINAL_PG.srcs/sources_1/bd/PG_OV/ip/PG_OV_rst_ps7_0_100M_0/PG_OV_rst_ps7_0_100M_0.xdc] for cell 'PG_OV_i/rst_ps7_0_100M/U0'
Finished Parsing XDC File [d:/SInglePhotons/Vivado Projects/FINAL_PG/FINAL_PG.srcs/sources_1/bd/PG_OV/ip/PG_OV_rst_ps7_0_100M_0/PG_OV_rst_ps7_0_100M_0.xdc] for cell 'PG_OV_i/rst_ps7_0_100M/U0'
Parsing XDC File [D:/SInglePhotons/Vivado Projects/FINAL_PG/FINAL_PG.srcs/constrs_1/new/PYNQ-Z1.xdc]
Finished Parsing XDC File [D:/SInglePhotons/Vivado Projects/FINAL_PG/FINAL_PG.srcs/constrs_1/new/PYNQ-Z1.xdc]
INFO: [Opt 31-138] Pushed 0 inverter(s) to 0 load pin(s).
Netlist sorting complete. Time (s): cpu = 00:00:00 ; elapsed = 00:00:00.002 . Memory (MB): peak = 1271.289 ; gain = 0.000
INFO: [Project 1-111] Unisim Transformation Summary:
No Unisim elements were transformed.

12 Infos, 1 Warnings, 0 Critical Warnings and 0 Errors encountered.
link_design completed successfully
link_design: Time (s): cpu = 00:00:20 ; elapsed = 00:00:23 . Memory (MB): peak = 1271.289 ; gain = 959.125
Command: opt_design
Attempting to get a license for feature 'Implementation' and/or device 'xc7z020'
INFO: [Common 17-349] Got license for feature 'Implementation' and/or device 'xc7z020'
Running DRC as a precondition to command opt_design

Starting DRC Task
INFO: [DRC 23-27] Running DRC with 2 threads
INFO: [Project 1-461] DRC finished with 0 Errors
INFO: [Project 1-462] Please refer to the DRC report (report_drc) for more information.

Time (s): cpu = 00:00:01 ; elapsed = 00:00:00.612 . Memory (MB): peak = 1271.289 ; gain = 0.000

Starting Cache Timing Information Task
INFO: [Timing 38-35] Done setting XDC timing constraints.
Ending Cache Timing Information Task | Checksum: 133f2a709

Time (s): cpu = 00:00:00 ; elapsed = 00:00:00.194 . Memory (MB): peak = 1283.313 ; gain = 12.023

Starting Logic Optimization Task

Phase 1 Retarget
INFO: [Opt 31-138] Pushed 1 inverter(s) to 1 load pin(s).
INFO: [Opt 31-49] Retargeted 0 cell(s).
Phase 1 Retarget | Checksum: 253012211

Time (s): cpu = 00:00:00 ; elapsed = 00:00:00.289 . Memory (MB): peak = 1426.266 ; gain = 0.000
INFO: [Opt 31-389] Phase Retarget created 11 cells and removed 76 cells
INFO: [Opt 31-1021] In phase Retarget, 1 netlist objects are constrained preventing optimization. Please run opt_design with -debug_log to get more detail. 

Phase 2 Constant propagation
INFO: [Opt 31-138] Pushed 0 inverter(s) to 0 load pin(s).
Phase 2 Constant propagation | Checksum: 1c3ab7fd0

Time (s): cpu = 00:00:00 ; elapsed = 00:00:00.336 . Memory (MB): peak = 1426.266 ; gain = 0.000
INFO: [Opt 31-389] Phase Constant propagation created 0 cells and removed 8 cells

Phase 3 Sweep
Phase 3 Sweep | Checksum: 201c43f85

Time (s): cpu = 00:00:01 ; elapsed = 00:00:00.929 . Memory (MB): peak = 1426.266 ; gain = 0.000
INFO: [Opt 31-389] Phase Sweep created 0 cells and removed 594 cells

Phase 4 BUFG optimization
Phase 4 BUFG optimization | Checksum: 201c43f85

Time (s): cpu = 00:00:01 ; elapsed = 00:00:01 . Memory (MB): peak = 1426.266 ; gain = 0.000
INFO: [Opt 31-662] Phase BUFG optimization created 0 cells of which 0 are BUFGs and removed 0 cells.

Phase 5 Shift Register Optimization
INFO: [Opt 31-1064] SRL Remap converted 0 SRLs to 0 registers and converted 0 registers of register chains to 0 SRLs
Phase 5 Shift Register Optimization | Checksum: 201c43f85

Time (s): cpu = 00:00:01 ; elapsed = 00:00:01 . Memory (MB): peak = 1426.266 ; gain = 0.000
INFO: [Opt 31-389] Phase Shift Register Optimization created 0 cells and removed 0 cells

Phase 6 Post Processing Netlist
Phase 6 Post Processing Netlist | Checksum: 201c43f85

Time (s): cpu = 00:00:01 ; elapsed = 00:00:01 . Memory (MB): peak = 1426.266 ; gain = 0.000
INFO: [Opt 31-389] Phase Post Processing Netlist created 0 cells and removed 0 cells
Opt_design Change Summary
=========================


-------------------------------------------------------------------------------------------------------------------------
|  Phase                        |  #Cells created  |  #Cells Removed  |  #Constrained objects preventing optimizations  |
-------------------------------------------------------------------------------------------------------------------------
|  Retarget                     |              11  |              76  |                                              1  |
|  Constant propagation         |               0  |               8  |                                              0  |
|  Sweep                        |               0  |             594  |                                              0  |
|  BUFG optimization            |               0  |               0  |                                              0  |
|  Shift Register Optimization  |               0  |               0  |                                              0  |
|  Post Processing Netlist      |               0  |               0  |                                              0  |
-------------------------------------------------------------------------------------------------------------------------



Starting Connectivity Check Task

Time (s): cpu = 00:00:00 ; elapsed = 00:00:00.010 . Memory (MB): peak = 1426.266 ; gain = 0.000
Ending Logic Optimization Task | Checksum: 1b1f39111

Time (s): cpu = 00:00:01 ; elapsed = 00:00:01 . Memory (MB): peak = 1426.266 ; gain = 0.000

Starting Power Optimization Task
INFO: [Pwropt 34-132] Skipping clock gating for clocks with a period < 2.00 ns.
Ending Power Optimization Task | Checksum: 1b1f39111

Time (s): cpu = 00:00:00 ; elapsed = 00:00:00.010 . Memory (MB): peak = 1426.266 ; gain = 0.000

Starting Final Cleanup Task
Ending Final Cleanup Task | Checksum: 1b1f39111

Time (s): cpu = 00:00:00 ; elapsed = 00:00:00 . Memory (MB): peak = 1426.266 ; gain = 0.000

Starting Netlist Obfuscation Task
Netlist sorting complete. Time (s): cpu = 00:00:00 ; elapsed = 00:00:00.002 . Memory (MB): peak = 1426.266 ; gain = 0.000
Ending Netlist Obfuscation Task | Checksum: 1b1f39111

Time (s): cpu = 00:00:00 ; elapsed = 00:00:00.002 . Memory (MB): peak = 1426.266 ; gain = 0.000
INFO: [Common 17-83] Releasing license: Implementation
30 Infos, 1 Warnings, 0 Critical Warnings and 0 Errors encountered.
opt_design completed successfully
Netlist sorting complete. Time (s): cpu = 00:00:00 ; elapsed = 00:00:00.001 . Memory (MB): peak = 1426.266 ; gain = 0.000
INFO: [Timing 38-480] Writing timing data to binary archive.
Writing placer database...
Writing XDEF routing.
Writing XDEF routing logical nets.
Writing XDEF routing special nets.
Write XDEF Complete: Time (s): cpu = 00:00:01 ; elapsed = 00:00:00.070 . Memory (MB): peak = 1426.266 ; gain = 0.000
INFO: [Common 17-1381] The checkpoint 'D:/SInglePhotons/Vivado Projects/FINAL_PG/FINAL_PG.runs/impl_1/PG_OV_wrapper_opt.dcp' has been generated.
INFO: [runtcl-4] Executing : report_drc -file PG_OV_wrapper_drc_opted.rpt -pb PG_OV_wrapper_drc_opted.pb -rpx PG_OV_wrapper_drc_opted.rpx
Command: report_drc -file PG_OV_wrapper_drc_opted.rpt -pb PG_OV_wrapper_drc_opted.pb -rpx PG_OV_wrapper_drc_opted.rpx
INFO: [IP_Flow 19-1839] IP Catalog is up to date.
INFO: [DRC 23-27] Running DRC with 2 threads
INFO: [Coretcl 2-168] The results of DRC are in file D:/SInglePhotons/Vivado Projects/FINAL_PG/FINAL_PG.runs/impl_1/PG_OV_wrapper_drc_opted.rpt.
report_drc completed successfully
Command: place_design
Attempting to get a license for feature 'Implementation' and/or device 'xc7z020'
INFO: [Common 17-349] Got license for feature 'Implementation' and/or device 'xc7z020'
INFO: [DRC 23-27] Running DRC with 2 threads
INFO: [Vivado_Tcl 4-198] DRC finished with 0 Errors
INFO: [Vivado_Tcl 4-199] Please refer to the DRC report (report_drc) for more information.
Running DRC as a precondition to command place_design
INFO: [DRC 23-27] Running DRC with 2 threads
INFO: [Vivado_Tcl 4-198] DRC finished with 0 Errors
INFO: [Vivado_Tcl 4-199] Please refer to the DRC report (report_drc) for more information.

Starting Placer Task
INFO: [Place 30-611] Multithreading enabled for place_design using a maximum of 2 CPUs

Phase 1 Placer Initialization

Phase 1.1 Placer Initialization Netlist Sorting
Netlist sorting complete. Time (s): cpu = 00:00:00 ; elapsed = 00:00:00.002 . Memory (MB): peak = 1426.266 ; gain = 0.000
Phase 1.1 Placer Initialization Netlist Sorting | Checksum: 10a7930de

Time (s): cpu = 00:00:00 ; elapsed = 00:00:00.008 . Memory (MB): peak = 1426.266 ; gain = 0.000
Netlist sorting complete. Time (s): cpu = 00:00:00 ; elapsed = 00:00:00.001 . Memory (MB): peak = 1426.266 ; gain = 0.000

Phase 1.2 IO Placement/ Clock Placement/ Build Placer Device
INFO: [Timing 38-35] Done setting XDC timing constraints.
Phase 1.2 IO Placement/ Clock Placement/ Build Placer Device | Checksum: 2fa3491e

Time (s): cpu = 00:00:02 ; elapsed = 00:00:01 . Memory (MB): peak = 1426.266 ; gain = 0.000

Phase 1.3 Build Placer Netlist Model
Phase 1.3 Build Placer Netlist Model | Checksum: 14de5a588

Time (s): cpu = 00:00:03 ; elapsed = 00:00:02 . Memory (MB): peak = 1429.961 ; gain = 3.695

Phase 1.4 Constrain Clocks/Macros
Phase 1.4 Constrain Clocks/Macros | Checksum: 14de5a588

Time (s): cpu = 00:00:03 ; elapsed = 00:00:02 . Memory (MB): peak = 1429.961 ; gain = 3.695
Phase 1 Placer Initialization | Checksum: 14de5a588

Time (s): cpu = 00:00:03 ; elapsed = 00:00:02 . Memory (MB): peak = 1429.961 ; gain = 3.695

Phase 2 Global Placement

Phase 2.1 Floorplanning
Phase 2.1 Floorplanning | Checksum: 1723c72c5

Time (s): cpu = 00:00:03 ; elapsed = 00:00:02 . Memory (MB): peak = 1429.961 ; gain = 3.695

Phase 2.2 Global Placement Core

Phase 2.2.1 Physical Synthesis In Placer
INFO: [Physopt 32-65] No nets found for high-fanout optimization.
INFO: [Physopt 32-232] Optimized 0 net. Created 0 new instance.
INFO: [Physopt 32-775] End 1 Pass. Optimized 0 net or cell. Created 0 new cell, deleted 0 existing cell and moved 0 existing cell
INFO: [Physopt 32-456] No candidate cells for DSP register optimization found in the design.
INFO: [Physopt 32-775] End 2 Pass. Optimized 0 net or cell. Created 0 new cell, deleted 0 existing cell and moved 0 existing cell
INFO: [Physopt 32-677] No candidate cells for Shift Register optimization found in the design
INFO: [Physopt 32-775] End 1 Pass. Optimized 0 net or cell. Created 0 new cell, deleted 0 existing cell and moved 0 existing cell
INFO: [Physopt 32-526] No candidate cells for BRAM register optimization found in the design
INFO: [Physopt 32-775] End 1 Pass. Optimized 0 net or cell. Created 0 new cell, deleted 0 existing cell and moved 0 existing cell
INFO: [Physopt 32-949] No candidate nets found for HD net replication
INFO: [Physopt 32-775] End 1 Pass. Optimized 0 net or cell. Created 0 new cell, deleted 0 existing cell and moved 0 existing cell
Netlist sorting complete. Time (s): cpu = 00:00:00 ; elapsed = 00:00:00.001 . Memory (MB): peak = 1429.961 ; gain = 0.000

Summary of Physical Synthesis Optimizations
============================================


----------------------------------------------------------------------------------------------------------------------------------------
|  Optimization                  |  Added Cells  |  Removed Cells  |  Optimized Cells/Nets  |  Dont Touch  |  Iterations  |  Elapsed   |
----------------------------------------------------------------------------------------------------------------------------------------
|  Very High Fanout              |            0  |              0  |                     0  |           0  |           1  |  00:00:00  |
|  DSP Register                  |            0  |              0  |                     0  |           0  |           1  |  00:00:00  |
|  Shift Register                |            0  |              0  |                     0  |           0  |           1  |  00:00:00  |
|  BRAM Register                 |            0  |              0  |                     0  |           0  |           1  |  00:00:00  |
|  HD Interface Net Replication  |            0  |              0  |                     0  |           0  |           1  |  00:00:00  |
|  Total                         |            0  |              0  |                     0  |           0  |           5  |  00:00:00  |
----------------------------------------------------------------------------------------------------------------------------------------


Phase 2.2.1 Physical Synthesis In Placer | Checksum: 150c9ec1a

Time (s): cpu = 00:00:11 ; elapsed = 00:00:06 . Memory (MB): peak = 1429.961 ; gain = 3.695
Phase 2.2 Global Placement Core | Checksum: e3edc1e4

Time (s): cpu = 00:00:11 ; elapsed = 00:00:07 . Memory (MB): peak = 1429.961 ; gain = 3.695
Phase 2 Global Placement | Checksum: e3edc1e4

Time (s): cpu = 00:00:11 ; elapsed = 00:00:07 . Memory (MB): peak = 1429.961 ; gain = 3.695

Phase 3 Detail Placement

Phase 3.1 Commit Multi Column Macros
Phase 3.1 Commit Multi Column Macros | Checksum: 1515b1443

Time (s): cpu = 00:00:12 ; elapsed = 00:00:07 . Memory (MB): peak = 1429.961 ; gain = 3.695

Phase 3.2 Commit Most Macros & LUTRAMs
Phase 3.2 Commit Most Macros & LUTRAMs | Checksum: 179a715e0

Time (s): cpu = 00:00:12 ; elapsed = 00:00:07 . Memory (MB): peak = 1429.961 ; gain = 3.695

Phase 3.3 Area Swap Optimization
Phase 3.3 Area Swap Optimization | Checksum: 16bb0d014

Time (s): cpu = 00:00:12 ; elapsed = 00:00:07 . Memory (MB): peak = 1429.961 ; gain = 3.695

Phase 3.4 Pipeline Register Optimization
Phase 3.4 Pipeline Register Optimization | Checksum: 14aa528b4

Time (s): cpu = 00:00:12 ; elapsed = 00:00:07 . Memory (MB): peak = 1429.961 ; gain = 3.695

Phase 3.5 Fast Optimization
Phase 3.5 Fast Optimization | Checksum: 106439adf

Time (s): cpu = 00:00:17 ; elapsed = 00:00:12 . Memory (MB): peak = 1429.961 ; gain = 3.695

Phase 3.6 Small Shape Detail Placement
Phase 3.6 Small Shape Detail Placement | Checksum: 11af5b0dc

Time (s): cpu = 00:00:18 ; elapsed = 00:00:13 . Memory (MB): peak = 1429.961 ; gain = 3.695

Phase 3.7 Re-assign LUT pins
Phase 3.7 Re-assign LUT pins | Checksum: 19f21e896

Time (s): cpu = 00:00:18 ; elapsed = 00:00:13 . Memory (MB): peak = 1429.961 ; gain = 3.695

Phase 3.8 Pipeline Register Optimization
Phase 3.8 Pipeline Register Optimization | Checksum: 1b81f7db6

Time (s): cpu = 00:00:18 ; elapsed = 00:00:13 . Memory (MB): peak = 1429.961 ; gain = 3.695

Phase 3.9 Fast Optimization
Phase 3.9 Fast Optimization | Checksum: 191e3adae

Time (s): cpu = 00:00:27 ; elapsed = 00:00:22 . Memory (MB): peak = 1429.961 ; gain = 3.695
Phase 3 Detail Placement | Checksum: 191e3adae

Time (s): cpu = 00:00:27 ; elapsed = 00:00:22 . Memory (MB): peak = 1429.961 ; gain = 3.695

Phase 4 Post Placement Optimization and Clean-Up

Phase 4.1 Post Commit Optimization
INFO: [Timing 38-35] Done setting XDC timing constraints.

Phase 4.1.1 Post Placement Optimization
Post Placement Optimization Initialization | Checksum: 1a9a81186

Phase 4.1.1.1 BUFG Insertion
INFO: [Place 46-56] BUFG insertion identified 0 candidate nets. Inserted BUFG: 0, Replicated BUFG Driver: 0, Skipped due to Placement/Routing Conflicts: 0, Skipped due to Timing Degradation: 0, Skipped due to Illegal Netlist: 0.
Phase 4.1.1.1 BUFG Insertion | Checksum: 1a9a81186

Time (s): cpu = 00:00:28 ; elapsed = 00:00:23 . Memory (MB): peak = 1440.098 ; gain = 13.832
INFO: [Place 30-746] Post Placement Timing Summary WNS=-6.741. For the most accurate timing information please run report_timing.
Phase 4.1.1 Post Placement Optimization | Checksum: 221c90521

Time (s): cpu = 00:01:05 ; elapsed = 00:01:00 . Memory (MB): peak = 1440.098 ; gain = 13.832
Phase 4.1 Post Commit Optimization | Checksum: 221c90521

Time (s): cpu = 00:01:05 ; elapsed = 00:01:00 . Memory (MB): peak = 1440.098 ; gain = 13.832

Phase 4.2 Post Placement Cleanup
Phase 4.2 Post Placement Cleanup | Checksum: 221c90521

Time (s): cpu = 00:01:05 ; elapsed = 00:01:00 . Memory (MB): peak = 1440.098 ; gain = 13.832

Phase 4.3 Placer Reporting
Phase 4.3 Placer Reporting | Checksum: 221c90521

Time (s): cpu = 00:01:05 ; elapsed = 00:01:00 . Memory (MB): peak = 1440.098 ; gain = 13.832

Phase 4.4 Final Placement Cleanup
Netlist sorting complete. Time (s): cpu = 00:00:00 ; elapsed = 00:00:00.002 . Memory (MB): peak = 1440.098 ; gain = 0.000
Phase 4.4 Final Placement Cleanup | Checksum: 1f8d80e82

Time (s): cpu = 00:01:05 ; elapsed = 00:01:00 . Memory (MB): peak = 1440.098 ; gain = 13.832
Phase 4 Post Placement Optimization and Clean-Up | Checksum: 1f8d80e82

Time (s): cpu = 00:01:06 ; elapsed = 00:01:00 . Memory (MB): peak = 1440.098 ; gain = 13.832
Ending Placer Task | Checksum: 1599c851a

Time (s): cpu = 00:01:06 ; elapsed = 00:01:00 . Memory (MB): peak = 1440.098 ; gain = 13.832
INFO: [Common 17-83] Releasing license: Implementation
60 Infos, 1 Warnings, 0 Critical Warnings and 0 Errors encountered.
place_design completed successfully
place_design: Time (s): cpu = 00:01:07 ; elapsed = 00:01:01 . Memory (MB): peak = 1440.098 ; gain = 13.832
Netlist sorting complete. Time (s): cpu = 00:00:00 ; elapsed = 00:00:00.002 . Memory (MB): peak = 1440.098 ; gain = 0.000
INFO: [Timing 38-480] Writing timing data to binary archive.
Writing placer database...
Writing XDEF routing.
Writing XDEF routing logical nets.
Writing XDEF routing special nets.
Write XDEF Complete: Time (s): cpu = 00:00:01 ; elapsed = 00:00:00.343 . Memory (MB): peak = 1452.363 ; gain = 11.250
INFO: [Common 17-1381] The checkpoint 'D:/SInglePhotons/Vivado Projects/FINAL_PG/FINAL_PG.runs/impl_1/PG_OV_wrapper_placed.dcp' has been generated.
INFO: [runtcl-4] Executing : report_io -file PG_OV_wrapper_io_placed.rpt
report_io: Time (s): cpu = 00:00:00 ; elapsed = 00:00:00.061 . Memory (MB): peak = 1452.363 ; gain = 0.000
INFO: [runtcl-4] Executing : report_utilization -file PG_OV_wrapper_utilization_placed.rpt -pb PG_OV_wrapper_utilization_placed.pb
INFO: [runtcl-4] Executing : report_control_sets -verbose -file PG_OV_wrapper_control_sets_placed.rpt
report_control_sets: Time (s): cpu = 00:00:00 ; elapsed = 00:00:00.073 . Memory (MB): peak = 1452.363 ; gain = 0.000
Command: route_design
Attempting to get a license for feature 'Implementation' and/or device 'xc7z020'
INFO: [Common 17-349] Got license for feature 'Implementation' and/or device 'xc7z020'
Running DRC as a precondition to command route_design
INFO: [DRC 23-27] Running DRC with 2 threads
INFO: [Vivado_Tcl 4-198] DRC finished with 0 Errors
INFO: [Vivado_Tcl 4-199] Please refer to the DRC report (report_drc) for more information.


Starting Routing Task
INFO: [Route 35-254] Multithreading enabled for route_design using a maximum of 2 CPUs
Checksum: PlaceDB: 860ffc21 ConstDB: 0 ShapeSum: d38c88f9 RouteDB: 0

Phase 1 Build RT Design
Phase 1 Build RT Design | Checksum: 16021f632

Time (s): cpu = 00:00:27 ; elapsed = 00:00:23 . Memory (MB): peak = 1547.023 ; gain = 93.941
Post Restoration Checksum: NetGraph: 9b8e4fbc NumContArr: c493a676 Constraints: 0 Timing: 0

Phase 2 Router Initialization

Phase 2.1 Create Timer
Phase 2.1 Create Timer | Checksum: 16021f632

Time (s): cpu = 00:00:27 ; elapsed = 00:00:24 . Memory (MB): peak = 1579.289 ; gain = 126.207

Phase 2.2 Fix Topology Constraints
Phase 2.2 Fix Topology Constraints | Checksum: 16021f632

Time (s): cpu = 00:00:27 ; elapsed = 00:00:24 . Memory (MB): peak = 1586.563 ; gain = 133.480

Phase 2.3 Pre Route Cleanup
Phase 2.3 Pre Route Cleanup | Checksum: 16021f632

Time (s): cpu = 00:00:27 ; elapsed = 00:00:24 . Memory (MB): peak = 1586.563 ; gain = 133.480
 Number of Nodes with overlaps = 0

Phase 2.4 Update Timing
Phase 2.4 Update Timing | Checksum: 18523ac54

Time (s): cpu = 00:00:28 ; elapsed = 00:00:25 . Memory (MB): peak = 1612.770 ; gain = 159.688
INFO: [Route 35-416] Intermediate Timing Summary | WNS=-6.726 | TNS=-4924.245| WHS=-0.158 | THS=-32.605|

Phase 2 Router Initialization | Checksum: 13c0b7dbc

Time (s): cpu = 00:00:29 ; elapsed = 00:00:25 . Memory (MB): peak = 1612.770 ; gain = 159.688

Router Utilization Summary
  Global Vertical Routing Utilization    = 0 %
  Global Horizontal Routing Utilization  = 0 %
  Routable Net Status*
  *Does not include unroutable nets such as driverless and loadless.
  Run report_route_status for detailed report.
  Number of Failed Nets               = 3727
    (Failed Nets is the sum of unrouted and partially routed nets)
  Number of Unrouted Nets             = 3727
  Number of Partially Routed Nets     = 0
  Number of Node Overlaps             = 0


Phase 3 Initial Routing
Phase 3 Initial Routing | Checksum: b44324d6

Time (s): cpu = 00:00:30 ; elapsed = 00:00:26 . Memory (MB): peak = 1613.824 ; gain = 160.742
INFO: [Route 35-580] Design has 58 pins with tight setup and hold constraints.

The top 5 pins with tight setup and hold constraints:

+--------------------------+--------------------------+----------------------------------------------------------------------------------------------------------+
|       Launch Clock       |      Capture Clock       |                                                 Pin                                                      |
+--------------------------+--------------------------+----------------------------------------------------------------------------------------------------------+
| clk_out1_PG_OV_clk_wiz_0_0 |clk_out1_PG_OV_clk_wiz_0_0 |                                                                        PG_OV_i/PG_CORE_0/U0/RSTo_reg[1]/D|
| clk_out1_PG_OV_clk_wiz_0_0 |clk_out1_PG_OV_clk_wiz_0_0 |                                                                        PG_OV_i/PG_CORE_0/U0/RSTo_reg[2]/D|
| clk_out1_PG_OV_clk_wiz_0_0 |clk_out1_PG_OV_clk_wiz_0_0 |                                                                        PG_OV_i/PG_CORE_0/U0/RSTo_reg[3]/D|
| clk_out1_PG_OV_clk_wiz_0_0 |clk_out1_PG_OV_clk_wiz_0_0 |                                                                      PG_OV_i/PG_CORE_0/U0/CHOUTP_reg[2]/D|
| clk_out1_PG_OV_clk_wiz_0_0 |clk_out1_PG_OV_clk_wiz_0_0 |                                                                      PG_OV_i/PG_CORE_0/U0/CHOUTP_reg[3]/D|
+--------------------------+--------------------------+----------------------------------------------------------------------------------------------------------+

File with complete list of pins: tight_setup_hold_pins.txt


Phase 4 Rip-up And Reroute

Phase 4.1 Global Iteration 0
 Number of Nodes with overlaps = 275
 Number of Nodes with overlaps = 14
 Number of Nodes with overlaps = 1
 Number of Nodes with overlaps = 1
 Number of Nodes with overlaps = 0
INFO: [Route 35-416] Intermediate Timing Summary | WNS=-6.796 | TNS=-5136.112| WHS=N/A    | THS=N/A    |

Phase 4.1 Global Iteration 0 | Checksum: 180d2b599

Time (s): cpu = 00:00:33 ; elapsed = 00:00:28 . Memory (MB): peak = 1616.840 ; gain = 163.758

Phase 4.2 Global Iteration 1
 Number of Nodes with overlaps = 3
 Number of Nodes with overlaps = 0
INFO: [Route 35-416] Intermediate Timing Summary | WNS=-6.794 | TNS=-5142.774| WHS=N/A    | THS=N/A    |

Phase 4.2 Global Iteration 1 | Checksum: 186972145

Time (s): cpu = 00:00:33 ; elapsed = 00:00:28 . Memory (MB): peak = 1616.840 ; gain = 163.758
Phase 4 Rip-up And Reroute | Checksum: 186972145

Time (s): cpu = 00:00:33 ; elapsed = 00:00:28 . Memory (MB): peak = 1616.840 ; gain = 163.758

Phase 5 Delay and Skew Optimization

Phase 5.1 Delay CleanUp

Phase 5.1.1 Update Timing
Phase 5.1.1 Update Timing | Checksum: ef0733c2

Time (s): cpu = 00:00:34 ; elapsed = 00:00:29 . Memory (MB): peak = 1616.840 ; gain = 163.758
INFO: [Route 35-416] Intermediate Timing Summary | WNS=-6.794 | TNS=-5104.124| WHS=N/A    | THS=N/A    |

 Number of Nodes with overlaps = 0
Phase 5.1 Delay CleanUp | Checksum: 2966749b9

Time (s): cpu = 00:00:34 ; elapsed = 00:00:29 . Memory (MB): peak = 1616.840 ; gain = 163.758

Phase 5.2 Clock Skew Optimization
Phase 5.2 Clock Skew Optimization | Checksum: 2966749b9

Time (s): cpu = 00:00:34 ; elapsed = 00:00:29 . Memory (MB): peak = 1616.840 ; gain = 163.758
Phase 5 Delay and Skew Optimization | Checksum: 2966749b9

Time (s): cpu = 00:00:34 ; elapsed = 00:00:29 . Memory (MB): peak = 1616.840 ; gain = 163.758

Phase 6 Post Hold Fix

Phase 6.1 Hold Fix Iter

Phase 6.1.1 Update Timing
Phase 6.1.1 Update Timing | Checksum: 1bbdcae8e

Time (s): cpu = 00:00:34 ; elapsed = 00:00:29 . Memory (MB): peak = 1616.840 ; gain = 163.758
INFO: [Route 35-416] Intermediate Timing Summary | WNS=-6.803 | TNS=-5102.654| WHS=0.029  | THS=0.000  |

Phase 6.1 Hold Fix Iter | Checksum: 22a405c20

Time (s): cpu = 00:00:34 ; elapsed = 00:00:29 . Memory (MB): peak = 1616.840 ; gain = 163.758
Phase 6 Post Hold Fix | Checksum: 22a405c20

Time (s): cpu = 00:00:34 ; elapsed = 00:00:29 . Memory (MB): peak = 1616.840 ; gain = 163.758

Phase 7 Route finalize

Router Utilization Summary
  Global Vertical Routing Utilization    = 0.804546 %
  Global Horizontal Routing Utilization  = 0.970673 %
  Routable Net Status*
  *Does not include unroutable nets such as driverless and loadless.
  Run report_route_status for detailed report.
  Number of Failed Nets               = 0
    (Failed Nets is the sum of unrouted and partially routed nets)
  Number of Unrouted Nets             = 0
  Number of Partially Routed Nets     = 0
  Number of Node Overlaps             = 0

Congestion Report
North Dir 1x1 Area, Max Cong = 71.1712%, No Congested Regions.
South Dir 1x1 Area, Max Cong = 45.9459%, No Congested Regions.
East Dir 1x1 Area, Max Cong = 50%, No Congested Regions.
West Dir 1x1 Area, Max Cong = 69.1176%, No Congested Regions.

------------------------------
Reporting congestion hotspots
------------------------------
Direction: North
----------------
Congested clusters found at Level 0
Effective congestion level: 0 Aspect Ratio: 1 Sparse Ratio: 0
Direction: South
----------------
Congested clusters found at Level 0
Effective congestion level: 0 Aspect Ratio: 1 Sparse Ratio: 0
Direction: East
----------------
Congested clusters found at Level 0
Effective congestion level: 0 Aspect Ratio: 1 Sparse Ratio: 0
Direction: West
----------------
Congested clusters found at Level 0
Effective congestion level: 0 Aspect Ratio: 1 Sparse Ratio: 0

Phase 7 Route finalize | Checksum: 256e5e7a2

Time (s): cpu = 00:00:34 ; elapsed = 00:00:29 . Memory (MB): peak = 1616.840 ; gain = 163.758

Phase 8 Verifying routed nets

 Verification completed successfully
Phase 8 Verifying routed nets | Checksum: 256e5e7a2

Time (s): cpu = 00:00:34 ; elapsed = 00:00:29 . Memory (MB): peak = 1616.840 ; gain = 163.758

Phase 9 Depositing Routes
Phase 9 Depositing Routes | Checksum: 1931cfbfb

Time (s): cpu = 00:00:34 ; elapsed = 00:00:29 . Memory (MB): peak = 1616.840 ; gain = 163.758

Phase 10 Post Router Timing
INFO: [Route 35-57] Estimated Timing Summary | WNS=-6.803 | TNS=-5102.654| WHS=0.029  | THS=0.000  |

WARNING: [Route 35-328] Router estimated timing not met.
Resolution: For a complete and accurate timing signoff, report_timing_summary must be run after route_design. Alternatively, route_design can be run with the -timing_summary option to enable a complete timing signoff at the end of route_design.
Phase 10 Post Router Timing | Checksum: 1931cfbfb

Time (s): cpu = 00:00:34 ; elapsed = 00:00:29 . Memory (MB): peak = 1616.840 ; gain = 163.758
INFO: [Route 35-16] Router Completed Successfully

Time (s): cpu = 00:00:34 ; elapsed = 00:00:29 . Memory (MB): peak = 1616.840 ; gain = 163.758

Routing Is Done.
INFO: [Common 17-83] Releasing license: Implementation
79 Infos, 2 Warnings, 0 Critical Warnings and 0 Errors encountered.
route_design completed successfully
route_design: Time (s): cpu = 00:00:36 ; elapsed = 00:00:31 . Memory (MB): peak = 1616.840 ; gain = 164.477
Netlist sorting complete. Time (s): cpu = 00:00:00 ; elapsed = 00:00:00.001 . Memory (MB): peak = 1616.840 ; gain = 0.000
Writing placer database...
INFO: [Timing 38-480] Writing timing data to binary archive.
Writing XDEF routing.
Writing XDEF routing logical nets.
Writing XDEF routing special nets.
Write XDEF Complete: Time (s): cpu = 00:00:02 ; elapsed = 00:00:00.423 . Memory (MB): peak = 1634.848 ; gain = 8.941
INFO: [Common 17-1381] The checkpoint 'D:/SInglePhotons/Vivado Projects/FINAL_PG/FINAL_PG.runs/impl_1/PG_OV_wrapper_routed.dcp' has been generated.
INFO: [runtcl-4] Executing : report_drc -file PG_OV_wrapper_drc_routed.rpt -pb PG_OV_wrapper_drc_routed.pb -rpx PG_OV_wrapper_drc_routed.rpx
Command: report_drc -file PG_OV_wrapper_drc_routed.rpt -pb PG_OV_wrapper_drc_routed.pb -rpx PG_OV_wrapper_drc_routed.rpx
INFO: [IP_Flow 19-1839] IP Catalog is up to date.
INFO: [DRC 23-27] Running DRC with 2 threads
INFO: [Coretcl 2-168] The results of DRC are in file D:/SInglePhotons/Vivado Projects/FINAL_PG/FINAL_PG.runs/impl_1/PG_OV_wrapper_drc_routed.rpt.
report_drc completed successfully
INFO: [runtcl-4] Executing : report_methodology -file PG_OV_wrapper_methodology_drc_routed.rpt -pb PG_OV_wrapper_methodology_drc_routed.pb -rpx PG_OV_wrapper_methodology_drc_routed.rpx
Command: report_methodology -file PG_OV_wrapper_methodology_drc_routed.rpt -pb PG_OV_wrapper_methodology_drc_routed.pb -rpx PG_OV_wrapper_methodology_drc_routed.rpx
INFO: [Timing 38-35] Done setting XDC timing constraints.
INFO: [DRC 23-133] Running Methodology with 2 threads
INFO: [Coretcl 2-1520] The results of Report Methodology are in file D:/SInglePhotons/Vivado Projects/FINAL_PG/FINAL_PG.runs/impl_1/PG_OV_wrapper_methodology_drc_routed.rpt.
report_methodology completed successfully
INFO: [runtcl-4] Executing : report_power -file PG_OV_wrapper_power_routed.rpt -pb PG_OV_wrapper_power_summary_routed.pb -rpx PG_OV_wrapper_power_routed.rpx
Command: report_power -file PG_OV_wrapper_power_routed.rpt -pb PG_OV_wrapper_power_summary_routed.pb -rpx PG_OV_wrapper_power_routed.rpx
INFO: [Timing 38-35] Done setting XDC timing constraints.
Running Vector-less Activity Propagation...

Finished Running Vector-less Activity Propagation
91 Infos, 2 Warnings, 0 Critical Warnings and 0 Errors encountered.
report_power completed successfully
INFO: [runtcl-4] Executing : report_route_status -file PG_OV_wrapper_route_status.rpt -pb PG_OV_wrapper_route_status.pb
INFO: [runtcl-4] Executing : report_timing_summary -max_paths 10 -file PG_OV_wrapper_timing_summary_routed.rpt -pb PG_OV_wrapper_timing_summary_routed.pb -rpx PG_OV_wrapper_timing_summary_routed.rpx -warn_on_violation 
INFO: [Timing 38-91] UpdateTimingParams: Speed grade: -1, Delay Type: min_max.
INFO: [Timing 38-191] Multithreading enabled for timing update using a maximum of 2 CPUs
CRITICAL WARNING: [Timing 38-282] The design failed to meet the timing requirements. Please see the timing summary report for details on the timing violations.
INFO: [runtcl-4] Executing : report_incremental_reuse -file PG_OV_wrapper_incremental_reuse_routed.rpt
INFO: [Vivado_Tcl 4-1062] Incremental flow is disabled. No incremental reuse Info to report.
INFO: [runtcl-4] Executing : report_clock_utilization -file PG_OV_wrapper_clock_utilization_routed.rpt
INFO: [runtcl-4] Executing : report_bus_skew -warn_on_violation -file PG_OV_wrapper_bus_skew_routed.rpt -pb PG_OV_wrapper_bus_skew_routed.pb -rpx PG_OV_wrapper_bus_skew_routed.rpx
INFO: [Timing 38-91] UpdateTimingParams: Speed grade: -1, Delay Type: min_max.
INFO: [Timing 38-191] Multithreading enabled for timing update using a maximum of 2 CPUs
Command: write_bitstream -force PG_OV_wrapper.bit
Attempting to get a license for feature 'Implementation' and/or device 'xc7z020'
INFO: [Common 17-349] Got license for feature 'Implementation' and/or device 'xc7z020'
Running DRC as a precondition to command write_bitstream
INFO: [IP_Flow 19-1839] IP Catalog is up to date.
INFO: [DRC 23-27] Running DRC with 2 threads
INFO: [Vivado 12-3199] DRC finished with 0 Errors
INFO: [Vivado 12-3200] Please refer to the DRC report (report_drc) for more information.
INFO: [Designutils 20-2272] Running write_bitstream with 2 threads.
Loading data files...
Loading site data...
Loading route data...
Processing options...
Creating bitmap...
Creating bitstream...
Writing bitstream ./PG_OV_wrapper.bit...
INFO: [Vivado 12-1842] Bitgen Completed Successfully.
INFO: [Project 1-120] WebTalk data collection is mandatory when using a WebPACK part without a full Vivado license. To see the specific WebTalk data collected for your design, open the usage_statistics_webtalk.html or usage_statistics_webtalk.xml file in the implementation directory.
INFO: [Common 17-83] Releasing license: Implementation
110 Infos, 2 Warnings, 1 Critical Warnings and 0 Errors encountered.
write_bitstream completed successfully
write_bitstream: Time (s): cpu = 00:00:18 ; elapsed = 00:00:20 . Memory (MB): peak = 2063.520 ; gain = 417.684
INFO: [Common 17-206] Exiting Vivado at Tue Dec  3 11:59:03 2019...
