Copyright 1986-2019 Xilinx, Inc. All Rights Reserved.
---------------------------------------------------------------------------------------------------------------------
| Tool Version : Vivado v.2019.1 (win64) Build 2552052 Fri May 24 14:49:42 MDT 2019
| Date         : Wed Dec 11 15:43:01 2019
| Host         : CISS32101 running 64-bit Service Pack 1  (build 7601)
| Command      : report_utilization -file SP_OV_wrapper_utilization_synth.rpt -pb SP_OV_wrapper_utilization_synth.pb
| Design       : SP_OV_wrapper
| Device       : 7z020clg400-1
| Design State : Synthesized
---------------------------------------------------------------------------------------------------------------------

Utilization Design Information

Table of Contents
-----------------
1. Slice Logic
1.1 Summary of Registers by Type
2. Memory
3. DSP
4. IO and GT Specific
5. Clocking
6. Specific Feature
7. Primitives
8. Black Boxes
9. Instantiated Netlists

1. Slice Logic
--------------

+----------------------------+-------+-------+-----------+-------+
|          Site Type         |  Used | Fixed | Available | Util% |
+----------------------------+-------+-------+-----------+-------+
| Slice LUTs*                |  4876 |     0 |     53200 |  9.17 |
|   LUT as Logic             |  4810 |     0 |     53200 |  9.04 |
|   LUT as Memory            |    66 |     0 |     17400 |  0.38 |
|     LUT as Distributed RAM |     0 |     0 |           |       |
|     LUT as Shift Register  |    66 |     0 |           |       |
| Slice Registers            | 11039 |     0 |    106400 | 10.38 |
|   Register as Flip Flop    | 11039 |     0 |    106400 | 10.38 |
|   Register as Latch        |     0 |     0 |    106400 |  0.00 |
| F7 Muxes                   |     5 |     0 |     26600 |  0.02 |
| F8 Muxes                   |     0 |     0 |     13300 |  0.00 |
+----------------------------+-------+-------+-----------+-------+
* Warning! The Final LUT count, after physical optimizations and full implementation, is typically lower. Run opt_design after synthesis, if not already completed, for a more realistic count.


1.1 Summary of Registers by Type
--------------------------------

+-------+--------------+-------------+--------------+
| Total | Clock Enable | Synchronous | Asynchronous |
+-------+--------------+-------------+--------------+
| 0     |            _ |           - |            - |
| 0     |            _ |           - |          Set |
| 0     |            _ |           - |        Reset |
| 0     |            _ |         Set |            - |
| 0     |            _ |       Reset |            - |
| 0     |          Yes |           - |            - |
| 0     |          Yes |           - |          Set |
| 0     |          Yes |           - |        Reset |
| 1165  |          Yes |         Set |            - |
| 9874  |          Yes |       Reset |            - |
+-------+--------------+-------------+--------------+


2. Memory
---------

+-------------------+------+-------+-----------+-------+
|     Site Type     | Used | Fixed | Available | Util% |
+-------------------+------+-------+-----------+-------+
| Block RAM Tile    |    2 |     0 |       140 |  1.43 |
|   RAMB36/FIFO*    |    0 |     0 |       140 |  0.00 |
|   RAMB18          |    4 |     0 |       280 |  1.43 |
|     RAMB18E1 only |    4 |       |           |       |
+-------------------+------+-------+-----------+-------+
* Note: Each Block RAM Tile only has one FIFO logic available and therefore can accommodate only one FIFO36E1 or one FIFO18E1. However, if a FIFO18E1 occupies a Block RAM Tile, that tile can still accommodate a RAMB18E1


3. DSP
------

+----------------+------+-------+-----------+-------+
|    Site Type   | Used | Fixed | Available | Util% |
+----------------+------+-------+-----------+-------+
| DSPs           |    4 |     0 |       220 |  1.82 |
|   DSP48E1 only |    4 |       |           |       |
+----------------+------+-------+-----------+-------+


4. IO and GT Specific
---------------------

+-----------------------------+------+-------+-----------+--------+
|          Site Type          | Used | Fixed | Available |  Util% |
+-----------------------------+------+-------+-----------+--------+
| Bonded IOB                  |   21 |     0 |       125 |  16.80 |
| Bonded IPADs                |    0 |     0 |         2 |   0.00 |
| Bonded IOPADs               |  130 |     0 |       130 | 100.00 |
| PHY_CONTROL                 |    0 |     0 |         4 |   0.00 |
| PHASER_REF                  |    0 |     0 |         4 |   0.00 |
| OUT_FIFO                    |    0 |     0 |        16 |   0.00 |
| IN_FIFO                     |    0 |     0 |        16 |   0.00 |
| IDELAYCTRL                  |    0 |     0 |         4 |   0.00 |
| IBUFDS                      |    0 |     0 |       121 |   0.00 |
| PHASER_OUT/PHASER_OUT_PHY   |    0 |     0 |        16 |   0.00 |
| PHASER_IN/PHASER_IN_PHY     |    0 |     0 |        16 |   0.00 |
| IDELAYE2/IDELAYE2_FINEDELAY |    0 |     0 |       200 |   0.00 |
| ILOGIC                      |    0 |     0 |       125 |   0.00 |
| OLOGIC                      |    0 |     0 |       125 |   0.00 |
+-----------------------------+------+-------+-----------+--------+


5. Clocking
-----------

+------------+------+-------+-----------+-------+
|  Site Type | Used | Fixed | Available | Util% |
+------------+------+-------+-----------+-------+
| BUFGCTRL   |    5 |     0 |        32 | 15.63 |
| BUFIO      |    0 |     0 |        16 |  0.00 |
| MMCME2_ADV |    2 |     0 |         4 | 50.00 |
| PLLE2_ADV  |    0 |     0 |         4 |  0.00 |
| BUFMRCE    |    0 |     0 |         8 |  0.00 |
| BUFHCE     |    0 |     0 |        72 |  0.00 |
| BUFR       |    0 |     0 |        16 |  0.00 |
+------------+------+-------+-----------+-------+


6. Specific Feature
-------------------

+-------------+------+-------+-----------+-------+
|  Site Type  | Used | Fixed | Available | Util% |
+-------------+------+-------+-----------+-------+
| BSCANE2     |    0 |     0 |         4 |  0.00 |
| CAPTUREE2   |    0 |     0 |         1 |  0.00 |
| DNA_PORT    |    0 |     0 |         1 |  0.00 |
| EFUSE_USR   |    0 |     0 |         1 |  0.00 |
| FRAME_ECCE2 |    0 |     0 |         1 |  0.00 |
| ICAPE2      |    0 |     0 |         2 |  0.00 |
| STARTUPE2   |    0 |     0 |         1 |  0.00 |
| XADC        |    0 |     0 |         1 |  0.00 |
+-------------+------+-------+-----------+-------+


7. Primitives
-------------

+------------+------+----------------------+
|  Ref Name  | Used |  Functional Category |
+------------+------+----------------------+
| FDRE       | 9874 |         Flop & Latch |
| LUT5       | 1459 |                  LUT |
| LUT6       | 1395 |                  LUT |
| FDSE       | 1165 |         Flop & Latch |
| LUT4       | 1129 |                  LUT |
| LUT3       |  792 |                  LUT |
| LUT2       |  621 |                  LUT |
| CARRY4     |  400 |           CarryLogic |
| LUT1       |  381 |                  LUT |
| BIBUF      |  130 |                   IO |
| SRLC32E    |   47 |   Distributed Memory |
| SRL16E     |   19 |   Distributed Memory |
| OBUF       |   10 |                   IO |
| IBUF       |    7 |                   IO |
| MUXF7      |    5 |                MuxFx |
| BUFG       |    5 |                Clock |
| RAMB18E1   |    4 |         Block Memory |
| OBUFT      |    4 |                   IO |
| DSP48E1    |    4 |     Block Arithmetic |
| MMCME2_ADV |    2 |                Clock |
| PS7        |    1 | Specialized Resource |
+------------+------+----------------------+


8. Black Boxes
--------------

+----------+------+
| Ref Name | Used |
+----------+------+


9. Instantiated Netlists
------------------------

+----------+------+
| Ref Name | Used |
+----------+------+


