#-----------------------------------------------------------
# Vivado v2019.1 (64-bit)
# SW Build 2552052 on Fri May 24 14:49:42 MDT 2019
# IP Build 2548770 on Fri May 24 18:01:18 MDT 2019
# Start of session at: Thu Nov 28 14:22:12 2019
# Process ID: 6596
# Current directory: D:/SInglePhotons/Vivado Projects/SCH_IA
# Command line: vivado.exe -gui_launcher_event rodinguilauncherevent11940 D:\SInglePhotons\Vivado Projects\SCH_IA\SCH_IA.xpr
# Log file: D:/SInglePhotons/Vivado Projects/SCH_IA/vivado.log
# Journal file: D:/SInglePhotons/Vivado Projects/SCH_IA\vivado.jou
#-----------------------------------------------------------
start_gui
open_project {D:/SInglePhotons/Vivado Projects/SCH_IA/SCH_IA.xpr}
Scanning sources...
Finished scanning sources
INFO: [IP_Flow 19-234] Refreshing IP repositories
INFO: [IP_Flow 19-1700] Loaded user IP repository 'd:/SInglePhotons/HW_IP/SCH_IA_IP'.
INFO: [IP_Flow 19-1700] Loaded user IP repository 'd:/SInglePhotons/HW_IP/TDC'.
INFO: [IP_Flow 19-2313] Loaded Vivado IP repository 'C:/Xilinx/Vivado/2019.1/data/ip'.
WARNING: [IP_Flow 19-1663] Duplicate IP found for 'cri.nz:user:TCH_TDC_OV_wrapper:1.0'. The one found in IP location 'd:/SInglePhotons/HW_IP/SCH_IA_IP' will take precedence over the same IP in location d:/SInglePhotons/HW_IP/TDC
open_project: Time (s): cpu = 00:00:13 ; elapsed = 00:00:09 . Memory (MB): peak = 769.637 ; gain = 111.977
update_compile_order -fileset sources_1
exit
INFO: [Common 17-206] Exiting Vivado at Fri Nov 29 08:53:50 2019...
