
*** Running vivado
    with args -log SP_OV_wrapper.vdi -applog -m64 -product Vivado -messageDb vivado.pb -mode batch -source SP_OV_wrapper.tcl -notrace


****** Vivado v2019.1 (64-bit)
  **** SW Build 2552052 on Fri May 24 14:49:42 MDT 2019
  **** IP Build 2548770 on Fri May 24 18:01:18 MDT 2019
    ** Copyright 1986-2019 Xilinx, Inc. All Rights Reserved.

source SP_OV_wrapper.tcl -notrace
Command: open_checkpoint {D:/SInglePhotons/Vivado Projects/TOP_OVERLAY/TOP_OVERLAY.runs/impl_1/SP_OV_wrapper.dcp}

Starting open_checkpoint Task

Time (s): cpu = 00:00:00 ; elapsed = 00:00:00.034 . Memory (MB): peak = 297.746 ; gain = 0.000
INFO: [Device 21-403] Loading part xc7z020clg400-1
INFO: [Netlist 29-17] Analyzing 481 Unisim elements for replacement
INFO: [Netlist 29-28] Unisim Transformation completed in 0 CPU seconds
INFO: [Project 1-479] Netlist was created with Vivado 2019.1
INFO: [Project 1-570] Preparing netlist for logic optimization
INFO: [Timing 38-478] Restoring timing data from binary archive.
INFO: [Timing 38-479] Binary timing data restore complete.
INFO: [Project 1-856] Restoring constraints from binary archive.
INFO: [Project 1-853] Binary constraint restore complete.
Reading XDEF placement.
Reading placer database...
Reading XDEF routing.
Read XDEF File: Time (s): cpu = 00:00:00 ; elapsed = 00:00:00.424 . Memory (MB): peak = 1229.371 ; gain = 0.000
Restored from archive | CPU: 0.000000 secs | Memory: 0.000000 MB |
Finished XDEF File Restore: Time (s): cpu = 00:00:00 ; elapsed = 00:00:00.424 . Memory (MB): peak = 1229.371 ; gain = 0.000
Netlist sorting complete. Time (s): cpu = 00:00:00 ; elapsed = 00:00:00.009 . Memory (MB): peak = 1229.371 ; gain = 0.000
INFO: [Project 1-111] Unisim Transformation Summary:
No Unisim elements were transformed.

INFO: [Project 1-604] Checkpoint was created with Vivado v2019.1 (64-bit) build 2552052
open_checkpoint: Time (s): cpu = 00:00:22 ; elapsed = 00:00:24 . Memory (MB): peak = 1229.371 ; gain = 931.625
INFO: [IP_Flow 19-234] Refreshing IP repositories
INFO: [IP_Flow 19-1700] Loaded user IP repository 'd:/SInglePhotons/HW_IP/COUNTER_AXI'.
INFO: [IP_Flow 19-1700] Loaded user IP repository 'd:/SInglePhotons/HW_IP/DDS_AXI_PERIPH'.
INFO: [IP_Flow 19-1700] Loaded user IP repository 'd:/SInglePhotons/HW_IP/DDS_COM_TEST'.
INFO: [IP_Flow 19-1700] Loaded user IP repository 'd:/SInglePhotons/HW_IP/DD_AXI_PERIPH'.
INFO: [IP_Flow 19-1700] Loaded user IP repository 'd:/SInglePhotons/HW_IP/DELAY8'.
INFO: [IP_Flow 19-1700] Loaded user IP repository 'd:/SInglePhotons/HW_IP/SCS_ST_AXI_PERIPH'.
INFO: [IP_Flow 19-1700] Loaded user IP repository 'd:/SInglePhotons/HW_IP/SCS_TT_AXI_PERIPH'.
INFO: [IP_Flow 19-1700] Loaded user IP repository 'd:/SInglePhotons/HW_IP/SCS_CT_AXI_PERIPH'.
INFO: [IP_Flow 19-1700] Loaded user IP repository 'd:/SInglePhotons/HW_IP/SCS_CT'.
INFO: [IP_Flow 19-1700] Loaded user IP repository 'd:/SInglePhotons/HW_IP/SCS_ST'.
INFO: [IP_Flow 19-1700] Loaded user IP repository 'd:/SInglePhotons/HW_IP/SCS_TT'.
INFO: [IP_Flow 19-2313] Loaded Vivado IP repository 'C:/Xilinx/Vivado/2019.1/data/ip'.
WARNING: [IP_Flow 19-4995] The host OS only allows 260 characters in a normal path. The IP cache path is more than 80 characters. If you experience issues with IP caching, please consider changing the IP cache to a location with a shorter path. Alternately consider using the OS subst command to map part of the path to a drive letter. 
Current IP cache path is D:/SInglePhotons/Vivado Projects/TOP_OVERLAY/TOP_OVERLAY.runs/impl_1/{D:/SInglePhotons/Vivado Projects/TOP_OVERLAY/TOP_OVERLAY.cache/ip} 
Command: opt_design
Attempting to get a license for feature 'Implementation' and/or device 'xc7z020'
INFO: [Common 17-349] Got license for feature 'Implementation' and/or device 'xc7z020'
Running DRC as a precondition to command opt_design

Starting DRC Task
INFO: [DRC 23-27] Running DRC with 2 threads
INFO: [Project 1-461] DRC finished with 0 Errors
INFO: [Project 1-462] Please refer to the DRC report (report_drc) for more information.

Time (s): cpu = 00:00:02 ; elapsed = 00:00:01 . Memory (MB): peak = 1237.844 ; gain = 8.473

Starting Cache Timing Information Task
INFO: [Timing 38-35] Done setting XDC timing constraints.
Ending Cache Timing Information Task | Checksum: 1f504c47c

Time (s): cpu = 00:00:01 ; elapsed = 00:00:01 . Memory (MB): peak = 1298.578 ; gain = 60.734

Starting Logic Optimization Task

Phase 1 Retarget
INFO: [Opt 31-138] Pushed 7 inverter(s) to 35 load pin(s).
INFO: [Opt 31-49] Retargeted 0 cell(s).
Phase 1 Retarget | Checksum: 1aa688c78

Time (s): cpu = 00:00:01 ; elapsed = 00:00:01 . Memory (MB): peak = 1442.695 ; gain = 0.082
INFO: [Opt 31-389] Phase Retarget created 327 cells and removed 694 cells

Phase 2 Constant propagation
INFO: [Opt 31-138] Pushed 2 inverter(s) to 2 load pin(s).
Phase 2 Constant propagation | Checksum: 193b565b7

Time (s): cpu = 00:00:01 ; elapsed = 00:00:01 . Memory (MB): peak = 1442.695 ; gain = 0.082
INFO: [Opt 31-389] Phase Constant propagation created 2 cells and removed 76 cells

Phase 3 Sweep
Phase 3 Sweep | Checksum: 1b4c2cb6a

Time (s): cpu = 00:00:04 ; elapsed = 00:00:04 . Memory (MB): peak = 1442.695 ; gain = 0.082
INFO: [Opt 31-389] Phase Sweep created 0 cells and removed 1904 cells

Phase 4 BUFG optimization
Phase 4 BUFG optimization | Checksum: 1b4c2cb6a

Time (s): cpu = 00:00:04 ; elapsed = 00:00:04 . Memory (MB): peak = 1442.695 ; gain = 0.082
INFO: [Opt 31-662] Phase BUFG optimization created 0 cells of which 0 are BUFGs and removed 0 cells.

Phase 5 Shift Register Optimization
INFO: [Opt 31-1064] SRL Remap converted 0 SRLs to 0 registers and converted 0 registers of register chains to 0 SRLs
Phase 5 Shift Register Optimization | Checksum: 1b4c2cb6a

Time (s): cpu = 00:00:05 ; elapsed = 00:00:05 . Memory (MB): peak = 1442.695 ; gain = 0.082
INFO: [Opt 31-389] Phase Shift Register Optimization created 0 cells and removed 0 cells

Phase 6 Post Processing Netlist
Phase 6 Post Processing Netlist | Checksum: 1b4c2cb6a

Time (s): cpu = 00:00:05 ; elapsed = 00:00:05 . Memory (MB): peak = 1442.695 ; gain = 0.082
INFO: [Opt 31-389] Phase Post Processing Netlist created 0 cells and removed 0 cells
Opt_design Change Summary
=========================


-------------------------------------------------------------------------------------------------------------------------
|  Phase                        |  #Cells created  |  #Cells Removed  |  #Constrained objects preventing optimizations  |
-------------------------------------------------------------------------------------------------------------------------
|  Retarget                     |             327  |             694  |                                              0  |
|  Constant propagation         |               2  |              76  |                                              0  |
|  Sweep                        |               0  |            1904  |                                              0  |
|  BUFG optimization            |               0  |               0  |                                              0  |
|  Shift Register Optimization  |               0  |               0  |                                              0  |
|  Post Processing Netlist      |               0  |               0  |                                              0  |
-------------------------------------------------------------------------------------------------------------------------



Starting Connectivity Check Task

Time (s): cpu = 00:00:00 ; elapsed = 00:00:00.030 . Memory (MB): peak = 1442.695 ; gain = 0.000
Ending Logic Optimization Task | Checksum: 1b9521759

Time (s): cpu = 00:00:05 ; elapsed = 00:00:05 . Memory (MB): peak = 1442.695 ; gain = 0.082

Starting Power Optimization Task
INFO: [Pwropt 34-132] Skipping clock gating for clocks with a period < 2.00 ns.
INFO: [Pwropt 34-9] Applying IDT optimizations ...
INFO: [Pwropt 34-10] Applying ODC optimizations ...
INFO: [Timing 38-35] Done setting XDC timing constraints.
INFO: [Physopt 32-619] Estimated Timing Summary | WNS=-4.591 | TNS=-7609.923 |
Running Vector-less Activity Propagation...

Finished Running Vector-less Activity Propagation


Starting PowerOpt Patch Enables Task
INFO: [Pwropt 34-162] WRITE_MODE attribute of 0 BRAM(s) out of a total of 4 has been updated to save power. Run report_power_opt to get a complete listing of the BRAMs updated.
INFO: [Pwropt 34-201] Structural ODC has moved 0 WE to EN ports
Number of BRAM Ports augmented: 0 newly gated: 0 Total Ports: 8
Ending PowerOpt Patch Enables Task | Checksum: 1b9521759

Time (s): cpu = 00:00:00 ; elapsed = 00:00:00.066 . Memory (MB): peak = 1591.445 ; gain = 0.000
Ending Power Optimization Task | Checksum: 1b9521759

Time (s): cpu = 00:00:07 ; elapsed = 00:00:05 . Memory (MB): peak = 1591.445 ; gain = 148.750

Starting Final Cleanup Task
Ending Final Cleanup Task | Checksum: 1b9521759

Time (s): cpu = 00:00:00 ; elapsed = 00:00:00 . Memory (MB): peak = 1591.445 ; gain = 0.000

Starting Netlist Obfuscation Task
Netlist sorting complete. Time (s): cpu = 00:00:00 ; elapsed = 00:00:00.007 . Memory (MB): peak = 1591.445 ; gain = 0.000
Ending Netlist Obfuscation Task | Checksum: 1b9521759

Time (s): cpu = 00:00:00 ; elapsed = 00:00:00.007 . Memory (MB): peak = 1591.445 ; gain = 0.000
INFO: [Common 17-83] Releasing license: Implementation
47 Infos, 1 Warnings, 0 Critical Warnings and 0 Errors encountered.
opt_design completed successfully
opt_design: Time (s): cpu = 00:00:18 ; elapsed = 00:00:15 . Memory (MB): peak = 1591.445 ; gain = 362.074
Netlist sorting complete. Time (s): cpu = 00:00:00 ; elapsed = 00:00:00.007 . Memory (MB): peak = 1591.445 ; gain = 0.000
INFO: [Timing 38-480] Writing timing data to binary archive.
Writing placer database...
Writing XDEF routing.
Writing XDEF routing logical nets.
Writing XDEF routing special nets.
Write XDEF Complete: Time (s): cpu = 00:00:00 ; elapsed = 00:00:00.072 . Memory (MB): peak = 1591.445 ; gain = 0.000
INFO: [Common 17-1381] The checkpoint 'D:/SInglePhotons/Vivado Projects/TOP_OVERLAY/TOP_OVERLAY.runs/impl_1/SP_OV_wrapper_opt.dcp' has been generated.
write_checkpoint: Time (s): cpu = 00:00:07 ; elapsed = 00:00:06 . Memory (MB): peak = 1591.445 ; gain = 0.000
INFO: [runtcl-4] Executing : report_drc -file SP_OV_wrapper_drc_opted.rpt -pb SP_OV_wrapper_drc_opted.pb -rpx SP_OV_wrapper_drc_opted.rpx
Command: report_drc -file SP_OV_wrapper_drc_opted.rpt -pb SP_OV_wrapper_drc_opted.pb -rpx SP_OV_wrapper_drc_opted.rpx
INFO: [IP_Flow 19-1839] IP Catalog is up to date.
INFO: [DRC 23-27] Running DRC with 2 threads
INFO: [Coretcl 2-168] The results of DRC are in file D:/SInglePhotons/Vivado Projects/TOP_OVERLAY/TOP_OVERLAY.runs/impl_1/SP_OV_wrapper_drc_opted.rpt.
report_drc completed successfully
Command: place_design
Attempting to get a license for feature 'Implementation' and/or device 'xc7z020'
INFO: [Common 17-349] Got license for feature 'Implementation' and/or device 'xc7z020'
INFO: [DRC 23-27] Running DRC with 2 threads
INFO: [Vivado_Tcl 4-198] DRC finished with 0 Errors
INFO: [Vivado_Tcl 4-199] Please refer to the DRC report (report_drc) for more information.
Running DRC as a precondition to command place_design
INFO: [DRC 23-27] Running DRC with 2 threads
INFO: [Vivado_Tcl 4-198] DRC finished with 0 Errors
INFO: [Vivado_Tcl 4-199] Please refer to the DRC report (report_drc) for more information.

Starting Placer Task
INFO: [Place 30-611] Multithreading enabled for place_design using a maximum of 2 CPUs

Phase 1 Placer Initialization

Phase 1.1 Placer Initialization Netlist Sorting
Netlist sorting complete. Time (s): cpu = 00:00:00 ; elapsed = 00:00:00.008 . Memory (MB): peak = 1591.445 ; gain = 0.000
Phase 1.1 Placer Initialization Netlist Sorting | Checksum: f176fe68

Time (s): cpu = 00:00:00 ; elapsed = 00:00:00.020 . Memory (MB): peak = 1591.445 ; gain = 0.000
Netlist sorting complete. Time (s): cpu = 00:00:00 ; elapsed = 00:00:00.009 . Memory (MB): peak = 1591.445 ; gain = 0.000

Phase 1.2 IO Placement/ Clock Placement/ Build Placer Device
WARNING: [Place 30-568] A LUT 'SP_OV_i/P_COUNTER_wrapper_0/U0/P_COUNTER_i/DIG_TIMER_3/U0/BRUH_i_1__2' is driving clock pin of 32 registers. This could lead to large hold time violations. First few involved registers are:
	SP_OV_i/P_COUNTER_wrapper_0/U0/P_COUNTER_i/DIG_TIMER_3/U0/BRUH/U0/i_synth/i_baseblox.i_baseblox_counter/the_addsub/no_pipelining.the_addsub/i_lut6.i_lut6_addsub/i_q.i_simple.qreg/i_no_async_controls.output_reg[10] {FDRE}
	SP_OV_i/P_COUNTER_wrapper_0/U0/P_COUNTER_i/DIG_TIMER_3/U0/BRUH/U0/i_synth/i_baseblox.i_baseblox_counter/the_addsub/no_pipelining.the_addsub/i_lut6.i_lut6_addsub/i_q.i_simple.qreg/i_no_async_controls.output_reg[11] {FDRE}
	SP_OV_i/P_COUNTER_wrapper_0/U0/P_COUNTER_i/DIG_TIMER_3/U0/BRUH/U0/i_synth/i_baseblox.i_baseblox_counter/the_addsub/no_pipelining.the_addsub/i_lut6.i_lut6_addsub/i_q.i_simple.qreg/i_no_async_controls.output_reg[12] {FDRE}
	SP_OV_i/P_COUNTER_wrapper_0/U0/P_COUNTER_i/DIG_TIMER_3/U0/BRUH/U0/i_synth/i_baseblox.i_baseblox_counter/the_addsub/no_pipelining.the_addsub/i_lut6.i_lut6_addsub/i_q.i_simple.qreg/i_no_async_controls.output_reg[13] {FDRE}
	SP_OV_i/P_COUNTER_wrapper_0/U0/P_COUNTER_i/DIG_TIMER_3/U0/BRUH/U0/i_synth/i_baseblox.i_baseblox_counter/the_addsub/no_pipelining.the_addsub/i_lut6.i_lut6_addsub/i_q.i_simple.qreg/i_no_async_controls.output_reg[14] {FDRE}
WARNING: [Place 30-568] A LUT 'SP_OV_i/P_COUNTER_wrapper_0/U0/P_COUNTER_i/CTR_CTL_3/U0/O_CLK' is driving clock pin of 1 registers. This could lead to large hold time violations. First few involved registers are:
	SP_OV_i/P_COUNTER_wrapper_0/U0/P_COUNTER_i/c_counter_binary_3/U0/i_synth/i_baseip.i_xbip_counter/i_dsp48.i_dsp/i_vx7.i_dsp48e_wrap/i_primitive {DSP48E1}
WARNING: [Place 30-568] A LUT 'SP_OV_i/P_COUNTER_wrapper_0/U0/P_COUNTER_i/CTR_CTL_2/U0/O_CLK' is driving clock pin of 1 registers. This could lead to large hold time violations. First few involved registers are:
	SP_OV_i/P_COUNTER_wrapper_0/U0/P_COUNTER_i/c_counter_binary_2/U0/i_synth/i_baseip.i_xbip_counter/i_dsp48.i_dsp/i_vx7.i_dsp48e_wrap/i_primitive {DSP48E1}
WARNING: [Place 30-568] A LUT 'SP_OV_i/P_COUNTER_wrapper_0/U0/P_COUNTER_i/CTR_CTL_1/U0/O_CLK' is driving clock pin of 1 registers. This could lead to large hold time violations. First few involved registers are:
	SP_OV_i/P_COUNTER_wrapper_0/U0/P_COUNTER_i/c_counter_binary_1/U0/i_synth/i_baseip.i_xbip_counter/i_dsp48.i_dsp/i_vx7.i_dsp48e_wrap/i_primitive {DSP48E1}
WARNING: [Place 30-568] A LUT 'SP_OV_i/P_COUNTER_wrapper_0/U0/P_COUNTER_i/CTR_CTL_0/U0/O_CLK' is driving clock pin of 1 registers. This could lead to large hold time violations. First few involved registers are:
	SP_OV_i/P_COUNTER_wrapper_0/U0/P_COUNTER_i/c_counter_binary_0/U0/i_synth/i_baseip.i_xbip_counter/i_dsp48.i_dsp/i_vx7.i_dsp48e_wrap/i_primitive {DSP48E1}
WARNING: [Place 30-568] A LUT 'SP_OV_i/P_COUNTER_wrapper_0/U0/P_COUNTER_i/DIG_TIMER_0/U0/BRUH_i_1' is driving clock pin of 32 registers. This could lead to large hold time violations. First few involved registers are:
	SP_OV_i/P_COUNTER_wrapper_0/U0/P_COUNTER_i/DIG_TIMER_0/U0/BRUH/U0/i_synth/i_baseblox.i_baseblox_counter/the_addsub/no_pipelining.the_addsub/i_lut6.i_lut6_addsub/i_q.i_simple.qreg/i_no_async_controls.output_reg[9] {FDRE}
	SP_OV_i/P_COUNTER_wrapper_0/U0/P_COUNTER_i/DIG_TIMER_0/U0/BRUH/U0/i_synth/i_baseblox.i_baseblox_counter/the_addsub/no_pipelining.the_addsub/i_lut6.i_lut6_addsub/i_q.i_simple.qreg/i_no_async_controls.output_reg[8] {FDRE}
	SP_OV_i/P_COUNTER_wrapper_0/U0/P_COUNTER_i/DIG_TIMER_0/U0/BRUH/U0/i_synth/i_baseblox.i_baseblox_counter/the_addsub/no_pipelining.the_addsub/i_lut6.i_lut6_addsub/i_q.i_simple.qreg/i_no_async_controls.output_reg[7] {FDRE}
	SP_OV_i/P_COUNTER_wrapper_0/U0/P_COUNTER_i/DIG_TIMER_0/U0/BRUH/U0/i_synth/i_baseblox.i_baseblox_counter/the_addsub/no_pipelining.the_addsub/i_lut6.i_lut6_addsub/i_q.i_simple.qreg/i_no_async_controls.output_reg[6] {FDRE}
	SP_OV_i/P_COUNTER_wrapper_0/U0/P_COUNTER_i/DIG_TIMER_0/U0/BRUH/U0/i_synth/i_baseblox.i_baseblox_counter/the_addsub/no_pipelining.the_addsub/i_lut6.i_lut6_addsub/i_q.i_simple.qreg/i_no_async_controls.output_reg[5] {FDRE}
WARNING: [Place 30-568] A LUT 'SP_OV_i/P_COUNTER_wrapper_0/U0/P_COUNTER_i/DIG_TIMER_1/U0/BRUH_i_1__0' is driving clock pin of 32 registers. This could lead to large hold time violations. First few involved registers are:
	SP_OV_i/P_COUNTER_wrapper_0/U0/P_COUNTER_i/DIG_TIMER_1/U0/BRUH/U0/i_synth/i_baseblox.i_baseblox_counter/the_addsub/no_pipelining.the_addsub/i_lut6.i_lut6_addsub/i_q.i_simple.qreg/i_no_async_controls.output_reg[10] {FDRE}
	SP_OV_i/P_COUNTER_wrapper_0/U0/P_COUNTER_i/DIG_TIMER_1/U0/BRUH/U0/i_synth/i_baseblox.i_baseblox_counter/the_addsub/no_pipelining.the_addsub/i_lut6.i_lut6_addsub/i_q.i_simple.qreg/i_no_async_controls.output_reg[11] {FDRE}
	SP_OV_i/P_COUNTER_wrapper_0/U0/P_COUNTER_i/DIG_TIMER_1/U0/BRUH/U0/i_synth/i_baseblox.i_baseblox_counter/the_addsub/no_pipelining.the_addsub/i_lut6.i_lut6_addsub/i_q.i_simple.qreg/i_no_async_controls.output_reg[12] {FDRE}
	SP_OV_i/P_COUNTER_wrapper_0/U0/P_COUNTER_i/DIG_TIMER_1/U0/BRUH/U0/i_synth/i_baseblox.i_baseblox_counter/the_addsub/no_pipelining.the_addsub/i_lut6.i_lut6_addsub/i_q.i_simple.qreg/i_no_async_controls.output_reg[13] {FDRE}
	SP_OV_i/P_COUNTER_wrapper_0/U0/P_COUNTER_i/DIG_TIMER_1/U0/BRUH/U0/i_synth/i_baseblox.i_baseblox_counter/the_addsub/no_pipelining.the_addsub/i_lut6.i_lut6_addsub/i_q.i_simple.qreg/i_no_async_controls.output_reg[14] {FDRE}
WARNING: [Place 30-568] A LUT 'SP_OV_i/P_COUNTER_wrapper_0/U0/P_COUNTER_i/DIG_TIMER_2/U0/BRUH_i_1__1' is driving clock pin of 32 registers. This could lead to large hold time violations. First few involved registers are:
	SP_OV_i/P_COUNTER_wrapper_0/U0/P_COUNTER_i/DIG_TIMER_2/U0/BRUH/U0/i_synth/i_baseblox.i_baseblox_counter/the_addsub/no_pipelining.the_addsub/i_lut6.i_lut6_addsub/i_q.i_simple.qreg/i_no_async_controls.output_reg[10] {FDRE}
	SP_OV_i/P_COUNTER_wrapper_0/U0/P_COUNTER_i/DIG_TIMER_2/U0/BRUH/U0/i_synth/i_baseblox.i_baseblox_counter/the_addsub/no_pipelining.the_addsub/i_lut6.i_lut6_addsub/i_q.i_simple.qreg/i_no_async_controls.output_reg[11] {FDRE}
	SP_OV_i/P_COUNTER_wrapper_0/U0/P_COUNTER_i/DIG_TIMER_2/U0/BRUH/U0/i_synth/i_baseblox.i_baseblox_counter/the_addsub/no_pipelining.the_addsub/i_lut6.i_lut6_addsub/i_q.i_simple.qreg/i_no_async_controls.output_reg[12] {FDRE}
	SP_OV_i/P_COUNTER_wrapper_0/U0/P_COUNTER_i/DIG_TIMER_2/U0/BRUH/U0/i_synth/i_baseblox.i_baseblox_counter/the_addsub/no_pipelining.the_addsub/i_lut6.i_lut6_addsub/i_q.i_simple.qreg/i_no_async_controls.output_reg[13] {FDRE}
	SP_OV_i/P_COUNTER_wrapper_0/U0/P_COUNTER_i/DIG_TIMER_2/U0/BRUH/U0/i_synth/i_baseblox.i_baseblox_counter/the_addsub/no_pipelining.the_addsub/i_lut6.i_lut6_addsub/i_q.i_simple.qreg/i_no_async_controls.output_reg[14] {FDRE}
INFO: [Timing 38-35] Done setting XDC timing constraints.
Phase 1.2 IO Placement/ Clock Placement/ Build Placer Device | Checksum: 11ef2fac4

Time (s): cpu = 00:00:03 ; elapsed = 00:00:03 . Memory (MB): peak = 1591.445 ; gain = 0.000

Phase 1.3 Build Placer Netlist Model
Phase 1.3 Build Placer Netlist Model | Checksum: 1fa08b022

Time (s): cpu = 00:00:07 ; elapsed = 00:00:06 . Memory (MB): peak = 1591.445 ; gain = 0.000

Phase 1.4 Constrain Clocks/Macros
Phase 1.4 Constrain Clocks/Macros | Checksum: 1fa08b022

Time (s): cpu = 00:00:07 ; elapsed = 00:00:06 . Memory (MB): peak = 1591.445 ; gain = 0.000
Phase 1 Placer Initialization | Checksum: 1fa08b022

Time (s): cpu = 00:00:07 ; elapsed = 00:00:06 . Memory (MB): peak = 1591.445 ; gain = 0.000

Phase 2 Global Placement

Phase 2.1 Floorplanning
Phase 2.1 Floorplanning | Checksum: 1bc5d4f9b

Time (s): cpu = 00:00:08 ; elapsed = 00:00:07 . Memory (MB): peak = 1591.445 ; gain = 0.000

Phase 2.2 Global Placement Core

Phase 2.2.1 Physical Synthesis In Placer
INFO: [Physopt 32-65] No nets found for high-fanout optimization.
INFO: [Physopt 32-232] Optimized 0 net. Created 0 new instance.
INFO: [Physopt 32-775] End 1 Pass. Optimized 0 net or cell. Created 0 new cell, deleted 0 existing cell and moved 0 existing cell
INFO: [Physopt 32-456] No candidate cells for DSP register optimization found in the design.
INFO: [Physopt 32-775] End 2 Pass. Optimized 0 net or cell. Created 0 new cell, deleted 0 existing cell and moved 0 existing cell
INFO: [Physopt 32-677] No candidate cells for Shift Register optimization found in the design
INFO: [Physopt 32-775] End 1 Pass. Optimized 0 net or cell. Created 0 new cell, deleted 0 existing cell and moved 0 existing cell
INFO: [Physopt 32-666] Processed cell SP_OV_i/DDS_AXI_PERIPH_wrapp_0/U0/DDS_AXI_PERIPH_i/DDS_COM_wrapper_0/U0/DDS_COM_i/dds_compiler_3/U0/i_synth/i_dds/I_SINCOS.i_std_rom.i_rom/i_rtl.i_double_table.i_block_rom.i_pipe_1.pre_asyn_sin_RAM_op_reg. No change.
INFO: [Physopt 32-666] Processed cell SP_OV_i/DDS_AXI_PERIPH_wrapp_0/U0/DDS_AXI_PERIPH_i/DDS_COM_wrapper_0/U0/DDS_COM_i/dds_compiler_2/U0/i_synth/i_dds/I_SINCOS.i_std_rom.i_rom/i_rtl.i_double_table.i_block_rom.i_pipe_1.pre_asyn_sin_RAM_op_reg. No change.
INFO: [Physopt 32-666] Processed cell SP_OV_i/DDS_AXI_PERIPH_wrapp_0/U0/DDS_AXI_PERIPH_i/DDS_COM_wrapper_0/U0/DDS_COM_i/dds_compiler_1/U0/i_synth/i_dds/I_SINCOS.i_std_rom.i_rom/i_rtl.i_double_table.i_block_rom.i_pipe_1.pre_asyn_sin_RAM_op_reg. No change.
INFO: [Physopt 32-666] Processed cell SP_OV_i/DDS_AXI_PERIPH_wrapp_0/U0/DDS_AXI_PERIPH_i/DDS_COM_wrapper_0/U0/DDS_COM_i/dds_compiler_0/U0/i_synth/i_dds/I_SINCOS.i_std_rom.i_rom/i_rtl.i_double_table.i_block_rom.i_pipe_1.pre_asyn_sin_RAM_op_reg. No change.
INFO: [Physopt 32-775] End 1 Pass. Optimized 0 net or cell. Created 0 new cell, deleted 0 existing cell and moved 0 existing cell
Netlist sorting complete. Time (s): cpu = 00:00:00 ; elapsed = 00:00:00.009 . Memory (MB): peak = 1591.445 ; gain = 0.000
INFO: [Physopt 32-949] No candidate nets found for HD net replication
INFO: [Physopt 32-775] End 1 Pass. Optimized 0 net or cell. Created 0 new cell, deleted 0 existing cell and moved 0 existing cell
Netlist sorting complete. Time (s): cpu = 00:00:00 ; elapsed = 00:00:00.008 . Memory (MB): peak = 1591.445 ; gain = 0.000

Summary of Physical Synthesis Optimizations
============================================


----------------------------------------------------------------------------------------------------------------------------------------
|  Optimization                  |  Added Cells  |  Removed Cells  |  Optimized Cells/Nets  |  Dont Touch  |  Iterations  |  Elapsed   |
----------------------------------------------------------------------------------------------------------------------------------------
|  Very High Fanout              |            0  |              0  |                     0  |           0  |           1  |  00:00:00  |
|  DSP Register                  |            0  |              0  |                     0  |           0  |           1  |  00:00:00  |
|  Shift Register                |            0  |              0  |                     0  |           0  |           1  |  00:00:00  |
|  BRAM Register                 |            0  |              0  |                     0  |           0  |           1  |  00:00:00  |
|  HD Interface Net Replication  |            0  |              0  |                     0  |           0  |           1  |  00:00:00  |
|  Total                         |            0  |              0  |                     0  |           0  |           5  |  00:00:00  |
----------------------------------------------------------------------------------------------------------------------------------------


Phase 2.2.1 Physical Synthesis In Placer | Checksum: 28f7c9fcd

Time (s): cpu = 00:00:26 ; elapsed = 00:00:18 . Memory (MB): peak = 1591.445 ; gain = 0.000
Phase 2.2 Global Placement Core | Checksum: 16ccf58c1

Time (s): cpu = 00:00:27 ; elapsed = 00:00:18 . Memory (MB): peak = 1591.445 ; gain = 0.000
Phase 2 Global Placement | Checksum: 16ccf58c1

Time (s): cpu = 00:00:27 ; elapsed = 00:00:18 . Memory (MB): peak = 1591.445 ; gain = 0.000

Phase 3 Detail Placement

Phase 3.1 Commit Multi Column Macros
Phase 3.1 Commit Multi Column Macros | Checksum: 1b3fcaef9

Time (s): cpu = 00:00:28 ; elapsed = 00:00:19 . Memory (MB): peak = 1591.445 ; gain = 0.000

Phase 3.2 Commit Most Macros & LUTRAMs
Phase 3.2 Commit Most Macros & LUTRAMs | Checksum: 1a57a8ed5

Time (s): cpu = 00:00:30 ; elapsed = 00:00:20 . Memory (MB): peak = 1591.445 ; gain = 0.000

Phase 3.3 Area Swap Optimization
Phase 3.3 Area Swap Optimization | Checksum: 13d9406cd

Time (s): cpu = 00:00:30 ; elapsed = 00:00:20 . Memory (MB): peak = 1591.445 ; gain = 0.000

Phase 3.4 Pipeline Register Optimization
Phase 3.4 Pipeline Register Optimization | Checksum: 18559ed68

Time (s): cpu = 00:00:30 ; elapsed = 00:00:20 . Memory (MB): peak = 1591.445 ; gain = 0.000

Phase 3.5 Fast Optimization
Phase 3.5 Fast Optimization | Checksum: 176be80d7

Time (s): cpu = 00:00:37 ; elapsed = 00:00:27 . Memory (MB): peak = 1591.445 ; gain = 0.000

Phase 3.6 Small Shape Detail Placement
Phase 3.6 Small Shape Detail Placement | Checksum: 2c09b0aec

Time (s): cpu = 00:00:41 ; elapsed = 00:00:31 . Memory (MB): peak = 1591.445 ; gain = 0.000

Phase 3.7 Re-assign LUT pins
Phase 3.7 Re-assign LUT pins | Checksum: 24ad33a7f

Time (s): cpu = 00:00:42 ; elapsed = 00:00:32 . Memory (MB): peak = 1591.445 ; gain = 0.000

Phase 3.8 Pipeline Register Optimization
Phase 3.8 Pipeline Register Optimization | Checksum: 229d86830

Time (s): cpu = 00:00:42 ; elapsed = 00:00:32 . Memory (MB): peak = 1591.445 ; gain = 0.000

Phase 3.9 Fast Optimization
Phase 3.9 Fast Optimization | Checksum: 242a8306b

Time (s): cpu = 00:00:50 ; elapsed = 00:00:41 . Memory (MB): peak = 1591.445 ; gain = 0.000
Phase 3 Detail Placement | Checksum: 242a8306b

Time (s): cpu = 00:00:50 ; elapsed = 00:00:41 . Memory (MB): peak = 1591.445 ; gain = 0.000

Phase 4 Post Placement Optimization and Clean-Up

Phase 4.1 Post Commit Optimization
INFO: [Timing 38-35] Done setting XDC timing constraints.

Phase 4.1.1 Post Placement Optimization
Post Placement Optimization Initialization | Checksum: 29ac36b6b

Phase 4.1.1.1 BUFG Insertion
INFO: [Place 46-56] BUFG insertion identified 0 candidate nets. Inserted BUFG: 0, Replicated BUFG Driver: 0, Skipped due to Placement/Routing Conflicts: 0, Skipped due to Timing Degradation: 0, Skipped due to Illegal Netlist: 0.
Phase 4.1.1.1 BUFG Insertion | Checksum: 29ac36b6b

Time (s): cpu = 00:00:55 ; elapsed = 00:00:44 . Memory (MB): peak = 1591.445 ; gain = 0.000
INFO: [Place 30-746] Post Placement Timing Summary WNS=-4.350. For the most accurate timing information please run report_timing.
Phase 4.1.1 Post Placement Optimization | Checksum: 271a7748f

Time (s): cpu = 00:01:14 ; elapsed = 00:01:04 . Memory (MB): peak = 1591.445 ; gain = 0.000
Phase 4.1 Post Commit Optimization | Checksum: 271a7748f

Time (s): cpu = 00:01:14 ; elapsed = 00:01:04 . Memory (MB): peak = 1591.445 ; gain = 0.000

Phase 4.2 Post Placement Cleanup
Phase 4.2 Post Placement Cleanup | Checksum: 271a7748f

Time (s): cpu = 00:01:14 ; elapsed = 00:01:04 . Memory (MB): peak = 1591.445 ; gain = 0.000

Phase 4.3 Placer Reporting
Phase 4.3 Placer Reporting | Checksum: 271a7748f

Time (s): cpu = 00:01:14 ; elapsed = 00:01:05 . Memory (MB): peak = 1591.445 ; gain = 0.000

Phase 4.4 Final Placement Cleanup
Netlist sorting complete. Time (s): cpu = 00:00:00 ; elapsed = 00:00:00.008 . Memory (MB): peak = 1591.445 ; gain = 0.000
Phase 4.4 Final Placement Cleanup | Checksum: 27b167644

Time (s): cpu = 00:01:14 ; elapsed = 00:01:05 . Memory (MB): peak = 1591.445 ; gain = 0.000
Phase 4 Post Placement Optimization and Clean-Up | Checksum: 27b167644

Time (s): cpu = 00:01:14 ; elapsed = 00:01:05 . Memory (MB): peak = 1591.445 ; gain = 0.000
Ending Placer Task | Checksum: 1f1172009

Time (s): cpu = 00:01:14 ; elapsed = 00:01:05 . Memory (MB): peak = 1591.445 ; gain = 0.000
INFO: [Common 17-83] Releasing license: Implementation
80 Infos, 9 Warnings, 0 Critical Warnings and 0 Errors encountered.
place_design completed successfully
place_design: Time (s): cpu = 00:01:18 ; elapsed = 00:01:06 . Memory (MB): peak = 1591.445 ; gain = 0.000
Netlist sorting complete. Time (s): cpu = 00:00:00 ; elapsed = 00:00:00.008 . Memory (MB): peak = 1591.445 ; gain = 0.000
INFO: [Timing 38-480] Writing timing data to binary archive.
Writing placer database...
Writing XDEF routing.
Writing XDEF routing logical nets.
Writing XDEF routing special nets.
Write XDEF Complete: Time (s): cpu = 00:00:04 ; elapsed = 00:00:01 . Memory (MB): peak = 1591.445 ; gain = 0.000
INFO: [Common 17-1381] The checkpoint 'D:/SInglePhotons/Vivado Projects/TOP_OVERLAY/TOP_OVERLAY.runs/impl_1/SP_OV_wrapper_placed.dcp' has been generated.
write_checkpoint: Time (s): cpu = 00:00:08 ; elapsed = 00:00:06 . Memory (MB): peak = 1591.445 ; gain = 0.000
INFO: [runtcl-4] Executing : report_io -file SP_OV_wrapper_io_placed.rpt
report_io: Time (s): cpu = 00:00:00 ; elapsed = 00:00:00.057 . Memory (MB): peak = 1591.445 ; gain = 0.000
INFO: [runtcl-4] Executing : report_utilization -file SP_OV_wrapper_utilization_placed.rpt -pb SP_OV_wrapper_utilization_placed.pb
INFO: [runtcl-4] Executing : report_control_sets -verbose -file SP_OV_wrapper_control_sets_placed.rpt
report_control_sets: Time (s): cpu = 00:00:01 ; elapsed = 00:00:00.316 . Memory (MB): peak = 1591.445 ; gain = 0.000
Command: route_design
Attempting to get a license for feature 'Implementation' and/or device 'xc7z020'
INFO: [Common 17-349] Got license for feature 'Implementation' and/or device 'xc7z020'
Running DRC as a precondition to command route_design
INFO: [DRC 23-27] Running DRC with 2 threads
INFO: [Vivado_Tcl 4-198] DRC finished with 0 Errors
INFO: [Vivado_Tcl 4-199] Please refer to the DRC report (report_drc) for more information.


Starting Routing Task
INFO: [Route 35-254] Multithreading enabled for route_design using a maximum of 2 CPUs
Checksum: PlaceDB: f47c5329 ConstDB: 0 ShapeSum: fc9acce0 RouteDB: 0

Phase 1 Build RT Design
Phase 1 Build RT Design | Checksum: 83bea955

Time (s): cpu = 00:00:27 ; elapsed = 00:00:23 . Memory (MB): peak = 1601.434 ; gain = 9.988
Post Restoration Checksum: NetGraph: 7155e63f NumContArr: 1268c316 Constraints: 0 Timing: 0

Phase 2 Router Initialization

Phase 2.1 Create Timer
Phase 2.1 Create Timer | Checksum: 83bea955

Time (s): cpu = 00:00:27 ; elapsed = 00:00:23 . Memory (MB): peak = 1619.977 ; gain = 28.531

Phase 2.2 Fix Topology Constraints
Phase 2.2 Fix Topology Constraints | Checksum: 83bea955

Time (s): cpu = 00:00:27 ; elapsed = 00:00:23 . Memory (MB): peak = 1629.430 ; gain = 37.984

Phase 2.3 Pre Route Cleanup
Phase 2.3 Pre Route Cleanup | Checksum: 83bea955

Time (s): cpu = 00:00:27 ; elapsed = 00:00:23 . Memory (MB): peak = 1629.430 ; gain = 37.984
 Number of Nodes with overlaps = 0

Phase 2.4 Update Timing
Phase 2.4 Update Timing | Checksum: 15874df99

Time (s): cpu = 00:00:33 ; elapsed = 00:00:28 . Memory (MB): peak = 1672.422 ; gain = 80.977
INFO: [Route 35-416] Intermediate Timing Summary | WNS=-4.315 | TNS=-7978.127| WHS=-0.693 | THS=-550.963|

Phase 2 Router Initialization | Checksum: 1cad1b2f8

Time (s): cpu = 00:00:35 ; elapsed = 00:00:29 . Memory (MB): peak = 1716.008 ; gain = 124.563

Router Utilization Summary
  Global Vertical Routing Utilization    = 0.00548825 %
  Global Horizontal Routing Utilization  = 0.0040568 %
  Routable Net Status*
  *Does not include unroutable nets such as driverless and loadless.
  Run report_route_status for detailed report.
  Number of Failed Nets               = 13934
    (Failed Nets is the sum of unrouted and partially routed nets)
  Number of Unrouted Nets             = 13929
  Number of Partially Routed Nets     = 5
  Number of Node Overlaps             = 3


Phase 3 Initial Routing
Phase 3 Initial Routing | Checksum: 1a1e27058

Time (s): cpu = 00:00:45 ; elapsed = 00:00:35 . Memory (MB): peak = 1745.434 ; gain = 153.988
INFO: [Route 35-580] Design has 1510 pins with tight setup and hold constraints.

The top 5 pins with tight setup and hold constraints:

+--------------------------+--------------------------+----------------------------------------------------------------------------------------------------------+
|       Launch Clock       |      Capture Clock       |                                                 Pin                                                      |
+--------------------------+--------------------------+----------------------------------------------------------------------------------------------------------+
|               clk_fpga_0 |clk_out1_SP_OV_clk_wiz_1_1_1 |SP_OV_i/DDS_AXI_PERIPH_wrapp_0/U0/DDS_AXI_PERIPH_i/DDS_COM_wrapper_0/U0/DDS_COM_i/DELAY_SYNC_0/U0/rsts_reg[0]/D|
| clk_out1_SP_OV_clk_wiz_1_1_1 |clk_out1_SP_OV_clk_wiz_1_2_1 |SP_OV_i/P_COUNTER_wrapper_0/U0/P_COUNTER_i/c_counter_binary_0/U0/i_synth/i_baseip.i_xbip_counter/i_dsp48.i_dsp/i_vx7.i_dsp48e_wrap/i_primitive/CEP|
|               clk_fpga_0 |clk_out1_SP_OV_clk_wiz_1_1_1 |SP_OV_i/DDS_AXI_PERIPH_wrapp_0/U0/DDS_AXI_PERIPH_i/DDS_COM_wrapper_0/U0/DDS_COM_i/DELAY_SYNC_0/U0/rsts_reg[1]/D|
|               clk_fpga_0 |clk_out1_SP_OV_clk_wiz_1_1_1 |                                 SP_OV_i/P_COUNTER_wrapper_0/U0/P_COUNTER_i/EX_TRIG_CTL_0/U0/stopped_reg/D|
|               clk_fpga_0 |clk_out1_SP_OV_clk_wiz_1_1_1 |SP_OV_i/DD_AXI_PERIPH_wrapper_0/U0/DD_AXI_PERIPH_i/IODELAY_BLK_wrapper_0/U0/IODELAY_BLK_i/DD_CTRL_0/U0/all_taps_reg[20]/D|
+--------------------------+--------------------------+----------------------------------------------------------------------------------------------------------+

File with complete list of pins: tight_setup_hold_pins.txt


Phase 4 Rip-up And Reroute

Phase 4.1 Global Iteration 0
 Number of Nodes with overlaps = 1074
 Number of Nodes with overlaps = 128
 Number of Nodes with overlaps = 20
 Number of Nodes with overlaps = 4
 Number of Nodes with overlaps = 1
 Number of Nodes with overlaps = 2
 Number of Nodes with overlaps = 0
INFO: [Route 35-416] Intermediate Timing Summary | WNS=-5.174 | TNS=-9775.388| WHS=N/A    | THS=N/A    |

Phase 4.1 Global Iteration 0 | Checksum: 1828c2c5b

Time (s): cpu = 00:05:05 ; elapsed = 00:02:59 . Memory (MB): peak = 1777.926 ; gain = 186.480

Phase 4.2 Global Iteration 1
 Number of Nodes with overlaps = 478
 Number of Nodes with overlaps = 127
 Number of Nodes with overlaps = 20
 Number of Nodes with overlaps = 0
INFO: [Route 35-416] Intermediate Timing Summary | WNS=-4.748 | TNS=-9492.850| WHS=N/A    | THS=N/A    |

Phase 4.2 Global Iteration 1 | Checksum: 12aa3bccb

Time (s): cpu = 00:06:33 ; elapsed = 00:03:51 . Memory (MB): peak = 1827.410 ; gain = 235.965

Phase 4.3 Global Iteration 2
 Number of Nodes with overlaps = 211
 Number of Nodes with overlaps = 39
 Number of Nodes with overlaps = 7
 Number of Nodes with overlaps = 0
INFO: [Route 35-416] Intermediate Timing Summary | WNS=-4.610 | TNS=-9312.001| WHS=N/A    | THS=N/A    |

Phase 4.3 Global Iteration 2 | Checksum: 19f46661d

Time (s): cpu = 00:06:40 ; elapsed = 00:03:57 . Memory (MB): peak = 1827.410 ; gain = 235.965

Phase 4.4 Global Iteration 3
 Number of Nodes with overlaps = 184
Phase 4.4 Global Iteration 3 | Checksum: 15864760f

Time (s): cpu = 00:06:41 ; elapsed = 00:03:58 . Memory (MB): peak = 1827.410 ; gain = 235.965
Phase 4 Rip-up And Reroute | Checksum: 15864760f

Time (s): cpu = 00:06:41 ; elapsed = 00:03:58 . Memory (MB): peak = 1827.410 ; gain = 235.965

Phase 5 Delay and Skew Optimization

Phase 5.1 Delay CleanUp

Phase 5.1.1 Update Timing
Phase 5.1.1 Update Timing | Checksum: 11d677703

Time (s): cpu = 00:06:41 ; elapsed = 00:03:58 . Memory (MB): peak = 1827.410 ; gain = 235.965
INFO: [Route 35-416] Intermediate Timing Summary | WNS=-4.610 | TNS=-9097.057| WHS=N/A    | THS=N/A    |

 Number of Nodes with overlaps = 0
Phase 5.1 Delay CleanUp | Checksum: 1fa36ad97

Time (s): cpu = 00:06:42 ; elapsed = 00:03:59 . Memory (MB): peak = 1827.410 ; gain = 235.965

Phase 5.2 Clock Skew Optimization
Phase 5.2 Clock Skew Optimization | Checksum: 1fa36ad97

Time (s): cpu = 00:06:42 ; elapsed = 00:03:59 . Memory (MB): peak = 1827.410 ; gain = 235.965
Phase 5 Delay and Skew Optimization | Checksum: 1fa36ad97

Time (s): cpu = 00:06:42 ; elapsed = 00:03:59 . Memory (MB): peak = 1827.410 ; gain = 235.965

Phase 6 Post Hold Fix

Phase 6.1 Hold Fix Iter

Phase 6.1.1 Update Timing
Phase 6.1.1 Update Timing | Checksum: 2bfc43fa0

Time (s): cpu = 00:06:43 ; elapsed = 00:04:00 . Memory (MB): peak = 1827.410 ; gain = 235.965
INFO: [Route 35-416] Intermediate Timing Summary | WNS=-4.610 | TNS=-9081.208| WHS=-0.648 | THS=-52.963|


Phase 6.1.2 Lut RouteThru Assignment for hold
Phase 6.1.2 Lut RouteThru Assignment for hold | Checksum: 1387d09c8

Time (s): cpu = 01:14:28 ; elapsed = 00:55:25 . Memory (MB): peak = 1957.633 ; gain = 366.188
Phase 6.1 Hold Fix Iter | Checksum: 1387d09c8

Time (s): cpu = 01:14:29 ; elapsed = 00:55:25 . Memory (MB): peak = 1957.633 ; gain = 366.188

Phase 6.2 Additional Hold Fix
INFO: [Route 35-416] Intermediate Timing Summary | WNS=-5.077 | TNS=-9307.365| WHS=-0.136 | THS=-0.888 |

Phase 6.2 Additional Hold Fix | Checksum: 1997c6256

Time (s): cpu = 01:28:00 ; elapsed = 01:04:32 . Memory (MB): peak = 1957.633 ; gain = 366.188
WARNING: [Route 35-468] The router encountered 713 pins that are both setup-critical and hold-critical and tried to fix hold violations at the expense of setup slack. Such pins are:
	SP_OV_i/P_COUNTER_wrapper_0/U0/P_COUNTER_i/c_counter_binary_1/U0/i_synth/i_baseip.i_xbip_counter/i_dsp48.i_dsp/i_vx7.i_dsp48e_wrap/i_primitive/CEP
	SP_OV_i/P_COUNTER_wrapper_0/U0/P_COUNTER_i/c_counter_binary_3/U0/i_synth/i_baseip.i_xbip_counter/i_dsp48.i_dsp/i_vx7.i_dsp48e_wrap/i_primitive/CEP
	SP_OV_i/P_COUNTER_wrapper_0/U0/P_COUNTER_i/c_counter_binary_2/U0/i_synth/i_baseip.i_xbip_counter/i_dsp48.i_dsp/i_vx7.i_dsp48e_wrap/i_primitive/CEP
	SP_OV_i/P_COUNTER_wrapper_0/U0/P_COUNTER_i/c_counter_binary_0/U0/i_synth/i_baseip.i_xbip_counter/i_dsp48.i_dsp/i_vx7.i_dsp48e_wrap/i_primitive/CEP
	SP_OV_i/DD_AXI_PERIPH_wrapper_0/U0/DD_AXI_PERIPH_i/IODELAY_BLK_wrapper_5/U0/IODELAY_BLK_i/IDELAY_WRAPPER_7/U0/IDELAYE2_inst/CNTVALUEIN[4]
	SP_OV_i/DD_AXI_PERIPH_wrapper_0/U0/DD_AXI_PERIPH_i/IODELAY_BLK_wrapper_5/U0/IODELAY_BLK_i/IDELAY_WRAPPER_7/U0/IDELAYE2_inst/CNTVALUEIN[3]
	SP_OV_i/DD_AXI_PERIPH_wrapper_0/U0/DD_AXI_PERIPH_i/IODELAY_BLK_wrapper_5/U0/IODELAY_BLK_i/IDELAY_WRAPPER_7/U0/IDELAYE2_inst/CNTVALUEIN[2]
	SP_OV_i/DD_AXI_PERIPH_wrapper_0/U0/DD_AXI_PERIPH_i/IODELAY_BLK_wrapper_5/U0/IODELAY_BLK_i/IDELAY_WRAPPER_7/U0/IDELAYE2_inst/CNTVALUEIN[1]
	SP_OV_i/DD_AXI_PERIPH_wrapper_0/U0/DD_AXI_PERIPH_i/IODELAY_BLK_wrapper_5/U0/IODELAY_BLK_i/IDELAY_WRAPPER_7/U0/IDELAYE2_inst/CNTVALUEIN[0]
	SP_OV_i/DD_AXI_PERIPH_wrapper_0/U0/DD_AXI_PERIPH_i/IODELAY_BLK_wrapper_5/U0/IODELAY_BLK_i/IDELAY_WRAPPER_1/U0/IDELAYE2_inst/LD
	.. and 703 more pins.

Phase 6 Post Hold Fix | Checksum: 246157f46

Time (s): cpu = 01:28:00 ; elapsed = 01:04:32 . Memory (MB): peak = 1957.633 ; gain = 366.188

Phase 7 Route finalize

Router Utilization Summary
  Global Vertical Routing Utilization    = 3.27265 %
  Global Horizontal Routing Utilization  = 3.88176 %
  Routable Net Status*
  *Does not include unroutable nets such as driverless and loadless.
  Run report_route_status for detailed report.
  Number of Failed Nets               = 0
    (Failed Nets is the sum of unrouted and partially routed nets)
  Number of Unrouted Nets             = 0
  Number of Partially Routed Nets     = 0
  Number of Node Overlaps             = 0

Congestion Report
North Dir 1x1 Area, Max Cong = 62.1622%, No Congested Regions.
South Dir 1x1 Area, Max Cong = 71.1712%, No Congested Regions.
East Dir 1x1 Area, Max Cong = 67.6471%, No Congested Regions.
West Dir 1x1 Area, Max Cong = 70.5882%, No Congested Regions.

------------------------------
Reporting congestion hotspots
------------------------------
Direction: North
----------------
Congested clusters found at Level 0
Effective congestion level: 0 Aspect Ratio: 1 Sparse Ratio: 0
Direction: South
----------------
Congested clusters found at Level 0
Effective congestion level: 0 Aspect Ratio: 1 Sparse Ratio: 0
Direction: East
----------------
Congested clusters found at Level 0
Effective congestion level: 0 Aspect Ratio: 1 Sparse Ratio: 0
Direction: West
----------------
Congested clusters found at Level 0
Effective congestion level: 0 Aspect Ratio: 1 Sparse Ratio: 0

Phase 7 Route finalize | Checksum: 2001822ec

Time (s): cpu = 01:28:00 ; elapsed = 01:04:33 . Memory (MB): peak = 1957.633 ; gain = 366.188

Phase 8 Verifying routed nets

 Verification completed successfully
Phase 8 Verifying routed nets | Checksum: 2001822ec

Time (s): cpu = 01:28:00 ; elapsed = 01:04:33 . Memory (MB): peak = 1957.633 ; gain = 366.188

Phase 9 Depositing Routes
Phase 9 Depositing Routes | Checksum: 1365e9b13

Time (s): cpu = 01:28:01 ; elapsed = 01:04:34 . Memory (MB): peak = 1957.633 ; gain = 366.188

Phase 10 Post Router Timing
INFO: [Route 35-57] Estimated Timing Summary | WNS=-5.077 | TNS=-9327.421| WHS=0.015  | THS=0.000  |

WARNING: [Route 35-328] Router estimated timing not met.
Resolution: For a complete and accurate timing signoff, report_timing_summary must be run after route_design. Alternatively, route_design can be run with the -timing_summary option to enable a complete timing signoff at the end of route_design.
Phase 10 Post Router Timing | Checksum: 1365e9b13

Time (s): cpu = 01:28:01 ; elapsed = 01:04:34 . Memory (MB): peak = 1957.633 ; gain = 366.188
INFO: [Route 35-16] Router Completed Successfully

Time (s): cpu = 01:28:01 ; elapsed = 01:04:34 . Memory (MB): peak = 1957.633 ; gain = 366.188

Routing Is Done.
INFO: [Common 17-83] Releasing license: Implementation
101 Infos, 11 Warnings, 0 Critical Warnings and 0 Errors encountered.
route_design completed successfully
route_design: Time (s): cpu = 01:28:04 ; elapsed = 01:04:36 . Memory (MB): peak = 1957.633 ; gain = 366.188
Netlist sorting complete. Time (s): cpu = 00:00:00 ; elapsed = 00:00:00.007 . Memory (MB): peak = 1957.633 ; gain = 0.000
INFO: [Timing 38-480] Writing timing data to binary archive.
Writing placer database...
Writing XDEF routing.
Writing XDEF routing logical nets.
Writing XDEF routing special nets.
Write XDEF Complete: Time (s): cpu = 00:00:05 ; elapsed = 00:00:01 . Memory (MB): peak = 1957.633 ; gain = 0.000
INFO: [Common 17-1381] The checkpoint 'D:/SInglePhotons/Vivado Projects/TOP_OVERLAY/TOP_OVERLAY.runs/impl_1/SP_OV_wrapper_routed.dcp' has been generated.
INFO: [runtcl-4] Executing : report_drc -file SP_OV_wrapper_drc_routed.rpt -pb SP_OV_wrapper_drc_routed.pb -rpx SP_OV_wrapper_drc_routed.rpx
Command: report_drc -file SP_OV_wrapper_drc_routed.rpt -pb SP_OV_wrapper_drc_routed.pb -rpx SP_OV_wrapper_drc_routed.rpx
INFO: [IP_Flow 19-1839] IP Catalog is up to date.
INFO: [DRC 23-27] Running DRC with 2 threads
INFO: [Coretcl 2-168] The results of DRC are in file D:/SInglePhotons/Vivado Projects/TOP_OVERLAY/TOP_OVERLAY.runs/impl_1/SP_OV_wrapper_drc_routed.rpt.
report_drc completed successfully
INFO: [runtcl-4] Executing : report_methodology -file SP_OV_wrapper_methodology_drc_routed.rpt -pb SP_OV_wrapper_methodology_drc_routed.pb -rpx SP_OV_wrapper_methodology_drc_routed.rpx
Command: report_methodology -file SP_OV_wrapper_methodology_drc_routed.rpt -pb SP_OV_wrapper_methodology_drc_routed.pb -rpx SP_OV_wrapper_methodology_drc_routed.rpx
INFO: [Timing 38-35] Done setting XDC timing constraints.
INFO: [DRC 23-133] Running Methodology with 2 threads
INFO: [Coretcl 2-1520] The results of Report Methodology are in file D:/SInglePhotons/Vivado Projects/TOP_OVERLAY/TOP_OVERLAY.runs/impl_1/SP_OV_wrapper_methodology_drc_routed.rpt.
report_methodology completed successfully
report_methodology: Time (s): cpu = 00:00:09 ; elapsed = 00:00:05 . Memory (MB): peak = 1957.633 ; gain = 0.000
INFO: [runtcl-4] Executing : report_power -file SP_OV_wrapper_power_routed.rpt -pb SP_OV_wrapper_power_summary_routed.pb -rpx SP_OV_wrapper_power_routed.rpx
Command: report_power -file SP_OV_wrapper_power_routed.rpt -pb SP_OV_wrapper_power_summary_routed.pb -rpx SP_OV_wrapper_power_routed.rpx
INFO: [Timing 38-35] Done setting XDC timing constraints.
Running Vector-less Activity Propagation...

Finished Running Vector-less Activity Propagation
WARNING: [Power 33-332] Found switching activity that implies high-fanout reset nets being asserted for excessive periods of time which may result in inaccurate power analysis.
Resolution: To review and fix problems, please run Power Constraints Advisor in the GUI from Tools > Power Constraints Advisor or run report_power with the -advisory option to generate a text report.
113 Infos, 12 Warnings, 0 Critical Warnings and 0 Errors encountered.
report_power completed successfully
INFO: [runtcl-4] Executing : report_route_status -file SP_OV_wrapper_route_status.rpt -pb SP_OV_wrapper_route_status.pb
INFO: [runtcl-4] Executing : report_timing_summary -max_paths 10 -file SP_OV_wrapper_timing_summary_routed.rpt -pb SP_OV_wrapper_timing_summary_routed.pb -rpx SP_OV_wrapper_timing_summary_routed.rpx -warn_on_violation 
INFO: [Timing 38-91] UpdateTimingParams: Speed grade: -1, Delay Type: min_max.
INFO: [Timing 38-191] Multithreading enabled for timing update using a maximum of 2 CPUs
CRITICAL WARNING: [Timing 38-282] The design failed to meet the timing requirements. Please see the timing summary report for details on the timing violations.
INFO: [runtcl-4] Executing : report_incremental_reuse -file SP_OV_wrapper_incremental_reuse_routed.rpt
INFO: [Vivado_Tcl 4-1062] Incremental flow is disabled. No incremental reuse Info to report.
INFO: [runtcl-4] Executing : report_clock_utilization -file SP_OV_wrapper_clock_utilization_routed.rpt
INFO: [runtcl-4] Executing : report_bus_skew -warn_on_violation -file SP_OV_wrapper_bus_skew_routed.rpt -pb SP_OV_wrapper_bus_skew_routed.pb -rpx SP_OV_wrapper_bus_skew_routed.rpx
INFO: [Timing 38-91] UpdateTimingParams: Speed grade: -1, Delay Type: min_max.
INFO: [Timing 38-191] Multithreading enabled for timing update using a maximum of 2 CPUs
Command: write_bitstream -force SP_OV_wrapper.bit
Attempting to get a license for feature 'Implementation' and/or device 'xc7z020'
INFO: [Common 17-349] Got license for feature 'Implementation' and/or device 'xc7z020'
Running DRC as a precondition to command write_bitstream
INFO: [IP_Flow 19-1839] IP Catalog is up to date.
INFO: [DRC 23-27] Running DRC with 2 threads
WARNING: [DRC PDRC-153] Gated clock check: Net SP_OV_i/P_COUNTER_wrapper_0/U0/P_COUNTER_i/CTR_CTL_0/U0/CLK is a gated clock net sourced by a combinational pin SP_OV_i/P_COUNTER_wrapper_0/U0/P_COUNTER_i/CTR_CTL_0/U0/O_CLK/O, cell SP_OV_i/P_COUNTER_wrapper_0/U0/P_COUNTER_i/CTR_CTL_0/U0/O_CLK. This is not good design practice and will likely impact performance. For SLICE registers, for example, use the CE pin to control the loading of data.
WARNING: [DRC PDRC-153] Gated clock check: Net SP_OV_i/P_COUNTER_wrapper_0/U0/P_COUNTER_i/CTR_CTL_1/U0/CLK is a gated clock net sourced by a combinational pin SP_OV_i/P_COUNTER_wrapper_0/U0/P_COUNTER_i/CTR_CTL_1/U0/O_CLK/O, cell SP_OV_i/P_COUNTER_wrapper_0/U0/P_COUNTER_i/CTR_CTL_1/U0/O_CLK. This is not good design practice and will likely impact performance. For SLICE registers, for example, use the CE pin to control the loading of data.
WARNING: [DRC PDRC-153] Gated clock check: Net SP_OV_i/P_COUNTER_wrapper_0/U0/P_COUNTER_i/CTR_CTL_2/U0/CLK is a gated clock net sourced by a combinational pin SP_OV_i/P_COUNTER_wrapper_0/U0/P_COUNTER_i/CTR_CTL_2/U0/O_CLK/O, cell SP_OV_i/P_COUNTER_wrapper_0/U0/P_COUNTER_i/CTR_CTL_2/U0/O_CLK. This is not good design practice and will likely impact performance. For SLICE registers, for example, use the CE pin to control the loading of data.
WARNING: [DRC PDRC-153] Gated clock check: Net SP_OV_i/P_COUNTER_wrapper_0/U0/P_COUNTER_i/CTR_CTL_3/U0/CLK is a gated clock net sourced by a combinational pin SP_OV_i/P_COUNTER_wrapper_0/U0/P_COUNTER_i/CTR_CTL_3/U0/O_CLK/O, cell SP_OV_i/P_COUNTER_wrapper_0/U0/P_COUNTER_i/CTR_CTL_3/U0/O_CLK. This is not good design practice and will likely impact performance. For SLICE registers, for example, use the CE pin to control the loading of data.
WARNING: [DRC PDRC-153] Gated clock check: Net SP_OV_i/P_COUNTER_wrapper_0/U0/P_COUNTER_i/DIG_TIMER_0/U0/CLK is a gated clock net sourced by a combinational pin SP_OV_i/P_COUNTER_wrapper_0/U0/P_COUNTER_i/DIG_TIMER_0/U0/BRUH_i_1/O, cell SP_OV_i/P_COUNTER_wrapper_0/U0/P_COUNTER_i/DIG_TIMER_0/U0/BRUH_i_1. This is not good design practice and will likely impact performance. For SLICE registers, for example, use the CE pin to control the loading of data.
WARNING: [DRC PDRC-153] Gated clock check: Net SP_OV_i/P_COUNTER_wrapper_0/U0/P_COUNTER_i/DIG_TIMER_1/U0/CLK is a gated clock net sourced by a combinational pin SP_OV_i/P_COUNTER_wrapper_0/U0/P_COUNTER_i/DIG_TIMER_1/U0/BRUH_i_1__0/O, cell SP_OV_i/P_COUNTER_wrapper_0/U0/P_COUNTER_i/DIG_TIMER_1/U0/BRUH_i_1__0. This is not good design practice and will likely impact performance. For SLICE registers, for example, use the CE pin to control the loading of data.
WARNING: [DRC PDRC-153] Gated clock check: Net SP_OV_i/P_COUNTER_wrapper_0/U0/P_COUNTER_i/DIG_TIMER_2/U0/CLK is a gated clock net sourced by a combinational pin SP_OV_i/P_COUNTER_wrapper_0/U0/P_COUNTER_i/DIG_TIMER_2/U0/BRUH_i_1__1/O, cell SP_OV_i/P_COUNTER_wrapper_0/U0/P_COUNTER_i/DIG_TIMER_2/U0/BRUH_i_1__1. This is not good design practice and will likely impact performance. For SLICE registers, for example, use the CE pin to control the loading of data.
WARNING: [DRC PDRC-153] Gated clock check: Net SP_OV_i/P_COUNTER_wrapper_0/U0/P_COUNTER_i/DIG_TIMER_3/U0/CLK is a gated clock net sourced by a combinational pin SP_OV_i/P_COUNTER_wrapper_0/U0/P_COUNTER_i/DIG_TIMER_3/U0/BRUH_i_1__2/O, cell SP_OV_i/P_COUNTER_wrapper_0/U0/P_COUNTER_i/DIG_TIMER_3/U0/BRUH_i_1__2. This is not good design practice and will likely impact performance. For SLICE registers, for example, use the CE pin to control the loading of data.
WARNING: [DRC PLHOLDVIO-2] Non-Optimal connections which could lead to hold violations: A LUT SP_OV_i/P_COUNTER_wrapper_0/U0/P_COUNTER_i/CTR_CTL_0/U0/O_CLK is driving clock pin of 1 cells. This could lead to large hold time violations. Involved cells are:
SP_OV_i/P_COUNTER_wrapper_0/U0/P_COUNTER_i/c_counter_binary_0/U0/i_synth/i_baseip.i_xbip_counter/i_dsp48.i_dsp/i_vx7.i_dsp48e_wrap/i_primitive
WARNING: [DRC PLHOLDVIO-2] Non-Optimal connections which could lead to hold violations: A LUT SP_OV_i/P_COUNTER_wrapper_0/U0/P_COUNTER_i/CTR_CTL_1/U0/O_CLK is driving clock pin of 1 cells. This could lead to large hold time violations. Involved cells are:
SP_OV_i/P_COUNTER_wrapper_0/U0/P_COUNTER_i/c_counter_binary_1/U0/i_synth/i_baseip.i_xbip_counter/i_dsp48.i_dsp/i_vx7.i_dsp48e_wrap/i_primitive
WARNING: [DRC PLHOLDVIO-2] Non-Optimal connections which could lead to hold violations: A LUT SP_OV_i/P_COUNTER_wrapper_0/U0/P_COUNTER_i/CTR_CTL_2/U0/O_CLK is driving clock pin of 1 cells. This could lead to large hold time violations. Involved cells are:
SP_OV_i/P_COUNTER_wrapper_0/U0/P_COUNTER_i/c_counter_binary_2/U0/i_synth/i_baseip.i_xbip_counter/i_dsp48.i_dsp/i_vx7.i_dsp48e_wrap/i_primitive
WARNING: [DRC PLHOLDVIO-2] Non-Optimal connections which could lead to hold violations: A LUT SP_OV_i/P_COUNTER_wrapper_0/U0/P_COUNTER_i/CTR_CTL_3/U0/O_CLK is driving clock pin of 1 cells. This could lead to large hold time violations. Involved cells are:
SP_OV_i/P_COUNTER_wrapper_0/U0/P_COUNTER_i/c_counter_binary_3/U0/i_synth/i_baseip.i_xbip_counter/i_dsp48.i_dsp/i_vx7.i_dsp48e_wrap/i_primitive
WARNING: [DRC PLHOLDVIO-2] Non-Optimal connections which could lead to hold violations: A LUT SP_OV_i/P_COUNTER_wrapper_0/U0/P_COUNTER_i/DIG_TIMER_0/U0/BRUH_i_1 is driving clock pin of 32 cells. This could lead to large hold time violations. Involved cells are:
SP_OV_i/P_COUNTER_wrapper_0/U0/P_COUNTER_i/DIG_TIMER_0/U0/BRUH/U0/i_synth/i_baseblox.i_baseblox_counter/the_addsub/no_pipelining.the_addsub/i_lut6.i_lut6_addsub/i_q.i_simple.qreg/i_no_async_controls.output_reg[10], SP_OV_i/P_COUNTER_wrapper_0/U0/P_COUNTER_i/DIG_TIMER_0/U0/BRUH/U0/i_synth/i_baseblox.i_baseblox_counter/the_addsub/no_pipelining.the_addsub/i_lut6.i_lut6_addsub/i_q.i_simple.qreg/i_no_async_controls.output_reg[11], SP_OV_i/P_COUNTER_wrapper_0/U0/P_COUNTER_i/DIG_TIMER_0/U0/BRUH/U0/i_synth/i_baseblox.i_baseblox_counter/the_addsub/no_pipelining.the_addsub/i_lut6.i_lut6_addsub/i_q.i_simple.qreg/i_no_async_controls.output_reg[12], SP_OV_i/P_COUNTER_wrapper_0/U0/P_COUNTER_i/DIG_TIMER_0/U0/BRUH/U0/i_synth/i_baseblox.i_baseblox_counter/the_addsub/no_pipelining.the_addsub/i_lut6.i_lut6_addsub/i_q.i_simple.qreg/i_no_async_controls.output_reg[13], SP_OV_i/P_COUNTER_wrapper_0/U0/P_COUNTER_i/DIG_TIMER_0/U0/BRUH/U0/i_synth/i_baseblox.i_baseblox_counter/the_addsub/no_pipelining.the_addsub/i_lut6.i_lut6_addsub/i_q.i_simple.qreg/i_no_async_controls.output_reg[14], SP_OV_i/P_COUNTER_wrapper_0/U0/P_COUNTER_i/DIG_TIMER_0/U0/BRUH/U0/i_synth/i_baseblox.i_baseblox_counter/the_addsub/no_pipelining.the_addsub/i_lut6.i_lut6_addsub/i_q.i_simple.qreg/i_no_async_controls.output_reg[15], SP_OV_i/P_COUNTER_wrapper_0/U0/P_COUNTER_i/DIG_TIMER_0/U0/BRUH/U0/i_synth/i_baseblox.i_baseblox_counter/the_addsub/no_pipelining.the_addsub/i_lut6.i_lut6_addsub/i_q.i_simple.qreg/i_no_async_controls.output_reg[16], SP_OV_i/P_COUNTER_wrapper_0/U0/P_COUNTER_i/DIG_TIMER_0/U0/BRUH/U0/i_synth/i_baseblox.i_baseblox_counter/the_addsub/no_pipelining.the_addsub/i_lut6.i_lut6_addsub/i_q.i_simple.qreg/i_no_async_controls.output_reg[17], SP_OV_i/P_COUNTER_wrapper_0/U0/P_COUNTER_i/DIG_TIMER_0/U0/BRUH/U0/i_synth/i_baseblox.i_baseblox_counter/the_addsub/no_pipelining.the_addsub/i_lut6.i_lut6_addsub/i_q.i_simple.qreg/i_no_async_controls.output_reg[18], SP_OV_i/P_COUNTER_wrapper_0/U0/P_COUNTER_i/DIG_TIMER_0/U0/BRUH/U0/i_synth/i_baseblox.i_baseblox_counter/the_addsub/no_pipelining.the_addsub/i_lut6.i_lut6_addsub/i_q.i_simple.qreg/i_no_async_controls.output_reg[19], SP_OV_i/P_COUNTER_wrapper_0/U0/P_COUNTER_i/DIG_TIMER_0/U0/BRUH/U0/i_synth/i_baseblox.i_baseblox_counter/the_addsub/no_pipelining.the_addsub/i_lut6.i_lut6_addsub/i_q.i_simple.qreg/i_no_async_controls.output_reg[1], SP_OV_i/P_COUNTER_wrapper_0/U0/P_COUNTER_i/DIG_TIMER_0/U0/BRUH/U0/i_synth/i_baseblox.i_baseblox_counter/the_addsub/no_pipelining.the_addsub/i_lut6.i_lut6_addsub/i_q.i_simple.qreg/i_no_async_controls.output_reg[20], SP_OV_i/P_COUNTER_wrapper_0/U0/P_COUNTER_i/DIG_TIMER_0/U0/BRUH/U0/i_synth/i_baseblox.i_baseblox_counter/the_addsub/no_pipelining.the_addsub/i_lut6.i_lut6_addsub/i_q.i_simple.qreg/i_no_async_controls.output_reg[21], SP_OV_i/P_COUNTER_wrapper_0/U0/P_COUNTER_i/DIG_TIMER_0/U0/BRUH/U0/i_synth/i_baseblox.i_baseblox_counter/the_addsub/no_pipelining.the_addsub/i_lut6.i_lut6_addsub/i_q.i_simple.qreg/i_no_async_controls.output_reg[22], SP_OV_i/P_COUNTER_wrapper_0/U0/P_COUNTER_i/DIG_TIMER_0/U0/BRUH/U0/i_synth/i_baseblox.i_baseblox_counter/the_addsub/no_pipelining.the_addsub/i_lut6.i_lut6_addsub/i_q.i_simple.qreg/i_no_async_controls.output_reg[23]... and (the first 15 of 32 listed)
WARNING: [DRC PLHOLDVIO-2] Non-Optimal connections which could lead to hold violations: A LUT SP_OV_i/P_COUNTER_wrapper_0/U0/P_COUNTER_i/DIG_TIMER_1/U0/BRUH_i_1__0 is driving clock pin of 32 cells. This could lead to large hold time violations. Involved cells are:
SP_OV_i/P_COUNTER_wrapper_0/U0/P_COUNTER_i/DIG_TIMER_1/U0/BRUH/U0/i_synth/i_baseblox.i_baseblox_counter/the_addsub/no_pipelining.the_addsub/i_lut6.i_lut6_addsub/i_q.i_simple.qreg/i_no_async_controls.output_reg[10], SP_OV_i/P_COUNTER_wrapper_0/U0/P_COUNTER_i/DIG_TIMER_1/U0/BRUH/U0/i_synth/i_baseblox.i_baseblox_counter/the_addsub/no_pipelining.the_addsub/i_lut6.i_lut6_addsub/i_q.i_simple.qreg/i_no_async_controls.output_reg[11], SP_OV_i/P_COUNTER_wrapper_0/U0/P_COUNTER_i/DIG_TIMER_1/U0/BRUH/U0/i_synth/i_baseblox.i_baseblox_counter/the_addsub/no_pipelining.the_addsub/i_lut6.i_lut6_addsub/i_q.i_simple.qreg/i_no_async_controls.output_reg[12], SP_OV_i/P_COUNTER_wrapper_0/U0/P_COUNTER_i/DIG_TIMER_1/U0/BRUH/U0/i_synth/i_baseblox.i_baseblox_counter/the_addsub/no_pipelining.the_addsub/i_lut6.i_lut6_addsub/i_q.i_simple.qreg/i_no_async_controls.output_reg[13], SP_OV_i/P_COUNTER_wrapper_0/U0/P_COUNTER_i/DIG_TIMER_1/U0/BRUH/U0/i_synth/i_baseblox.i_baseblox_counter/the_addsub/no_pipelining.the_addsub/i_lut6.i_lut6_addsub/i_q.i_simple.qreg/i_no_async_controls.output_reg[14], SP_OV_i/P_COUNTER_wrapper_0/U0/P_COUNTER_i/DIG_TIMER_1/U0/BRUH/U0/i_synth/i_baseblox.i_baseblox_counter/the_addsub/no_pipelining.the_addsub/i_lut6.i_lut6_addsub/i_q.i_simple.qreg/i_no_async_controls.output_reg[15], SP_OV_i/P_COUNTER_wrapper_0/U0/P_COUNTER_i/DIG_TIMER_1/U0/BRUH/U0/i_synth/i_baseblox.i_baseblox_counter/the_addsub/no_pipelining.the_addsub/i_lut6.i_lut6_addsub/i_q.i_simple.qreg/i_no_async_controls.output_reg[16], SP_OV_i/P_COUNTER_wrapper_0/U0/P_COUNTER_i/DIG_TIMER_1/U0/BRUH/U0/i_synth/i_baseblox.i_baseblox_counter/the_addsub/no_pipelining.the_addsub/i_lut6.i_lut6_addsub/i_q.i_simple.qreg/i_no_async_controls.output_reg[17], SP_OV_i/P_COUNTER_wrapper_0/U0/P_COUNTER_i/DIG_TIMER_1/U0/BRUH/U0/i_synth/i_baseblox.i_baseblox_counter/the_addsub/no_pipelining.the_addsub/i_lut6.i_lut6_addsub/i_q.i_simple.qreg/i_no_async_controls.output_reg[18], SP_OV_i/P_COUNTER_wrapper_0/U0/P_COUNTER_i/DIG_TIMER_1/U0/BRUH/U0/i_synth/i_baseblox.i_baseblox_counter/the_addsub/no_pipelining.the_addsub/i_lut6.i_lut6_addsub/i_q.i_simple.qreg/i_no_async_controls.output_reg[19], SP_OV_i/P_COUNTER_wrapper_0/U0/P_COUNTER_i/DIG_TIMER_1/U0/BRUH/U0/i_synth/i_baseblox.i_baseblox_counter/the_addsub/no_pipelining.the_addsub/i_lut6.i_lut6_addsub/i_q.i_simple.qreg/i_no_async_controls.output_reg[1], SP_OV_i/P_COUNTER_wrapper_0/U0/P_COUNTER_i/DIG_TIMER_1/U0/BRUH/U0/i_synth/i_baseblox.i_baseblox_counter/the_addsub/no_pipelining.the_addsub/i_lut6.i_lut6_addsub/i_q.i_simple.qreg/i_no_async_controls.output_reg[20], SP_OV_i/P_COUNTER_wrapper_0/U0/P_COUNTER_i/DIG_TIMER_1/U0/BRUH/U0/i_synth/i_baseblox.i_baseblox_counter/the_addsub/no_pipelining.the_addsub/i_lut6.i_lut6_addsub/i_q.i_simple.qreg/i_no_async_controls.output_reg[21], SP_OV_i/P_COUNTER_wrapper_0/U0/P_COUNTER_i/DIG_TIMER_1/U0/BRUH/U0/i_synth/i_baseblox.i_baseblox_counter/the_addsub/no_pipelining.the_addsub/i_lut6.i_lut6_addsub/i_q.i_simple.qreg/i_no_async_controls.output_reg[22], SP_OV_i/P_COUNTER_wrapper_0/U0/P_COUNTER_i/DIG_TIMER_1/U0/BRUH/U0/i_synth/i_baseblox.i_baseblox_counter/the_addsub/no_pipelining.the_addsub/i_lut6.i_lut6_addsub/i_q.i_simple.qreg/i_no_async_controls.output_reg[23]... and (the first 15 of 32 listed)
WARNING: [DRC PLHOLDVIO-2] Non-Optimal connections which could lead to hold violations: A LUT SP_OV_i/P_COUNTER_wrapper_0/U0/P_COUNTER_i/DIG_TIMER_2/U0/BRUH_i_1__1 is driving clock pin of 32 cells. This could lead to large hold time violations. Involved cells are:
SP_OV_i/P_COUNTER_wrapper_0/U0/P_COUNTER_i/DIG_TIMER_2/U0/BRUH/U0/i_synth/i_baseblox.i_baseblox_counter/the_addsub/no_pipelining.the_addsub/i_lut6.i_lut6_addsub/i_q.i_simple.qreg/i_no_async_controls.output_reg[10], SP_OV_i/P_COUNTER_wrapper_0/U0/P_COUNTER_i/DIG_TIMER_2/U0/BRUH/U0/i_synth/i_baseblox.i_baseblox_counter/the_addsub/no_pipelining.the_addsub/i_lut6.i_lut6_addsub/i_q.i_simple.qreg/i_no_async_controls.output_reg[11], SP_OV_i/P_COUNTER_wrapper_0/U0/P_COUNTER_i/DIG_TIMER_2/U0/BRUH/U0/i_synth/i_baseblox.i_baseblox_counter/the_addsub/no_pipelining.the_addsub/i_lut6.i_lut6_addsub/i_q.i_simple.qreg/i_no_async_controls.output_reg[12], SP_OV_i/P_COUNTER_wrapper_0/U0/P_COUNTER_i/DIG_TIMER_2/U0/BRUH/U0/i_synth/i_baseblox.i_baseblox_counter/the_addsub/no_pipelining.the_addsub/i_lut6.i_lut6_addsub/i_q.i_simple.qreg/i_no_async_controls.output_reg[13], SP_OV_i/P_COUNTER_wrapper_0/U0/P_COUNTER_i/DIG_TIMER_2/U0/BRUH/U0/i_synth/i_baseblox.i_baseblox_counter/the_addsub/no_pipelining.the_addsub/i_lut6.i_lut6_addsub/i_q.i_simple.qreg/i_no_async_controls.output_reg[14], SP_OV_i/P_COUNTER_wrapper_0/U0/P_COUNTER_i/DIG_TIMER_2/U0/BRUH/U0/i_synth/i_baseblox.i_baseblox_counter/the_addsub/no_pipelining.the_addsub/i_lut6.i_lut6_addsub/i_q.i_simple.qreg/i_no_async_controls.output_reg[15], SP_OV_i/P_COUNTER_wrapper_0/U0/P_COUNTER_i/DIG_TIMER_2/U0/BRUH/U0/i_synth/i_baseblox.i_baseblox_counter/the_addsub/no_pipelining.the_addsub/i_lut6.i_lut6_addsub/i_q.i_simple.qreg/i_no_async_controls.output_reg[16], SP_OV_i/P_COUNTER_wrapper_0/U0/P_COUNTER_i/DIG_TIMER_2/U0/BRUH/U0/i_synth/i_baseblox.i_baseblox_counter/the_addsub/no_pipelining.the_addsub/i_lut6.i_lut6_addsub/i_q.i_simple.qreg/i_no_async_controls.output_reg[17], SP_OV_i/P_COUNTER_wrapper_0/U0/P_COUNTER_i/DIG_TIMER_2/U0/BRUH/U0/i_synth/i_baseblox.i_baseblox_counter/the_addsub/no_pipelining.the_addsub/i_lut6.i_lut6_addsub/i_q.i_simple.qreg/i_no_async_controls.output_reg[18], SP_OV_i/P_COUNTER_wrapper_0/U0/P_COUNTER_i/DIG_TIMER_2/U0/BRUH/U0/i_synth/i_baseblox.i_baseblox_counter/the_addsub/no_pipelining.the_addsub/i_lut6.i_lut6_addsub/i_q.i_simple.qreg/i_no_async_controls.output_reg[19], SP_OV_i/P_COUNTER_wrapper_0/U0/P_COUNTER_i/DIG_TIMER_2/U0/BRUH/U0/i_synth/i_baseblox.i_baseblox_counter/the_addsub/no_pipelining.the_addsub/i_lut6.i_lut6_addsub/i_q.i_simple.qreg/i_no_async_controls.output_reg[1], SP_OV_i/P_COUNTER_wrapper_0/U0/P_COUNTER_i/DIG_TIMER_2/U0/BRUH/U0/i_synth/i_baseblox.i_baseblox_counter/the_addsub/no_pipelining.the_addsub/i_lut6.i_lut6_addsub/i_q.i_simple.qreg/i_no_async_controls.output_reg[20], SP_OV_i/P_COUNTER_wrapper_0/U0/P_COUNTER_i/DIG_TIMER_2/U0/BRUH/U0/i_synth/i_baseblox.i_baseblox_counter/the_addsub/no_pipelining.the_addsub/i_lut6.i_lut6_addsub/i_q.i_simple.qreg/i_no_async_controls.output_reg[21], SP_OV_i/P_COUNTER_wrapper_0/U0/P_COUNTER_i/DIG_TIMER_2/U0/BRUH/U0/i_synth/i_baseblox.i_baseblox_counter/the_addsub/no_pipelining.the_addsub/i_lut6.i_lut6_addsub/i_q.i_simple.qreg/i_no_async_controls.output_reg[22], SP_OV_i/P_COUNTER_wrapper_0/U0/P_COUNTER_i/DIG_TIMER_2/U0/BRUH/U0/i_synth/i_baseblox.i_baseblox_counter/the_addsub/no_pipelining.the_addsub/i_lut6.i_lut6_addsub/i_q.i_simple.qreg/i_no_async_controls.output_reg[23]... and (the first 15 of 32 listed)
WARNING: [DRC PLHOLDVIO-2] Non-Optimal connections which could lead to hold violations: A LUT SP_OV_i/P_COUNTER_wrapper_0/U0/P_COUNTER_i/DIG_TIMER_3/U0/BRUH_i_1__2 is driving clock pin of 32 cells. This could lead to large hold time violations. Involved cells are:
SP_OV_i/P_COUNTER_wrapper_0/U0/P_COUNTER_i/DIG_TIMER_3/U0/BRUH/U0/i_synth/i_baseblox.i_baseblox_counter/the_addsub/no_pipelining.the_addsub/i_lut6.i_lut6_addsub/i_q.i_simple.qreg/i_no_async_controls.output_reg[10], SP_OV_i/P_COUNTER_wrapper_0/U0/P_COUNTER_i/DIG_TIMER_3/U0/BRUH/U0/i_synth/i_baseblox.i_baseblox_counter/the_addsub/no_pipelining.the_addsub/i_lut6.i_lut6_addsub/i_q.i_simple.qreg/i_no_async_controls.output_reg[11], SP_OV_i/P_COUNTER_wrapper_0/U0/P_COUNTER_i/DIG_TIMER_3/U0/BRUH/U0/i_synth/i_baseblox.i_baseblox_counter/the_addsub/no_pipelining.the_addsub/i_lut6.i_lut6_addsub/i_q.i_simple.qreg/i_no_async_controls.output_reg[12], SP_OV_i/P_COUNTER_wrapper_0/U0/P_COUNTER_i/DIG_TIMER_3/U0/BRUH/U0/i_synth/i_baseblox.i_baseblox_counter/the_addsub/no_pipelining.the_addsub/i_lut6.i_lut6_addsub/i_q.i_simple.qreg/i_no_async_controls.output_reg[13], SP_OV_i/P_COUNTER_wrapper_0/U0/P_COUNTER_i/DIG_TIMER_3/U0/BRUH/U0/i_synth/i_baseblox.i_baseblox_counter/the_addsub/no_pipelining.the_addsub/i_lut6.i_lut6_addsub/i_q.i_simple.qreg/i_no_async_controls.output_reg[14], SP_OV_i/P_COUNTER_wrapper_0/U0/P_COUNTER_i/DIG_TIMER_3/U0/BRUH/U0/i_synth/i_baseblox.i_baseblox_counter/the_addsub/no_pipelining.the_addsub/i_lut6.i_lut6_addsub/i_q.i_simple.qreg/i_no_async_controls.output_reg[15], SP_OV_i/P_COUNTER_wrapper_0/U0/P_COUNTER_i/DIG_TIMER_3/U0/BRUH/U0/i_synth/i_baseblox.i_baseblox_counter/the_addsub/no_pipelining.the_addsub/i_lut6.i_lut6_addsub/i_q.i_simple.qreg/i_no_async_controls.output_reg[16], SP_OV_i/P_COUNTER_wrapper_0/U0/P_COUNTER_i/DIG_TIMER_3/U0/BRUH/U0/i_synth/i_baseblox.i_baseblox_counter/the_addsub/no_pipelining.the_addsub/i_lut6.i_lut6_addsub/i_q.i_simple.qreg/i_no_async_controls.output_reg[17], SP_OV_i/P_COUNTER_wrapper_0/U0/P_COUNTER_i/DIG_TIMER_3/U0/BRUH/U0/i_synth/i_baseblox.i_baseblox_counter/the_addsub/no_pipelining.the_addsub/i_lut6.i_lut6_addsub/i_q.i_simple.qreg/i_no_async_controls.output_reg[18], SP_OV_i/P_COUNTER_wrapper_0/U0/P_COUNTER_i/DIG_TIMER_3/U0/BRUH/U0/i_synth/i_baseblox.i_baseblox_counter/the_addsub/no_pipelining.the_addsub/i_lut6.i_lut6_addsub/i_q.i_simple.qreg/i_no_async_controls.output_reg[19], SP_OV_i/P_COUNTER_wrapper_0/U0/P_COUNTER_i/DIG_TIMER_3/U0/BRUH/U0/i_synth/i_baseblox.i_baseblox_counter/the_addsub/no_pipelining.the_addsub/i_lut6.i_lut6_addsub/i_q.i_simple.qreg/i_no_async_controls.output_reg[1], SP_OV_i/P_COUNTER_wrapper_0/U0/P_COUNTER_i/DIG_TIMER_3/U0/BRUH/U0/i_synth/i_baseblox.i_baseblox_counter/the_addsub/no_pipelining.the_addsub/i_lut6.i_lut6_addsub/i_q.i_simple.qreg/i_no_async_controls.output_reg[20], SP_OV_i/P_COUNTER_wrapper_0/U0/P_COUNTER_i/DIG_TIMER_3/U0/BRUH/U0/i_synth/i_baseblox.i_baseblox_counter/the_addsub/no_pipelining.the_addsub/i_lut6.i_lut6_addsub/i_q.i_simple.qreg/i_no_async_controls.output_reg[21], SP_OV_i/P_COUNTER_wrapper_0/U0/P_COUNTER_i/DIG_TIMER_3/U0/BRUH/U0/i_synth/i_baseblox.i_baseblox_counter/the_addsub/no_pipelining.the_addsub/i_lut6.i_lut6_addsub/i_q.i_simple.qreg/i_no_async_controls.output_reg[22], SP_OV_i/P_COUNTER_wrapper_0/U0/P_COUNTER_i/DIG_TIMER_3/U0/BRUH/U0/i_synth/i_baseblox.i_baseblox_counter/the_addsub/no_pipelining.the_addsub/i_lut6.i_lut6_addsub/i_q.i_simple.qreg/i_no_async_controls.output_reg[23]... and (the first 15 of 32 listed)
INFO: [DRC AVAL-5] enum_USE_MULT_NONE_enum_DREG_ADREG_0_connects_CED_CEAD_RSTD_GND: SP_OV_i/P_COUNTER_wrapper_0/U0/P_COUNTER_i/c_counter_binary_0/U0/i_synth/i_baseip.i_xbip_counter/i_dsp48.i_dsp/i_vx7.i_dsp48e_wrap/i_primitive: DSP48E1 is not using the Multiplier (USE_MULT = NONE). For improved power characteristics, set DREG and ADREG to '1', tie CED, CEAD, and RSTD to logic '0'.
INFO: [DRC AVAL-5] enum_USE_MULT_NONE_enum_DREG_ADREG_0_connects_CED_CEAD_RSTD_GND: SP_OV_i/P_COUNTER_wrapper_0/U0/P_COUNTER_i/c_counter_binary_1/U0/i_synth/i_baseip.i_xbip_counter/i_dsp48.i_dsp/i_vx7.i_dsp48e_wrap/i_primitive: DSP48E1 is not using the Multiplier (USE_MULT = NONE). For improved power characteristics, set DREG and ADREG to '1', tie CED, CEAD, and RSTD to logic '0'.
INFO: [DRC AVAL-5] enum_USE_MULT_NONE_enum_DREG_ADREG_0_connects_CED_CEAD_RSTD_GND: SP_OV_i/P_COUNTER_wrapper_0/U0/P_COUNTER_i/c_counter_binary_2/U0/i_synth/i_baseip.i_xbip_counter/i_dsp48.i_dsp/i_vx7.i_dsp48e_wrap/i_primitive: DSP48E1 is not using the Multiplier (USE_MULT = NONE). For improved power characteristics, set DREG and ADREG to '1', tie CED, CEAD, and RSTD to logic '0'.
INFO: [DRC AVAL-5] enum_USE_MULT_NONE_enum_DREG_ADREG_0_connects_CED_CEAD_RSTD_GND: SP_OV_i/P_COUNTER_wrapper_0/U0/P_COUNTER_i/c_counter_binary_3/U0/i_synth/i_baseip.i_xbip_counter/i_dsp48.i_dsp/i_vx7.i_dsp48e_wrap/i_primitive: DSP48E1 is not using the Multiplier (USE_MULT = NONE). For improved power characteristics, set DREG and ADREG to '1', tie CED, CEAD, and RSTD to logic '0'.
INFO: [Vivado 12-3199] DRC finished with 0 Errors, 16 Warnings, 4 Advisories
INFO: [Vivado 12-3200] Please refer to the DRC report (report_drc) for more information.
INFO: [Designutils 20-2272] Running write_bitstream with 2 threads.
Loading data files...
Loading site data...
Loading route data...
Processing options...
Creating bitmap...
Creating bitstream...
Writing bitstream ./SP_OV_wrapper.bit...
INFO: [Vivado 12-1842] Bitgen Completed Successfully.
INFO: [Project 1-120] WebTalk data collection is mandatory when using a WebPACK part without a full Vivado license. To see the specific WebTalk data collected for your design, open the usage_statistics_webtalk.html or usage_statistics_webtalk.xml file in the implementation directory.
INFO: [Common 17-83] Releasing license: Implementation
136 Infos, 28 Warnings, 1 Critical Warnings and 0 Errors encountered.
write_bitstream completed successfully
write_bitstream: Time (s): cpu = 00:00:29 ; elapsed = 00:00:28 . Memory (MB): peak = 2194.180 ; gain = 236.547
INFO: [Vivado_Tcl 4-395] Unable to parse hwdef file SP_OV_wrapper.hwdef
INFO: [Common 17-206] Exiting Vivado at Fri Dec 20 14:41:43 2019...
