Copyright 1986-2019 Xilinx, Inc. All Rights Reserved.
-------------------------------------------------------------------------------------------
| Tool Version : Vivado v.2019.1 (win64) Build 2552052 Fri May 24 14:49:42 MDT 2019
| Date         : Wed Dec 18 10:53:37 2019
| Host         : CISS32101 running 64-bit Service Pack 1  (build 7601)
| Command      : report_clock_utilization -file SP_OV_wrapper_clock_utilization_routed.rpt
| Design       : SP_OV_wrapper
| Device       : 7z020-clg400
| Speed File   : -1  PRODUCTION 1.11 2014-09-11
| Design State : Routed
-------------------------------------------------------------------------------------------

Clock Utilization Report

Table of Contents
-----------------
1. Clock Primitive Utilization
2. Global Clock Resources
3. Global Clock Source Details
4. Clock Regions: Key Resource Utilization
5. Clock Regions : Global Clock Summary
6. Device Cell Placement Summary for Global Clock g0
7. Device Cell Placement Summary for Global Clock g1
8. Device Cell Placement Summary for Global Clock g2
9. Device Cell Placement Summary for Global Clock g3
10. Device Cell Placement Summary for Global Clock g4
11. Device Cell Placement Summary for Global Clock g5
12. Device Cell Placement Summary for Global Clock g6
13. Clock Region Cell Placement per Global Clock: Region X0Y0
14. Clock Region Cell Placement per Global Clock: Region X1Y0
15. Clock Region Cell Placement per Global Clock: Region X0Y1
16. Clock Region Cell Placement per Global Clock: Region X1Y1
17. Clock Region Cell Placement per Global Clock: Region X0Y2
18. Clock Region Cell Placement per Global Clock: Region X1Y2

1. Clock Primitive Utilization
------------------------------

+----------+------+-----------+-----+--------------+--------+
| Type     | Used | Available | LOC | Clock Region | Pblock |
+----------+------+-----------+-----+--------------+--------+
| BUFGCTRL |    7 |        32 |   0 |            0 |      0 |
| BUFH     |    0 |        72 |   0 |            0 |      0 |
| BUFIO    |    0 |        16 |   0 |            0 |      0 |
| BUFMR    |    0 |         8 |   0 |            0 |      0 |
| BUFR     |    0 |        16 |   0 |            0 |      0 |
| MMCM     |    3 |         4 |   0 |            0 |      0 |
| PLL      |    0 |         4 |   0 |            0 |      0 |
+----------+------+-----------+-----+--------------+--------+


2. Global Clock Resources
-------------------------

+-----------+-----------+-----------------+------------+----------------+--------------+-------------------+-------------+-----------------+--------------+------------------------------+-----------------------------------------------------------------------+-------------------------------------------------------+
| Global Id | Source Id | Driver Type/Pin | Constraint | Site           | Clock Region | Load Clock Region | Clock Loads | Non-Clock Loads | Clock Period | Clock                        | Driver Pin                                                            | Net                                                   |
+-----------+-----------+-----------------+------------+----------------+--------------+-------------------+-------------+-----------------+--------------+------------------------------+-----------------------------------------------------------------------+-------------------------------------------------------+
| g0        | src0      | BUFG/O          | None       | BUFGCTRL_X0Y16 | n/a          |                 6 |        8666 |               0 |       10.000 | clk_fpga_0                   | SP_OV_i/processing_system7_0/inst/buffer_fclk_clk_0.FCLK_CLK_0_BUFG/O | SP_OV_i/processing_system7_0/inst/FCLK_CLK0           |
| g1        | src1      | BUFG/O          | None       | BUFGCTRL_X0Y0  | n/a          |                 4 |        1938 |               0 |        2.174 | clk_out1_SP_OV_clk_wiz_1_1_1 | SP_OV_i/REF_CLK/inst/clkout1_buf/O                                    | SP_OV_i/REF_CLK/inst/clk_out1                         |
| g2        | src2      | BUFG/O          | None       | BUFGCTRL_X0Y1  | n/a          |                 2 |         268 |               8 |        8.000 | clk_out1_SP_OV_clk_wiz_1_2_1 | SP_OV_i/TIMER_CLK/inst/clkout1_buf/O                                  | SP_OV_i/TIMER_CLK/inst/clk_out1                       |
| g3        | src3      | BUFG/O          | None       | BUFGCTRL_X0Y17 | n/a          |                 1 |          49 |               0 |        3.226 | clk_out1_SP_OV_clk_wiz_0_1   | SP_OV_i/DELAY_CLK/inst/clkout1_buf/O                                  | SP_OV_i/DELAY_CLK/inst/clk_out1                       |
| g4        | src3      | BUFG/O          | None       | BUFGCTRL_X0Y18 | n/a          |                 1 |           1 |               0 |       50.000 | clkfbout_SP_OV_clk_wiz_0_1   | SP_OV_i/DELAY_CLK/inst/clkf_buf/O                                     | SP_OV_i/DELAY_CLK/inst/clkfbout_buf_SP_OV_clk_wiz_0_1 |
| g5        | src1      | BUFG/O          | None       | BUFGCTRL_X0Y2  | n/a          |                 1 |           1 |               0 |       50.000 | clkfbout_SP_OV_clk_wiz_1_1_1 | SP_OV_i/REF_CLK/inst/clkf_buf/O                                       | SP_OV_i/REF_CLK/inst/clkfbout_buf_SP_OV_clk_wiz_1_1   |
| g6        | src2      | BUFG/O          | None       | BUFGCTRL_X0Y3  | n/a          |                 1 |           1 |               0 |       10.000 | clkfbout_SP_OV_clk_wiz_1_2_1 | SP_OV_i/TIMER_CLK/inst/clkf_buf/O                                     | SP_OV_i/TIMER_CLK/inst/clkfbout_buf_SP_OV_clk_wiz_1_2 |
+-----------+-----------+-----------------+------------+----------------+--------------+-------------------+-------------+-----------------+--------------+------------------------------+-----------------------------------------------------------------------+-------------------------------------------------------+
* Clock Loads column represents the clock pin loads (pin count)
** Non-Clock Loads column represents the non-clock pin loads (pin count)


3. Global Clock Source Details
------------------------------

+-----------+-----------+---------------------+------------+-----------------+--------------+-------------+-----------------+---------------------+------------------------------+----------------------------------------------------+----------------------------------------------------------+
| Source Id | Global Id | Driver Type/Pin     | Constraint | Site            | Clock Region | Clock Loads | Non-Clock Loads | Source Clock Period | Source Clock                 | Driver Pin                                         | Net                                                      |
+-----------+-----------+---------------------+------------+-----------------+--------------+-------------+-----------------+---------------------+------------------------------+----------------------------------------------------+----------------------------------------------------------+
| src0      | g0        | PS7/FCLKCLK[0]      | PS7_X0Y0   | PS7_X0Y0        | X0Y2         |           1 |               0 |              10.000 | clk_fpga_0                   | SP_OV_i/processing_system7_0/inst/PS7_i/FCLKCLK[0] | SP_OV_i/processing_system7_0/inst/FCLK_CLK_unbuffered[0] |
| src1      | g1        | MMCME2_ADV/CLKOUT0  | None       | MMCME2_ADV_X0Y0 | X0Y0         |           1 |               0 |               2.174 | clk_out1_SP_OV_clk_wiz_1_1_1 | SP_OV_i/REF_CLK/inst/mmcm_adv_inst/CLKOUT0         | SP_OV_i/REF_CLK/inst/clk_out1_SP_OV_clk_wiz_1_1          |
| src1      | g5        | MMCME2_ADV/CLKFBOUT | None       | MMCME2_ADV_X0Y0 | X0Y0         |           1 |               0 |              50.000 | clkfbout_SP_OV_clk_wiz_1_1_1 | SP_OV_i/REF_CLK/inst/mmcm_adv_inst/CLKFBOUT        | SP_OV_i/REF_CLK/inst/clkfbout_SP_OV_clk_wiz_1_1          |
| src2      | g2        | MMCME2_ADV/CLKOUT0  | None       | MMCME2_ADV_X1Y0 | X1Y0         |           1 |               0 |               8.000 | clk_out1_SP_OV_clk_wiz_1_2_1 | SP_OV_i/TIMER_CLK/inst/mmcm_adv_inst/CLKOUT0       | SP_OV_i/TIMER_CLK/inst/clk_out1_SP_OV_clk_wiz_1_2        |
| src2      | g6        | MMCME2_ADV/CLKFBOUT | None       | MMCME2_ADV_X1Y0 | X1Y0         |           1 |               0 |              10.000 | clkfbout_SP_OV_clk_wiz_1_2_1 | SP_OV_i/TIMER_CLK/inst/mmcm_adv_inst/CLKFBOUT      | SP_OV_i/TIMER_CLK/inst/clkfbout_SP_OV_clk_wiz_1_2        |
| src3      | g3        | MMCME2_ADV/CLKOUT0  | None       | MMCME2_ADV_X1Y2 | X1Y2         |           1 |               0 |               3.226 | clk_out1_SP_OV_clk_wiz_0_1   | SP_OV_i/DELAY_CLK/inst/mmcm_adv_inst/CLKOUT0       | SP_OV_i/DELAY_CLK/inst/clk_out1_SP_OV_clk_wiz_0_1        |
| src3      | g4        | MMCME2_ADV/CLKFBOUT | None       | MMCME2_ADV_X1Y2 | X1Y2         |           1 |               0 |              50.000 | clkfbout_SP_OV_clk_wiz_0_1   | SP_OV_i/DELAY_CLK/inst/mmcm_adv_inst/CLKFBOUT      | SP_OV_i/DELAY_CLK/inst/clkfbout_SP_OV_clk_wiz_0_1        |
+-----------+-----------+---------------------+------------+-----------------+--------------+-------------+-----------------+---------------------+------------------------------+----------------------------------------------------+----------------------------------------------------------+
* Clock Loads column represents the clock pin loads (pin count)
** Non-Clock Loads column represents the non-clock pin loads (pin count)


4. Clock Regions: Key Resource Utilization
------------------------------------------

+-------------------+--------------+--------------+--------------+--------------+--------------+--------------+--------------+--------------+--------------+--------------+--------------+--------------+--------------+--------------+--------------+
|                   | Global Clock |     BUFRs    |    BUFMRs    |    BUFIOs    |     MMCM     |      PLL     |      GT      |      PCI     |    ILOGIC    |    OLOGIC    |      FF      |     LUTM     |    RAMB18    |    RAMB36    |    DSP48E2   |
+-------------------+------+-------+------+-------+------+-------+------+-------+------+-------+------+-------+------+-------+------+-------+------+-------+------+-------+------+-------+------+-------+------+-------+------+-------+------+-------+
| Clock Region Name | Used | Avail | Used | Avail | Used | Avail | Used | Avail | Used | Avail | Used | Avail | Used | Avail | Used | Avail | Used | Avail | Used | Avail | Used | Avail | Used | Avail | Used | Avail | Used | Avail | Used | Avail |
+-------------------+------+-------+------+-------+------+-------+------+-------+------+-------+------+-------+------+-------+------+-------+------+-------+------+-------+------+-------+------+-------+------+-------+------+-------+------+-------+
| X0Y0              |    2 |    12 |    0 |     4 |    0 |     2 |    0 |     4 |    1 |     1 |    0 |     1 |    0 |     0 |    0 |     0 |    0 |    50 |    0 |    50 |    0 |  2500 |    0 |  1000 |    0 |    60 |    0 |    30 |    0 |    60 |
| X1Y0              |    2 |    12 |    0 |     4 |    0 |     2 |    0 |     4 |    1 |     1 |    0 |     1 |    0 |     0 |    0 |     0 |    0 |    50 |    0 |    50 |    0 |  3200 |    0 |   850 |    0 |    60 |    0 |    30 |    0 |    40 |
| X0Y1              |    3 |    12 |    0 |     0 |    0 |     0 |    0 |     0 |    0 |     0 |    0 |     0 |    0 |     0 |    0 |     0 |    0 |     0 |    0 |     0 | 1962 |  1200 |  689 |   400 |    0 |    20 |    0 |    10 |    0 |    20 |
| X1Y1              |    3 |    12 |    0 |     4 |    0 |     2 |    0 |     4 |    0 |     1 |    0 |     1 |    0 |     0 |    0 |     0 |    0 |    50 |    0 |    50 | 3993 |  2600 | 1369 |   850 |    0 |    60 |    0 |    30 |    0 |    40 |
| X0Y2              |    2 |    12 |    0 |     0 |    0 |     0 |    0 |     0 |    0 |     0 |    0 |     0 |    0 |     0 |    0 |     0 |    0 |     0 |    0 |     0 |  713 |  1200 |  236 |   400 |    0 |    20 |    0 |    10 |    0 |    20 |
| X1Y2              |    4 |    12 |    0 |     4 |    0 |     2 |    0 |     4 |    1 |     1 |    0 |     1 |    0 |     0 |    0 |     0 |    0 |    50 |    0 |    50 | 4130 |  2600 | 1496 |   850 |    0 |    60 |    0 |    30 |    0 |    40 |
+-------------------+------+-------+------+-------+------+-------+------+-------+------+-------+------+-------+------+-------+------+-------+------+-------+------+-------+------+-------+------+-------+------+-------+------+-------+------+-------+
* Global Clock column represents track count; while other columns represents cell counts


5. Clock Regions : Global Clock Summary
---------------------------------------

All Modules
+----+----+----+
|    | X0 | X1 |
+----+----+----+
| Y2 |  2 |  4 |
| Y1 |  3 |  3 |
| Y0 |  2 |  2 |
+----+----+----+


6. Device Cell Placement Summary for Global Clock g0
----------------------------------------------------

+-----------+-----------------+-------------------+------------+-------------+---------------+-------------+----------+----------------+----------+---------------------------------------------+
| Global Id | Driver Type/Pin | Driver Region (D) | Clock      | Period (ns) | Waveform (ns) | Slice Loads | IO Loads | Clocking Loads | GT Loads | Net                                         |
+-----------+-----------------+-------------------+------------+-------------+---------------+-------------+----------+----------------+----------+---------------------------------------------+
| g0        | BUFG/O          | n/a               | clk_fpga_0 |      10.000 | {0.000 5.000} |        8663 |        0 |              3 |        0 | SP_OV_i/processing_system7_0/inst/FCLK_CLK0 |
+-----------+-----------------+-------------------+------------+-------------+---------------+-------------+----------+----------------+----------+---------------------------------------------+
* Slice Loads column represents load cell count of all cell types other than IO, GT and clock resources
** IO Loads column represents load cell count of IO types
*** Clocking Loads column represents load cell count that are clock resources (global clock buffer, MMCM, PLL, etc)
**** GT Loads column represents load cell count of GT types


+----+-------+-------+
|    | X0    | X1    |
+----+-------+-------+
| Y2 |   349 |  3282 |
| Y1 |  1810 |  3223 |
| Y0 |     1 |     1 |
+----+-------+-------+


7. Device Cell Placement Summary for Global Clock g1
----------------------------------------------------

+-----------+-----------------+-------------------+------------------------------+-------------+---------------+-------------+----------+----------------+----------+-------------------------------+
| Global Id | Driver Type/Pin | Driver Region (D) | Clock                        | Period (ns) | Waveform (ns) | Slice Loads | IO Loads | Clocking Loads | GT Loads | Net                           |
+-----------+-----------------+-------------------+------------------------------+-------------+---------------+-------------+----------+----------------+----------+-------------------------------+
| g1        | BUFG/O          | n/a               | clk_out1_SP_OV_clk_wiz_1_1_1 |       2.174 | {0.000 1.087} |        1938 |        0 |              0 |        0 | SP_OV_i/REF_CLK/inst/clk_out1 |
+-----------+-----------------+-------------------+------------------------------+-------------+---------------+-------------+----------+----------------+----------+-------------------------------+
* Slice Loads column represents load cell count of all cell types other than IO, GT and clock resources
** IO Loads column represents load cell count of IO types
*** Clocking Loads column represents load cell count that are clock resources (global clock buffer, MMCM, PLL, etc)
**** GT Loads column represents load cell count of GT types


+----+------+------+
|    | X0   | X1   |
+----+------+------+
| Y2 |  367 |  851 |
| Y1 |  213 |  507 |
| Y0 |    0 |    0 |
+----+------+------+


8. Device Cell Placement Summary for Global Clock g2
----------------------------------------------------

+-----------+-----------------+-------------------+------------------------------+-------------+---------------+-------------+----------+----------------+----------+---------------------------------+
| Global Id | Driver Type/Pin | Driver Region (D) | Clock                        | Period (ns) | Waveform (ns) | Slice Loads | IO Loads | Clocking Loads | GT Loads | Net                             |
+-----------+-----------------+-------------------+------------------------------+-------------+---------------+-------------+----------+----------------+----------+---------------------------------+
| g2        | BUFG/O          | n/a               | clk_out1_SP_OV_clk_wiz_1_2_1 |       8.000 | {0.000 4.000} |         276 |        0 |              0 |        0 | SP_OV_i/TIMER_CLK/inst/clk_out1 |
+-----------+-----------------+-------------------+------------------------------+-------------+---------------+-------------+----------+----------------+----------+---------------------------------+
* Slice Loads column represents load cell count of all cell types other than IO, GT and clock resources
** IO Loads column represents load cell count of IO types
*** Clocking Loads column represents load cell count that are clock resources (global clock buffer, MMCM, PLL, etc)
**** GT Loads column represents load cell count of GT types


+----+----+------+
|    | X0 | X1   |
+----+----+------+
| Y2 |  0 |    0 |
| Y1 |  6 |  270 |
| Y0 |  0 |    0 |
+----+----+------+


9. Device Cell Placement Summary for Global Clock g3
----------------------------------------------------

+-----------+-----------------+-------------------+----------------------------+-------------+---------------+-------------+----------+----------------+----------+---------------------------------+
| Global Id | Driver Type/Pin | Driver Region (D) | Clock                      | Period (ns) | Waveform (ns) | Slice Loads | IO Loads | Clocking Loads | GT Loads | Net                             |
+-----------+-----------------+-------------------+----------------------------+-------------+---------------+-------------+----------+----------------+----------+---------------------------------+
| g3        | BUFG/O          | n/a               | clk_out1_SP_OV_clk_wiz_0_1 |       3.226 | {0.000 1.613} |          49 |        0 |              0 |        0 | SP_OV_i/DELAY_CLK/inst/clk_out1 |
+-----------+-----------------+-------------------+----------------------------+-------------+---------------+-------------+----------+----------------+----------+---------------------------------+
* Slice Loads column represents load cell count of all cell types other than IO, GT and clock resources
** IO Loads column represents load cell count of IO types
*** Clocking Loads column represents load cell count that are clock resources (global clock buffer, MMCM, PLL, etc)
**** GT Loads column represents load cell count of GT types


+----+----+-----+
|    | X0 | X1  |
+----+----+-----+
| Y2 |  0 |  49 |
| Y1 |  0 |   0 |
| Y0 |  0 |   0 |
+----+----+-----+


10. Device Cell Placement Summary for Global Clock g4
-----------------------------------------------------

+-----------+-----------------+-------------------+----------------------------+-------------+----------------+-------------+----------+----------------+----------+-------------------------------------------------------+
| Global Id | Driver Type/Pin | Driver Region (D) | Clock                      | Period (ns) | Waveform (ns)  | Slice Loads | IO Loads | Clocking Loads | GT Loads | Net                                                   |
+-----------+-----------------+-------------------+----------------------------+-------------+----------------+-------------+----------+----------------+----------+-------------------------------------------------------+
| g4        | BUFG/O          | n/a               | clkfbout_SP_OV_clk_wiz_0_1 |      50.000 | {0.000 25.000} |           0 |        0 |              1 |        0 | SP_OV_i/DELAY_CLK/inst/clkfbout_buf_SP_OV_clk_wiz_0_1 |
+-----------+-----------------+-------------------+----------------------------+-------------+----------------+-------------+----------+----------------+----------+-------------------------------------------------------+
* Slice Loads column represents load cell count of all cell types other than IO, GT and clock resources
** IO Loads column represents load cell count of IO types
*** Clocking Loads column represents load cell count that are clock resources (global clock buffer, MMCM, PLL, etc)
**** GT Loads column represents load cell count of GT types


+----+----+----+
|    | X0 | X1 |
+----+----+----+
| Y2 |  0 |  1 |
| Y1 |  0 |  0 |
| Y0 |  0 |  0 |
+----+----+----+


11. Device Cell Placement Summary for Global Clock g5
-----------------------------------------------------

+-----------+-----------------+-------------------+------------------------------+-------------+----------------+-------------+----------+----------------+----------+-----------------------------------------------------+
| Global Id | Driver Type/Pin | Driver Region (D) | Clock                        | Period (ns) | Waveform (ns)  | Slice Loads | IO Loads | Clocking Loads | GT Loads | Net                                                 |
+-----------+-----------------+-------------------+------------------------------+-------------+----------------+-------------+----------+----------------+----------+-----------------------------------------------------+
| g5        | BUFG/O          | n/a               | clkfbout_SP_OV_clk_wiz_1_1_1 |      50.000 | {0.000 25.000} |           0 |        0 |              1 |        0 | SP_OV_i/REF_CLK/inst/clkfbout_buf_SP_OV_clk_wiz_1_1 |
+-----------+-----------------+-------------------+------------------------------+-------------+----------------+-------------+----------+----------------+----------+-----------------------------------------------------+
* Slice Loads column represents load cell count of all cell types other than IO, GT and clock resources
** IO Loads column represents load cell count of IO types
*** Clocking Loads column represents load cell count that are clock resources (global clock buffer, MMCM, PLL, etc)
**** GT Loads column represents load cell count of GT types


+----+----+----+
|    | X0 | X1 |
+----+----+----+
| Y2 |  0 |  0 |
| Y1 |  0 |  0 |
| Y0 |  1 |  0 |
+----+----+----+


12. Device Cell Placement Summary for Global Clock g6
-----------------------------------------------------

+-----------+-----------------+-------------------+------------------------------+-------------+---------------+-------------+----------+----------------+----------+-------------------------------------------------------+
| Global Id | Driver Type/Pin | Driver Region (D) | Clock                        | Period (ns) | Waveform (ns) | Slice Loads | IO Loads | Clocking Loads | GT Loads | Net                                                   |
+-----------+-----------------+-------------------+------------------------------+-------------+---------------+-------------+----------+----------------+----------+-------------------------------------------------------+
| g6        | BUFG/O          | n/a               | clkfbout_SP_OV_clk_wiz_1_2_1 |      10.000 | {0.000 5.000} |           0 |        0 |              1 |        0 | SP_OV_i/TIMER_CLK/inst/clkfbout_buf_SP_OV_clk_wiz_1_2 |
+-----------+-----------------+-------------------+------------------------------+-------------+---------------+-------------+----------+----------------+----------+-------------------------------------------------------+
* Slice Loads column represents load cell count of all cell types other than IO, GT and clock resources
** IO Loads column represents load cell count of IO types
*** Clocking Loads column represents load cell count that are clock resources (global clock buffer, MMCM, PLL, etc)
**** GT Loads column represents load cell count of GT types


+----+----+----+
|    | X0 | X1 |
+----+----+----+
| Y2 |  0 |  0 |
| Y1 |  0 |  0 |
| Y0 |  0 |  1 |
+----+----+----+


13. Clock Region Cell Placement per Global Clock: Region X0Y0
-------------------------------------------------------------

+-----------+-------+-----------------+------------+-------------+-----------------+----+--------+------+-----+----+------+-----+---------+-----------------------------------------------------+
| Global Id | Track | Driver Type/Pin | Constraint | Clock Loads | Non-Clock Loads | FF | LUTRAM | RAMB | DSP | GT | MMCM | PLL | Hard IP | Net                                                 |
+-----------+-------+-----------------+------------+-------------+-----------------+----+--------+------+-----+----+------+-----+---------+-----------------------------------------------------+
| g0        | n/a   | BUFG/O          | None       |           1 |               0 |  0 |      0 |    0 |   0 |  0 |    1 |   0 |       0 | SP_OV_i/processing_system7_0/inst/FCLK_CLK0         |
| g5        | n/a   | BUFG/O          | None       |           1 |               0 |  0 |      0 |    0 |   0 |  0 |    1 |   0 |       0 | SP_OV_i/REF_CLK/inst/clkfbout_buf_SP_OV_clk_wiz_1_1 |
+-----------+-------+-----------------+------------+-------------+-----------------+----+--------+------+-----+----+------+-----+---------+-----------------------------------------------------+
* Clock Loads column represents the clock pin loads (pin count)
** Non-Clock Loads column represents the non-clock pin loads (pin count)
*** Columns FF, LUTRAM, RAMB through 'Hard IP' represents load cell counts


14. Clock Region Cell Placement per Global Clock: Region X1Y0
-------------------------------------------------------------

+-----------+-------+-----------------+------------+-------------+-----------------+----+--------+------+-----+----+------+-----+---------+-------------------------------------------------------+
| Global Id | Track | Driver Type/Pin | Constraint | Clock Loads | Non-Clock Loads | FF | LUTRAM | RAMB | DSP | GT | MMCM | PLL | Hard IP | Net                                                   |
+-----------+-------+-----------------+------------+-------------+-----------------+----+--------+------+-----+----+------+-----+---------+-------------------------------------------------------+
| g0        | n/a   | BUFG/O          | None       |           1 |               0 |  0 |      0 |    0 |   0 |  0 |    1 |   0 |       0 | SP_OV_i/processing_system7_0/inst/FCLK_CLK0           |
| g6        | n/a   | BUFG/O          | None       |           1 |               0 |  0 |      0 |    0 |   0 |  0 |    1 |   0 |       0 | SP_OV_i/TIMER_CLK/inst/clkfbout_buf_SP_OV_clk_wiz_1_2 |
+-----------+-------+-----------------+------------+-------------+-----------------+----+--------+------+-----+----+------+-----+---------+-------------------------------------------------------+
* Clock Loads column represents the clock pin loads (pin count)
** Non-Clock Loads column represents the non-clock pin loads (pin count)
*** Columns FF, LUTRAM, RAMB through 'Hard IP' represents load cell counts


15. Clock Region Cell Placement per Global Clock: Region X0Y1
-------------------------------------------------------------

+-----------+-------+-----------------+------------+-------------+-----------------+------+--------+------+-----+----+------+-----+---------+---------------------------------------------+
| Global Id | Track | Driver Type/Pin | Constraint | Clock Loads | Non-Clock Loads | FF   | LUTRAM | RAMB | DSP | GT | MMCM | PLL | Hard IP | Net                                         |
+-----------+-------+-----------------+------------+-------------+-----------------+------+--------+------+-----+----+------+-----+---------+---------------------------------------------+
| g0        | n/a   | BUFG/O          | None       |        1810 |               0 | 1745 |     65 |    0 |   0 |  0 |    0 |   0 |       0 | SP_OV_i/processing_system7_0/inst/FCLK_CLK0 |
| g1        | n/a   | BUFG/O          | None       |         213 |               0 |  213 |      0 |    0 |   0 |  0 |    0 |   0 |       0 | SP_OV_i/REF_CLK/inst/clk_out1               |
| g2        | n/a   | BUFG/O          | None       |           4 |               2 |    4 |      0 |    0 |   0 |  0 |    0 |   0 |       0 | SP_OV_i/TIMER_CLK/inst/clk_out1             |
+-----------+-------+-----------------+------------+-------------+-----------------+------+--------+------+-----+----+------+-----+---------+---------------------------------------------+
* Clock Loads column represents the clock pin loads (pin count)
** Non-Clock Loads column represents the non-clock pin loads (pin count)
*** Columns FF, LUTRAM, RAMB through 'Hard IP' represents load cell counts


16. Clock Region Cell Placement per Global Clock: Region X1Y1
-------------------------------------------------------------

+-----------+-------+-----------------+------------+-------------+-----------------+------+--------+------+-----+----+------+-----+---------+---------------------------------------------+
| Global Id | Track | Driver Type/Pin | Constraint | Clock Loads | Non-Clock Loads | FF   | LUTRAM | RAMB | DSP | GT | MMCM | PLL | Hard IP | Net                                         |
+-----------+-------+-----------------+------------+-------------+-----------------+------+--------+------+-----+----+------+-----+---------+---------------------------------------------+
| g0        | n/a   | BUFG/O          | None       |        3223 |               0 | 3223 |      0 |    0 |   0 |  0 |    0 |   0 |       0 | SP_OV_i/processing_system7_0/inst/FCLK_CLK0 |
| g1        | n/a   | BUFG/O          | None       |         507 |               0 |  506 |      0 |    0 |   0 |  0 |    0 |   0 |       0 | SP_OV_i/REF_CLK/inst/clk_out1               |
| g2        | n/a   | BUFG/O          | None       |         264 |               6 |  264 |      0 |    0 |   0 |  0 |    0 |   0 |       0 | SP_OV_i/TIMER_CLK/inst/clk_out1             |
+-----------+-------+-----------------+------------+-------------+-----------------+------+--------+------+-----+----+------+-----+---------+---------------------------------------------+
* Clock Loads column represents the clock pin loads (pin count)
** Non-Clock Loads column represents the non-clock pin loads (pin count)
*** Columns FF, LUTRAM, RAMB through 'Hard IP' represents load cell counts


17. Clock Region Cell Placement per Global Clock: Region X0Y2
-------------------------------------------------------------

+-----------+-------+-----------------+------------+-------------+-----------------+-----+--------+------+-----+----+------+-----+---------+---------------------------------------------+
| Global Id | Track | Driver Type/Pin | Constraint | Clock Loads | Non-Clock Loads | FF  | LUTRAM | RAMB | DSP | GT | MMCM | PLL | Hard IP | Net                                         |
+-----------+-------+-----------------+------------+-------------+-----------------+-----+--------+------+-----+----+------+-----+---------+---------------------------------------------+
| g0        | n/a   | BUFG/O          | None       |         349 |               0 | 348 |      0 |    0 |   0 |  0 |    0 |   0 |       0 | SP_OV_i/processing_system7_0/inst/FCLK_CLK0 |
| g1        | n/a   | BUFG/O          | None       |         367 |               0 | 365 |      0 |    0 |   0 |  0 |    0 |   0 |       0 | SP_OV_i/REF_CLK/inst/clk_out1               |
+-----------+-------+-----------------+------------+-------------+-----------------+-----+--------+------+-----+----+------+-----+---------+---------------------------------------------+
* Clock Loads column represents the clock pin loads (pin count)
** Non-Clock Loads column represents the non-clock pin loads (pin count)
*** Columns FF, LUTRAM, RAMB through 'Hard IP' represents load cell counts


18. Clock Region Cell Placement per Global Clock: Region X1Y2
-------------------------------------------------------------

+-----------+-------+-----------------+------------+-------------+-----------------+------+--------+------+-----+----+------+-----+---------+-------------------------------------------------------+
| Global Id | Track | Driver Type/Pin | Constraint | Clock Loads | Non-Clock Loads | FF   | LUTRAM | RAMB | DSP | GT | MMCM | PLL | Hard IP | Net                                                   |
+-----------+-------+-----------------+------------+-------------+-----------------+------+--------+------+-----+----+------+-----+---------+-------------------------------------------------------+
| g0        | n/a   | BUFG/O          | None       |        3282 |               0 | 3280 |      1 |    0 |   0 |  0 |    1 |   0 |       0 | SP_OV_i/processing_system7_0/inst/FCLK_CLK0           |
| g1        | n/a   | BUFG/O          | None       |         851 |               0 |  850 |      0 |    0 |   0 |  0 |    0 |   0 |       0 | SP_OV_i/REF_CLK/inst/clk_out1                         |
| g3        | n/a   | BUFG/O          | None       |          49 |               0 |    0 |      0 |    0 |   0 |  0 |    0 |   0 |       0 | SP_OV_i/DELAY_CLK/inst/clk_out1                       |
| g4        | n/a   | BUFG/O          | None       |           1 |               0 |    0 |      0 |    0 |   0 |  0 |    1 |   0 |       0 | SP_OV_i/DELAY_CLK/inst/clkfbout_buf_SP_OV_clk_wiz_0_1 |
+-----------+-------+-----------------+------------+-------------+-----------------+------+--------+------+-----+----+------+-----+---------+-------------------------------------------------------+
* Clock Loads column represents the clock pin loads (pin count)
** Non-Clock Loads column represents the non-clock pin loads (pin count)
*** Columns FF, LUTRAM, RAMB through 'Hard IP' represents load cell counts



# Location of BUFG Primitives 
set_property LOC BUFGCTRL_X0Y16 [get_cells SP_OV_i/processing_system7_0/inst/buffer_fclk_clk_0.FCLK_CLK_0_BUFG]
set_property LOC BUFGCTRL_X0Y3 [get_cells SP_OV_i/TIMER_CLK/inst/clkf_buf]
set_property LOC BUFGCTRL_X0Y1 [get_cells SP_OV_i/TIMER_CLK/inst/clkout1_buf]
set_property LOC BUFGCTRL_X0Y2 [get_cells SP_OV_i/REF_CLK/inst/clkf_buf]
set_property LOC BUFGCTRL_X0Y0 [get_cells SP_OV_i/REF_CLK/inst/clkout1_buf]
set_property LOC BUFGCTRL_X0Y18 [get_cells SP_OV_i/DELAY_CLK/inst/clkf_buf]
set_property LOC BUFGCTRL_X0Y17 [get_cells SP_OV_i/DELAY_CLK/inst/clkout1_buf]

# Location of IO Primitives which is load of clock spine

# Location of clock ports

# Clock net "SP_OV_i/processing_system7_0/inst/FCLK_CLK0" driven by instance "SP_OV_i/processing_system7_0/inst/buffer_fclk_clk_0.FCLK_CLK_0_BUFG" located at site "BUFGCTRL_X0Y16"
#startgroup
create_pblock {CLKAG_SP_OV_i/processing_system7_0/inst/FCLK_CLK0}
add_cells_to_pblock [get_pblocks  {CLKAG_SP_OV_i/processing_system7_0/inst/FCLK_CLK0}] [get_cells -filter { PRIMITIVE_GROUP != I/O && IS_PRIMITIVE==1 && PRIMITIVE_LEVEL !=INTERNAL && NAME!=SP_OV_i/TIMER_CLK/inst/mmcm_adv_inst && NAME!=SP_OV_i/REF_CLK/inst/mmcm_adv_inst && NAME!=SP_OV_i/DELAY_CLK/inst/mmcm_adv_inst} -of_object [get_pins -filter {DIRECTION==IN} -of_objects [get_nets -hierarchical -filter {PARENT=="SP_OV_i/processing_system7_0/inst/FCLK_CLK0"}]]]
resize_pblock [get_pblocks {CLKAG_SP_OV_i/processing_system7_0/inst/FCLK_CLK0}] -add {CLOCKREGION_X0Y1:CLOCKREGION_X0Y1 CLOCKREGION_X0Y2:CLOCKREGION_X0Y2 CLOCKREGION_X1Y1:CLOCKREGION_X1Y1 CLOCKREGION_X1Y2:CLOCKREGION_X1Y2}
#endgroup

# Clock net "SP_OV_i/TIMER_CLK/inst/clk_out1" driven by instance "SP_OV_i/TIMER_CLK/inst/clkout1_buf" located at site "BUFGCTRL_X0Y1"
#startgroup
create_pblock {CLKAG_SP_OV_i/TIMER_CLK/inst/clk_out1}
add_cells_to_pblock [get_pblocks  {CLKAG_SP_OV_i/TIMER_CLK/inst/clk_out1}] [get_cells -filter { PRIMITIVE_GROUP != I/O && IS_PRIMITIVE==1 && PRIMITIVE_LEVEL !=INTERNAL } -of_object [get_pins -filter {DIRECTION==IN} -of_objects [get_nets -hierarchical -filter {PARENT=="SP_OV_i/TIMER_CLK/inst/clk_out1"}]]]
resize_pblock [get_pblocks {CLKAG_SP_OV_i/TIMER_CLK/inst/clk_out1}] -add {CLOCKREGION_X0Y1:CLOCKREGION_X0Y1 CLOCKREGION_X1Y1:CLOCKREGION_X1Y1}
#endgroup

# Clock net "SP_OV_i/REF_CLK/inst/clk_out1" driven by instance "SP_OV_i/REF_CLK/inst/clkout1_buf" located at site "BUFGCTRL_X0Y0"
#startgroup
create_pblock {CLKAG_SP_OV_i/REF_CLK/inst/clk_out1}
add_cells_to_pblock [get_pblocks  {CLKAG_SP_OV_i/REF_CLK/inst/clk_out1}] [get_cells -filter { PRIMITIVE_GROUP != I/O && IS_PRIMITIVE==1 && PRIMITIVE_LEVEL !=INTERNAL } -of_object [get_pins -filter {DIRECTION==IN} -of_objects [get_nets -hierarchical -filter {PARENT=="SP_OV_i/REF_CLK/inst/clk_out1"}]]]
resize_pblock [get_pblocks {CLKAG_SP_OV_i/REF_CLK/inst/clk_out1}] -add {CLOCKREGION_X0Y1:CLOCKREGION_X0Y1 CLOCKREGION_X0Y2:CLOCKREGION_X0Y2 CLOCKREGION_X1Y1:CLOCKREGION_X1Y1 CLOCKREGION_X1Y2:CLOCKREGION_X1Y2}
#endgroup

# Clock net "SP_OV_i/DELAY_CLK/inst/clk_out1" driven by instance "SP_OV_i/DELAY_CLK/inst/clkout1_buf" located at site "BUFGCTRL_X0Y17"
#startgroup
create_pblock {CLKAG_SP_OV_i/DELAY_CLK/inst/clk_out1}
add_cells_to_pblock [get_pblocks  {CLKAG_SP_OV_i/DELAY_CLK/inst/clk_out1}] [get_cells -filter { PRIMITIVE_GROUP != I/O && IS_PRIMITIVE==1 && PRIMITIVE_LEVEL !=INTERNAL } -of_object [get_pins -filter {DIRECTION==IN} -of_objects [get_nets -hierarchical -filter {PARENT=="SP_OV_i/DELAY_CLK/inst/clk_out1"}]]]
resize_pblock [get_pblocks {CLKAG_SP_OV_i/DELAY_CLK/inst/clk_out1}] -add {CLOCKREGION_X1Y2:CLOCKREGION_X1Y2}
#endgroup
